[ 2017-11-02T09:38:38+08:00 ] 127.0.0.1 /
INFO: [ app_begin ] --START--
INFO: Run Behavior\ReadHtmlCache [ RunTime:0.001000s ]
INFO: [ app_begin ] --END-- [ RunTime:0.002000s ]
SQL: SHOW COLUMNS FROM `yc_link` [ RunTime:0.029000s ]
SQL: SELECT * FROM `yc_link`  [ RunTime:0.001000s ]
SQL: SHOW COLUMNS FROM `yc_article_type` [ RunTime:0.039000s ]
SQL: SELECT * FROM `yc_article_type`  [ RunTime:0.001000s ]
SQL: SHOW COLUMNS FROM `yc_article_label` [ RunTime:0.011000s ]
SQL: SELECT * FROM `yc_article_label`  [ RunTime:0.001000s ]
SQL: SHOW COLUMNS FROM `yc_article_view` [ RunTime:0.017000s ]
SQL: SELECT COUNT(*) AS tp_count FROM `yc_article_view` WHERE ( `is_show` = 1 ) LIMIT 1   [ RunTime:0.001000s ]
SQL: SELECT * FROM `yc_article_view` WHERE ( `is_show` = 1 ) ORDER BY add_time desc LIMIT 0,10   [ RunTime:0.001000s ]
SQL: SHOW COLUMNS FROM `yc_al_relation` [ RunTime:0.010000s ]
SQL: SELECT * FROM yc_al_relation a INNER JOIN yc_article_label as b on a.lid = b.lid  WHERE ( `aid` = '48' )  [ RunTime:0.000000s ]
NOTIC: [8] Undefined variable: tname G:\WWW\ycblog\Application\Common\Model\ArticleViewModel.class.php 第 63 行.
NOTIC: [8] Undefined variable: lname G:\WWW\ycblog\Application\Common\Model\ArticleViewModel.class.php 第 64 行.
INFO: [ view_parse ] --START--
INFO: [ template_filter ] --START--
INFO: Run Behavior\ContentReplace [ RunTime:0.000000s ]
INFO: [ template_filter ] --END-- [ RunTime:0.000000s ]
NOTIC: [8] Undefined variable: article G:\WWW\ycblog\Runtime\Cache\Home\08d30c77e78bd0ac29232fbc421b5dcd.php 第 5 行.
NOTIC: [8] Undefined index: ycblogyangchaouserinfo G:\WWW\ycblog\Runtime\Cache\Home\08d30c77e78bd0ac29232fbc421b5dcd.php 第 55 行.
NOTIC: [8] Undefined index: ycblog1224userinfo G:\WWW\ycblog\Runtime\Cache\Home\08d30c77e78bd0ac29232fbc421b5dcd.php 第 171 行.
NOTIC: [8] Use of undefined constant logo_id - assumed 'logo_id' G:\WWW\ycblog\Runtime\Cache\Home\08d30c77e78bd0ac29232fbc421b5dcd.php 第 204 行.
NOTIC: [8] Array to string conversion G:\WWW\ycblog\Runtime\Cache\Home\08d30c77e78bd0ac29232fbc421b5dcd.php 第 204 行.
SQL: SHOW COLUMNS FROM `yc_article_logo` [ RunTime:0.010000s ]
SQL: SELECT * FROM `yc_article_logo` WHERE ( logo_id = 11 ) LIMIT 1   [ RunTime:0.000000s ]
NOTIC: [8] Use of undefined constant logo_id - assumed 'logo_id' G:\WWW\ycblog\Runtime\Cache\Home\08d30c77e78bd0ac29232fbc421b5dcd.php 第 204 行.
NOTIC: [8] Array to string conversion G:\WWW\ycblog\Runtime\Cache\Home\08d30c77e78bd0ac29232fbc421b5dcd.php 第 204 行.
SQL: SELECT * FROM `yc_article_logo` WHERE ( logo_id = 11 ) LIMIT 1   [ RunTime:0.001000s ]
NOTIC: [8] Undefined index: ycblogyangchaouserinfo G:\WWW\ycblog\Runtime\Cache\Home\08d30c77e78bd0ac29232fbc421b5dcd.php 第 208 行.
INFO: Run Behavior\ParseTemplate [ RunTime:0.079000s ]
INFO: [ view_parse ] --END-- [ RunTime:0.079000s ]
INFO: [ view_filter ] --START--
INFO: Run Behavior\WriteHtmlCache [ RunTime:0.000000s ]
INFO: [ view_filter ] --END-- [ RunTime:0.000000s ]
INFO: [ app_end ] --START--
INFO: Run Behavior\ShowPageTrace [ RunTime:0.000000s ]
INFO: [ app_end ] --END-- [ RunTime:0.000000s ]

[ 2017-11-02T09:41:28+08:00 ] 127.0.0.1 /article/48.html
INFO: [ app_begin ] --START--
INFO: Run Behavior\ReadHtmlCache [ RunTime:0.001000s ]
INFO: [ app_begin ] --END-- [ RunTime:0.001000s ]
SQL: SHOW COLUMNS FROM `yc_link` [ RunTime:0.012000s ]
SQL: SELECT * FROM `yc_link`  [ RunTime:0.000000s ]
SQL: SHOW COLUMNS FROM `yc_article_type` [ RunTime:0.012000s ]
SQL: SELECT * FROM `yc_article_type`  [ RunTime:0.001000s ]
SQL: SHOW COLUMNS FROM `yc_article_label` [ RunTime:0.014000s ]
SQL: SELECT * FROM `yc_article_label`  [ RunTime:0.001000s ]
SQL: SHOW COLUMNS FROM `yc_article` [ RunTime:0.014000s ]
SQL: UPDATE `yc_article` SET `click`=click+1 WHERE ( `id` = 48 ) [ RunTime:0.001000s ]
SQL: SHOW COLUMNS FROM `yc_article_view` [ RunTime:0.021000s ]
SQL: SELECT * FROM `yc_article_view` WHERE ( `id` = 48 ) LIMIT 1   [ RunTime:0.001000s ]
SQL: SHOW COLUMNS FROM `yc_al_relation` [ RunTime:0.010000s ]
SQL: SELECT * FROM yc_al_relation a INNER JOIN yc_article_label as b on a.lid = b.lid  WHERE ( `aid` = '48' )  [ RunTime:0.001000s ]
INFO: [ view_parse ] --START--
INFO: [ template_filter ] --START--
INFO: Run Behavior\ContentReplace [ RunTime:0.001000s ]
INFO: [ template_filter ] --END-- [ RunTime:0.001000s ]
NOTIC: [8] Undefined variable: tname G:\WWW\ycblog\Runtime\Cache\Home\d4c1149384e4970b24973a696680cd70.php 第 5 行.
NOTIC: [8] Undefined index: ycblogyangchaouserinfo G:\WWW\ycblog\Runtime\Cache\Home\d4c1149384e4970b24973a696680cd70.php 第 55 行.
NOTIC: [8] Undefined variable: prev G:\WWW\ycblog\Runtime\Cache\Home\d4c1149384e4970b24973a696680cd70.php 第 130 行.
NOTIC: [8] Undefined variable: next G:\WWW\ycblog\Runtime\Cache\Home\d4c1149384e4970b24973a696680cd70.php 第 131 行.
NOTIC: [8] Undefined index: ycblog1224userinfo G:\WWW\ycblog\Runtime\Cache\Home\d4c1149384e4970b24973a696680cd70.php 第 157 行.
NOTIC: [8] Use of undefined constant logo_id - assumed 'logo_id' G:\WWW\ycblog\Runtime\Cache\Home\d4c1149384e4970b24973a696680cd70.php 第 190 行.
NOTIC: [8] Array to string conversion G:\WWW\ycblog\Runtime\Cache\Home\d4c1149384e4970b24973a696680cd70.php 第 190 行.
SQL: SHOW COLUMNS FROM `yc_article_logo` [ RunTime:0.011000s ]
SQL: SELECT * FROM `yc_article_logo` WHERE ( logo_id = 11 ) LIMIT 1   [ RunTime:0.000000s ]
NOTIC: [8] Use of undefined constant logo_id - assumed 'logo_id' G:\WWW\ycblog\Runtime\Cache\Home\d4c1149384e4970b24973a696680cd70.php 第 190 行.
NOTIC: [8] Array to string conversion G:\WWW\ycblog\Runtime\Cache\Home\d4c1149384e4970b24973a696680cd70.php 第 190 行.
SQL: SELECT * FROM `yc_article_logo` WHERE ( logo_id = 11 ) LIMIT 1   [ RunTime:0.000000s ]
NOTIC: [8] Undefined index: ycblogyangchaouserinfo G:\WWW\ycblog\Runtime\Cache\Home\d4c1149384e4970b24973a696680cd70.php 第 194 行.
INFO: Run Behavior\ParseTemplate [ RunTime:0.034000s ]
INFO: [ view_parse ] --END-- [ RunTime:0.034000s ]
INFO: [ view_filter ] --START--
INFO: Run Behavior\WriteHtmlCache [ RunTime:0.000000s ]
INFO: [ view_filter ] --END-- [ RunTime:0.000000s ]
INFO: [ app_end ] --START--
INFO: Run Behavior\ShowPageTrace [ RunTime:0.000000s ]
INFO: [ app_end ] --END-- [ RunTime:0.001000s ]

[ 2017-11-02T09:41:55+08:00 ] 127.0.0.1 /category/1.html
INFO: [ app_begin ] --START--
INFO: Run Behavior\ReadHtmlCache [ RunTime:0.001000s ]
INFO: [ app_begin ] --END-- [ RunTime:0.001000s ]
SQL: SHOW COLUMNS FROM `yc_link` [ RunTime:0.011000s ]
SQL: SELECT * FROM `yc_link`  [ RunTime:0.000000s ]
SQL: SHOW COLUMNS FROM `yc_article_type` [ RunTime:0.011000s ]
SQL: SELECT * FROM `yc_article_type`  [ RunTime:0.000000s ]
SQL: SHOW COLUMNS FROM `yc_article_label` [ RunTime:0.010000s ]
SQL: SELECT * FROM `yc_article_label`  [ RunTime:0.000000s ]
SQL: SHOW COLUMNS FROM `yc_article_view` [ RunTime:0.020000s ]
SQL: SHOW COLUMNS FROM `yc_type_logo_view` [ RunTime:0.012000s ]
SQL: SELECT `css_name`,`name` FROM `yc_type_logo_view` WHERE ( tid=1 ) LIMIT 1   [ RunTime:0.000000s ]
SQL: SELECT COUNT(*) AS tp_count FROM `yc_article_view` WHERE ( `tid` = 1 ) AND ( `is_show` = 1 ) LIMIT 1   [ RunTime:0.000000s ]
SQL: SELECT * FROM `yc_article_view` WHERE ( `tid` = 1 ) AND ( `is_show` = 1 ) ORDER BY add_time desc LIMIT 0,10   [ RunTime:0.000000s ]
SQL: SHOW COLUMNS FROM `yc_al_relation` [ RunTime:0.010000s ]
SQL: SELECT * FROM yc_al_relation a INNER JOIN yc_article_label as b on a.lid = b.lid  WHERE ( `aid` = '48' )  [ RunTime:0.001000s ]
NOTIC: [8] Undefined variable: lname G:\WWW\ycblog\Application\Common\Model\ArticleViewModel.class.php 第 64 行.
INFO: [ view_parse ] --START--
INFO: [ template_filter ] --START--
INFO: Run Behavior\ContentReplace [ RunTime:0.000000s ]
INFO: [ template_filter ] --END-- [ RunTime:0.000000s ]
NOTIC: [8] Undefined variable: article G:\WWW\ycblog\Runtime\Cache\Home\8a8a1fe12e6e3b6d97a8bf2187671ba6.php 第 5 行.
NOTIC: [8] Undefined index: ycblogyangchaouserinfo G:\WWW\ycblog\Runtime\Cache\Home\8a8a1fe12e6e3b6d97a8bf2187671ba6.php 第 55 行.
NOTIC: [8] Undefined index: ycblog1224userinfo G:\WWW\ycblog\Runtime\Cache\Home\8a8a1fe12e6e3b6d97a8bf2187671ba6.php 第 171 行.
NOTIC: [8] Use of undefined constant logo_id - assumed 'logo_id' G:\WWW\ycblog\Runtime\Cache\Home\8a8a1fe12e6e3b6d97a8bf2187671ba6.php 第 204 行.
NOTIC: [8] Array to string conversion G:\WWW\ycblog\Runtime\Cache\Home\8a8a1fe12e6e3b6d97a8bf2187671ba6.php 第 204 行.
SQL: SHOW COLUMNS FROM `yc_article_logo` [ RunTime:0.011000s ]
SQL: SELECT * FROM `yc_article_logo` WHERE ( logo_id = 11 ) LIMIT 1   [ RunTime:0.000000s ]
NOTIC: [8] Use of undefined constant logo_id - assumed 'logo_id' G:\WWW\ycblog\Runtime\Cache\Home\8a8a1fe12e6e3b6d97a8bf2187671ba6.php 第 204 行.
NOTIC: [8] Array to string conversion G:\WWW\ycblog\Runtime\Cache\Home\8a8a1fe12e6e3b6d97a8bf2187671ba6.php 第 204 行.
SQL: SELECT * FROM `yc_article_logo` WHERE ( logo_id = 11 ) LIMIT 1   [ RunTime:0.001000s ]
NOTIC: [8] Undefined index: ycblogyangchaouserinfo G:\WWW\ycblog\Runtime\Cache\Home\8a8a1fe12e6e3b6d97a8bf2187671ba6.php 第 208 行.
INFO: Run Behavior\ParseTemplate [ RunTime:0.026000s ]
INFO: [ view_parse ] --END-- [ RunTime:0.026000s ]
INFO: [ view_filter ] --START--
INFO: Run Behavior\WriteHtmlCache [ RunTime:0.000000s ]
INFO: [ view_filter ] --END-- [ RunTime:0.000000s ]
INFO: [ app_end ] --START--
INFO: Run Behavior\ShowPageTrace [ RunTime:0.001000s ]
INFO: [ app_end ] --END-- [ RunTime:0.001000s ]

[ 2017-11-02T09:41:58+08:00 ] 127.0.0.1 /category/2.html
INFO: [ app_begin ] --START--
INFO: Run Behavior\ReadHtmlCache [ RunTime:0.000000s ]
INFO: [ app_begin ] --END-- [ RunTime:0.001000s ]
SQL: SHOW COLUMNS FROM `yc_link` [ RunTime:0.013000s ]
SQL: SELECT * FROM `yc_link`  [ RunTime:0.000000s ]
SQL: SHOW COLUMNS FROM `yc_article_type` [ RunTime:0.011000s ]
SQL: SELECT * FROM `yc_article_type`  [ RunTime:0.000000s ]
SQL: SHOW COLUMNS FROM `yc_article_label` [ RunTime:0.011000s ]
SQL: SELECT * FROM `yc_article_label`  [ RunTime:0.000000s ]
SQL: SHOW COLUMNS FROM `yc_article_view` [ RunTime:0.018000s ]
SQL: SHOW COLUMNS FROM `yc_type_logo_view` [ RunTime:0.012000s ]
SQL: SELECT `css_name`,`name` FROM `yc_type_logo_view` WHERE ( tid=2 ) LIMIT 1   [ RunTime:0.000000s ]
SQL: SELECT COUNT(*) AS tp_count FROM `yc_article_view` WHERE ( `tid` = 2 ) AND ( `is_show` = 1 ) LIMIT 1   [ RunTime:0.001000s ]
SQL: SELECT * FROM `yc_article_view` WHERE ( `tid` = 2 ) AND ( `is_show` = 1 ) ORDER BY add_time desc LIMIT 0,10   [ RunTime:0.001000s ]
NOTIC: [2] Invalid argument supplied for foreach() G:\WWW\ycblog\Application\Common\Model\ArticleViewModel.class.php 第 41 行.
NOTIC: [8] Undefined variable: lname G:\WWW\ycblog\Application\Common\Model\ArticleViewModel.class.php 第 64 行.
INFO: [ view_parse ] --START--
INFO: [ template_filter ] --START--
INFO: Run Behavior\ContentReplace [ RunTime:0.000000s ]
INFO: [ template_filter ] --END-- [ RunTime:0.001000s ]
NOTIC: [8] Undefined variable: article G:\WWW\ycblog\Runtime\Cache\Home\8a8a1fe12e6e3b6d97a8bf2187671ba6.php 第 5 行.
NOTIC: [8] Undefined index: ycblogyangchaouserinfo G:\WWW\ycblog\Runtime\Cache\Home\8a8a1fe12e6e3b6d97a8bf2187671ba6.php 第 55 行.
NOTIC: [8] Undefined index: ycblog1224userinfo G:\WWW\ycblog\Runtime\Cache\Home\8a8a1fe12e6e3b6d97a8bf2187671ba6.php 第 171 行.
NOTIC: [8] Use of undefined constant logo_id - assumed 'logo_id' G:\WWW\ycblog\Runtime\Cache\Home\8a8a1fe12e6e3b6d97a8bf2187671ba6.php 第 204 行.
NOTIC: [8] Array to string conversion G:\WWW\ycblog\Runtime\Cache\Home\8a8a1fe12e6e3b6d97a8bf2187671ba6.php 第 204 行.
SQL: SHOW COLUMNS FROM `yc_article_logo` [ RunTime:0.010000s ]
SQL: SELECT * FROM `yc_article_logo` WHERE ( logo_id = 11 ) LIMIT 1   [ RunTime:0.000000s ]
NOTIC: [8] Use of undefined constant logo_id - assumed 'logo_id' G:\WWW\ycblog\Runtime\Cache\Home\8a8a1fe12e6e3b6d97a8bf2187671ba6.php 第 204 行.
NOTIC: [8] Array to string conversion G:\WWW\ycblog\Runtime\Cache\Home\8a8a1fe12e6e3b6d97a8bf2187671ba6.php 第 204 行.
SQL: SELECT * FROM `yc_article_logo` WHERE ( logo_id = 11 ) LIMIT 1   [ RunTime:0.000000s ]
NOTIC: [8] Undefined index: ycblogyangchaouserinfo G:\WWW\ycblog\Runtime\Cache\Home\8a8a1fe12e6e3b6d97a8bf2187671ba6.php 第 208 行.
INFO: Run Behavior\ParseTemplate [ RunTime:0.024000s ]
INFO: [ view_parse ] --END-- [ RunTime:0.024000s ]
INFO: [ view_filter ] --START--
INFO: Run Behavior\WriteHtmlCache [ RunTime:0.000000s ]
INFO: [ view_filter ] --END-- [ RunTime:0.000000s ]
INFO: [ app_end ] --START--
INFO: Run Behavior\ShowPageTrace [ RunTime:0.001000s ]
INFO: [ app_end ] --END-- [ RunTime:0.001000s ]

[ 2017-11-02T09:42:00+08:00 ] 127.0.0.1 /category/1.html
INFO: [ app_begin ] --START--
INFO: Run Behavior\ReadHtmlCache [ RunTime:0.001000s ]
INFO: [ app_begin ] --END-- [ RunTime:0.001000s ]
SQL: SHOW COLUMNS FROM `yc_link` [ RunTime:0.011000s ]
SQL: SELECT * FROM `yc_link`  [ RunTime:0.001000s ]
SQL: SHOW COLUMNS FROM `yc_article_type` [ RunTime:0.011000s ]
SQL: SELECT * FROM `yc_article_type`  [ RunTime:0.000000s ]
SQL: SHOW COLUMNS FROM `yc_article_label` [ RunTime:0.010000s ]
SQL: SELECT * FROM `yc_article_label`  [ RunTime:0.000000s ]
SQL: SHOW COLUMNS FROM `yc_article_view` [ RunTime:0.021000s ]
SQL: SHOW COLUMNS FROM `yc_type_logo_view` [ RunTime:0.011000s ]
SQL: SELECT `css_name`,`name` FROM `yc_type_logo_view` WHERE ( tid=1 ) LIMIT 1   [ RunTime:0.001000s ]
SQL: SELECT COUNT(*) AS tp_count FROM `yc_article_view` WHERE ( `tid` = 1 ) AND ( `is_show` = 1 ) LIMIT 1   [ RunTime:0.001000s ]
SQL: SELECT * FROM `yc_article_view` WHERE ( `tid` = 1 ) AND ( `is_show` = 1 ) ORDER BY add_time desc LIMIT 0,10   [ RunTime:0.001000s ]
SQL: SHOW COLUMNS FROM `yc_al_relation` [ RunTime:0.011000s ]
SQL: SELECT * FROM yc_al_relation a INNER JOIN yc_article_label as b on a.lid = b.lid  WHERE ( `aid` = '48' )  [ RunTime:0.000000s ]
NOTIC: [8] Undefined variable: lname G:\WWW\ycblog\Application\Common\Model\ArticleViewModel.class.php 第 64 行.
INFO: [ view_parse ] --START--
INFO: [ template_filter ] --START--
INFO: Run Behavior\ContentReplace [ RunTime:0.001000s ]
INFO: [ template_filter ] --END-- [ RunTime:0.001000s ]
NOTIC: [8] Undefined variable: article G:\WWW\ycblog\Runtime\Cache\Home\8a8a1fe12e6e3b6d97a8bf2187671ba6.php 第 5 行.
NOTIC: [8] Undefined index: ycblogyangchaouserinfo G:\WWW\ycblog\Runtime\Cache\Home\8a8a1fe12e6e3b6d97a8bf2187671ba6.php 第 55 行.
NOTIC: [8] Undefined index: ycblog1224userinfo G:\WWW\ycblog\Runtime\Cache\Home\8a8a1fe12e6e3b6d97a8bf2187671ba6.php 第 171 行.
NOTIC: [8] Use of undefined constant logo_id - assumed 'logo_id' G:\WWW\ycblog\Runtime\Cache\Home\8a8a1fe12e6e3b6d97a8bf2187671ba6.php 第 204 行.
NOTIC: [8] Array to string conversion G:\WWW\ycblog\Runtime\Cache\Home\8a8a1fe12e6e3b6d97a8bf2187671ba6.php 第 204 行.
SQL: SHOW COLUMNS FROM `yc_article_logo` [ RunTime:0.011000s ]
SQL: SELECT * FROM `yc_article_logo` WHERE ( logo_id = 11 ) LIMIT 1   [ RunTime:0.000000s ]
NOTIC: [8] Use of undefined constant logo_id - assumed 'logo_id' G:\WWW\ycblog\Runtime\Cache\Home\8a8a1fe12e6e3b6d97a8bf2187671ba6.php 第 204 行.
NOTIC: [8] Array to string conversion G:\WWW\ycblog\Runtime\Cache\Home\8a8a1fe12e6e3b6d97a8bf2187671ba6.php 第 204 行.
SQL: SELECT * FROM `yc_article_logo` WHERE ( logo_id = 11 ) LIMIT 1   [ RunTime:0.000000s ]
NOTIC: [8] Undefined index: ycblogyangchaouserinfo G:\WWW\ycblog\Runtime\Cache\Home\8a8a1fe12e6e3b6d97a8bf2187671ba6.php 第 208 行.
INFO: Run Behavior\ParseTemplate [ RunTime:0.027000s ]
INFO: [ view_parse ] --END-- [ RunTime:0.027000s ]
INFO: [ view_filter ] --START--
INFO: Run Behavior\WriteHtmlCache [ RunTime:0.000000s ]
INFO: [ view_filter ] --END-- [ RunTime:0.000000s ]
INFO: [ app_end ] --START--
INFO: Run Behavior\ShowPageTrace [ RunTime:0.001000s ]
INFO: [ app_end ] --END-- [ RunTime:0.001000s ]

[ 2017-11-02T09:42:00+08:00 ] 127.0.0.1 /category/2.html
INFO: [ app_begin ] --START--
INFO: Run Behavior\ReadHtmlCache [ RunTime:0.001000s ]
INFO: [ app_begin ] --END-- [ RunTime:0.001000s ]
SQL: SHOW COLUMNS FROM `yc_link` [ RunTime:0.016000s ]
SQL: SELECT * FROM `yc_link`  [ RunTime:0.000000s ]
SQL: SHOW COLUMNS FROM `yc_article_type` [ RunTime:0.016000s ]
SQL: SELECT * FROM `yc_article_type`  [ RunTime:0.000000s ]
SQL: SHOW COLUMNS FROM `yc_article_label` [ RunTime:0.010000s ]
SQL: SELECT * FROM `yc_article_label`  [ RunTime:0.001000s ]
SQL: SHOW COLUMNS FROM `yc_article_view` [ RunTime:0.021000s ]
SQL: SHOW COLUMNS FROM `yc_type_logo_view` [ RunTime:0.011000s ]
SQL: SELECT `css_name`,`name` FROM `yc_type_logo_view` WHERE ( tid=2 ) LIMIT 1   [ RunTime:0.001000s ]
SQL: SELECT COUNT(*) AS tp_count FROM `yc_article_view` WHERE ( `tid` = 2 ) AND ( `is_show` = 1 ) LIMIT 1   [ RunTime:0.001000s ]
SQL: SELECT * FROM `yc_article_view` WHERE ( `tid` = 2 ) AND ( `is_show` = 1 ) ORDER BY add_time desc LIMIT 0,10   [ RunTime:0.001000s ]
NOTIC: [2] Invalid argument supplied for foreach() G:\WWW\ycblog\Application\Common\Model\ArticleViewModel.class.php 第 41 行.
NOTIC: [8] Undefined variable: lname G:\WWW\ycblog\Application\Common\Model\ArticleViewModel.class.php 第 64 行.
INFO: [ view_parse ] --START--
INFO: [ template_filter ] --START--
INFO: Run Behavior\ContentReplace [ RunTime:0.000000s ]
INFO: [ template_filter ] --END-- [ RunTime:0.000000s ]
NOTIC: [8] Undefined variable: article G:\WWW\ycblog\Runtime\Cache\Home\8a8a1fe12e6e3b6d97a8bf2187671ba6.php 第 5 行.
NOTIC: [8] Undefined index: ycblogyangchaouserinfo G:\WWW\ycblog\Runtime\Cache\Home\8a8a1fe12e6e3b6d97a8bf2187671ba6.php 第 55 行.
NOTIC: [8] Undefined index: ycblog1224userinfo G:\WWW\ycblog\Runtime\Cache\Home\8a8a1fe12e6e3b6d97a8bf2187671ba6.php 第 171 行.
NOTIC: [8] Use of undefined constant logo_id - assumed 'logo_id' G:\WWW\ycblog\Runtime\Cache\Home\8a8a1fe12e6e3b6d97a8bf2187671ba6.php 第 204 行.
NOTIC: [8] Array to string conversion G:\WWW\ycblog\Runtime\Cache\Home\8a8a1fe12e6e3b6d97a8bf2187671ba6.php 第 204 行.
SQL: SHOW COLUMNS FROM `yc_article_logo` [ RunTime:0.011000s ]
SQL: SELECT * FROM `yc_article_logo` WHERE ( logo_id = 11 ) LIMIT 1   [ RunTime:0.001000s ]
NOTIC: [8] Use of undefined constant logo_id - assumed 'logo_id' G:\WWW\ycblog\Runtime\Cache\Home\8a8a1fe12e6e3b6d97a8bf2187671ba6.php 第 204 行.
NOTIC: [8] Array to string conversion G:\WWW\ycblog\Runtime\Cache\Home\8a8a1fe12e6e3b6d97a8bf2187671ba6.php 第 204 行.
SQL: SELECT * FROM `yc_article_logo` WHERE ( logo_id = 11 ) LIMIT 1   [ RunTime:0.001000s ]
NOTIC: [8] Undefined index: ycblogyangchaouserinfo G:\WWW\ycblog\Runtime\Cache\Home\8a8a1fe12e6e3b6d97a8bf2187671ba6.php 第 208 行.
INFO: Run Behavior\ParseTemplate [ RunTime:0.030000s ]
INFO: [ view_parse ] --END-- [ RunTime:0.030000s ]
INFO: [ view_filter ] --START--
INFO: Run Behavior\WriteHtmlCache [ RunTime:0.000000s ]
INFO: [ view_filter ] --END-- [ RunTime:0.001000s ]
INFO: [ app_end ] --START--
INFO: Run Behavior\ShowPageTrace [ RunTime:0.000000s ]
INFO: [ app_end ] --END-- [ RunTime:0.000000s ]

[ 2017-11-02T09:42:00+08:00 ] 127.0.0.1 /category/1.html
INFO: [ app_begin ] --START--
INFO: Run Behavior\ReadHtmlCache [ RunTime:0.001000s ]
INFO: [ app_begin ] --END-- [ RunTime:0.001000s ]
SQL: SHOW COLUMNS FROM `yc_link` [ RunTime:0.012000s ]
SQL: SELECT * FROM `yc_link`  [ RunTime:0.000000s ]
SQL: SHOW COLUMNS FROM `yc_article_type` [ RunTime:0.011000s ]
SQL: SELECT * FROM `yc_article_type`  [ RunTime:0.001000s ]
SQL: SHOW COLUMNS FROM `yc_article_label` [ RunTime:0.009000s ]
SQL: SELECT * FROM `yc_article_label`  [ RunTime:0.000000s ]
SQL: SHOW COLUMNS FROM `yc_article_view` [ RunTime:0.019000s ]
SQL: SHOW COLUMNS FROM `yc_type_logo_view` [ RunTime:0.011000s ]
SQL: SELECT `css_name`,`name` FROM `yc_type_logo_view` WHERE ( tid=1 ) LIMIT 1   [ RunTime:0.001000s ]
SQL: SELECT COUNT(*) AS tp_count FROM `yc_article_view` WHERE ( `tid` = 1 ) AND ( `is_show` = 1 ) LIMIT 1   [ RunTime:0.000000s ]
SQL: SELECT * FROM `yc_article_view` WHERE ( `tid` = 1 ) AND ( `is_show` = 1 ) ORDER BY add_time desc LIMIT 0,10   [ RunTime:0.001000s ]
SQL: SHOW COLUMNS FROM `yc_al_relation` [ RunTime:0.012000s ]
SQL: SELECT * FROM yc_al_relation a INNER JOIN yc_article_label as b on a.lid = b.lid  WHERE ( `aid` = '48' )  [ RunTime:0.000000s ]
NOTIC: [8] Undefined variable: lname G:\WWW\ycblog\Application\Common\Model\ArticleViewModel.class.php 第 64 行.
INFO: [ view_parse ] --START--
INFO: [ template_filter ] --START--
INFO: Run Behavior\ContentReplace [ RunTime:0.000000s ]
INFO: [ template_filter ] --END-- [ RunTime:0.000000s ]
NOTIC: [8] Undefined variable: article G:\WWW\ycblog\Runtime\Cache\Home\8a8a1fe12e6e3b6d97a8bf2187671ba6.php 第 5 行.
NOTIC: [8] Undefined index: ycblogyangchaouserinfo G:\WWW\ycblog\Runtime\Cache\Home\8a8a1fe12e6e3b6d97a8bf2187671ba6.php 第 55 行.
NOTIC: [8] Undefined index: ycblog1224userinfo G:\WWW\ycblog\Runtime\Cache\Home\8a8a1fe12e6e3b6d97a8bf2187671ba6.php 第 171 行.
NOTIC: [8] Use of undefined constant logo_id - assumed 'logo_id' G:\WWW\ycblog\Runtime\Cache\Home\8a8a1fe12e6e3b6d97a8bf2187671ba6.php 第 204 行.
NOTIC: [8] Array to string conversion G:\WWW\ycblog\Runtime\Cache\Home\8a8a1fe12e6e3b6d97a8bf2187671ba6.php 第 204 行.
SQL: SHOW COLUMNS FROM `yc_article_logo` [ RunTime:0.011000s ]
SQL: SELECT * FROM `yc_article_logo` WHERE ( logo_id = 11 ) LIMIT 1   [ RunTime:0.001000s ]
NOTIC: [8] Use of undefined constant logo_id - assumed 'logo_id' G:\WWW\ycblog\Runtime\Cache\Home\8a8a1fe12e6e3b6d97a8bf2187671ba6.php 第 204 行.
NOTIC: [8] Array to string conversion G:\WWW\ycblog\Runtime\Cache\Home\8a8a1fe12e6e3b6d97a8bf2187671ba6.php 第 204 行.
SQL: SELECT * FROM `yc_article_logo` WHERE ( logo_id = 11 ) LIMIT 1   [ RunTime:0.000000s ]
NOTIC: [8] Undefined index: ycblogyangchaouserinfo G:\WWW\ycblog\Runtime\Cache\Home\8a8a1fe12e6e3b6d97a8bf2187671ba6.php 第 208 行.
INFO: Run Behavior\ParseTemplate [ RunTime:0.026000s ]
INFO: [ view_parse ] --END-- [ RunTime:0.026000s ]
INFO: [ view_filter ] --START--
INFO: Run Behavior\WriteHtmlCache [ RunTime:0.000000s ]
INFO: [ view_filter ] --END-- [ RunTime:0.000000s ]
INFO: [ app_end ] --START--
INFO: Run Behavior\ShowPageTrace [ RunTime:0.000000s ]
INFO: [ app_end ] --END-- [ RunTime:0.000000s ]

[ 2017-11-02T09:42:01+08:00 ] 127.0.0.1 /category/2.html
INFO: [ app_begin ] --START--
INFO: Run Behavior\ReadHtmlCache [ RunTime:0.001000s ]
INFO: [ app_begin ] --END-- [ RunTime:0.001000s ]
SQL: SHOW COLUMNS FROM `yc_link` [ RunTime:0.016000s ]
SQL: SELECT * FROM `yc_link`  [ RunTime:0.000000s ]
SQL: SHOW COLUMNS FROM `yc_article_type` [ RunTime:0.012000s ]
SQL: SELECT * FROM `yc_article_type`  [ RunTime:0.000000s ]
SQL: SHOW COLUMNS FROM `yc_article_label` [ RunTime:0.010000s ]
SQL: SELECT * FROM `yc_article_label`  [ RunTime:0.000000s ]
SQL: SHOW COLUMNS FROM `yc_article_view` [ RunTime:0.020000s ]
SQL: SHOW COLUMNS FROM `yc_type_logo_view` [ RunTime:0.010000s ]
SQL: SELECT `css_name`,`name` FROM `yc_type_logo_view` WHERE ( tid=2 ) LIMIT 1   [ RunTime:0.001000s ]
SQL: SELECT COUNT(*) AS tp_count FROM `yc_article_view` WHERE ( `tid` = 2 ) AND ( `is_show` = 1 ) LIMIT 1   [ RunTime:0.000000s ]
SQL: SELECT * FROM `yc_article_view` WHERE ( `tid` = 2 ) AND ( `is_show` = 1 ) ORDER BY add_time desc LIMIT 0,10   [ RunTime:0.000000s ]
NOTIC: [2] Invalid argument supplied for foreach() G:\WWW\ycblog\Application\Common\Model\ArticleViewModel.class.php 第 41 行.
NOTIC: [8] Undefined variable: lname G:\WWW\ycblog\Application\Common\Model\ArticleViewModel.class.php 第 64 行.
INFO: [ view_parse ] --START--
INFO: [ template_filter ] --START--
INFO: Run Behavior\ContentReplace [ RunTime:0.000000s ]
INFO: [ template_filter ] --END-- [ RunTime:0.000000s ]
NOTIC: [8] Undefined variable: article G:\WWW\ycblog\Runtime\Cache\Home\8a8a1fe12e6e3b6d97a8bf2187671ba6.php 第 5 行.
NOTIC: [8] Undefined index: ycblogyangchaouserinfo G:\WWW\ycblog\Runtime\Cache\Home\8a8a1fe12e6e3b6d97a8bf2187671ba6.php 第 55 行.
NOTIC: [8] Undefined index: ycblog1224userinfo G:\WWW\ycblog\Runtime\Cache\Home\8a8a1fe12e6e3b6d97a8bf2187671ba6.php 第 171 行.
NOTIC: [8] Use of undefined constant logo_id - assumed 'logo_id' G:\WWW\ycblog\Runtime\Cache\Home\8a8a1fe12e6e3b6d97a8bf2187671ba6.php 第 204 行.
NOTIC: [8] Array to string conversion G:\WWW\ycblog\Runtime\Cache\Home\8a8a1fe12e6e3b6d97a8bf2187671ba6.php 第 204 行.
SQL: SHOW COLUMNS FROM `yc_article_logo` [ RunTime:0.010000s ]
SQL: SELECT * FROM `yc_article_logo` WHERE ( logo_id = 11 ) LIMIT 1   [ RunTime:0.000000s ]
NOTIC: [8] Use of undefined constant logo_id - assumed 'logo_id' G:\WWW\ycblog\Runtime\Cache\Home\8a8a1fe12e6e3b6d97a8bf2187671ba6.php 第 204 行.
NOTIC: [8] Array to string conversion G:\WWW\ycblog\Runtime\Cache\Home\8a8a1fe12e6e3b6d97a8bf2187671ba6.php 第 204 行.
SQL: SELECT * FROM `yc_article_logo` WHERE ( logo_id = 11 ) LIMIT 1   [ RunTime:0.000000s ]
NOTIC: [8] Undefined index: ycblogyangchaouserinfo G:\WWW\ycblog\Runtime\Cache\Home\8a8a1fe12e6e3b6d97a8bf2187671ba6.php 第 208 行.
INFO: Run Behavior\ParseTemplate [ RunTime:0.026000s ]
INFO: [ view_parse ] --END-- [ RunTime:0.026000s ]
INFO: [ view_filter ] --START--
INFO: Run Behavior\WriteHtmlCache [ RunTime:0.000000s ]
INFO: [ view_filter ] --END-- [ RunTime:0.000000s ]
INFO: [ app_end ] --START--
INFO: Run Behavior\ShowPageTrace [ RunTime:0.000000s ]
INFO: [ app_end ] --END-- [ RunTime:0.000000s ]

[ 2017-11-02T09:42:02+08:00 ] 127.0.0.1 /category/1.html
INFO: [ app_begin ] --START--
INFO: Run Behavior\ReadHtmlCache [ RunTime:0.000000s ]
INFO: [ app_begin ] --END-- [ RunTime:0.001000s ]
SQL: SHOW COLUMNS FROM `yc_link` [ RunTime:0.013000s ]
SQL: SELECT * FROM `yc_link`  [ RunTime:0.000000s ]
SQL: SHOW COLUMNS FROM `yc_article_type` [ RunTime:0.012000s ]
SQL: SELECT * FROM `yc_article_type`  [ RunTime:0.000000s ]
SQL: SHOW COLUMNS FROM `yc_article_label` [ RunTime:0.011000s ]
SQL: SELECT * FROM `yc_article_label`  [ RunTime:0.000000s ]
SQL: SHOW COLUMNS FROM `yc_article_view` [ RunTime:0.020000s ]
SQL: SHOW COLUMNS FROM `yc_type_logo_view` [ RunTime:0.011000s ]
SQL: SELECT `css_name`,`name` FROM `yc_type_logo_view` WHERE ( tid=1 ) LIMIT 1   [ RunTime:0.000000s ]
SQL: SELECT COUNT(*) AS tp_count FROM `yc_article_view` WHERE ( `tid` = 1 ) AND ( `is_show` = 1 ) LIMIT 1   [ RunTime:0.000000s ]
SQL: SELECT * FROM `yc_article_view` WHERE ( `tid` = 1 ) AND ( `is_show` = 1 ) ORDER BY add_time desc LIMIT 0,10   [ RunTime:0.001000s ]
SQL: SHOW COLUMNS FROM `yc_al_relation` [ RunTime:0.011000s ]
SQL: SELECT * FROM yc_al_relation a INNER JOIN yc_article_label as b on a.lid = b.lid  WHERE ( `aid` = '48' )  [ RunTime:0.000000s ]
NOTIC: [8] Undefined variable: lname G:\WWW\ycblog\Application\Common\Model\ArticleViewModel.class.php 第 64 行.
INFO: [ view_parse ] --START--
INFO: [ template_filter ] --START--
INFO: Run Behavior\ContentReplace [ RunTime:0.000000s ]
INFO: [ template_filter ] --END-- [ RunTime:0.000000s ]
NOTIC: [8] Undefined variable: article G:\WWW\ycblog\Runtime\Cache\Home\8a8a1fe12e6e3b6d97a8bf2187671ba6.php 第 5 行.
NOTIC: [8] Undefined index: ycblogyangchaouserinfo G:\WWW\ycblog\Runtime\Cache\Home\8a8a1fe12e6e3b6d97a8bf2187671ba6.php 第 55 行.
NOTIC: [8] Undefined index: ycblog1224userinfo G:\WWW\ycblog\Runtime\Cache\Home\8a8a1fe12e6e3b6d97a8bf2187671ba6.php 第 171 行.
NOTIC: [8] Use of undefined constant logo_id - assumed 'logo_id' G:\WWW\ycblog\Runtime\Cache\Home\8a8a1fe12e6e3b6d97a8bf2187671ba6.php 第 204 行.
NOTIC: [8] Array to string conversion G:\WWW\ycblog\Runtime\Cache\Home\8a8a1fe12e6e3b6d97a8bf2187671ba6.php 第 204 行.
SQL: SHOW COLUMNS FROM `yc_article_logo` [ RunTime:0.014000s ]
SQL: SELECT * FROM `yc_article_logo` WHERE ( logo_id = 11 ) LIMIT 1   [ RunTime:0.000000s ]
NOTIC: [8] Use of undefined constant logo_id - assumed 'logo_id' G:\WWW\ycblog\Runtime\Cache\Home\8a8a1fe12e6e3b6d97a8bf2187671ba6.php 第 204 行.
NOTIC: [8] Array to string conversion G:\WWW\ycblog\Runtime\Cache\Home\8a8a1fe12e6e3b6d97a8bf2187671ba6.php 第 204 行.
SQL: SELECT * FROM `yc_article_logo` WHERE ( logo_id = 11 ) LIMIT 1   [ RunTime:0.000000s ]
NOTIC: [8] Undefined index: ycblogyangchaouserinfo G:\WWW\ycblog\Runtime\Cache\Home\8a8a1fe12e6e3b6d97a8bf2187671ba6.php 第 208 行.
INFO: Run Behavior\ParseTemplate [ RunTime:0.028000s ]
INFO: [ view_parse ] --END-- [ RunTime:0.028000s ]
INFO: [ view_filter ] --START--
INFO: Run Behavior\WriteHtmlCache [ RunTime:0.000000s ]
INFO: [ view_filter ] --END-- [ RunTime:0.000000s ]
INFO: [ app_end ] --START--
INFO: Run Behavior\ShowPageTrace [ RunTime:0.000000s ]
INFO: [ app_end ] --END-- [ RunTime:0.000000s ]

[ 2017-11-02T09:42:02+08:00 ] 127.0.0.1 /category/2.html
INFO: [ app_begin ] --START--
INFO: Run Behavior\ReadHtmlCache [ RunTime:0.001000s ]
INFO: [ app_begin ] --END-- [ RunTime:0.001000s ]
SQL: SHOW COLUMNS FROM `yc_link` [ RunTime:0.013000s ]
SQL: SELECT * FROM `yc_link`  [ RunTime:0.000000s ]
SQL: SHOW COLUMNS FROM `yc_article_type` [ RunTime:0.010000s ]
SQL: SELECT * FROM `yc_article_type`  [ RunTime:0.000000s ]
SQL: SHOW COLUMNS FROM `yc_article_label` [ RunTime:0.010000s ]
SQL: SELECT * FROM `yc_article_label`  [ RunTime:0.000000s ]
SQL: SHOW COLUMNS FROM `yc_article_view` [ RunTime:0.021000s ]
SQL: SHOW COLUMNS FROM `yc_type_logo_view` [ RunTime:0.011000s ]
SQL: SELECT `css_name`,`name` FROM `yc_type_logo_view` WHERE ( tid=2 ) LIMIT 1   [ RunTime:0.001000s ]
SQL: SELECT COUNT(*) AS tp_count FROM `yc_article_view` WHERE ( `tid` = 2 ) AND ( `is_show` = 1 ) LIMIT 1   [ RunTime:0.000000s ]
SQL: SELECT * FROM `yc_article_view` WHERE ( `tid` = 2 ) AND ( `is_show` = 1 ) ORDER BY add_time desc LIMIT 0,10   [ RunTime:0.000000s ]
NOTIC: [2] Invalid argument supplied for foreach() G:\WWW\ycblog\Application\Common\Model\ArticleViewModel.class.php 第 41 行.
NOTIC: [8] Undefined variable: lname G:\WWW\ycblog\Application\Common\Model\ArticleViewModel.class.php 第 64 行.
INFO: [ view_parse ] --START--
INFO: [ template_filter ] --START--
INFO: Run Behavior\ContentReplace [ RunTime:0.000000s ]
INFO: [ template_filter ] --END-- [ RunTime:0.000000s ]
NOTIC: [8] Undefined variable: article G:\WWW\ycblog\Runtime\Cache\Home\8a8a1fe12e6e3b6d97a8bf2187671ba6.php 第 5 行.
NOTIC: [8] Undefined index: ycblogyangchaouserinfo G:\WWW\ycblog\Runtime\Cache\Home\8a8a1fe12e6e3b6d97a8bf2187671ba6.php 第 55 行.
NOTIC: [8] Undefined index: ycblog1224userinfo G:\WWW\ycblog\Runtime\Cache\Home\8a8a1fe12e6e3b6d97a8bf2187671ba6.php 第 171 行.
NOTIC: [8] Use of undefined constant logo_id - assumed 'logo_id' G:\WWW\ycblog\Runtime\Cache\Home\8a8a1fe12e6e3b6d97a8bf2187671ba6.php 第 204 行.
NOTIC: [8] Array to string conversion G:\WWW\ycblog\Runtime\Cache\Home\8a8a1fe12e6e3b6d97a8bf2187671ba6.php 第 204 行.
SQL: SHOW COLUMNS FROM `yc_article_logo` [ RunTime:0.010000s ]
SQL: SELECT * FROM `yc_article_logo` WHERE ( logo_id = 11 ) LIMIT 1   [ RunTime:0.000000s ]
NOTIC: [8] Use of undefined constant logo_id - assumed 'logo_id' G:\WWW\ycblog\Runtime\Cache\Home\8a8a1fe12e6e3b6d97a8bf2187671ba6.php 第 204 行.
NOTIC: [8] Array to string conversion G:\WWW\ycblog\Runtime\Cache\Home\8a8a1fe12e6e3b6d97a8bf2187671ba6.php 第 204 行.
SQL: SELECT * FROM `yc_article_logo` WHERE ( logo_id = 11 ) LIMIT 1   [ RunTime:0.001000s ]
NOTIC: [8] Undefined index: ycblogyangchaouserinfo G:\WWW\ycblog\Runtime\Cache\Home\8a8a1fe12e6e3b6d97a8bf2187671ba6.php 第 208 行.
INFO: Run Behavior\ParseTemplate [ RunTime:0.025000s ]
INFO: [ view_parse ] --END-- [ RunTime:0.025000s ]
INFO: [ view_filter ] --START--
INFO: Run Behavior\WriteHtmlCache [ RunTime:0.000000s ]
INFO: [ view_filter ] --END-- [ RunTime:0.000000s ]
INFO: [ app_end ] --START--
INFO: Run Behavior\ShowPageTrace [ RunTime:0.001000s ]
INFO: [ app_end ] --END-- [ RunTime:0.001000s ]

[ 2017-11-02T09:42:04+08:00 ] 127.0.0.1 /category/1.html
INFO: [ app_begin ] --START--
INFO: Run Behavior\ReadHtmlCache [ RunTime:0.001000s ]
INFO: [ app_begin ] --END-- [ RunTime:0.001000s ]
SQL: SHOW COLUMNS FROM `yc_link` [ RunTime:0.021000s ]
SQL: SELECT * FROM `yc_link`  [ RunTime:0.000000s ]
SQL: SHOW COLUMNS FROM `yc_article_type` [ RunTime:0.013000s ]
SQL: SELECT * FROM `yc_article_type`  [ RunTime:0.000000s ]
SQL: SHOW COLUMNS FROM `yc_article_label` [ RunTime:0.013000s ]
SQL: SELECT * FROM `yc_article_label`  [ RunTime:0.000000s ]
SQL: SHOW COLUMNS FROM `yc_article_view` [ RunTime:0.019000s ]
SQL: SHOW COLUMNS FROM `yc_type_logo_view` [ RunTime:0.011000s ]
SQL: SELECT `css_name`,`name` FROM `yc_type_logo_view` WHERE ( tid=1 ) LIMIT 1   [ RunTime:0.000000s ]
SQL: SELECT COUNT(*) AS tp_count FROM `yc_article_view` WHERE ( `tid` = 1 ) AND ( `is_show` = 1 ) LIMIT 1   [ RunTime:0.000000s ]
SQL: SELECT * FROM `yc_article_view` WHERE ( `tid` = 1 ) AND ( `is_show` = 1 ) ORDER BY add_time desc LIMIT 0,10   [ RunTime:0.001000s ]
SQL: SHOW COLUMNS FROM `yc_al_relation` [ RunTime:0.009000s ]
SQL: SELECT * FROM yc_al_relation a INNER JOIN yc_article_label as b on a.lid = b.lid  WHERE ( `aid` = '48' )  [ RunTime:0.000000s ]
NOTIC: [8] Undefined variable: lname G:\WWW\ycblog\Application\Common\Model\ArticleViewModel.class.php 第 64 行.
INFO: [ view_parse ] --START--
INFO: [ template_filter ] --START--
INFO: Run Behavior\ContentReplace [ RunTime:0.000000s ]
INFO: [ template_filter ] --END-- [ RunTime:0.000000s ]
NOTIC: [8] Undefined variable: article G:\WWW\ycblog\Runtime\Cache\Home\8a8a1fe12e6e3b6d97a8bf2187671ba6.php 第 5 行.
NOTIC: [8] Undefined index: ycblogyangchaouserinfo G:\WWW\ycblog\Runtime\Cache\Home\8a8a1fe12e6e3b6d97a8bf2187671ba6.php 第 55 行.
NOTIC: [8] Undefined index: ycblog1224userinfo G:\WWW\ycblog\Runtime\Cache\Home\8a8a1fe12e6e3b6d97a8bf2187671ba6.php 第 171 行.
NOTIC: [8] Use of undefined constant logo_id - assumed 'logo_id' G:\WWW\ycblog\Runtime\Cache\Home\8a8a1fe12e6e3b6d97a8bf2187671ba6.php 第 204 行.
NOTIC: [8] Array to string conversion G:\WWW\ycblog\Runtime\Cache\Home\8a8a1fe12e6e3b6d97a8bf2187671ba6.php 第 204 行.
SQL: SHOW COLUMNS FROM `yc_article_logo` [ RunTime:0.010000s ]
SQL: SELECT * FROM `yc_article_logo` WHERE ( logo_id = 11 ) LIMIT 1   [ RunTime:0.000000s ]
NOTIC: [8] Use of undefined constant logo_id - assumed 'logo_id' G:\WWW\ycblog\Runtime\Cache\Home\8a8a1fe12e6e3b6d97a8bf2187671ba6.php 第 204 行.
NOTIC: [8] Array to string conversion G:\WWW\ycblog\Runtime\Cache\Home\8a8a1fe12e6e3b6d97a8bf2187671ba6.php 第 204 行.
SQL: SELECT * FROM `yc_article_logo` WHERE ( logo_id = 11 ) LIMIT 1   [ RunTime:0.000000s ]
NOTIC: [8] Undefined index: ycblogyangchaouserinfo G:\WWW\ycblog\Runtime\Cache\Home\8a8a1fe12e6e3b6d97a8bf2187671ba6.php 第 208 行.
INFO: Run Behavior\ParseTemplate [ RunTime:0.025000s ]
INFO: [ view_parse ] --END-- [ RunTime:0.025000s ]
INFO: [ view_filter ] --START--
INFO: Run Behavior\WriteHtmlCache [ RunTime:0.000000s ]
INFO: [ view_filter ] --END-- [ RunTime:0.000000s ]
INFO: [ app_end ] --START--
INFO: Run Behavior\ShowPageTrace [ RunTime:0.001000s ]
INFO: [ app_end ] --END-- [ RunTime:0.001000s ]

[ 2017-11-02T09:42:04+08:00 ] 127.0.0.1 /category/2.html
INFO: [ app_begin ] --START--
INFO: Run Behavior\ReadHtmlCache [ RunTime:0.001000s ]
INFO: [ app_begin ] --END-- [ RunTime:0.002000s ]
SQL: SHOW COLUMNS FROM `yc_link` [ RunTime:0.010000s ]
SQL: SELECT * FROM `yc_link`  [ RunTime:0.000000s ]
SQL: SHOW COLUMNS FROM `yc_article_type` [ RunTime:0.010000s ]
SQL: SELECT * FROM `yc_article_type`  [ RunTime:0.000000s ]
SQL: SHOW COLUMNS FROM `yc_article_label` [ RunTime:0.011000s ]
SQL: SELECT * FROM `yc_article_label`  [ RunTime:0.000000s ]
SQL: SHOW COLUMNS FROM `yc_article_view` [ RunTime:0.020000s ]
SQL: SHOW COLUMNS FROM `yc_type_logo_view` [ RunTime:0.010000s ]
SQL: SELECT `css_name`,`name` FROM `yc_type_logo_view` WHERE ( tid=2 ) LIMIT 1   [ RunTime:0.001000s ]
SQL: SELECT COUNT(*) AS tp_count FROM `yc_article_view` WHERE ( `tid` = 2 ) AND ( `is_show` = 1 ) LIMIT 1   [ RunTime:0.000000s ]
SQL: SELECT * FROM `yc_article_view` WHERE ( `tid` = 2 ) AND ( `is_show` = 1 ) ORDER BY add_time desc LIMIT 0,10   [ RunTime:0.000000s ]
NOTIC: [2] Invalid argument supplied for foreach() G:\WWW\ycblog\Application\Common\Model\ArticleViewModel.class.php 第 41 行.
NOTIC: [8] Undefined variable: lname G:\WWW\ycblog\Application\Common\Model\ArticleViewModel.class.php 第 64 行.
INFO: [ view_parse ] --START--
INFO: [ template_filter ] --START--
INFO: Run Behavior\ContentReplace [ RunTime:0.001000s ]
INFO: [ template_filter ] --END-- [ RunTime:0.001000s ]
NOTIC: [8] Undefined variable: article G:\WWW\ycblog\Runtime\Cache\Home\8a8a1fe12e6e3b6d97a8bf2187671ba6.php 第 5 行.
NOTIC: [8] Undefined index: ycblogyangchaouserinfo G:\WWW\ycblog\Runtime\Cache\Home\8a8a1fe12e6e3b6d97a8bf2187671ba6.php 第 55 行.
NOTIC: [8] Undefined index: ycblog1224userinfo G:\WWW\ycblog\Runtime\Cache\Home\8a8a1fe12e6e3b6d97a8bf2187671ba6.php 第 171 行.
NOTIC: [8] Use of undefined constant logo_id - assumed 'logo_id' G:\WWW\ycblog\Runtime\Cache\Home\8a8a1fe12e6e3b6d97a8bf2187671ba6.php 第 204 行.
NOTIC: [8] Array to string conversion G:\WWW\ycblog\Runtime\Cache\Home\8a8a1fe12e6e3b6d97a8bf2187671ba6.php 第 204 行.
SQL: SHOW COLUMNS FROM `yc_article_logo` [ RunTime:0.009000s ]
SQL: SELECT * FROM `yc_article_logo` WHERE ( logo_id = 11 ) LIMIT 1   [ RunTime:0.000000s ]
NOTIC: [8] Use of undefined constant logo_id - assumed 'logo_id' G:\WWW\ycblog\Runtime\Cache\Home\8a8a1fe12e6e3b6d97a8bf2187671ba6.php 第 204 行.
NOTIC: [8] Array to string conversion G:\WWW\ycblog\Runtime\Cache\Home\8a8a1fe12e6e3b6d97a8bf2187671ba6.php 第 204 行.
SQL: SELECT * FROM `yc_article_logo` WHERE ( logo_id = 11 ) LIMIT 1   [ RunTime:0.000000s ]
NOTIC: [8] Undefined index: ycblogyangchaouserinfo G:\WWW\ycblog\Runtime\Cache\Home\8a8a1fe12e6e3b6d97a8bf2187671ba6.php 第 208 行.
INFO: Run Behavior\ParseTemplate [ RunTime:0.024000s ]
INFO: [ view_parse ] --END-- [ RunTime:0.025000s ]
INFO: [ view_filter ] --START--
INFO: Run Behavior\WriteHtmlCache [ RunTime:0.001000s ]
INFO: [ view_filter ] --END-- [ RunTime:0.001000s ]
INFO: [ app_end ] --START--
INFO: Run Behavior\ShowPageTrace [ RunTime:0.000000s ]
INFO: [ app_end ] --END-- [ RunTime:0.000000s ]

[ 2017-11-02T10:24:42+08:00 ] 127.0.0.1 /
INFO: [ app_begin ] --START--
INFO: Run Behavior\ReadHtmlCache [ RunTime:0.001000s ]
INFO: [ app_begin ] --END-- [ RunTime:0.001000s ]
SQL: SHOW COLUMNS FROM `yc_link` [ RunTime:0.008000s ]
SQL: SELECT * FROM `yc_link`  [ RunTime:0.001000s ]
SQL: SHOW COLUMNS FROM `yc_article_type` [ RunTime:0.009000s ]
SQL: SELECT * FROM `yc_article_type`  [ RunTime:0.001000s ]
SQL: SHOW COLUMNS FROM `yc_article_label` [ RunTime:0.009000s ]
SQL: SELECT * FROM `yc_article_label`  [ RunTime:0.000000s ]
SQL: SHOW COLUMNS FROM `yc_article_view` [ RunTime:0.011000s ]
SQL: SELECT COUNT(*) AS tp_count FROM `yc_article_view` WHERE ( `is_show` = 1 ) LIMIT 1   [ RunTime:0.000000s ]
SQL: SELECT * FROM `yc_article_view` WHERE ( `is_show` = 1 ) ORDER BY add_time desc LIMIT 0,10   [ RunTime:0.001000s ]
SQL: SHOW COLUMNS FROM `yc_al_relation` [ RunTime:0.007000s ]
SQL: SELECT * FROM yc_al_relation a INNER JOIN yc_article_label as b on a.lid = b.lid  WHERE ( `aid` = '48' )  [ RunTime:0.000000s ]
NOTIC: [8] Undefined variable: tname G:\WWW\ycblog\Application\Common\Model\ArticleViewModel.class.php 第 63 行.
NOTIC: [8] Undefined variable: lname G:\WWW\ycblog\Application\Common\Model\ArticleViewModel.class.php 第 64 行.
INFO: [ view_parse ] --START--
INFO: [ template_filter ] --START--
INFO: Run Behavior\ContentReplace [ RunTime:0.000000s ]
INFO: [ template_filter ] --END-- [ RunTime:0.000000s ]
NOTIC: [8] Undefined variable: article G:\WWW\ycblog\Runtime\Cache\Home\08d30c77e78bd0ac29232fbc421b5dcd.php 第 5 行.
NOTIC: [8] Undefined index: ycblogyangchaouserinfo G:\WWW\ycblog\Runtime\Cache\Home\08d30c77e78bd0ac29232fbc421b5dcd.php 第 55 行.
NOTIC: [8] Undefined index: ycblog1224userinfo G:\WWW\ycblog\Runtime\Cache\Home\08d30c77e78bd0ac29232fbc421b5dcd.php 第 171 行.
NOTIC: [8] Use of undefined constant logo_id - assumed 'logo_id' G:\WWW\ycblog\Runtime\Cache\Home\08d30c77e78bd0ac29232fbc421b5dcd.php 第 204 行.
NOTIC: [8] Array to string conversion G:\WWW\ycblog\Runtime\Cache\Home\08d30c77e78bd0ac29232fbc421b5dcd.php 第 204 行.
SQL: SHOW COLUMNS FROM `yc_article_logo` [ RunTime:0.007000s ]
SQL: SELECT * FROM `yc_article_logo` WHERE ( logo_id = 11 ) LIMIT 1   [ RunTime:0.000000s ]
NOTIC: [8] Use of undefined constant logo_id - assumed 'logo_id' G:\WWW\ycblog\Runtime\Cache\Home\08d30c77e78bd0ac29232fbc421b5dcd.php 第 204 行.
NOTIC: [8] Array to string conversion G:\WWW\ycblog\Runtime\Cache\Home\08d30c77e78bd0ac29232fbc421b5dcd.php 第 204 行.
SQL: SELECT * FROM `yc_article_logo` WHERE ( logo_id = 11 ) LIMIT 1   [ RunTime:0.000000s ]
NOTIC: [8] Undefined index: ycblogyangchaouserinfo G:\WWW\ycblog\Runtime\Cache\Home\08d30c77e78bd0ac29232fbc421b5dcd.php 第 208 行.
INFO: Run Behavior\ParseTemplate [ RunTime:0.055000s ]
INFO: [ view_parse ] --END-- [ RunTime:0.055000s ]
INFO: [ view_filter ] --START--
INFO: Run Behavior\WriteHtmlCache [ RunTime:0.000000s ]
INFO: [ view_filter ] --END-- [ RunTime:0.000000s ]
INFO: [ app_end ] --START--
INFO: Run Behavior\ShowPageTrace [ RunTime:0.001000s ]
INFO: [ app_end ] --END-- [ RunTime:0.001000s ]

[ 2017-11-02T17:38:46+08:00 ] 127.0.0.1 /
INFO: [ app_begin ] --START--
INFO: Run Behavior\ReadHtmlCache [ RunTime:0.001000s ]
INFO: [ app_begin ] --END-- [ RunTime:0.004000s ]
SQL: SHOW COLUMNS FROM `yc_link` [ RunTime:0.029000s ]
SQL: SELECT * FROM `yc_link`  [ RunTime:0.000000s ]
SQL: SHOW COLUMNS FROM `yc_article_type` [ RunTime:0.006000s ]
SQL: SELECT * FROM `yc_article_type`  [ RunTime:0.000000s ]
SQL: SHOW COLUMNS FROM `yc_article_label` [ RunTime:0.009000s ]
SQL: SELECT * FROM `yc_article_label`  [ RunTime:0.001000s ]
SQL: SHOW COLUMNS FROM `yc_article_view` [ RunTime:0.019000s ]
SQL: SELECT COUNT(*) AS tp_count FROM `yc_article_view` WHERE ( `is_show` = 1 ) LIMIT 1   [ RunTime:0.003000s ]
SQL: SELECT * FROM `yc_article_view` WHERE ( `is_show` = 1 ) ORDER BY add_time desc LIMIT 0,10   [ RunTime:0.001000s ]
SQL: SHOW COLUMNS FROM `yc_al_relation` [ RunTime:0.005000s ]
SQL: SELECT * FROM yc_al_relation a INNER JOIN yc_article_label as b on a.lid = b.lid  WHERE ( `aid` = '48' )  [ RunTime:0.001000s ]
NOTIC: [8] Undefined variable: tname G:\WWW\ycblog\Application\Common\Model\ArticleViewModel.class.php 第 63 行.
NOTIC: [8] Undefined variable: lname G:\WWW\ycblog\Application\Common\Model\ArticleViewModel.class.php 第 64 行.
INFO: [ view_parse ] --START--
INFO: [ template_filter ] --START--
INFO: Run Behavior\ContentReplace [ RunTime:0.000000s ]
INFO: [ template_filter ] --END-- [ RunTime:0.000000s ]
NOTIC: [8] Undefined variable: article G:\WWW\ycblog\Runtime\Cache\Home\08d30c77e78bd0ac29232fbc421b5dcd.php 第 5 行.
NOTIC: [8] Undefined index: ycblogyangchaouserinfo G:\WWW\ycblog\Runtime\Cache\Home\08d30c77e78bd0ac29232fbc421b5dcd.php 第 55 行.
NOTIC: [8] Undefined index: ycblog1224userinfo G:\WWW\ycblog\Runtime\Cache\Home\08d30c77e78bd0ac29232fbc421b5dcd.php 第 171 行.
NOTIC: [8] Use of undefined constant logo_id - assumed 'logo_id' G:\WWW\ycblog\Runtime\Cache\Home\08d30c77e78bd0ac29232fbc421b5dcd.php 第 204 行.
NOTIC: [8] Array to string conversion G:\WWW\ycblog\Runtime\Cache\Home\08d30c77e78bd0ac29232fbc421b5dcd.php 第 204 行.
SQL: SHOW COLUMNS FROM `yc_article_logo` [ RunTime:0.008000s ]
SQL: SELECT * FROM `yc_article_logo` WHERE ( logo_id = 11 ) LIMIT 1   [ RunTime:0.000000s ]
NOTIC: [8] Use of undefined constant logo_id - assumed 'logo_id' G:\WWW\ycblog\Runtime\Cache\Home\08d30c77e78bd0ac29232fbc421b5dcd.php 第 204 行.
NOTIC: [8] Array to string conversion G:\WWW\ycblog\Runtime\Cache\Home\08d30c77e78bd0ac29232fbc421b5dcd.php 第 204 行.
SQL: SELECT * FROM `yc_article_logo` WHERE ( logo_id = 11 ) LIMIT 1   [ RunTime:0.001000s ]
NOTIC: [8] Undefined index: ycblogyangchaouserinfo G:\WWW\ycblog\Runtime\Cache\Home\08d30c77e78bd0ac29232fbc421b5dcd.php 第 208 行.
INFO: Run Behavior\ParseTemplate [ RunTime:0.104000s ]
INFO: [ view_parse ] --END-- [ RunTime:0.104000s ]
INFO: [ view_filter ] --START--
INFO: Run Behavior\WriteHtmlCache [ RunTime:0.000000s ]
INFO: [ view_filter ] --END-- [ RunTime:0.000000s ]
INFO: [ app_end ] --START--
INFO: Run Behavior\ShowPageTrace [ RunTime:0.001000s ]
INFO: [ app_end ] --END-- [ RunTime:0.001000s ]

