[ 2017-11-13T02:35:55+08:00 ] 123.125.67.165 /
INFO: [ app_begin ] --START--
INFO: Run Behavior\ReadHtmlCache [ RunTime:0.001893s ]
INFO: [ app_begin ] --END-- [ RunTime:0.003303s ]
SQL: SHOW COLUMNS FROM `yc_link` [ RunTime:0.002328s ]
SQL: SELECT * FROM `yc_link`  [ RunTime:0.001593s ]
SQL: SHOW COLUMNS FROM `yc_article_type` [ RunTime:0.001936s ]
SQL: SELECT * FROM `yc_article_type`  [ RunTime:0.001661s ]
SQL: SHOW COLUMNS FROM `yc_article_label` [ RunTime:0.002759s ]
SQL: SELECT * FROM `yc_article_label`  [ RunTime:0.001235s ]
SQL: SHOW COLUMNS FROM `yc_article_view` [ RunTime:0.003102s ]
SQL: SELECT COUNT(*) AS tp_count FROM `yc_article_view` WHERE ( `is_show` = 1 ) LIMIT 1   [ RunTime:0.001921s ]
SQL: SELECT * FROM `yc_article_view` WHERE ( `is_show` = 1 ) ORDER BY add_time desc LIMIT 0,10   [ RunTime:0.005914s ]
SQL: SHOW COLUMNS FROM `yc_al_relation` [ RunTime:0.002164s ]
SQL: SELECT * FROM yc_al_relation a INNER JOIN yc_article_label as b on a.lid = b.lid  WHERE ( `aid` = '48' )  [ RunTime:0.001348s ]
NOTIC: [8] Undefined variable: tname /www/users/HA436620/WEB/Application/Common/Model/ArticleViewModel.class.php 第 63 行.
NOTIC: [8] Undefined variable: lname /www/users/HA436620/WEB/Application/Common/Model/ArticleViewModel.class.php 第 64 行.
INFO: [ view_parse ] --START--
INFO: [ template_filter ] --START--
INFO: Run Behavior\ContentReplace [ RunTime:0.000605s ]
INFO: [ template_filter ] --END-- [ RunTime:0.000698s ]
NOTIC: [8] Undefined variable: article /www/users/HA436620/WEB/Runtime/Cache/Home/08d30c77e78bd0ac29232fbc421b5dcd.php 第 5 行.
NOTIC: [8] Undefined variable: knowledge /www/users/HA436620/WEB/Runtime/Cache/Home/08d30c77e78bd0ac29232fbc421b5dcd.php 第 5 行.
NOTIC: [8] Undefined index: ycblogyangchaouserinfo /www/users/HA436620/WEB/Runtime/Cache/Home/08d30c77e78bd0ac29232fbc421b5dcd.php 第 54 行.
NOTIC: [8] Undefined index: ycblog1224userinfo /www/users/HA436620/WEB/Runtime/Cache/Home/08d30c77e78bd0ac29232fbc421b5dcd.php 第 190 行.
NOTIC: [8] Use of undefined constant logo_id - assumed 'logo_id' /www/users/HA436620/WEB/Runtime/Cache/Home/08d30c77e78bd0ac29232fbc421b5dcd.php 第 223 行.
NOTIC: [8] Array to string conversion /www/users/HA436620/WEB/Runtime/Cache/Home/08d30c77e78bd0ac29232fbc421b5dcd.php 第 223 行.
SQL: SHOW COLUMNS FROM `yc_article_logo` [ RunTime:0.001914s ]
SQL: SELECT * FROM `yc_article_logo` WHERE ( logo_id = 11 ) LIMIT 1   [ RunTime:0.000724s ]
NOTIC: [8] Use of undefined constant logo_id - assumed 'logo_id' /www/users/HA436620/WEB/Runtime/Cache/Home/08d30c77e78bd0ac29232fbc421b5dcd.php 第 223 行.
NOTIC: [8] Array to string conversion /www/users/HA436620/WEB/Runtime/Cache/Home/08d30c77e78bd0ac29232fbc421b5dcd.php 第 223 行.
SQL: SELECT * FROM `yc_article_logo` WHERE ( logo_id = 11 ) LIMIT 1   [ RunTime:0.000844s ]
NOTIC: [8] Undefined index: ycblogyangchaouserinfo /www/users/HA436620/WEB/Runtime/Cache/Home/08d30c77e78bd0ac29232fbc421b5dcd.php 第 233 行.
INFO: Run Behavior\ParseTemplate [ RunTime:0.098029s ]
INFO: [ view_parse ] --END-- [ RunTime:0.098112s ]
INFO: [ view_filter ] --START--
INFO: Run Behavior\WriteHtmlCache [ RunTime:0.005532s ]
INFO: [ view_filter ] --END-- [ RunTime:0.005602s ]
INFO: [ app_end ] --START--
INFO: Run Behavior\ShowPageTrace [ RunTime:0.010401s ]
INFO: [ app_end ] --END-- [ RunTime:0.010477s ]

[ 2017-11-13T17:00:42+08:00 ] 219.156.160.210 /
INFO: [ app_begin ] --START--
INFO: Run Behavior\ReadHtmlCache [ RunTime:0.001270s ]
INFO: [ app_begin ] --END-- [ RunTime:0.002177s ]
SQL: SHOW COLUMNS FROM `yc_link` [ RunTime:0.002085s ]
SQL: SELECT * FROM `yc_link`  [ RunTime:0.000804s ]
SQL: SHOW COLUMNS FROM `yc_article_type` [ RunTime:0.001841s ]
SQL: SELECT * FROM `yc_article_type`  [ RunTime:0.000872s ]
SQL: SHOW COLUMNS FROM `yc_article_label` [ RunTime:0.001370s ]
SQL: SELECT * FROM `yc_article_label`  [ RunTime:0.000793s ]
SQL: SHOW COLUMNS FROM `yc_article_view` [ RunTime:0.002104s ]
SQL: SELECT COUNT(*) AS tp_count FROM `yc_article_view` WHERE ( `is_show` = 1 ) LIMIT 1   [ RunTime:0.000820s ]
SQL: SELECT * FROM `yc_article_view` WHERE ( `is_show` = 1 ) ORDER BY add_time desc LIMIT 0,10   [ RunTime:0.003196s ]
SQL: SHOW COLUMNS FROM `yc_al_relation` [ RunTime:0.001703s ]
SQL: SELECT * FROM yc_al_relation a INNER JOIN yc_article_label as b on a.lid = b.lid  WHERE ( `aid` = '48' )  [ RunTime:0.001047s ]
NOTIC: [8] Undefined variable: tname /www/users/HA436620/WEB/Application/Common/Model/ArticleViewModel.class.php 第 63 行.
NOTIC: [8] Undefined variable: lname /www/users/HA436620/WEB/Application/Common/Model/ArticleViewModel.class.php 第 64 行.
INFO: [ view_parse ] --START--
INFO: [ template_filter ] --START--
INFO: Run Behavior\ContentReplace [ RunTime:0.000749s ]
INFO: [ template_filter ] --END-- [ RunTime:0.000838s ]
NOTIC: [8] Undefined variable: article /www/users/HA436620/WEB/Runtime/Cache/Home/08d30c77e78bd0ac29232fbc421b5dcd.php 第 5 行.
NOTIC: [8] Undefined variable: knowledge /www/users/HA436620/WEB/Runtime/Cache/Home/08d30c77e78bd0ac29232fbc421b5dcd.php 第 5 行.
NOTIC: [8] Undefined index: ycblogyangchaouserinfo /www/users/HA436620/WEB/Runtime/Cache/Home/08d30c77e78bd0ac29232fbc421b5dcd.php 第 54 行.
NOTIC: [8] Undefined index: ycblog1224userinfo /www/users/HA436620/WEB/Runtime/Cache/Home/08d30c77e78bd0ac29232fbc421b5dcd.php 第 190 行.
NOTIC: [8] Use of undefined constant logo_id - assumed 'logo_id' /www/users/HA436620/WEB/Runtime/Cache/Home/08d30c77e78bd0ac29232fbc421b5dcd.php 第 223 行.
NOTIC: [8] Array to string conversion /www/users/HA436620/WEB/Runtime/Cache/Home/08d30c77e78bd0ac29232fbc421b5dcd.php 第 223 行.
SQL: SHOW COLUMNS FROM `yc_article_logo` [ RunTime:0.001946s ]
SQL: SELECT * FROM `yc_article_logo` WHERE ( logo_id = 11 ) LIMIT 1   [ RunTime:0.000711s ]
NOTIC: [8] Use of undefined constant logo_id - assumed 'logo_id' /www/users/HA436620/WEB/Runtime/Cache/Home/08d30c77e78bd0ac29232fbc421b5dcd.php 第 223 行.
NOTIC: [8] Array to string conversion /www/users/HA436620/WEB/Runtime/Cache/Home/08d30c77e78bd0ac29232fbc421b5dcd.php 第 223 行.
SQL: SELECT * FROM `yc_article_logo` WHERE ( logo_id = 11 ) LIMIT 1   [ RunTime:0.000815s ]
NOTIC: [8] Undefined index: ycblogyangchaouserinfo /www/users/HA436620/WEB/Runtime/Cache/Home/08d30c77e78bd0ac29232fbc421b5dcd.php 第 233 行.
INFO: Run Behavior\ParseTemplate [ RunTime:0.052872s ]
INFO: [ view_parse ] --END-- [ RunTime:0.052989s ]
INFO: [ view_filter ] --START--
INFO: Run Behavior\WriteHtmlCache [ RunTime:0.000573s ]
INFO: [ view_filter ] --END-- [ RunTime:0.000645s ]
INFO: [ app_end ] --START--
INFO: Run Behavior\ShowPageTrace [ RunTime:0.001500s ]
INFO: [ app_end ] --END-- [ RunTime:0.001576s ]

[ 2017-11-13T17:00:46+08:00 ] 219.156.160.210 /admin
INFO: [ app_begin ] --START--
INFO: Run Behavior\ReadHtmlCache [ RunTime:0.001408s ]
INFO: [ app_begin ] --END-- [ RunTime:0.002357s ]
NOTIC: [8] Undefined index: ycblogyangchaohangadminname /www/users/HA436620/WEB/Application/Common/Controller/AdminBaseController.class.php 第 14 行.
NOTIC: [8] Undefined index: ycblogyangchaohangadminpwd /www/users/HA436620/WEB/Application/Common/Controller/AdminBaseController.class.php 第 15 行.

[ 2017-11-13T17:00:46+08:00 ] 219.156.160.210 /index.php/Admin/Login/index.html
INFO: [ app_begin ] --START--
INFO: Run Behavior\ReadHtmlCache [ RunTime:0.001301s ]
INFO: [ app_begin ] --END-- [ RunTime:0.002192s ]
INFO: [ view_parse ] --START--
INFO: [ template_filter ] --START--
INFO: Run Behavior\ContentReplace [ RunTime:0.000121s ]
INFO: [ template_filter ] --END-- [ RunTime:0.000225s ]
NOTIC: [8] Undefined index: name /www/users/HA436620/WEB/Runtime/Cache/Admin/2e3d368ee8be4d087dfaba7b5436b61c.php 第 32 行.
NOTIC: [8] Undefined index: password /www/users/HA436620/WEB/Runtime/Cache/Admin/2e3d368ee8be4d087dfaba7b5436b61c.php 第 39 行.
INFO: Run Behavior\ParseTemplate [ RunTime:0.027417s ]
INFO: [ view_parse ] --END-- [ RunTime:0.027491s ]
INFO: [ view_filter ] --START--
INFO: Run Behavior\WriteHtmlCache [ RunTime:0.000536s ]
INFO: [ view_filter ] --END-- [ RunTime:0.000604s ]
INFO: [ app_end ] --START--
INFO: Run Behavior\ShowPageTrace [ RunTime:0.001512s ]
INFO: [ app_end ] --END-- [ RunTime:0.001613s ]

[ 2017-11-13T17:00:46+08:00 ] 219.156.160.210 /index.php/Admin/Login/lib/jquery/1.9.1/jquery.min.js
INFO: [ app_begin ] --START--
INFO: Run Behavior\ReadHtmlCache [ RunTime:0.001280s ]
INFO: [ app_begin ] --END-- [ RunTime:0.002185s ]
ERR: 非法操作:lib

[ 2017-11-13T17:00:46+08:00 ] 219.156.160.210 /index.php/Admin/Login/static/h-ui/js/H-ui.min.js
INFO: [ app_begin ] --START--
INFO: Run Behavior\ReadHtmlCache [ RunTime:0.001349s ]
INFO: [ app_begin ] --END-- [ RunTime:0.002257s ]
ERR: 非法操作:static

[ 2017-11-13T17:00:47+08:00 ] 219.156.160.210 /index.php/Admin/Login/static/h-ui/js/H-ui.min.js
INFO: [ app_begin ] --START--
INFO: Run Behavior\ReadHtmlCache [ RunTime:0.001325s ]
INFO: [ app_begin ] --END-- [ RunTime:0.002342s ]
ERR: 非法操作:static

[ 2017-11-13T17:00:57+08:00 ] 219.156.160.210 /index.php/Admin/Login/index
INFO: [ app_begin ] --START--
INFO: Run Behavior\ReadHtmlCache [ RunTime:0.001330s ]
INFO: [ app_begin ] --END-- [ RunTime:0.002295s ]
SQL: SHOW COLUMNS FROM `yc_admin` [ RunTime:0.001707s ]
SQL: SELECT * FROM `yc_admin` WHERE ( `name` = '18238128676' ) LIMIT 1   [ RunTime:0.000781s ]
INFO: [ view_parse ] --START--
INFO: [ template_filter ] --START--
INFO: Run Behavior\ContentReplace [ RunTime:0.000075s ]
INFO: [ template_filter ] --END-- [ RunTime:0.000163s ]
INFO: Run Behavior\ParseTemplate [ RunTime:0.025625s ]
INFO: [ view_parse ] --END-- [ RunTime:0.025701s ]
INFO: [ view_filter ] --START--
INFO: Run Behavior\WriteHtmlCache [ RunTime:0.000499s ]
INFO: [ view_filter ] --END-- [ RunTime:0.000567s ]
INFO: [ app_end ] --START--
INFO: Run Behavior\ShowPageTrace [ RunTime:0.001477s ]
INFO: [ app_end ] --END-- [ RunTime:0.001551s ]

[ 2017-11-13T17:00:58+08:00 ] 219.156.160.210 /index.php/Admin/Index/index.html
INFO: [ app_begin ] --START--
INFO: Run Behavior\ReadHtmlCache [ RunTime:0.001315s ]
INFO: [ app_begin ] --END-- [ RunTime:0.002350s ]
SQL: SHOW COLUMNS FROM `yc_admin` [ RunTime:0.001785s ]
SQL: SELECT * FROM `yc_admin` WHERE ( `name` = '18238128676' ) AND ( `password` = '6122037d135497fed26b76731a67633a8a7dd33a' ) LIMIT 1   [ RunTime:0.000794s ]
INFO: [ view_parse ] --START--
INFO: [ template_filter ] --START--
INFO: Run Behavior\ContentReplace [ RunTime:0.000294s ]
INFO: [ template_filter ] --END-- [ RunTime:0.000385s ]
INFO: Run Behavior\ParseTemplate [ RunTime:0.083065s ]
INFO: [ view_parse ] --END-- [ RunTime:0.083159s ]
INFO: [ view_filter ] --START--
INFO: Run Behavior\WriteHtmlCache [ RunTime:0.000502s ]
INFO: [ view_filter ] --END-- [ RunTime:0.000572s ]
INFO: [ app_end ] --START--
INFO: Run Behavior\ShowPageTrace [ RunTime:0.001453s ]
INFO: [ app_end ] --END-- [ RunTime:0.001528s ]

[ 2017-11-13T17:00:58+08:00 ] 219.156.160.210 /index.php/Admin/Index/welcome
INFO: [ app_begin ] --START--
INFO: Run Behavior\ReadHtmlCache [ RunTime:0.001492s ]
INFO: [ app_begin ] --END-- [ RunTime:0.002443s ]
SQL: SHOW COLUMNS FROM `yc_admin` [ RunTime:0.001398s ]
SQL: SELECT * FROM `yc_admin` WHERE ( `name` = '18238128676' ) AND ( `password` = '6122037d135497fed26b76731a67633a8a7dd33a' ) LIMIT 1   [ RunTime:0.000780s ]
INFO: [ view_parse ] --START--
INFO: [ template_filter ] --START--
INFO: Run Behavior\ContentReplace [ RunTime:0.000183s ]
INFO: [ template_filter ] --END-- [ RunTime:0.000272s ]
INFO: Run Behavior\ParseTemplate [ RunTime:0.018582s ]
INFO: [ view_parse ] --END-- [ RunTime:0.018695s ]
INFO: [ view_filter ] --START--
INFO: Run Behavior\WriteHtmlCache [ RunTime:0.000507s ]
INFO: [ view_filter ] --END-- [ RunTime:0.000577s ]
INFO: [ app_end ] --START--
INFO: Run Behavior\ShowPageTrace [ RunTime:0.001504s ]
INFO: [ app_end ] --END-- [ RunTime:0.001578s ]

[ 2017-11-13T17:00:58+08:00 ] 219.156.160.210 /index.php/Admin/Index/lib/jquery.contextmenu/jquery.contextmenu.r2.js
INFO: [ app_begin ] --START--
INFO: Run Behavior\ReadHtmlCache [ RunTime:0.001256s ]
INFO: [ app_begin ] --END-- [ RunTime:0.002155s ]
SQL: SHOW COLUMNS FROM `yc_admin` [ RunTime:0.034917s ]
SQL: SELECT * FROM `yc_admin` WHERE ( `name` = '18238128676' ) AND ( `password` = '6122037d135497fed26b76731a67633a8a7dd33a' ) LIMIT 1   [ RunTime:0.001420s ]
ERR: 非法操作:lib

[ 2017-11-13T17:00:59+08:00 ] 219.156.160.210 /index.php/Admin/Index/static/h-ui/js/H-ui.min.js
INFO: [ app_begin ] --START--
INFO: Run Behavior\ReadHtmlCache [ RunTime:0.001293s ]
INFO: [ app_begin ] --END-- [ RunTime:0.002200s ]
SQL: SHOW COLUMNS FROM `yc_admin` [ RunTime:0.001214s ]
SQL: SELECT * FROM `yc_admin` WHERE ( `name` = '18238128676' ) AND ( `password` = '6122037d135497fed26b76731a67633a8a7dd33a' ) LIMIT 1   [ RunTime:0.000702s ]
ERR: 非法操作:static

[ 2017-11-13T17:00:59+08:00 ] 219.156.160.210 /index.php/Admin/Index/lib/jquery/1.9.1/jquery.min.js
INFO: [ app_begin ] --START--
INFO: Run Behavior\ReadHtmlCache [ RunTime:0.001371s ]
INFO: [ app_begin ] --END-- [ RunTime:0.002273s ]
SQL: SHOW COLUMNS FROM `yc_admin` [ RunTime:0.001709s ]
SQL: SELECT * FROM `yc_admin` WHERE ( `name` = '18238128676' ) AND ( `password` = '6122037d135497fed26b76731a67633a8a7dd33a' ) LIMIT 1   [ RunTime:0.000739s ]
ERR: 非法操作:lib

[ 2017-11-13T17:00:59+08:00 ] 219.156.160.210 /index.php/Admin/Index/static/h-ui/js/H-ui.min.js
INFO: [ app_begin ] --START--
INFO: Run Behavior\ReadHtmlCache [ RunTime:0.001303s ]
INFO: [ app_begin ] --END-- [ RunTime:0.002269s ]
SQL: SHOW COLUMNS FROM `yc_admin` [ RunTime:0.008051s ]
SQL: SELECT * FROM `yc_admin` WHERE ( `name` = '18238128676' ) AND ( `password` = '6122037d135497fed26b76731a67633a8a7dd33a' ) LIMIT 1   [ RunTime:0.000937s ]
ERR: 非法操作:static

[ 2017-11-13T17:01:00+08:00 ] 219.156.160.210 /index.php/Admin/Article/articleList.html
INFO: [ app_begin ] --START--
INFO: Run Behavior\ReadHtmlCache [ RunTime:0.001283s ]
INFO: [ app_begin ] --END-- [ RunTime:0.002188s ]
SQL: SHOW COLUMNS FROM `yc_admin` [ RunTime:0.001349s ]
SQL: SELECT * FROM `yc_admin` WHERE ( `name` = '18238128676' ) AND ( `password` = '6122037d135497fed26b76731a67633a8a7dd33a' ) LIMIT 1   [ RunTime:0.000700s ]
SQL: SHOW COLUMNS FROM `yc_article` [ RunTime:0.001540s ]
SQL: SHOW COLUMNS FROM `yc_knowledge` [ RunTime:0.001447s ]
SQL: SELECT * FROM `yc_article`  [ RunTime:0.002785s ]
SQL: SELECT COUNT(*) AS tp_count FROM `yc_article` LIMIT 1   [ RunTime:0.000886s ]
INFO: [ view_parse ] --START--
INFO: [ template_filter ] --START--
INFO: Run Behavior\ContentReplace [ RunTime:0.000337s ]
INFO: [ template_filter ] --END-- [ RunTime:0.000415s ]
NOTIC: [8] Use of undefined constant tid - assumed 'tid' /www/users/HA436620/WEB/Runtime/Cache/Admin/aaa278afd2d1c34bc9f121628c5ab76a.php 第 61 行.
NOTIC: [8] Array to string conversion /www/users/HA436620/WEB/Runtime/Cache/Admin/aaa278afd2d1c34bc9f121628c5ab76a.php 第 61 行.
SQL: SHOW COLUMNS FROM `yc_article_type` [ RunTime:0.001449s ]
SQL: SELECT `name` FROM `yc_article_type` WHERE ( tid=1 ) LIMIT 1   [ RunTime:0.000879s ]
INFO: Run Behavior\ParseTemplate [ RunTime:0.030867s ]
INFO: [ view_parse ] --END-- [ RunTime:0.030949s ]
INFO: [ view_filter ] --START--
INFO: Run Behavior\WriteHtmlCache [ RunTime:0.000504s ]
INFO: [ view_filter ] --END-- [ RunTime:0.000574s ]
INFO: [ app_end ] --START--
INFO: Run Behavior\ShowPageTrace [ RunTime:0.001895s ]
INFO: [ app_end ] --END-- [ RunTime:0.001989s ]

[ 2017-11-13T17:01:02+08:00 ] 219.156.160.210 /index.php/Admin/Article/knowledgeList
INFO: [ app_begin ] --START--
INFO: Run Behavior\ReadHtmlCache [ RunTime:0.001250s ]
INFO: [ app_begin ] --END-- [ RunTime:0.002148s ]
SQL: SHOW COLUMNS FROM `yc_admin` [ RunTime:0.010196s ]
SQL: SELECT * FROM `yc_admin` WHERE ( `name` = '18238128676' ) AND ( `password` = '6122037d135497fed26b76731a67633a8a7dd33a' ) LIMIT 1   [ RunTime:0.001534s ]
SQL: SHOW COLUMNS FROM `yc_article` [ RunTime:0.002353s ]
SQL: SHOW COLUMNS FROM `yc_knowledge` [ RunTime:0.001756s ]
NOTIC: [8] Undefined index: kid /www/users/HA436620/WEB/Application/Common/Model/KnowledgeModel.class.php 第 42 行.
NOTIC: [8] Undefined index: keywords /www/users/HA436620/WEB/Application/Common/Model/KnowledgeModel.class.php 第 43 行.
SQL: SELECT * FROM `yc_knowledge`  [ RunTime:0.001110s ]
SQL: SELECT COUNT(*) AS tp_count FROM `yc_knowledge` LIMIT 1   [ RunTime:0.000696s ]
INFO: [ view_parse ] --START--
INFO: [ template_filter ] --START--
INFO: Run Behavior\ContentReplace [ RunTime:0.000340s ]
INFO: [ template_filter ] --END-- [ RunTime:0.000425s ]
INFO: Run Behavior\ParseTemplate [ RunTime:0.027398s ]
INFO: [ view_parse ] --END-- [ RunTime:0.027486s ]
INFO: [ view_filter ] --START--
INFO: Run Behavior\WriteHtmlCache [ RunTime:0.000514s ]
INFO: [ view_filter ] --END-- [ RunTime:0.000584s ]
INFO: [ app_end ] --START--
INFO: Run Behavior\ShowPageTrace [ RunTime:0.001492s ]
INFO: [ app_end ] --END-- [ RunTime:0.001568s ]

[ 2017-11-13T17:01:03+08:00 ] 219.156.160.210 /index.php/Admin/Article/knowledgeAdd
INFO: [ app_begin ] --START--
INFO: Run Behavior\ReadHtmlCache [ RunTime:0.000784s ]
INFO: [ app_begin ] --END-- [ RunTime:0.001352s ]
SQL: SHOW COLUMNS FROM `yc_admin` [ RunTime:0.001266s ]
SQL: SELECT * FROM `yc_admin` WHERE ( `name` = '18238128676' ) AND ( `password` = '6122037d135497fed26b76731a67633a8a7dd33a' ) LIMIT 1   [ RunTime:0.000918s ]
SQL: SHOW COLUMNS FROM `yc_article` [ RunTime:0.001308s ]
SQL: SHOW COLUMNS FROM `yc_knowledge` [ RunTime:0.001249s ]
INFO: [ view_parse ] --START--
INFO: [ template_filter ] --START--
INFO: Run Behavior\ContentReplace [ RunTime:0.000156s ]
INFO: [ template_filter ] --END-- [ RunTime:0.000214s ]
INFO: Run Behavior\ParseTemplate [ RunTime:0.020659s ]
INFO: [ view_parse ] --END-- [ RunTime:0.020720s ]
INFO: [ view_filter ] --START--
INFO: Run Behavior\WriteHtmlCache [ RunTime:0.000312s ]
INFO: [ view_filter ] --END-- [ RunTime:0.000358s ]
INFO: [ app_end ] --START--
INFO: Run Behavior\ShowPageTrace [ RunTime:0.000904s ]
INFO: [ app_end ] --END-- [ RunTime:0.000954s ]

[ 2017-11-13T17:56:26+08:00 ] 219.156.160.210 /index.php/Admin/Article/knowledgeAdd
INFO: [ app_begin ] --START--
INFO: Run Behavior\ReadHtmlCache [ RunTime:0.001226s ]
INFO: [ app_begin ] --END-- [ RunTime:0.002201s ]
SQL: SHOW COLUMNS FROM `yc_admin` [ RunTime:0.001523s ]
SQL: SELECT * FROM `yc_admin` WHERE ( `name` = '18238128676' ) AND ( `password` = '6122037d135497fed26b76731a67633a8a7dd33a' ) LIMIT 1   [ RunTime:0.000694s ]
SQL: SHOW COLUMNS FROM `yc_article` [ RunTime:0.001537s ]
SQL: SHOW COLUMNS FROM `yc_knowledge` [ RunTime:0.001259s ]
SQL: INSERT INTO `yc_knowledge` (`title`,`author`,`description`,`content`) VALUES ('LuManager忘记root密码','Mr.Yang','停止mysql，跳过mysql登录修改LuManager 表user中的root密码。','<p>1、停止MySQL</p><pre class=\"brush:sql;toolbar:false\">mysql-stop</pre><p>2、跳过登录</p><pre class=\"brush:sql;toolbar:false\">/usr/local/mysql/bin/mysqld_safe&nbsp;--user=lu_mysql&nbsp;--datadir=/home/mysql_data&nbsp;--skip-grant-tables&nbsp;&</pre><p>3、进入mysql</p><pre class=\"brush:sql;toolbar:false\">/usr/local/mysql/bin/mysql</pre><p>4、打开mysql数据库</p><pre class=\"brush:sql;toolbar:false\">use&nbsp;mysql</pre><p>5、修改密码</p><pre class=\"brush:sql;toolbar:false\">update&nbsp;user&nbsp;set&nbsp;password=password(\"zijidelu\")&nbsp;where&nbsp;user=\"root\";</pre><p>6、刷新权限<br/></p><pre class=\"brush:sql;toolbar:false\">flush&nbsp;privileges;</pre><p>7、重启<br/></p><pre class=\"brush:sql;toolbar:false\">mysql-restart</pre><p><br/></p>') [ RunTime:0.000983s ]
INFO: [ app_end ] --START--
INFO: Run Behavior\ShowPageTrace [ RunTime:0.001375s ]
INFO: [ app_end ] --END-- [ RunTime:0.001448s ]

[ 2017-11-13T17:56:35+08:00 ] 219.156.160.210 /
INFO: [ app_begin ] --START--
INFO: Run Behavior\ReadHtmlCache [ RunTime:0.001267s ]
INFO: [ app_begin ] --END-- [ RunTime:0.002235s ]
SQL: SHOW COLUMNS FROM `yc_link` [ RunTime:0.056684s ]
SQL: SELECT * FROM `yc_link`  [ RunTime:0.000913s ]
SQL: SHOW COLUMNS FROM `yc_article_type` [ RunTime:0.002177s ]
SQL: SELECT * FROM `yc_article_type`  [ RunTime:0.000969s ]
SQL: SHOW COLUMNS FROM `yc_article_label` [ RunTime:0.001903s ]
SQL: SELECT * FROM `yc_article_label`  [ RunTime:0.001003s ]
SQL: SHOW COLUMNS FROM `yc_article_view` [ RunTime:0.002200s ]
SQL: SELECT COUNT(*) AS tp_count FROM `yc_article_view` WHERE ( `is_show` = 1 ) LIMIT 1   [ RunTime:0.001162s ]
SQL: SELECT * FROM `yc_article_view` WHERE ( `is_show` = 1 ) ORDER BY add_time desc LIMIT 0,10   [ RunTime:0.002922s ]
SQL: SHOW COLUMNS FROM `yc_al_relation` [ RunTime:0.001362s ]
SQL: SELECT * FROM yc_al_relation a INNER JOIN yc_article_label as b on a.lid = b.lid  WHERE ( `aid` = '48' )  [ RunTime:0.000781s ]
NOTIC: [8] Undefined variable: tname /www/users/HA436620/WEB/Application/Common/Model/ArticleViewModel.class.php 第 63 行.
NOTIC: [8] Undefined variable: lname /www/users/HA436620/WEB/Application/Common/Model/ArticleViewModel.class.php 第 64 行.
INFO: [ view_parse ] --START--
INFO: [ template_filter ] --START--
INFO: Run Behavior\ContentReplace [ RunTime:0.000653s ]
INFO: [ template_filter ] --END-- [ RunTime:0.000734s ]
NOTIC: [8] Undefined variable: article /www/users/HA436620/WEB/Runtime/Cache/Home/08d30c77e78bd0ac29232fbc421b5dcd.php 第 5 行.
NOTIC: [8] Undefined variable: knowledge /www/users/HA436620/WEB/Runtime/Cache/Home/08d30c77e78bd0ac29232fbc421b5dcd.php 第 5 行.
NOTIC: [8] Undefined index: ycblogyangchaouserinfo /www/users/HA436620/WEB/Runtime/Cache/Home/08d30c77e78bd0ac29232fbc421b5dcd.php 第 54 行.
NOTIC: [8] Undefined index: ycblog1224userinfo /www/users/HA436620/WEB/Runtime/Cache/Home/08d30c77e78bd0ac29232fbc421b5dcd.php 第 190 行.
NOTIC: [8] Use of undefined constant logo_id - assumed 'logo_id' /www/users/HA436620/WEB/Runtime/Cache/Home/08d30c77e78bd0ac29232fbc421b5dcd.php 第 223 行.
NOTIC: [8] Array to string conversion /www/users/HA436620/WEB/Runtime/Cache/Home/08d30c77e78bd0ac29232fbc421b5dcd.php 第 223 行.
SQL: SHOW COLUMNS FROM `yc_article_logo` [ RunTime:0.001731s ]
SQL: SELECT * FROM `yc_article_logo` WHERE ( logo_id = 11 ) LIMIT 1   [ RunTime:0.000815s ]
NOTIC: [8] Use of undefined constant logo_id - assumed 'logo_id' /www/users/HA436620/WEB/Runtime/Cache/Home/08d30c77e78bd0ac29232fbc421b5dcd.php 第 223 行.
NOTIC: [8] Array to string conversion /www/users/HA436620/WEB/Runtime/Cache/Home/08d30c77e78bd0ac29232fbc421b5dcd.php 第 223 行.
SQL: SELECT * FROM `yc_article_logo` WHERE ( logo_id = 11 ) LIMIT 1   [ RunTime:0.000880s ]
NOTIC: [8] Undefined index: ycblogyangchaouserinfo /www/users/HA436620/WEB/Runtime/Cache/Home/08d30c77e78bd0ac29232fbc421b5dcd.php 第 233 行.
INFO: Run Behavior\ParseTemplate [ RunTime:0.042989s ]
INFO: [ view_parse ] --END-- [ RunTime:0.043069s ]
INFO: [ view_filter ] --START--
INFO: Run Behavior\WriteHtmlCache [ RunTime:0.000508s ]
INFO: [ view_filter ] --END-- [ RunTime:0.000578s ]
INFO: [ app_end ] --START--
INFO: Run Behavior\ShowPageTrace [ RunTime:0.001394s ]
INFO: [ app_end ] --END-- [ RunTime:0.001473s ]

[ 2017-11-13T17:56:56+08:00 ] 113.108.21.80 /
INFO: [ app_begin ] --START--
INFO: Run Behavior\ReadHtmlCache [ RunTime:0.001233s ]
INFO: [ app_begin ] --END-- [ RunTime:0.002123s ]
SQL: SHOW COLUMNS FROM `yc_link` [ RunTime:0.001835s ]
SQL: SELECT * FROM `yc_link`  [ RunTime:0.000729s ]
SQL: SHOW COLUMNS FROM `yc_article_type` [ RunTime:0.001823s ]
SQL: SELECT * FROM `yc_article_type`  [ RunTime:0.000770s ]
SQL: SHOW COLUMNS FROM `yc_article_label` [ RunTime:0.001655s ]
SQL: SELECT * FROM `yc_article_label`  [ RunTime:0.001019s ]
SQL: SHOW COLUMNS FROM `yc_article_view` [ RunTime:0.003059s ]
SQL: SELECT COUNT(*) AS tp_count FROM `yc_article_view` WHERE ( `is_show` = 1 ) LIMIT 1   [ RunTime:0.001314s ]
SQL: SELECT * FROM `yc_article_view` WHERE ( `is_show` = 1 ) ORDER BY add_time desc LIMIT 0,10   [ RunTime:0.003009s ]
SQL: SHOW COLUMNS FROM `yc_al_relation` [ RunTime:0.029294s ]
SQL: SELECT * FROM yc_al_relation a INNER JOIN yc_article_label as b on a.lid = b.lid  WHERE ( `aid` = '48' )  [ RunTime:0.000875s ]
NOTIC: [8] Undefined variable: tname /www/users/HA436620/WEB/Application/Common/Model/ArticleViewModel.class.php 第 63 行.
NOTIC: [8] Undefined variable: lname /www/users/HA436620/WEB/Application/Common/Model/ArticleViewModel.class.php 第 64 行.
INFO: [ view_parse ] --START--
INFO: [ template_filter ] --START--
INFO: Run Behavior\ContentReplace [ RunTime:0.000602s ]
INFO: [ template_filter ] --END-- [ RunTime:0.000682s ]
NOTIC: [8] Undefined variable: article /www/users/HA436620/WEB/Runtime/Cache/Home/08d30c77e78bd0ac29232fbc421b5dcd.php 第 5 行.
NOTIC: [8] Undefined variable: knowledge /www/users/HA436620/WEB/Runtime/Cache/Home/08d30c77e78bd0ac29232fbc421b5dcd.php 第 5 行.
NOTIC: [8] Undefined index: ycblogyangchaouserinfo /www/users/HA436620/WEB/Runtime/Cache/Home/08d30c77e78bd0ac29232fbc421b5dcd.php 第 54 行.
NOTIC: [8] Undefined index: ycblog1224userinfo /www/users/HA436620/WEB/Runtime/Cache/Home/08d30c77e78bd0ac29232fbc421b5dcd.php 第 190 行.
NOTIC: [8] Use of undefined constant logo_id - assumed 'logo_id' /www/users/HA436620/WEB/Runtime/Cache/Home/08d30c77e78bd0ac29232fbc421b5dcd.php 第 223 行.
NOTIC: [8] Array to string conversion /www/users/HA436620/WEB/Runtime/Cache/Home/08d30c77e78bd0ac29232fbc421b5dcd.php 第 223 行.
SQL: SHOW COLUMNS FROM `yc_article_logo` [ RunTime:0.001985s ]
SQL: SELECT * FROM `yc_article_logo` WHERE ( logo_id = 11 ) LIMIT 1   [ RunTime:0.000769s ]
NOTIC: [8] Use of undefined constant logo_id - assumed 'logo_id' /www/users/HA436620/WEB/Runtime/Cache/Home/08d30c77e78bd0ac29232fbc421b5dcd.php 第 223 行.
NOTIC: [8] Array to string conversion /www/users/HA436620/WEB/Runtime/Cache/Home/08d30c77e78bd0ac29232fbc421b5dcd.php 第 223 行.
SQL: SELECT * FROM `yc_article_logo` WHERE ( logo_id = 11 ) LIMIT 1   [ RunTime:0.000945s ]
NOTIC: [8] Undefined index: ycblogyangchaouserinfo /www/users/HA436620/WEB/Runtime/Cache/Home/08d30c77e78bd0ac29232fbc421b5dcd.php 第 233 行.
INFO: Run Behavior\ParseTemplate [ RunTime:0.040715s ]
INFO: [ view_parse ] --END-- [ RunTime:0.040795s ]
INFO: [ view_filter ] --START--
INFO: Run Behavior\WriteHtmlCache [ RunTime:0.000464s ]
INFO: [ view_filter ] --END-- [ RunTime:0.000532s ]
INFO: [ app_end ] --START--
INFO: Run Behavior\ShowPageTrace [ RunTime:0.001362s ]
INFO: [ app_end ] --END-- [ RunTime:0.001437s ]

[ 2017-11-13T17:57:06+08:00 ] 120.204.17.46 /
INFO: [ app_begin ] --START--
INFO: Run Behavior\ReadHtmlCache [ RunTime:0.001228s ]
INFO: [ app_begin ] --END-- [ RunTime:0.002112s ]
SQL: SHOW COLUMNS FROM `yc_link` [ RunTime:0.004081s ]
SQL: SELECT * FROM `yc_link`  [ RunTime:0.001234s ]
SQL: SHOW COLUMNS FROM `yc_article_type` [ RunTime:0.015445s ]
SQL: SELECT * FROM `yc_article_type`  [ RunTime:0.008516s ]
SQL: SHOW COLUMNS FROM `yc_article_label` [ RunTime:0.007962s ]
SQL: SELECT * FROM `yc_article_label`  [ RunTime:0.000752s ]
SQL: SHOW COLUMNS FROM `yc_article_view` [ RunTime:0.002858s ]
SQL: SELECT COUNT(*) AS tp_count FROM `yc_article_view` WHERE ( `is_show` = 1 ) LIMIT 1   [ RunTime:0.001438s ]
SQL: SELECT * FROM `yc_article_view` WHERE ( `is_show` = 1 ) ORDER BY add_time desc LIMIT 0,10   [ RunTime:0.004129s ]
SQL: SHOW COLUMNS FROM `yc_al_relation` [ RunTime:0.002398s ]
SQL: SELECT * FROM yc_al_relation a INNER JOIN yc_article_label as b on a.lid = b.lid  WHERE ( `aid` = '48' )  [ RunTime:0.000796s ]
NOTIC: [8] Undefined variable: tname /www/users/HA436620/WEB/Application/Common/Model/ArticleViewModel.class.php 第 63 行.
NOTIC: [8] Undefined variable: lname /www/users/HA436620/WEB/Application/Common/Model/ArticleViewModel.class.php 第 64 行.
INFO: [ view_parse ] --START--
INFO: [ template_filter ] --START--
INFO: Run Behavior\ContentReplace [ RunTime:0.000616s ]
INFO: [ template_filter ] --END-- [ RunTime:0.000703s ]
NOTIC: [8] Undefined variable: article /www/users/HA436620/WEB/Runtime/Cache/Home/08d30c77e78bd0ac29232fbc421b5dcd.php 第 5 行.
NOTIC: [8] Undefined variable: knowledge /www/users/HA436620/WEB/Runtime/Cache/Home/08d30c77e78bd0ac29232fbc421b5dcd.php 第 5 行.
NOTIC: [8] Undefined index: ycblogyangchaouserinfo /www/users/HA436620/WEB/Runtime/Cache/Home/08d30c77e78bd0ac29232fbc421b5dcd.php 第 54 行.
NOTIC: [8] Undefined index: ycblog1224userinfo /www/users/HA436620/WEB/Runtime/Cache/Home/08d30c77e78bd0ac29232fbc421b5dcd.php 第 190 行.
NOTIC: [8] Use of undefined constant logo_id - assumed 'logo_id' /www/users/HA436620/WEB/Runtime/Cache/Home/08d30c77e78bd0ac29232fbc421b5dcd.php 第 223 行.
NOTIC: [8] Array to string conversion /www/users/HA436620/WEB/Runtime/Cache/Home/08d30c77e78bd0ac29232fbc421b5dcd.php 第 223 行.
SQL: SHOW COLUMNS FROM `yc_article_logo` [ RunTime:0.001614s ]
SQL: SELECT * FROM `yc_article_logo` WHERE ( logo_id = 11 ) LIMIT 1   [ RunTime:0.000696s ]
NOTIC: [8] Use of undefined constant logo_id - assumed 'logo_id' /www/users/HA436620/WEB/Runtime/Cache/Home/08d30c77e78bd0ac29232fbc421b5dcd.php 第 223 行.
NOTIC: [8] Array to string conversion /www/users/HA436620/WEB/Runtime/Cache/Home/08d30c77e78bd0ac29232fbc421b5dcd.php 第 223 行.
SQL: SELECT * FROM `yc_article_logo` WHERE ( logo_id = 11 ) LIMIT 1   [ RunTime:0.000684s ]
NOTIC: [8] Undefined index: ycblogyangchaouserinfo /www/users/HA436620/WEB/Runtime/Cache/Home/08d30c77e78bd0ac29232fbc421b5dcd.php 第 233 行.
INFO: Run Behavior\ParseTemplate [ RunTime:0.041906s ]
INFO: [ view_parse ] --END-- [ RunTime:0.041990s ]
INFO: [ view_filter ] --START--
INFO: Run Behavior\WriteHtmlCache [ RunTime:0.000509s ]
INFO: [ view_filter ] --END-- [ RunTime:0.000581s ]
INFO: [ app_end ] --START--
INFO: Run Behavior\ShowPageTrace [ RunTime:0.001435s ]
INFO: [ app_end ] --END-- [ RunTime:0.001512s ]

