[ 2017-11-30T01:28:10+08:00 ] 123.125.67.227 /index.php/robots.txt
INFO: [ app_begin ] --START--
INFO: Run Behavior\ReadHtmlCache [ RunTime:0.001228s ]
INFO: [ app_begin ] --END-- [ RunTime:0.002114s ]
ERR: 无法加载控制器:Robots.txt

[ 2017-11-30T08:55:26+08:00 ] 123.125.67.216 /
INFO: [ app_begin ] --START--
INFO: Run Behavior\ReadHtmlCache [ RunTime:0.001734s ]
INFO: [ app_begin ] --END-- [ RunTime:0.022810s ]
SQL: SHOW COLUMNS FROM `yc_link` [ RunTime:0.001567s ]
SQL: SELECT * FROM `yc_link`  [ RunTime:0.000857s ]
SQL: SHOW COLUMNS FROM `yc_article_type` [ RunTime:0.001059s ]
SQL: SELECT * FROM `yc_article_type`  [ RunTime:0.000701s ]
SQL: SHOW COLUMNS FROM `yc_article_label` [ RunTime:0.000957s ]
SQL: SELECT * FROM `yc_article_label`  [ RunTime:0.000628s ]
SQL: SHOW COLUMNS FROM `yc_article_view` [ RunTime:0.001819s ]
SQL: SELECT COUNT(*) AS tp_count FROM `yc_article_view` WHERE ( `is_show` = 1 ) LIMIT 1   [ RunTime:0.000991s ]
SQL: SELECT * FROM `yc_article_view` WHERE ( `is_show` = 1 ) ORDER BY add_time desc LIMIT 0,10   [ RunTime:0.002926s ]
SQL: SHOW COLUMNS FROM `yc_al_relation` [ RunTime:0.001106s ]
SQL: SELECT * FROM yc_al_relation a INNER JOIN yc_article_label as b on a.lid = b.lid  WHERE ( `aid` = '48' )  [ RunTime:0.001009s ]
SQL: SELECT * FROM yc_al_relation a INNER JOIN yc_article_label as b on a.lid = b.lid  WHERE ( `aid` = '50' )  [ RunTime:0.000743s ]
NOTIC: [8] Undefined variable: tname /www/users/HA436620/WEB/Application/Common/Model/ArticleViewModel.class.php 第 63 行.
NOTIC: [8] Undefined variable: lname /www/users/HA436620/WEB/Application/Common/Model/ArticleViewModel.class.php 第 64 行.
INFO: [ view_parse ] --START--
INFO: [ template_filter ] --START--
INFO: Run Behavior\ContentReplace [ RunTime:0.000583s ]
INFO: [ template_filter ] --END-- [ RunTime:0.000673s ]
NOTIC: [8] Undefined variable: article /www/users/HA436620/WEB/Runtime/Cache/Home/08d30c77e78bd0ac29232fbc421b5dcd.php 第 5 行.
NOTIC: [8] Undefined variable: knowledge /www/users/HA436620/WEB/Runtime/Cache/Home/08d30c77e78bd0ac29232fbc421b5dcd.php 第 5 行.
NOTIC: [8] Undefined index: ycblogyangchaouserinfo /www/users/HA436620/WEB/Runtime/Cache/Home/08d30c77e78bd0ac29232fbc421b5dcd.php 第 53 行.
NOTIC: [8] Use of undefined constant qq - assumed 'qq' /www/users/HA436620/WEB/Runtime/Cache/Home/08d30c77e78bd0ac29232fbc421b5dcd.php 第 61 行.
NOTIC: [8] Undefined index: ycblog1224userinfo /www/users/HA436620/WEB/Runtime/Cache/Home/08d30c77e78bd0ac29232fbc421b5dcd.php 第 189 行.
NOTIC: [8] Use of undefined constant logo_id - assumed 'logo_id' /www/users/HA436620/WEB/Runtime/Cache/Home/08d30c77e78bd0ac29232fbc421b5dcd.php 第 222 行.
NOTIC: [8] Array to string conversion /www/users/HA436620/WEB/Runtime/Cache/Home/08d30c77e78bd0ac29232fbc421b5dcd.php 第 222 行.
SQL: SHOW COLUMNS FROM `yc_article_logo` [ RunTime:0.001425s ]
SQL: SELECT * FROM `yc_article_logo` WHERE ( logo_id = 11 ) LIMIT 1   [ RunTime:0.000733s ]
NOTIC: [8] Use of undefined constant logo_id - assumed 'logo_id' /www/users/HA436620/WEB/Runtime/Cache/Home/08d30c77e78bd0ac29232fbc421b5dcd.php 第 222 行.
NOTIC: [8] Array to string conversion /www/users/HA436620/WEB/Runtime/Cache/Home/08d30c77e78bd0ac29232fbc421b5dcd.php 第 222 行.
SQL: SELECT * FROM `yc_article_logo` WHERE ( logo_id = 11 ) LIMIT 1   [ RunTime:0.000651s ]
NOTIC: [8] Use of undefined constant logo_id - assumed 'logo_id' /www/users/HA436620/WEB/Runtime/Cache/Home/08d30c77e78bd0ac29232fbc421b5dcd.php 第 222 行.
NOTIC: [8] Array to string conversion /www/users/HA436620/WEB/Runtime/Cache/Home/08d30c77e78bd0ac29232fbc421b5dcd.php 第 222 行.
SQL: SELECT * FROM `yc_article_logo` WHERE ( logo_id = 11 ) LIMIT 1   [ RunTime:0.000662s ]
NOTIC: [8] Undefined index: ycblogyangchaouserinfo /www/users/HA436620/WEB/Runtime/Cache/Home/08d30c77e78bd0ac29232fbc421b5dcd.php 第 232 行.
INFO: Run Behavior\ParseTemplate [ RunTime:0.112796s ]
INFO: [ view_parse ] --END-- [ RunTime:0.112887s ]
INFO: [ view_filter ] --START--
INFO: Run Behavior\WriteHtmlCache [ RunTime:0.015386s ]
INFO: [ view_filter ] --END-- [ RunTime:0.015465s ]
INFO: [ app_end ] --START--
INFO: Run Behavior\ShowPageTrace [ RunTime:0.008776s ]
INFO: [ app_end ] --END-- [ RunTime:0.008852s ]

[ 2017-11-30T17:05:36+08:00 ] 220.181.108.105 /index.php/Home/Index/category/tid/
INFO: [ app_begin ] --START--
INFO: Run Behavior\ReadHtmlCache [ RunTime:0.001295s ]
INFO: [ app_begin ] --END-- [ RunTime:0.002272s ]
SQL: SHOW COLUMNS FROM `yc_link` [ RunTime:0.001616s ]
SQL: SELECT * FROM `yc_link`  [ RunTime:0.000781s ]
SQL: SHOW COLUMNS FROM `yc_article_type` [ RunTime:0.001810s ]
SQL: SELECT * FROM `yc_article_type`  [ RunTime:0.000936s ]
SQL: SHOW COLUMNS FROM `yc_article_label` [ RunTime:0.001841s ]
SQL: SELECT * FROM `yc_article_label`  [ RunTime:0.002109s ]
SQL: SHOW COLUMNS FROM `yc_article_view` [ RunTime:0.002611s ]
SQL: SHOW COLUMNS FROM `yc_type_logo_view` [ RunTime:0.001719s ]
SQL: SELECT `css_name`,`name` FROM `yc_type_logo_view` WHERE ( tid= ) LIMIT 1   [ RunTime:0.000737s ]
ERR: 1064:You have an error in your SQL syntax; check the manual that corresponds to your MySQL server version for the right syntax to use near ') LIMIT 1' at line 1
 [ SQL语句 ] : SELECT `css_name`,`name` FROM `yc_type_logo_view` WHERE ( tid= ) LIMIT 1  
SQL: SELECT COUNT(*) AS tp_count FROM `yc_article_view` WHERE ( `tid` = 0 ) AND ( `is_show` = 1 ) LIMIT 1   [ RunTime:0.001366s ]
SQL: SELECT * FROM `yc_article_view` WHERE ( `tid` = 0 ) AND ( `is_show` = 1 ) ORDER BY add_time desc LIMIT 0,10   [ RunTime:0.001509s ]
NOTIC: [2] Invalid argument supplied for foreach() /www/users/HA436620/WEB/Application/Common/Model/ArticleViewModel.class.php 第 41 行.
NOTIC: [8] Undefined variable: lname /www/users/HA436620/WEB/Application/Common/Model/ArticleViewModel.class.php 第 64 行.
INFO: [ view_parse ] --START--
INFO: [ template_filter ] --START--
INFO: Run Behavior\ContentReplace [ RunTime:0.000069s ]
INFO: [ template_filter ] --END-- [ RunTime:0.000149s ]
INFO: Run Behavior\ParseTemplate [ RunTime:0.018503s ]
INFO: [ view_parse ] --END-- [ RunTime:0.018590s ]
INFO: [ view_filter ] --START--
INFO: Run Behavior\WriteHtmlCache [ RunTime:0.000565s ]
INFO: [ view_filter ] --END-- [ RunTime:0.000636s ]

