[ 2017-10-31T09:25:33+08:00 ] 127.0.0.1 /
INFO: [ app_begin ] --START--
INFO: Run Behavior\ReadHtmlCache [ RunTime:0.001000s ]
INFO: [ app_begin ] --END-- [ RunTime:0.002000s ]
SQL: SHOW COLUMNS FROM `yc_link` [ RunTime:0.005000s ]
SQL: SELECT * FROM `yc_link`  [ RunTime:0.001000s ]
SQL: SHOW COLUMNS FROM `yc_article_type` [ RunTime:0.004000s ]
SQL: SELECT * FROM `yc_article_type`  [ RunTime:0.001000s ]
SQL: SHOW COLUMNS FROM `yc_article_label` [ RunTime:0.004000s ]
SQL: SELECT * FROM `yc_article_label`  [ RunTime:0.000000s ]
SQL: SHOW COLUMNS FROM `yc_article_view` [ RunTime:0.007000s ]
SQL: SELECT COUNT(*) AS tp_count FROM `yc_article_view` WHERE ( `is_show` = 1 ) LIMIT 1   [ RunTime:0.001000s ]
SQL: SELECT * FROM `yc_article_view` WHERE ( `is_show` = 1 ) ORDER BY add_time desc LIMIT 0,10   [ RunTime:0.002000s ]
SQL: SHOW COLUMNS FROM `yc_al_relation` [ RunTime:0.005000s ]
SQL: SELECT * FROM yc_al_relation a INNER JOIN yc_article_label as b on a.lid = b.lid  WHERE ( `aid` = '48' )  [ RunTime:0.001000s ]
NOTIC: [8] Undefined variable: tname G:\WWW\ycblog\Application\Common\Model\ArticleViewModel.class.php 第 63 行.
NOTIC: [8] Undefined variable: lname G:\WWW\ycblog\Application\Common\Model\ArticleViewModel.class.php 第 64 行.
INFO: [ view_parse ] --START--
INFO: [ template_filter ] --START--
INFO: Run Behavior\ContentReplace [ RunTime:0.000000s ]
INFO: [ template_filter ] --END-- [ RunTime:0.000000s ]
NOTIC: [8] Undefined variable: article G:\WWW\ycblog\Runtime\Cache\Home\08d30c77e78bd0ac29232fbc421b5dcd.php 第 5 行.
NOTIC: [8] Undefined index: ycblogyangchaouserinfo G:\WWW\ycblog\Runtime\Cache\Home\08d30c77e78bd0ac29232fbc421b5dcd.php 第 55 行.
NOTIC: [8] Undefined index: ycblog1224userinfo G:\WWW\ycblog\Runtime\Cache\Home\08d30c77e78bd0ac29232fbc421b5dcd.php 第 171 行.
NOTIC: [8] Use of undefined constant logo_id - assumed 'logo_id' G:\WWW\ycblog\Runtime\Cache\Home\08d30c77e78bd0ac29232fbc421b5dcd.php 第 204 行.
NOTIC: [8] Array to string conversion G:\WWW\ycblog\Runtime\Cache\Home\08d30c77e78bd0ac29232fbc421b5dcd.php 第 204 行.
SQL: SHOW COLUMNS FROM `yc_article_logo` [ RunTime:0.006000s ]
SQL: SELECT * FROM `yc_article_logo` WHERE ( logo_id = 11 ) LIMIT 1   [ RunTime:0.000000s ]
NOTIC: [8] Use of undefined constant logo_id - assumed 'logo_id' G:\WWW\ycblog\Runtime\Cache\Home\08d30c77e78bd0ac29232fbc421b5dcd.php 第 204 行.
NOTIC: [8] Array to string conversion G:\WWW\ycblog\Runtime\Cache\Home\08d30c77e78bd0ac29232fbc421b5dcd.php 第 204 行.
SQL: SELECT * FROM `yc_article_logo` WHERE ( logo_id = 11 ) LIMIT 1   [ RunTime:0.001000s ]
NOTIC: [8] Undefined index: ycblogyangchaouserinfo G:\WWW\ycblog\Runtime\Cache\Home\08d30c77e78bd0ac29232fbc421b5dcd.php 第 208 行.
INFO: Run Behavior\ParseTemplate [ RunTime:0.107000s ]
INFO: [ view_parse ] --END-- [ RunTime:0.107000s ]
INFO: [ view_filter ] --START--
INFO: Run Behavior\WriteHtmlCache [ RunTime:0.001000s ]
INFO: [ view_filter ] --END-- [ RunTime:0.001000s ]
INFO: [ app_end ] --START--
INFO: Run Behavior\ShowPageTrace [ RunTime:0.001000s ]
INFO: [ app_end ] --END-- [ RunTime:0.001000s ]

[ 2017-10-31T09:25:35+08:00 ] 127.0.0.1 /
INFO: [ app_begin ] --START--
INFO: Run Behavior\ReadHtmlCache [ RunTime:0.001000s ]
INFO: [ app_begin ] --END-- [ RunTime:0.002000s ]
SQL: SHOW COLUMNS FROM `yc_link` [ RunTime:0.003000s ]
SQL: SELECT * FROM `yc_link`  [ RunTime:0.000000s ]
SQL: SHOW COLUMNS FROM `yc_article_type` [ RunTime:0.002000s ]
SQL: SELECT * FROM `yc_article_type`  [ RunTime:0.001000s ]
SQL: SHOW COLUMNS FROM `yc_article_label` [ RunTime:0.002000s ]
SQL: SELECT * FROM `yc_article_label`  [ RunTime:0.000000s ]
SQL: SHOW COLUMNS FROM `yc_article_view` [ RunTime:0.005000s ]
SQL: SELECT COUNT(*) AS tp_count FROM `yc_article_view` WHERE ( `is_show` = 1 ) LIMIT 1   [ RunTime:0.001000s ]
SQL: SELECT * FROM `yc_article_view` WHERE ( `is_show` = 1 ) ORDER BY add_time desc LIMIT 0,10   [ RunTime:0.002000s ]
SQL: SHOW COLUMNS FROM `yc_al_relation` [ RunTime:0.004000s ]
SQL: SELECT * FROM yc_al_relation a INNER JOIN yc_article_label as b on a.lid = b.lid  WHERE ( `aid` = '48' )  [ RunTime:0.000000s ]
NOTIC: [8] Undefined variable: tname G:\WWW\ycblog\Application\Common\Model\ArticleViewModel.class.php 第 63 行.
NOTIC: [8] Undefined variable: lname G:\WWW\ycblog\Application\Common\Model\ArticleViewModel.class.php 第 64 行.
INFO: [ view_parse ] --START--
INFO: [ template_filter ] --START--
INFO: Run Behavior\ContentReplace [ RunTime:0.000000s ]
INFO: [ template_filter ] --END-- [ RunTime:0.000000s ]
NOTIC: [8] Undefined variable: article G:\WWW\ycblog\Runtime\Cache\Home\08d30c77e78bd0ac29232fbc421b5dcd.php 第 5 行.
NOTIC: [8] Undefined index: ycblogyangchaouserinfo G:\WWW\ycblog\Runtime\Cache\Home\08d30c77e78bd0ac29232fbc421b5dcd.php 第 55 行.
NOTIC: [8] Undefined index: ycblog1224userinfo G:\WWW\ycblog\Runtime\Cache\Home\08d30c77e78bd0ac29232fbc421b5dcd.php 第 171 行.
NOTIC: [8] Use of undefined constant logo_id - assumed 'logo_id' G:\WWW\ycblog\Runtime\Cache\Home\08d30c77e78bd0ac29232fbc421b5dcd.php 第 204 行.
NOTIC: [8] Array to string conversion G:\WWW\ycblog\Runtime\Cache\Home\08d30c77e78bd0ac29232fbc421b5dcd.php 第 204 行.
SQL: SHOW COLUMNS FROM `yc_article_logo` [ RunTime:0.005000s ]
SQL: SELECT * FROM `yc_article_logo` WHERE ( logo_id = 11 ) LIMIT 1   [ RunTime:0.001000s ]
NOTIC: [8] Use of undefined constant logo_id - assumed 'logo_id' G:\WWW\ycblog\Runtime\Cache\Home\08d30c77e78bd0ac29232fbc421b5dcd.php 第 204 行.
NOTIC: [8] Array to string conversion G:\WWW\ycblog\Runtime\Cache\Home\08d30c77e78bd0ac29232fbc421b5dcd.php 第 204 行.
SQL: SELECT * FROM `yc_article_logo` WHERE ( logo_id = 11 ) LIMIT 1   [ RunTime:0.001000s ]
NOTIC: [8] Undefined index: ycblogyangchaouserinfo G:\WWW\ycblog\Runtime\Cache\Home\08d30c77e78bd0ac29232fbc421b5dcd.php 第 208 行.
INFO: Run Behavior\ParseTemplate [ RunTime:0.030000s ]
INFO: [ view_parse ] --END-- [ RunTime:0.030000s ]
INFO: [ view_filter ] --START--
INFO: Run Behavior\WriteHtmlCache [ RunTime:0.001000s ]
INFO: [ view_filter ] --END-- [ RunTime:0.001000s ]
INFO: [ app_end ] --START--
INFO: Run Behavior\ShowPageTrace [ RunTime:0.001000s ]
INFO: [ app_end ] --END-- [ RunTime:0.002000s ]

[ 2017-10-31T17:01:28+08:00 ] 127.0.0.1 /
INFO: [ app_begin ] --START--
INFO: Run Behavior\ReadHtmlCache [ RunTime:0.000000s ]
INFO: [ app_begin ] --END-- [ RunTime:0.001000s ]
SQL: SHOW COLUMNS FROM `yc_link` [ RunTime:0.025000s ]
SQL: SELECT * FROM `yc_link`  [ RunTime:0.001000s ]
SQL: SHOW COLUMNS FROM `yc_article_type` [ RunTime:0.054000s ]
SQL: SELECT * FROM `yc_article_type`  [ RunTime:0.001000s ]
SQL: SHOW COLUMNS FROM `yc_article_label` [ RunTime:0.019000s ]
SQL: SELECT * FROM `yc_article_label`  [ RunTime:0.000000s ]
SQL: SHOW COLUMNS FROM `yc_article_view` [ RunTime:0.019000s ]
SQL: SELECT COUNT(*) AS tp_count FROM `yc_article_view` WHERE ( `is_show` = 1 ) LIMIT 1   [ RunTime:0.004000s ]
SQL: SELECT * FROM `yc_article_view` WHERE ( `is_show` = 1 ) ORDER BY add_time desc LIMIT 0,10   [ RunTime:0.001000s ]
SQL: SHOW COLUMNS FROM `yc_al_relation` [ RunTime:0.011000s ]
SQL: SELECT * FROM yc_al_relation a INNER JOIN yc_article_label as b on a.lid = b.lid  WHERE ( `aid` = '48' )  [ RunTime:0.000000s ]
NOTIC: [8] Undefined variable: tname G:\WWW\ycblog\Application\Common\Model\ArticleViewModel.class.php 第 63 行.
NOTIC: [8] Undefined variable: lname G:\WWW\ycblog\Application\Common\Model\ArticleViewModel.class.php 第 64 行.
INFO: [ view_parse ] --START--
INFO: [ template_filter ] --START--
INFO: Run Behavior\ContentReplace [ RunTime:0.001000s ]
INFO: [ template_filter ] --END-- [ RunTime:0.001000s ]
NOTIC: [8] Undefined variable: article G:\WWW\ycblog\Runtime\Cache\Home\08d30c77e78bd0ac29232fbc421b5dcd.php 第 5 行.
NOTIC: [8] Undefined index: ycblogyangchaouserinfo G:\WWW\ycblog\Runtime\Cache\Home\08d30c77e78bd0ac29232fbc421b5dcd.php 第 55 行.
NOTIC: [8] Undefined index: ycblog1224userinfo G:\WWW\ycblog\Runtime\Cache\Home\08d30c77e78bd0ac29232fbc421b5dcd.php 第 171 行.
NOTIC: [8] Use of undefined constant logo_id - assumed 'logo_id' G:\WWW\ycblog\Runtime\Cache\Home\08d30c77e78bd0ac29232fbc421b5dcd.php 第 204 行.
NOTIC: [8] Array to string conversion G:\WWW\ycblog\Runtime\Cache\Home\08d30c77e78bd0ac29232fbc421b5dcd.php 第 204 行.
SQL: SHOW COLUMNS FROM `yc_article_logo` [ RunTime:0.010000s ]
SQL: SELECT * FROM `yc_article_logo` WHERE ( logo_id = 11 ) LIMIT 1   [ RunTime:0.001000s ]
NOTIC: [8] Use of undefined constant logo_id - assumed 'logo_id' G:\WWW\ycblog\Runtime\Cache\Home\08d30c77e78bd0ac29232fbc421b5dcd.php 第 204 行.
NOTIC: [8] Array to string conversion G:\WWW\ycblog\Runtime\Cache\Home\08d30c77e78bd0ac29232fbc421b5dcd.php 第 204 行.
SQL: SELECT * FROM `yc_article_logo` WHERE ( logo_id = 11 ) LIMIT 1   [ RunTime:0.000000s ]
NOTIC: [8] Undefined index: ycblogyangchaouserinfo G:\WWW\ycblog\Runtime\Cache\Home\08d30c77e78bd0ac29232fbc421b5dcd.php 第 208 行.
INFO: Run Behavior\ParseTemplate [ RunTime:0.061000s ]
INFO: [ view_parse ] --END-- [ RunTime:0.061000s ]
INFO: [ view_filter ] --START--
INFO: Run Behavior\WriteHtmlCache [ RunTime:0.000000s ]
INFO: [ view_filter ] --END-- [ RunTime:0.000000s ]
INFO: [ app_end ] --START--
INFO: Run Behavior\ShowPageTrace [ RunTime:0.001000s ]
INFO: [ app_end ] --END-- [ RunTime:0.001000s ]

[ 2017-10-31T17:01:40+08:00 ] 127.0.0.1 /admin
INFO: [ app_begin ] --START--
INFO: Run Behavior\ReadHtmlCache [ RunTime:0.000000s ]
INFO: [ app_begin ] --END-- [ RunTime:0.000000s ]
NOTIC: [8] Undefined index: ycblogyangchaohangadminname G:\WWW\ycblog\Application\Common\Controller\AdminBaseController.class.php 第 14 行.
NOTIC: [8] Undefined index: ycblogyangchaohangadminpwd G:\WWW\ycblog\Application\Common\Controller\AdminBaseController.class.php 第 15 行.

[ 2017-10-31T17:01:40+08:00 ] 127.0.0.1 /index.php/Admin/Login/index.html
INFO: [ app_begin ] --START--
INFO: Run Behavior\ReadHtmlCache [ RunTime:0.001000s ]
INFO: [ app_begin ] --END-- [ RunTime:0.001000s ]
INFO: [ view_parse ] --START--
INFO: [ template_filter ] --START--
INFO: Run Behavior\ContentReplace [ RunTime:0.000000s ]
INFO: [ template_filter ] --END-- [ RunTime:0.001000s ]
NOTIC: [8] Undefined index: name G:\WWW\ycblog\Runtime\Cache\Admin\2e3d368ee8be4d087dfaba7b5436b61c.php 第 32 行.
NOTIC: [8] Undefined index: password G:\WWW\ycblog\Runtime\Cache\Admin\2e3d368ee8be4d087dfaba7b5436b61c.php 第 39 行.
INFO: Run Behavior\ParseTemplate [ RunTime:0.022000s ]
INFO: [ view_parse ] --END-- [ RunTime:0.022000s ]
INFO: [ view_filter ] --START--
INFO: Run Behavior\WriteHtmlCache [ RunTime:0.001000s ]
INFO: [ view_filter ] --END-- [ RunTime:0.001000s ]
INFO: [ app_end ] --START--
INFO: Run Behavior\ShowPageTrace [ RunTime:0.000000s ]
INFO: [ app_end ] --END-- [ RunTime:0.000000s ]

[ 2017-10-31T17:01:40+08:00 ] 127.0.0.1 /index.php/Admin/Login/lib/jquery/1.9.1/jquery.min.js
INFO: [ app_begin ] --START--
INFO: Run Behavior\ReadHtmlCache [ RunTime:0.001000s ]
INFO: [ app_begin ] --END-- [ RunTime:0.001000s ]
ERR: 非法操作:lib

[ 2017-10-31T17:01:40+08:00 ] 127.0.0.1 /index.php/Admin/Login/static/h-ui/js/H-ui.min.js
INFO: [ app_begin ] --START--
INFO: Run Behavior\ReadHtmlCache [ RunTime:0.001000s ]
INFO: [ app_begin ] --END-- [ RunTime:0.001000s ]
ERR: 非法操作:static

