[ 2017-11-27T04:36:33+08:00 ] 123.125.67.166 /
INFO: [ app_begin ] --START--
INFO: Run Behavior\ReadHtmlCache [ RunTime:0.001266s ]
INFO: [ app_begin ] --END-- [ RunTime:0.002200s ]
SQL: SHOW COLUMNS FROM `yc_link` [ RunTime:0.003124s ]
SQL: SELECT * FROM `yc_link`  [ RunTime:0.001828s ]
SQL: SHOW COLUMNS FROM `yc_article_type` [ RunTime:0.001297s ]
SQL: SELECT * FROM `yc_article_type`  [ RunTime:0.001237s ]
SQL: SHOW COLUMNS FROM `yc_article_label` [ RunTime:0.002175s ]
SQL: SELECT * FROM `yc_article_label`  [ RunTime:0.002714s ]
SQL: SHOW COLUMNS FROM `yc_article_view` [ RunTime:0.002563s ]
SQL: SELECT COUNT(*) AS tp_count FROM `yc_article_view` WHERE ( `is_show` = 1 ) LIMIT 1   [ RunTime:0.000936s ]
SQL: SELECT * FROM `yc_article_view` WHERE ( `is_show` = 1 ) ORDER BY add_time desc LIMIT 0,10   [ RunTime:0.004361s ]
SQL: SHOW COLUMNS FROM `yc_al_relation` [ RunTime:0.001532s ]
SQL: SELECT * FROM yc_al_relation a INNER JOIN yc_article_label as b on a.lid = b.lid  WHERE ( `aid` = '48' )  [ RunTime:0.001042s ]
SQL: SELECT * FROM yc_al_relation a INNER JOIN yc_article_label as b on a.lid = b.lid  WHERE ( `aid` = '50' )  [ RunTime:0.001747s ]
NOTIC: [8] Undefined variable: tname /www/users/HA436620/WEB/Application/Common/Model/ArticleViewModel.class.php 第 63 行.
NOTIC: [8] Undefined variable: lname /www/users/HA436620/WEB/Application/Common/Model/ArticleViewModel.class.php 第 64 行.
INFO: [ view_parse ] --START--
INFO: [ template_filter ] --START--
INFO: Run Behavior\ContentReplace [ RunTime:0.000661s ]
INFO: [ template_filter ] --END-- [ RunTime:0.000754s ]
NOTIC: [8] Undefined variable: article /www/users/HA436620/WEB/Runtime/Cache/Home/08d30c77e78bd0ac29232fbc421b5dcd.php 第 5 行.
NOTIC: [8] Undefined variable: knowledge /www/users/HA436620/WEB/Runtime/Cache/Home/08d30c77e78bd0ac29232fbc421b5dcd.php 第 5 行.
NOTIC: [8] Undefined index: ycblogyangchaouserinfo /www/users/HA436620/WEB/Runtime/Cache/Home/08d30c77e78bd0ac29232fbc421b5dcd.php 第 53 行.
NOTIC: [8] Use of undefined constant qq - assumed 'qq' /www/users/HA436620/WEB/Runtime/Cache/Home/08d30c77e78bd0ac29232fbc421b5dcd.php 第 61 行.
NOTIC: [8] Undefined index: ycblog1224userinfo /www/users/HA436620/WEB/Runtime/Cache/Home/08d30c77e78bd0ac29232fbc421b5dcd.php 第 189 行.
NOTIC: [8] Use of undefined constant logo_id - assumed 'logo_id' /www/users/HA436620/WEB/Runtime/Cache/Home/08d30c77e78bd0ac29232fbc421b5dcd.php 第 222 行.
NOTIC: [8] Array to string conversion /www/users/HA436620/WEB/Runtime/Cache/Home/08d30c77e78bd0ac29232fbc421b5dcd.php 第 222 行.
SQL: SHOW COLUMNS FROM `yc_article_logo` [ RunTime:0.001452s ]
SQL: SELECT * FROM `yc_article_logo` WHERE ( logo_id = 11 ) LIMIT 1   [ RunTime:0.000682s ]
NOTIC: [8] Use of undefined constant logo_id - assumed 'logo_id' /www/users/HA436620/WEB/Runtime/Cache/Home/08d30c77e78bd0ac29232fbc421b5dcd.php 第 222 行.
NOTIC: [8] Array to string conversion /www/users/HA436620/WEB/Runtime/Cache/Home/08d30c77e78bd0ac29232fbc421b5dcd.php 第 222 行.
SQL: SELECT * FROM `yc_article_logo` WHERE ( logo_id = 11 ) LIMIT 1   [ RunTime:0.000511s ]
NOTIC: [8] Use of undefined constant logo_id - assumed 'logo_id' /www/users/HA436620/WEB/Runtime/Cache/Home/08d30c77e78bd0ac29232fbc421b5dcd.php 第 222 行.
NOTIC: [8] Array to string conversion /www/users/HA436620/WEB/Runtime/Cache/Home/08d30c77e78bd0ac29232fbc421b5dcd.php 第 222 行.
SQL: SELECT * FROM `yc_article_logo` WHERE ( logo_id = 11 ) LIMIT 1   [ RunTime:0.000537s ]
NOTIC: [8] Undefined index: ycblogyangchaouserinfo /www/users/HA436620/WEB/Runtime/Cache/Home/08d30c77e78bd0ac29232fbc421b5dcd.php 第 232 行.
INFO: Run Behavior\ParseTemplate [ RunTime:0.041193s ]
INFO: [ view_parse ] --END-- [ RunTime:0.041270s ]
INFO: [ view_filter ] --START--
INFO: Run Behavior\WriteHtmlCache [ RunTime:0.000506s ]
INFO: [ view_filter ] --END-- [ RunTime:0.000575s ]
INFO: [ app_end ] --START--
INFO: Run Behavior\ShowPageTrace [ RunTime:0.001384s ]
INFO: [ app_end ] --END-- [ RunTime:0.001458s ]

[ 2017-11-27T08:49:42+08:00 ] 202.108.211.56 /
INFO: [ app_begin ] --START--
INFO: Run Behavior\ReadHtmlCache [ RunTime:0.001216s ]
INFO: [ app_begin ] --END-- [ RunTime:0.002158s ]
SQL: SHOW COLUMNS FROM `yc_link` [ RunTime:0.003038s ]
SQL: SELECT * FROM `yc_link`  [ RunTime:0.001801s ]
SQL: SHOW COLUMNS FROM `yc_article_type` [ RunTime:0.002384s ]
SQL: SELECT * FROM `yc_article_type`  [ RunTime:0.001389s ]
SQL: SHOW COLUMNS FROM `yc_article_label` [ RunTime:0.002086s ]
SQL: SELECT * FROM `yc_article_label`  [ RunTime:0.002012s ]
SQL: SHOW COLUMNS FROM `yc_article_view` [ RunTime:0.003367s ]
SQL: SELECT COUNT(*) AS tp_count FROM `yc_article_view` WHERE ( `is_show` = 1 ) LIMIT 1   [ RunTime:0.001592s ]
SQL: SELECT * FROM `yc_article_view` WHERE ( `is_show` = 1 ) ORDER BY add_time desc LIMIT 0,10   [ RunTime:0.007950s ]
SQL: SHOW COLUMNS FROM `yc_al_relation` [ RunTime:0.002385s ]
SQL: SELECT * FROM yc_al_relation a INNER JOIN yc_article_label as b on a.lid = b.lid  WHERE ( `aid` = '48' )  [ RunTime:0.001853s ]
SQL: SELECT * FROM yc_al_relation a INNER JOIN yc_article_label as b on a.lid = b.lid  WHERE ( `aid` = '50' )  [ RunTime:0.001733s ]
NOTIC: [8] Undefined variable: tname /www/users/HA436620/WEB/Application/Common/Model/ArticleViewModel.class.php 第 63 行.
NOTIC: [8] Undefined variable: lname /www/users/HA436620/WEB/Application/Common/Model/ArticleViewModel.class.php 第 64 行.
INFO: [ view_parse ] --START--
INFO: [ template_filter ] --START--
INFO: Run Behavior\ContentReplace [ RunTime:0.000609s ]
INFO: [ template_filter ] --END-- [ RunTime:0.000702s ]
NOTIC: [8] Undefined variable: article /www/users/HA436620/WEB/Runtime/Cache/Home/08d30c77e78bd0ac29232fbc421b5dcd.php 第 5 行.
NOTIC: [8] Undefined variable: knowledge /www/users/HA436620/WEB/Runtime/Cache/Home/08d30c77e78bd0ac29232fbc421b5dcd.php 第 5 行.
NOTIC: [8] Undefined index: ycblogyangchaouserinfo /www/users/HA436620/WEB/Runtime/Cache/Home/08d30c77e78bd0ac29232fbc421b5dcd.php 第 53 行.
NOTIC: [8] Use of undefined constant qq - assumed 'qq' /www/users/HA436620/WEB/Runtime/Cache/Home/08d30c77e78bd0ac29232fbc421b5dcd.php 第 61 行.
NOTIC: [8] Undefined index: ycblog1224userinfo /www/users/HA436620/WEB/Runtime/Cache/Home/08d30c77e78bd0ac29232fbc421b5dcd.php 第 189 行.
NOTIC: [8] Use of undefined constant logo_id - assumed 'logo_id' /www/users/HA436620/WEB/Runtime/Cache/Home/08d30c77e78bd0ac29232fbc421b5dcd.php 第 222 行.
NOTIC: [8] Array to string conversion /www/users/HA436620/WEB/Runtime/Cache/Home/08d30c77e78bd0ac29232fbc421b5dcd.php 第 222 行.
SQL: SHOW COLUMNS FROM `yc_article_logo` [ RunTime:0.003378s ]
SQL: SELECT * FROM `yc_article_logo` WHERE ( logo_id = 11 ) LIMIT 1   [ RunTime:0.002057s ]
NOTIC: [8] Use of undefined constant logo_id - assumed 'logo_id' /www/users/HA436620/WEB/Runtime/Cache/Home/08d30c77e78bd0ac29232fbc421b5dcd.php 第 222 行.
NOTIC: [8] Array to string conversion /www/users/HA436620/WEB/Runtime/Cache/Home/08d30c77e78bd0ac29232fbc421b5dcd.php 第 222 行.
SQL: SELECT * FROM `yc_article_logo` WHERE ( logo_id = 11 ) LIMIT 1   [ RunTime:0.001734s ]
NOTIC: [8] Use of undefined constant logo_id - assumed 'logo_id' /www/users/HA436620/WEB/Runtime/Cache/Home/08d30c77e78bd0ac29232fbc421b5dcd.php 第 222 行.
NOTIC: [8] Array to string conversion /www/users/HA436620/WEB/Runtime/Cache/Home/08d30c77e78bd0ac29232fbc421b5dcd.php 第 222 行.
SQL: SELECT * FROM `yc_article_logo` WHERE ( logo_id = 11 ) LIMIT 1   [ RunTime:0.002117s ]
NOTIC: [8] Undefined index: ycblogyangchaouserinfo /www/users/HA436620/WEB/Runtime/Cache/Home/08d30c77e78bd0ac29232fbc421b5dcd.php 第 232 行.
INFO: Run Behavior\ParseTemplate [ RunTime:0.049280s ]
INFO: [ view_parse ] --END-- [ RunTime:0.049397s ]
INFO: [ view_filter ] --START--
INFO: Run Behavior\WriteHtmlCache [ RunTime:0.000523s ]
INFO: [ view_filter ] --END-- [ RunTime:0.000592s ]
INFO: [ app_end ] --START--
INFO: Run Behavior\ShowPageTrace [ RunTime:0.001493s ]
INFO: [ app_end ] --END-- [ RunTime:0.001566s ]

[ 2017-11-27T09:08:15+08:00 ] 123.125.67.166 /
INFO: [ app_begin ] --START--
INFO: Run Behavior\ReadHtmlCache [ RunTime:0.001225s ]
INFO: [ app_begin ] --END-- [ RunTime:0.002072s ]
SQL: SHOW COLUMNS FROM `yc_link` [ RunTime:0.001742s ]
SQL: SELECT * FROM `yc_link`  [ RunTime:0.000727s ]
SQL: SHOW COLUMNS FROM `yc_article_type` [ RunTime:0.001643s ]
SQL: SELECT * FROM `yc_article_type`  [ RunTime:0.000656s ]
SQL: SHOW COLUMNS FROM `yc_article_label` [ RunTime:0.001440s ]
SQL: SELECT * FROM `yc_article_label`  [ RunTime:0.001016s ]
SQL: SHOW COLUMNS FROM `yc_article_view` [ RunTime:0.002235s ]
SQL: SELECT COUNT(*) AS tp_count FROM `yc_article_view` WHERE ( `is_show` = 1 ) LIMIT 1   [ RunTime:0.001035s ]
SQL: SELECT * FROM `yc_article_view` WHERE ( `is_show` = 1 ) ORDER BY add_time desc LIMIT 0,10   [ RunTime:0.005201s ]
SQL: SHOW COLUMNS FROM `yc_al_relation` [ RunTime:0.001547s ]
SQL: SELECT * FROM yc_al_relation a INNER JOIN yc_article_label as b on a.lid = b.lid  WHERE ( `aid` = '48' )  [ RunTime:0.000876s ]
SQL: SELECT * FROM yc_al_relation a INNER JOIN yc_article_label as b on a.lid = b.lid  WHERE ( `aid` = '50' )  [ RunTime:0.000472s ]
NOTIC: [8] Undefined variable: tname /www/users/HA436620/WEB/Application/Common/Model/ArticleViewModel.class.php 第 63 行.
NOTIC: [8] Undefined variable: lname /www/users/HA436620/WEB/Application/Common/Model/ArticleViewModel.class.php 第 64 行.
INFO: [ view_parse ] --START--
INFO: [ template_filter ] --START--
INFO: Run Behavior\ContentReplace [ RunTime:0.000572s ]
INFO: [ template_filter ] --END-- [ RunTime:0.000655s ]
NOTIC: [8] Undefined variable: article /www/users/HA436620/WEB/Runtime/Cache/Home/08d30c77e78bd0ac29232fbc421b5dcd.php 第 5 行.
NOTIC: [8] Undefined variable: knowledge /www/users/HA436620/WEB/Runtime/Cache/Home/08d30c77e78bd0ac29232fbc421b5dcd.php 第 5 行.
NOTIC: [8] Undefined index: ycblogyangchaouserinfo /www/users/HA436620/WEB/Runtime/Cache/Home/08d30c77e78bd0ac29232fbc421b5dcd.php 第 53 行.
NOTIC: [8] Use of undefined constant qq - assumed 'qq' /www/users/HA436620/WEB/Runtime/Cache/Home/08d30c77e78bd0ac29232fbc421b5dcd.php 第 61 行.
NOTIC: [8] Undefined index: ycblog1224userinfo /www/users/HA436620/WEB/Runtime/Cache/Home/08d30c77e78bd0ac29232fbc421b5dcd.php 第 189 行.
NOTIC: [8] Use of undefined constant logo_id - assumed 'logo_id' /www/users/HA436620/WEB/Runtime/Cache/Home/08d30c77e78bd0ac29232fbc421b5dcd.php 第 222 行.
NOTIC: [8] Array to string conversion /www/users/HA436620/WEB/Runtime/Cache/Home/08d30c77e78bd0ac29232fbc421b5dcd.php 第 222 行.
SQL: SHOW COLUMNS FROM `yc_article_logo` [ RunTime:0.001596s ]
SQL: SELECT * FROM `yc_article_logo` WHERE ( logo_id = 11 ) LIMIT 1   [ RunTime:0.000599s ]
NOTIC: [8] Use of undefined constant logo_id - assumed 'logo_id' /www/users/HA436620/WEB/Runtime/Cache/Home/08d30c77e78bd0ac29232fbc421b5dcd.php 第 222 行.
NOTIC: [8] Array to string conversion /www/users/HA436620/WEB/Runtime/Cache/Home/08d30c77e78bd0ac29232fbc421b5dcd.php 第 222 行.
SQL: SELECT * FROM `yc_article_logo` WHERE ( logo_id = 11 ) LIMIT 1   [ RunTime:0.000665s ]
NOTIC: [8] Use of undefined constant logo_id - assumed 'logo_id' /www/users/HA436620/WEB/Runtime/Cache/Home/08d30c77e78bd0ac29232fbc421b5dcd.php 第 222 行.
NOTIC: [8] Array to string conversion /www/users/HA436620/WEB/Runtime/Cache/Home/08d30c77e78bd0ac29232fbc421b5dcd.php 第 222 行.
SQL: SELECT * FROM `yc_article_logo` WHERE ( logo_id = 11 ) LIMIT 1   [ RunTime:0.000650s ]
NOTIC: [8] Undefined index: ycblogyangchaouserinfo /www/users/HA436620/WEB/Runtime/Cache/Home/08d30c77e78bd0ac29232fbc421b5dcd.php 第 232 行.
INFO: Run Behavior\ParseTemplate [ RunTime:0.043229s ]
INFO: [ view_parse ] --END-- [ RunTime:0.043310s ]
INFO: [ view_filter ] --START--
INFO: Run Behavior\WriteHtmlCache [ RunTime:0.000631s ]
INFO: [ view_filter ] --END-- [ RunTime:0.000701s ]
INFO: [ app_end ] --START--
INFO: Run Behavior\ShowPageTrace [ RunTime:0.001512s ]
INFO: [ app_end ] --END-- [ RunTime:0.001588s ]

[ 2017-11-27T14:11:51+08:00 ] 116.255.132.12 /
INFO: [ app_begin ] --START--
INFO: Run Behavior\ReadHtmlCache [ RunTime:0.002101s ]
INFO: [ app_begin ] --END-- [ RunTime:0.003802s ]
SQL: SHOW COLUMNS FROM `yc_link` [ RunTime:0.001375s ]
SQL: SELECT * FROM `yc_link`  [ RunTime:0.000637s ]
SQL: SHOW COLUMNS FROM `yc_article_type` [ RunTime:0.001110s ]
SQL: SELECT * FROM `yc_article_type`  [ RunTime:0.000676s ]
SQL: SHOW COLUMNS FROM `yc_article_label` [ RunTime:0.001183s ]
SQL: SELECT * FROM `yc_article_label`  [ RunTime:0.000841s ]
SQL: SHOW COLUMNS FROM `yc_article_view` [ RunTime:0.002065s ]
SQL: SELECT COUNT(*) AS tp_count FROM `yc_article_view` WHERE ( `is_show` = 1 ) LIMIT 1   [ RunTime:0.000974s ]
SQL: SELECT * FROM `yc_article_view` WHERE ( `is_show` = 1 ) ORDER BY add_time desc LIMIT 0,10   [ RunTime:0.003644s ]
SQL: SHOW COLUMNS FROM `yc_al_relation` [ RunTime:0.001586s ]
SQL: SELECT * FROM yc_al_relation a INNER JOIN yc_article_label as b on a.lid = b.lid  WHERE ( `aid` = '48' )  [ RunTime:0.000765s ]
SQL: SELECT * FROM yc_al_relation a INNER JOIN yc_article_label as b on a.lid = b.lid  WHERE ( `aid` = '50' )  [ RunTime:0.000580s ]
NOTIC: [8] Undefined variable: tname /www/users/HA436620/WEB/Application/Common/Model/ArticleViewModel.class.php 第 63 行.
NOTIC: [8] Undefined variable: lname /www/users/HA436620/WEB/Application/Common/Model/ArticleViewModel.class.php 第 64 行.
INFO: [ view_parse ] --START--
INFO: [ template_filter ] --START--
INFO: Run Behavior\ContentReplace [ RunTime:0.000637s ]
INFO: [ template_filter ] --END-- [ RunTime:0.000728s ]
NOTIC: [8] Undefined variable: article /www/users/HA436620/WEB/Runtime/Cache/Home/08d30c77e78bd0ac29232fbc421b5dcd.php 第 5 行.
NOTIC: [8] Undefined variable: knowledge /www/users/HA436620/WEB/Runtime/Cache/Home/08d30c77e78bd0ac29232fbc421b5dcd.php 第 5 行.
NOTIC: [8] Undefined index: ycblogyangchaouserinfo /www/users/HA436620/WEB/Runtime/Cache/Home/08d30c77e78bd0ac29232fbc421b5dcd.php 第 53 行.
NOTIC: [8] Use of undefined constant qq - assumed 'qq' /www/users/HA436620/WEB/Runtime/Cache/Home/08d30c77e78bd0ac29232fbc421b5dcd.php 第 61 行.
NOTIC: [8] Undefined index: ycblog1224userinfo /www/users/HA436620/WEB/Runtime/Cache/Home/08d30c77e78bd0ac29232fbc421b5dcd.php 第 189 行.
NOTIC: [8] Use of undefined constant logo_id - assumed 'logo_id' /www/users/HA436620/WEB/Runtime/Cache/Home/08d30c77e78bd0ac29232fbc421b5dcd.php 第 222 行.
NOTIC: [8] Array to string conversion /www/users/HA436620/WEB/Runtime/Cache/Home/08d30c77e78bd0ac29232fbc421b5dcd.php 第 222 行.
SQL: SHOW COLUMNS FROM `yc_article_logo` [ RunTime:0.001709s ]
SQL: SELECT * FROM `yc_article_logo` WHERE ( logo_id = 11 ) LIMIT 1   [ RunTime:0.000968s ]
NOTIC: [8] Use of undefined constant logo_id - assumed 'logo_id' /www/users/HA436620/WEB/Runtime/Cache/Home/08d30c77e78bd0ac29232fbc421b5dcd.php 第 222 行.
NOTIC: [8] Array to string conversion /www/users/HA436620/WEB/Runtime/Cache/Home/08d30c77e78bd0ac29232fbc421b5dcd.php 第 222 行.
SQL: SELECT * FROM `yc_article_logo` WHERE ( logo_id = 11 ) LIMIT 1   [ RunTime:0.000866s ]
NOTIC: [8] Use of undefined constant logo_id - assumed 'logo_id' /www/users/HA436620/WEB/Runtime/Cache/Home/08d30c77e78bd0ac29232fbc421b5dcd.php 第 222 行.
NOTIC: [8] Array to string conversion /www/users/HA436620/WEB/Runtime/Cache/Home/08d30c77e78bd0ac29232fbc421b5dcd.php 第 222 行.
SQL: SELECT * FROM `yc_article_logo` WHERE ( logo_id = 11 ) LIMIT 1   [ RunTime:0.000925s ]
NOTIC: [8] Undefined index: ycblogyangchaouserinfo /www/users/HA436620/WEB/Runtime/Cache/Home/08d30c77e78bd0ac29232fbc421b5dcd.php 第 232 行.
INFO: Run Behavior\ParseTemplate [ RunTime:0.093297s ]
INFO: [ view_parse ] --END-- [ RunTime:0.093374s ]
INFO: [ view_filter ] --START--
INFO: Run Behavior\WriteHtmlCache [ RunTime:0.004878s ]
INFO: [ view_filter ] --END-- [ RunTime:0.004947s ]
INFO: [ app_end ] --START--
INFO: Run Behavior\ShowPageTrace [ RunTime:0.010917s ]
INFO: [ app_end ] --END-- [ RunTime:0.010990s ]

[ 2017-11-27T14:12:03+08:00 ] 120.204.17.73 /
INFO: [ app_begin ] --START--
INFO: Run Behavior\ReadHtmlCache [ RunTime:0.001624s ]
INFO: [ app_begin ] --END-- [ RunTime:0.002534s ]
SQL: SHOW COLUMNS FROM `yc_link` [ RunTime:0.002442s ]
SQL: SELECT * FROM `yc_link`  [ RunTime:0.001406s ]
SQL: SHOW COLUMNS FROM `yc_article_type` [ RunTime:0.001815s ]
SQL: SELECT * FROM `yc_article_type`  [ RunTime:0.000752s ]
SQL: SHOW COLUMNS FROM `yc_article_label` [ RunTime:0.001330s ]
SQL: SELECT * FROM `yc_article_label`  [ RunTime:0.001027s ]
SQL: SHOW COLUMNS FROM `yc_article_view` [ RunTime:0.002588s ]
SQL: SELECT COUNT(*) AS tp_count FROM `yc_article_view` WHERE ( `is_show` = 1 ) LIMIT 1   [ RunTime:0.001408s ]
SQL: SELECT * FROM `yc_article_view` WHERE ( `is_show` = 1 ) ORDER BY add_time desc LIMIT 0,10   [ RunTime:0.006183s ]
SQL: SHOW COLUMNS FROM `yc_al_relation` [ RunTime:0.002387s ]
SQL: SELECT * FROM yc_al_relation a INNER JOIN yc_article_label as b on a.lid = b.lid  WHERE ( `aid` = '48' )  [ RunTime:0.000976s ]
SQL: SELECT * FROM yc_al_relation a INNER JOIN yc_article_label as b on a.lid = b.lid  WHERE ( `aid` = '50' )  [ RunTime:0.000648s ]
NOTIC: [8] Undefined variable: tname /www/users/HA436620/WEB/Application/Common/Model/ArticleViewModel.class.php 第 63 行.
NOTIC: [8] Undefined variable: lname /www/users/HA436620/WEB/Application/Common/Model/ArticleViewModel.class.php 第 64 行.
INFO: [ view_parse ] --START--
INFO: [ template_filter ] --START--
INFO: Run Behavior\ContentReplace [ RunTime:0.000624s ]
INFO: [ template_filter ] --END-- [ RunTime:0.000708s ]
NOTIC: [8] Undefined variable: article /www/users/HA436620/WEB/Runtime/Cache/Home/08d30c77e78bd0ac29232fbc421b5dcd.php 第 5 行.
NOTIC: [8] Undefined variable: knowledge /www/users/HA436620/WEB/Runtime/Cache/Home/08d30c77e78bd0ac29232fbc421b5dcd.php 第 5 行.
NOTIC: [8] Undefined index: ycblogyangchaouserinfo /www/users/HA436620/WEB/Runtime/Cache/Home/08d30c77e78bd0ac29232fbc421b5dcd.php 第 53 行.
NOTIC: [8] Use of undefined constant qq - assumed 'qq' /www/users/HA436620/WEB/Runtime/Cache/Home/08d30c77e78bd0ac29232fbc421b5dcd.php 第 61 行.
NOTIC: [8] Undefined index: ycblog1224userinfo /www/users/HA436620/WEB/Runtime/Cache/Home/08d30c77e78bd0ac29232fbc421b5dcd.php 第 189 行.
NOTIC: [8] Use of undefined constant logo_id - assumed 'logo_id' /www/users/HA436620/WEB/Runtime/Cache/Home/08d30c77e78bd0ac29232fbc421b5dcd.php 第 222 行.
NOTIC: [8] Array to string conversion /www/users/HA436620/WEB/Runtime/Cache/Home/08d30c77e78bd0ac29232fbc421b5dcd.php 第 222 行.
SQL: SHOW COLUMNS FROM `yc_article_logo` [ RunTime:0.002339s ]
SQL: SELECT * FROM `yc_article_logo` WHERE ( logo_id = 11 ) LIMIT 1   [ RunTime:0.000864s ]
NOTIC: [8] Use of undefined constant logo_id - assumed 'logo_id' /www/users/HA436620/WEB/Runtime/Cache/Home/08d30c77e78bd0ac29232fbc421b5dcd.php 第 222 行.
NOTIC: [8] Array to string conversion /www/users/HA436620/WEB/Runtime/Cache/Home/08d30c77e78bd0ac29232fbc421b5dcd.php 第 222 行.
SQL: SELECT * FROM `yc_article_logo` WHERE ( logo_id = 11 ) LIMIT 1   [ RunTime:0.000818s ]
NOTIC: [8] Use of undefined constant logo_id - assumed 'logo_id' /www/users/HA436620/WEB/Runtime/Cache/Home/08d30c77e78bd0ac29232fbc421b5dcd.php 第 222 行.
NOTIC: [8] Array to string conversion /www/users/HA436620/WEB/Runtime/Cache/Home/08d30c77e78bd0ac29232fbc421b5dcd.php 第 222 行.
SQL: SELECT * FROM `yc_article_logo` WHERE ( logo_id = 11 ) LIMIT 1   [ RunTime:0.000729s ]
NOTIC: [8] Undefined index: ycblogyangchaouserinfo /www/users/HA436620/WEB/Runtime/Cache/Home/08d30c77e78bd0ac29232fbc421b5dcd.php 第 232 行.
INFO: Run Behavior\ParseTemplate [ RunTime:0.043393s ]
INFO: [ view_parse ] --END-- [ RunTime:0.043471s ]
INFO: [ view_filter ] --START--
INFO: Run Behavior\WriteHtmlCache [ RunTime:0.000531s ]
INFO: [ view_filter ] --END-- [ RunTime:0.000602s ]
INFO: [ app_end ] --START--
INFO: Run Behavior\ShowPageTrace [ RunTime:0.001458s ]
INFO: [ app_end ] --END-- [ RunTime:0.001532s ]

[ 2017-11-27T14:16:01+08:00 ] 222.142.186.18 /
INFO: [ app_begin ] --START--
INFO: Run Behavior\ReadHtmlCache [ RunTime:0.001277s ]
INFO: [ app_begin ] --END-- [ RunTime:0.002205s ]
SQL: SHOW COLUMNS FROM `yc_link` [ RunTime:0.001711s ]
SQL: SELECT * FROM `yc_link`  [ RunTime:0.000876s ]
SQL: SHOW COLUMNS FROM `yc_article_type` [ RunTime:0.001971s ]
SQL: SELECT * FROM `yc_article_type`  [ RunTime:0.000689s ]
SQL: SHOW COLUMNS FROM `yc_article_label` [ RunTime:0.001207s ]
SQL: SELECT * FROM `yc_article_label`  [ RunTime:0.000731s ]
SQL: SHOW COLUMNS FROM `yc_article_view` [ RunTime:0.002156s ]
SQL: SELECT COUNT(*) AS tp_count FROM `yc_article_view` WHERE ( `is_show` = 1 ) LIMIT 1   [ RunTime:0.000895s ]
SQL: SELECT * FROM `yc_article_view` WHERE ( `is_show` = 1 ) ORDER BY add_time desc LIMIT 0,10   [ RunTime:0.004067s ]
SQL: SHOW COLUMNS FROM `yc_al_relation` [ RunTime:0.001476s ]
SQL: SELECT * FROM yc_al_relation a INNER JOIN yc_article_label as b on a.lid = b.lid  WHERE ( `aid` = '48' )  [ RunTime:0.000630s ]
SQL: SELECT * FROM yc_al_relation a INNER JOIN yc_article_label as b on a.lid = b.lid  WHERE ( `aid` = '50' )  [ RunTime:0.000728s ]
NOTIC: [8] Undefined variable: tname /www/users/HA436620/WEB/Application/Common/Model/ArticleViewModel.class.php 第 63 行.
NOTIC: [8] Undefined variable: lname /www/users/HA436620/WEB/Application/Common/Model/ArticleViewModel.class.php 第 64 行.
INFO: [ view_parse ] --START--
INFO: [ template_filter ] --START--
INFO: Run Behavior\ContentReplace [ RunTime:0.000609s ]
INFO: [ template_filter ] --END-- [ RunTime:0.000690s ]
NOTIC: [8] Undefined variable: article /www/users/HA436620/WEB/Runtime/Cache/Home/08d30c77e78bd0ac29232fbc421b5dcd.php 第 5 行.
NOTIC: [8] Undefined variable: knowledge /www/users/HA436620/WEB/Runtime/Cache/Home/08d30c77e78bd0ac29232fbc421b5dcd.php 第 5 行.
NOTIC: [8] Undefined index: ycblogyangchaouserinfo /www/users/HA436620/WEB/Runtime/Cache/Home/08d30c77e78bd0ac29232fbc421b5dcd.php 第 53 行.
NOTIC: [8] Use of undefined constant qq - assumed 'qq' /www/users/HA436620/WEB/Runtime/Cache/Home/08d30c77e78bd0ac29232fbc421b5dcd.php 第 61 行.
NOTIC: [8] Undefined index: ycblog1224userinfo /www/users/HA436620/WEB/Runtime/Cache/Home/08d30c77e78bd0ac29232fbc421b5dcd.php 第 189 行.
NOTIC: [8] Use of undefined constant logo_id - assumed 'logo_id' /www/users/HA436620/WEB/Runtime/Cache/Home/08d30c77e78bd0ac29232fbc421b5dcd.php 第 222 行.
NOTIC: [8] Array to string conversion /www/users/HA436620/WEB/Runtime/Cache/Home/08d30c77e78bd0ac29232fbc421b5dcd.php 第 222 行.
SQL: SHOW COLUMNS FROM `yc_article_logo` [ RunTime:0.001386s ]
SQL: SELECT * FROM `yc_article_logo` WHERE ( logo_id = 11 ) LIMIT 1   [ RunTime:0.000776s ]
NOTIC: [8] Use of undefined constant logo_id - assumed 'logo_id' /www/users/HA436620/WEB/Runtime/Cache/Home/08d30c77e78bd0ac29232fbc421b5dcd.php 第 222 行.
NOTIC: [8] Array to string conversion /www/users/HA436620/WEB/Runtime/Cache/Home/08d30c77e78bd0ac29232fbc421b5dcd.php 第 222 行.
SQL: SELECT * FROM `yc_article_logo` WHERE ( logo_id = 11 ) LIMIT 1   [ RunTime:0.000808s ]
NOTIC: [8] Use of undefined constant logo_id - assumed 'logo_id' /www/users/HA436620/WEB/Runtime/Cache/Home/08d30c77e78bd0ac29232fbc421b5dcd.php 第 222 行.
NOTIC: [8] Array to string conversion /www/users/HA436620/WEB/Runtime/Cache/Home/08d30c77e78bd0ac29232fbc421b5dcd.php 第 222 行.
SQL: SELECT * FROM `yc_article_logo` WHERE ( logo_id = 11 ) LIMIT 1   [ RunTime:0.000516s ]
NOTIC: [8] Undefined index: ycblogyangchaouserinfo /www/users/HA436620/WEB/Runtime/Cache/Home/08d30c77e78bd0ac29232fbc421b5dcd.php 第 232 行.
INFO: Run Behavior\ParseTemplate [ RunTime:0.042117s ]
INFO: [ view_parse ] --END-- [ RunTime:0.042190s ]
INFO: [ view_filter ] --START--
INFO: Run Behavior\WriteHtmlCache [ RunTime:0.000491s ]
INFO: [ view_filter ] --END-- [ RunTime:0.000561s ]
INFO: [ app_end ] --START--
INFO: Run Behavior\ShowPageTrace [ RunTime:0.001431s ]
INFO: [ app_end ] --END-- [ RunTime:0.001509s ]

[ 2017-11-27T14:16:06+08:00 ] 222.142.186.18 /index.php/Home/User/oauth_login/type/qq.html
INFO: [ app_begin ] --START--
INFO: Run Behavior\ReadHtmlCache [ RunTime:0.001291s ]
INFO: [ app_begin ] --END-- [ RunTime:0.002189s ]
SQL: SHOW COLUMNS FROM `yc_link` [ RunTime:0.001818s ]
SQL: SELECT * FROM `yc_link`  [ RunTime:0.003871s ]
SQL: SHOW COLUMNS FROM `yc_article_type` [ RunTime:0.001344s ]
SQL: SELECT * FROM `yc_article_type`  [ RunTime:0.001496s ]
SQL: SHOW COLUMNS FROM `yc_article_label` [ RunTime:0.001525s ]
SQL: SELECT * FROM `yc_article_label`  [ RunTime:0.000753s ]

[ 2017-11-27T14:16:10+08:00 ] 222.142.186.18 /index.php/Api/Index/oauth/type/qq?code=28466D58F8D5091A7835A15D9ED7326A
INFO: [ app_begin ] --START--
INFO: Run Behavior\ReadHtmlCache [ RunTime:0.002069s ]
INFO: [ app_begin ] --END-- [ RunTime:0.003433s ]
SQL: SHOW COLUMNS FROM `yc_link` [ RunTime:0.003224s ]
SQL: SELECT * FROM `yc_link`  [ RunTime:0.001759s ]
SQL: SHOW COLUMNS FROM `yc_article_type` [ RunTime:0.002874s ]
SQL: SELECT * FROM `yc_article_type`  [ RunTime:0.001715s ]
SQL: SHOW COLUMNS FROM `yc_article_label` [ RunTime:0.002394s ]
SQL: SELECT * FROM `yc_article_label`  [ RunTime:0.002735s ]
INFO: [ app_end ] --START--
INFO: Run Behavior\ShowPageTrace [ RunTime:0.001662s ]
INFO: [ app_end ] --END-- [ RunTime:0.001765s ]

[ 2017-11-27T14:44:21+08:00 ] 222.142.186.18 /
INFO: [ app_begin ] --START--
INFO: Run Behavior\ReadHtmlCache [ RunTime:0.001270s ]
INFO: [ app_begin ] --END-- [ RunTime:0.002248s ]
SQL: SHOW COLUMNS FROM `yc_link` [ RunTime:0.001781s ]
SQL: SELECT * FROM `yc_link`  [ RunTime:0.000822s ]
SQL: SHOW COLUMNS FROM `yc_article_type` [ RunTime:0.001512s ]
SQL: SELECT * FROM `yc_article_type`  [ RunTime:0.000620s ]
SQL: SHOW COLUMNS FROM `yc_article_label` [ RunTime:0.001245s ]
SQL: SELECT * FROM `yc_article_label`  [ RunTime:0.000663s ]
SQL: SHOW COLUMNS FROM `yc_article_view` [ RunTime:0.001767s ]
SQL: SELECT COUNT(*) AS tp_count FROM `yc_article_view` WHERE ( `is_show` = 1 ) LIMIT 1   [ RunTime:0.000891s ]
SQL: SELECT * FROM `yc_article_view` WHERE ( `is_show` = 1 ) ORDER BY add_time desc LIMIT 0,10   [ RunTime:0.003042s ]
SQL: SHOW COLUMNS FROM `yc_al_relation` [ RunTime:0.001619s ]
SQL: SELECT * FROM yc_al_relation a INNER JOIN yc_article_label as b on a.lid = b.lid  WHERE ( `aid` = '48' )  [ RunTime:0.000726s ]
SQL: SELECT * FROM yc_al_relation a INNER JOIN yc_article_label as b on a.lid = b.lid  WHERE ( `aid` = '50' )  [ RunTime:0.000553s ]
NOTIC: [8] Undefined variable: tname /www/users/HA436620/WEB/Application/Common/Model/ArticleViewModel.class.php 第 63 行.
NOTIC: [8] Undefined variable: lname /www/users/HA436620/WEB/Application/Common/Model/ArticleViewModel.class.php 第 64 行.
INFO: [ view_parse ] --START--
INFO: [ template_filter ] --START--
INFO: Run Behavior\ContentReplace [ RunTime:0.000607s ]
INFO: [ template_filter ] --END-- [ RunTime:0.000689s ]
NOTIC: [8] Undefined variable: article /www/users/HA436620/WEB/Runtime/Cache/Home/08d30c77e78bd0ac29232fbc421b5dcd.php 第 5 行.
NOTIC: [8] Undefined variable: knowledge /www/users/HA436620/WEB/Runtime/Cache/Home/08d30c77e78bd0ac29232fbc421b5dcd.php 第 5 行.
NOTIC: [8] Undefined index: ycblogyangchaouserinfo /www/users/HA436620/WEB/Runtime/Cache/Home/08d30c77e78bd0ac29232fbc421b5dcd.php 第 53 行.
NOTIC: [8] Use of undefined constant qq - assumed 'qq' /www/users/HA436620/WEB/Runtime/Cache/Home/08d30c77e78bd0ac29232fbc421b5dcd.php 第 61 行.
NOTIC: [8] Undefined index: ycblog1224userinfo /www/users/HA436620/WEB/Runtime/Cache/Home/08d30c77e78bd0ac29232fbc421b5dcd.php 第 189 行.
NOTIC: [8] Use of undefined constant logo_id - assumed 'logo_id' /www/users/HA436620/WEB/Runtime/Cache/Home/08d30c77e78bd0ac29232fbc421b5dcd.php 第 222 行.
NOTIC: [8] Array to string conversion /www/users/HA436620/WEB/Runtime/Cache/Home/08d30c77e78bd0ac29232fbc421b5dcd.php 第 222 行.
SQL: SHOW COLUMNS FROM `yc_article_logo` [ RunTime:0.002134s ]
SQL: SELECT * FROM `yc_article_logo` WHERE ( logo_id = 11 ) LIMIT 1   [ RunTime:0.000594s ]
NOTIC: [8] Use of undefined constant logo_id - assumed 'logo_id' /www/users/HA436620/WEB/Runtime/Cache/Home/08d30c77e78bd0ac29232fbc421b5dcd.php 第 222 行.
NOTIC: [8] Array to string conversion /www/users/HA436620/WEB/Runtime/Cache/Home/08d30c77e78bd0ac29232fbc421b5dcd.php 第 222 行.
SQL: SELECT * FROM `yc_article_logo` WHERE ( logo_id = 11 ) LIMIT 1   [ RunTime:0.000835s ]
NOTIC: [8] Use of undefined constant logo_id - assumed 'logo_id' /www/users/HA436620/WEB/Runtime/Cache/Home/08d30c77e78bd0ac29232fbc421b5dcd.php 第 222 行.
NOTIC: [8] Array to string conversion /www/users/HA436620/WEB/Runtime/Cache/Home/08d30c77e78bd0ac29232fbc421b5dcd.php 第 222 行.
SQL: SELECT * FROM `yc_article_logo` WHERE ( logo_id = 11 ) LIMIT 1   [ RunTime:0.000704s ]
NOTIC: [8] Undefined index: ycblogyangchaouserinfo /www/users/HA436620/WEB/Runtime/Cache/Home/08d30c77e78bd0ac29232fbc421b5dcd.php 第 232 行.
INFO: Run Behavior\ParseTemplate [ RunTime:0.043239s ]
INFO: [ view_parse ] --END-- [ RunTime:0.043311s ]
INFO: [ view_filter ] --START--
INFO: Run Behavior\WriteHtmlCache [ RunTime:0.000553s ]
INFO: [ view_filter ] --END-- [ RunTime:0.000623s ]
INFO: [ app_end ] --START--
INFO: Run Behavior\ShowPageTrace [ RunTime:0.001641s ]
INFO: [ app_end ] --END-- [ RunTime:0.001716s ]

[ 2017-11-27T14:44:23+08:00 ] 222.142.186.18 /index.php/Home/User/oauth_login/type/qq.html
INFO: [ app_begin ] --START--
INFO: Run Behavior\ReadHtmlCache [ RunTime:0.001286s ]
INFO: [ app_begin ] --END-- [ RunTime:0.002298s ]
SQL: SHOW COLUMNS FROM `yc_link` [ RunTime:0.001509s ]
SQL: SELECT * FROM `yc_link`  [ RunTime:0.000992s ]
SQL: SHOW COLUMNS FROM `yc_article_type` [ RunTime:0.001752s ]
SQL: SELECT * FROM `yc_article_type`  [ RunTime:0.000717s ]
SQL: SHOW COLUMNS FROM `yc_article_label` [ RunTime:0.001845s ]
SQL: SELECT * FROM `yc_article_label`  [ RunTime:0.000786s ]

[ 2017-11-27T14:44:27+08:00 ] 222.142.186.18 /index.php/Api/Index/oauth/type/qq?code=A97AD76FA1B7B9315DCD076531698B49
INFO: [ app_begin ] --START--
INFO: Run Behavior\ReadHtmlCache [ RunTime:0.001345s ]
INFO: [ app_begin ] --END-- [ RunTime:0.002350s ]
SQL: SHOW COLUMNS FROM `yc_link` [ RunTime:0.001459s ]
SQL: SELECT * FROM `yc_link`  [ RunTime:0.000653s ]
SQL: SHOW COLUMNS FROM `yc_article_type` [ RunTime:0.001073s ]
SQL: SELECT * FROM `yc_article_type`  [ RunTime:0.000692s ]
SQL: SHOW COLUMNS FROM `yc_article_label` [ RunTime:0.001079s ]
SQL: SELECT * FROM `yc_article_label`  [ RunTime:0.000830s ]
SQL: SHOW COLUMNS FROM `yc_user` [ RunTime:0.002072s ]
ERR: Think\Model:getDataByOpenid方法不存在！

[ 2017-11-27T14:46:21+08:00 ] 222.142.186.18 /index.php/Api/Index/oauth/type/qq?code=A97AD76FA1B7B9315DCD076531698B49
INFO: [ app_begin ] --START--
INFO: Run Behavior\ReadHtmlCache [ RunTime:0.001280s ]
INFO: [ app_begin ] --END-- [ RunTime:0.002195s ]
SQL: SHOW COLUMNS FROM `yc_link` [ RunTime:0.001429s ]
SQL: SELECT * FROM `yc_link`  [ RunTime:0.000819s ]
SQL: SHOW COLUMNS FROM `yc_article_type` [ RunTime:0.001337s ]
SQL: SELECT * FROM `yc_article_type`  [ RunTime:0.000783s ]
SQL: SHOW COLUMNS FROM `yc_article_label` [ RunTime:0.001339s ]
SQL: SELECT * FROM `yc_article_label`  [ RunTime:0.000570s ]
NOTIC: [8] Undefined index: access_token /www/users/HA436620/WEB/ThinkPHP/Library/Org/ThinkSDK/sdk/QqSDK.class.php 第 65 行.
ERR: 获取腾讯QQ ACCESS_TOKEN 出错：callback( {"error":100020,"error_description":"code is reused error"} );


[ 2017-11-27T14:47:43+08:00 ] 222.142.186.18 /index.php/Api/Index/oauth/type/qq?code=285496F889B5198136D2CA81C0D10B18
INFO: [ app_begin ] --START--
INFO: Run Behavior\ReadHtmlCache [ RunTime:0.001281s ]
INFO: [ app_begin ] --END-- [ RunTime:0.002206s ]
SQL: SHOW COLUMNS FROM `yc_link` [ RunTime:0.001784s ]
SQL: SELECT * FROM `yc_link`  [ RunTime:0.000749s ]
SQL: SHOW COLUMNS FROM `yc_article_type` [ RunTime:0.001187s ]
SQL: SELECT * FROM `yc_article_type`  [ RunTime:0.001186s ]
SQL: SHOW COLUMNS FROM `yc_article_label` [ RunTime:0.001182s ]
SQL: SELECT * FROM `yc_article_label`  [ RunTime:0.000611s ]
SQL: SHOW COLUMNS FROM `yc_user` [ RunTime:0.001767s ]
ERR: Think\Model:getDataByOpenid方法不存在！

[ 2017-11-27T14:59:34+08:00 ] 222.142.186.18 /index.php/Home/User/oauth_login/type/qq.html
INFO: [ app_begin ] --START--
INFO: Run Behavior\ReadHtmlCache [ RunTime:0.001297s ]
INFO: [ app_begin ] --END-- [ RunTime:0.002203s ]
SQL: SHOW COLUMNS FROM `yc_link` [ RunTime:0.001547s ]
SQL: SELECT * FROM `yc_link`  [ RunTime:0.000640s ]
SQL: SHOW COLUMNS FROM `yc_article_type` [ RunTime:0.001090s ]
SQL: SELECT * FROM `yc_article_type`  [ RunTime:0.000655s ]
SQL: SHOW COLUMNS FROM `yc_article_label` [ RunTime:0.001023s ]
SQL: SELECT * FROM `yc_article_label`  [ RunTime:0.000891s ]

[ 2017-11-27T14:59:39+08:00 ] 222.142.186.18 /index.php/Api/Index/oauth/type/qq?code=B7E17CFA10C0D0F1B3A2C38690EBD12C
INFO: [ app_begin ] --START--
INFO: Run Behavior\ReadHtmlCache [ RunTime:0.002611s ]
INFO: [ app_begin ] --END-- [ RunTime:0.003771s ]
SQL: SHOW COLUMNS FROM `yc_link` [ RunTime:0.001246s ]
SQL: SELECT * FROM `yc_link`  [ RunTime:0.000550s ]
SQL: SHOW COLUMNS FROM `yc_article_type` [ RunTime:0.001101s ]
SQL: SELECT * FROM `yc_article_type`  [ RunTime:0.000596s ]
SQL: SHOW COLUMNS FROM `yc_article_label` [ RunTime:0.000963s ]
SQL: SELECT * FROM `yc_article_label`  [ RunTime:0.000780s ]
SQL: SHOW COLUMNS FROM `yc_user` [ RunTime:0.004904s ]
SQL: SELECT * FROM `yc_user` LIMIT 1   [ RunTime:0.004000s ]
SQL: INSERT INTO `yc_user` (`type`,`head_img`) VALUES (1,'http://qzapp.qlogo.cn/qzapp/101443168/A1465B0397C29BED3FDF193927062280/100') [ RunTime:0.039048s ]

[ 2017-11-27T14:59:39+08:00 ] 222.142.186.18 /
INFO: [ app_begin ] --START--
INFO: Run Behavior\ReadHtmlCache [ RunTime:0.001283s ]
INFO: [ app_begin ] --END-- [ RunTime:0.002192s ]
SQL: SHOW COLUMNS FROM `yc_link` [ RunTime:0.004476s ]
SQL: SELECT * FROM `yc_link`  [ RunTime:0.002814s ]
SQL: SHOW COLUMNS FROM `yc_article_type` [ RunTime:0.002556s ]
SQL: SELECT * FROM `yc_article_type`  [ RunTime:0.002911s ]
SQL: SHOW COLUMNS FROM `yc_article_label` [ RunTime:0.004248s ]
SQL: SELECT * FROM `yc_article_label`  [ RunTime:0.003185s ]
SQL: SHOW COLUMNS FROM `yc_article_view` [ RunTime:0.003915s ]
SQL: SELECT COUNT(*) AS tp_count FROM `yc_article_view` WHERE ( `is_show` = 1 ) LIMIT 1   [ RunTime:0.003503s ]
SQL: SELECT * FROM `yc_article_view` WHERE ( `is_show` = 1 ) ORDER BY add_time desc LIMIT 0,10   [ RunTime:0.014758s ]
SQL: SHOW COLUMNS FROM `yc_al_relation` [ RunTime:0.002198s ]
SQL: SELECT * FROM yc_al_relation a INNER JOIN yc_article_label as b on a.lid = b.lid  WHERE ( `aid` = '48' )  [ RunTime:0.000865s ]
SQL: SELECT * FROM yc_al_relation a INNER JOIN yc_article_label as b on a.lid = b.lid  WHERE ( `aid` = '50' )  [ RunTime:0.000859s ]
NOTIC: [8] Undefined variable: tname /www/users/HA436620/WEB/Application/Common/Model/ArticleViewModel.class.php 第 63 行.
NOTIC: [8] Undefined variable: lname /www/users/HA436620/WEB/Application/Common/Model/ArticleViewModel.class.php 第 64 行.
INFO: [ view_parse ] --START--
INFO: [ template_filter ] --START--
INFO: Run Behavior\ContentReplace [ RunTime:0.000609s ]
INFO: [ template_filter ] --END-- [ RunTime:0.000730s ]
NOTIC: [8] Undefined variable: article /www/users/HA436620/WEB/Runtime/Cache/Home/08d30c77e78bd0ac29232fbc421b5dcd.php 第 5 行.
NOTIC: [8] Undefined variable: knowledge /www/users/HA436620/WEB/Runtime/Cache/Home/08d30c77e78bd0ac29232fbc421b5dcd.php 第 5 行.
NOTIC: [8] Undefined index: ycblogyangchaouserinfo /www/users/HA436620/WEB/Runtime/Cache/Home/08d30c77e78bd0ac29232fbc421b5dcd.php 第 53 行.
NOTIC: [8] Use of undefined constant qq - assumed 'qq' /www/users/HA436620/WEB/Runtime/Cache/Home/08d30c77e78bd0ac29232fbc421b5dcd.php 第 61 行.
NOTIC: [8] Use of undefined constant logo_id - assumed 'logo_id' /www/users/HA436620/WEB/Runtime/Cache/Home/08d30c77e78bd0ac29232fbc421b5dcd.php 第 222 行.
NOTIC: [8] Array to string conversion /www/users/HA436620/WEB/Runtime/Cache/Home/08d30c77e78bd0ac29232fbc421b5dcd.php 第 222 行.
SQL: SHOW COLUMNS FROM `yc_article_logo` [ RunTime:0.004207s ]
SQL: SELECT * FROM `yc_article_logo` WHERE ( logo_id = 11 ) LIMIT 1   [ RunTime:0.000790s ]
NOTIC: [8] Use of undefined constant logo_id - assumed 'logo_id' /www/users/HA436620/WEB/Runtime/Cache/Home/08d30c77e78bd0ac29232fbc421b5dcd.php 第 222 行.
NOTIC: [8] Array to string conversion /www/users/HA436620/WEB/Runtime/Cache/Home/08d30c77e78bd0ac29232fbc421b5dcd.php 第 222 行.
SQL: SELECT * FROM `yc_article_logo` WHERE ( logo_id = 11 ) LIMIT 1   [ RunTime:0.000764s ]
NOTIC: [8] Use of undefined constant logo_id - assumed 'logo_id' /www/users/HA436620/WEB/Runtime/Cache/Home/08d30c77e78bd0ac29232fbc421b5dcd.php 第 222 行.
NOTIC: [8] Array to string conversion /www/users/HA436620/WEB/Runtime/Cache/Home/08d30c77e78bd0ac29232fbc421b5dcd.php 第 222 行.
SQL: SELECT * FROM `yc_article_logo` WHERE ( logo_id = 11 ) LIMIT 1   [ RunTime:0.000655s ]
NOTIC: [8] Undefined index: ycblogyangchaouserinfo /www/users/HA436620/WEB/Runtime/Cache/Home/08d30c77e78bd0ac29232fbc421b5dcd.php 第 232 行.
INFO: Run Behavior\ParseTemplate [ RunTime:0.079521s ]
INFO: [ view_parse ] --END-- [ RunTime:0.079627s ]
INFO: [ view_filter ] --START--
INFO: Run Behavior\WriteHtmlCache [ RunTime:0.000885s ]
INFO: [ view_filter ] --END-- [ RunTime:0.001048s ]
INFO: [ app_end ] --START--
INFO: Run Behavior\ShowPageTrace [ RunTime:0.002336s ]
INFO: [ app_end ] --END-- [ RunTime:0.002454s ]

