[ 2017-11-11T16:41:11+08:00 ] 115.52.189.72 /
INFO: [ app_begin ] --START--
INFO: Run Behavior\ReadHtmlCache [ RunTime:0.002259s ]
INFO: [ app_begin ] --END-- [ RunTime:0.004172s ]
SQL: SHOW COLUMNS FROM `yc_link` [ RunTime:0.001340s ]
SQL: SELECT * FROM `yc_link`  [ RunTime:0.000899s ]
SQL: SHOW COLUMNS FROM `yc_article_type` [ RunTime:0.001388s ]
SQL: SELECT * FROM `yc_article_type`  [ RunTime:0.000856s ]
SQL: SHOW COLUMNS FROM `yc_article_label` [ RunTime:0.001370s ]
SQL: SELECT * FROM `yc_article_label`  [ RunTime:0.000716s ]
SQL: SHOW COLUMNS FROM `yc_article_view` [ RunTime:0.002402s ]
SQL: SELECT COUNT(*) AS tp_count FROM `yc_article_view` WHERE ( `is_show` = 1 ) LIMIT 1   [ RunTime:0.002086s ]
SQL: SELECT * FROM `yc_article_view` WHERE ( `is_show` = 1 ) ORDER BY add_time desc LIMIT 0,10   [ RunTime:0.004513s ]
SQL: SHOW COLUMNS FROM `yc_al_relation` [ RunTime:0.001981s ]
SQL: SELECT * FROM yc_al_relation a INNER JOIN yc_article_label as b on a.lid = b.lid  WHERE ( `aid` = '48' )  [ RunTime:0.001102s ]
NOTIC: [8] Undefined variable: tname /www/users/HA436620/WEB/Application/Common/Model/ArticleViewModel.class.php 第 63 行.
NOTIC: [8] Undefined variable: lname /www/users/HA436620/WEB/Application/Common/Model/ArticleViewModel.class.php 第 64 行.
INFO: [ view_parse ] --START--
INFO: [ template_filter ] --START--
INFO: Run Behavior\ContentReplace [ RunTime:0.000661s ]
INFO: [ template_filter ] --END-- [ RunTime:0.000750s ]
NOTIC: [8] Undefined variable: article /www/users/HA436620/WEB/Runtime/Cache/Home/08d30c77e78bd0ac29232fbc421b5dcd.php 第 5 行.
NOTIC: [8] Undefined variable: knowledge /www/users/HA436620/WEB/Runtime/Cache/Home/08d30c77e78bd0ac29232fbc421b5dcd.php 第 5 行.
NOTIC: [8] Undefined index: ycblogyangchaouserinfo /www/users/HA436620/WEB/Runtime/Cache/Home/08d30c77e78bd0ac29232fbc421b5dcd.php 第 54 行.
NOTIC: [8] Undefined index: ycblog1224userinfo /www/users/HA436620/WEB/Runtime/Cache/Home/08d30c77e78bd0ac29232fbc421b5dcd.php 第 190 行.
NOTIC: [8] Use of undefined constant logo_id - assumed 'logo_id' /www/users/HA436620/WEB/Runtime/Cache/Home/08d30c77e78bd0ac29232fbc421b5dcd.php 第 223 行.
NOTIC: [8] Array to string conversion /www/users/HA436620/WEB/Runtime/Cache/Home/08d30c77e78bd0ac29232fbc421b5dcd.php 第 223 行.
SQL: SHOW COLUMNS FROM `yc_article_logo` [ RunTime:0.001781s ]
SQL: SELECT * FROM `yc_article_logo` WHERE ( logo_id = 11 ) LIMIT 1   [ RunTime:0.000941s ]
NOTIC: [8] Use of undefined constant logo_id - assumed 'logo_id' /www/users/HA436620/WEB/Runtime/Cache/Home/08d30c77e78bd0ac29232fbc421b5dcd.php 第 223 行.
NOTIC: [8] Array to string conversion /www/users/HA436620/WEB/Runtime/Cache/Home/08d30c77e78bd0ac29232fbc421b5dcd.php 第 223 行.
SQL: SELECT * FROM `yc_article_logo` WHERE ( logo_id = 11 ) LIMIT 1   [ RunTime:0.000728s ]
NOTIC: [8] Undefined index: ycblogyangchaouserinfo /www/users/HA436620/WEB/Runtime/Cache/Home/08d30c77e78bd0ac29232fbc421b5dcd.php 第 233 行.
INFO: Run Behavior\ParseTemplate [ RunTime:0.123574s ]
INFO: [ view_parse ] --END-- [ RunTime:0.123660s ]
INFO: [ view_filter ] --START--
INFO: Run Behavior\WriteHtmlCache [ RunTime:0.007688s ]
INFO: [ view_filter ] --END-- [ RunTime:0.007765s ]
INFO: [ app_end ] --START--
INFO: Run Behavior\ShowPageTrace [ RunTime:0.005297s ]
INFO: [ app_end ] --END-- [ RunTime:0.005373s ]

[ 2017-11-11T16:41:18+08:00 ] 115.52.189.72 /Template/default/Home/Public/js/jquery.min.map
INFO: [ app_begin ] --START--
INFO: Run Behavior\ReadHtmlCache [ RunTime:0.001321s ]
INFO: [ app_begin ] --END-- [ RunTime:0.002204s ]
ERR: 无法加载控制器:Template

[ 2017-11-11T16:43:29+08:00 ] 115.52.189.72 /
INFO: [ app_begin ] --START--
INFO: Run Behavior\ReadHtmlCache [ RunTime:0.001285s ]
INFO: [ app_begin ] --END-- [ RunTime:0.002166s ]
SQL: SHOW COLUMNS FROM `yc_link` [ RunTime:0.001766s ]
SQL: SELECT * FROM `yc_link`  [ RunTime:0.000597s ]
SQL: SHOW COLUMNS FROM `yc_article_type` [ RunTime:0.001366s ]
SQL: SELECT * FROM `yc_article_type`  [ RunTime:0.000629s ]
SQL: SHOW COLUMNS FROM `yc_article_label` [ RunTime:0.001552s ]
SQL: SELECT * FROM `yc_article_label`  [ RunTime:0.000591s ]
SQL: SHOW COLUMNS FROM `yc_article_view` [ RunTime:0.002496s ]
SQL: SELECT COUNT(*) AS tp_count FROM `yc_article_view` WHERE ( `is_show` = 1 ) LIMIT 1   [ RunTime:0.001089s ]
SQL: SELECT * FROM `yc_article_view` WHERE ( `is_show` = 1 ) ORDER BY add_time desc LIMIT 0,10   [ RunTime:0.003353s ]
SQL: SHOW COLUMNS FROM `yc_al_relation` [ RunTime:0.005853s ]
SQL: SELECT * FROM yc_al_relation a INNER JOIN yc_article_label as b on a.lid = b.lid  WHERE ( `aid` = '48' )  [ RunTime:0.000921s ]
NOTIC: [8] Undefined variable: tname /www/users/HA436620/WEB/Application/Common/Model/ArticleViewModel.class.php 第 63 行.
NOTIC: [8] Undefined variable: lname /www/users/HA436620/WEB/Application/Common/Model/ArticleViewModel.class.php 第 64 行.
INFO: [ view_parse ] --START--
INFO: [ template_filter ] --START--
INFO: Run Behavior\ContentReplace [ RunTime:0.000616s ]
INFO: [ template_filter ] --END-- [ RunTime:0.000702s ]
NOTIC: [8] Undefined variable: article /www/users/HA436620/WEB/Runtime/Cache/Home/08d30c77e78bd0ac29232fbc421b5dcd.php 第 5 行.
NOTIC: [8] Undefined variable: knowledge /www/users/HA436620/WEB/Runtime/Cache/Home/08d30c77e78bd0ac29232fbc421b5dcd.php 第 5 行.
NOTIC: [8] Undefined index: ycblogyangchaouserinfo /www/users/HA436620/WEB/Runtime/Cache/Home/08d30c77e78bd0ac29232fbc421b5dcd.php 第 54 行.
NOTIC: [8] Undefined index: ycblog1224userinfo /www/users/HA436620/WEB/Runtime/Cache/Home/08d30c77e78bd0ac29232fbc421b5dcd.php 第 190 行.
NOTIC: [8] Use of undefined constant logo_id - assumed 'logo_id' /www/users/HA436620/WEB/Runtime/Cache/Home/08d30c77e78bd0ac29232fbc421b5dcd.php 第 223 行.
NOTIC: [8] Array to string conversion /www/users/HA436620/WEB/Runtime/Cache/Home/08d30c77e78bd0ac29232fbc421b5dcd.php 第 223 行.
SQL: SHOW COLUMNS FROM `yc_article_logo` [ RunTime:0.027198s ]
SQL: SELECT * FROM `yc_article_logo` WHERE ( logo_id = 11 ) LIMIT 1   [ RunTime:0.001863s ]
NOTIC: [8] Use of undefined constant logo_id - assumed 'logo_id' /www/users/HA436620/WEB/Runtime/Cache/Home/08d30c77e78bd0ac29232fbc421b5dcd.php 第 223 行.
NOTIC: [8] Array to string conversion /www/users/HA436620/WEB/Runtime/Cache/Home/08d30c77e78bd0ac29232fbc421b5dcd.php 第 223 行.
SQL: SELECT * FROM `yc_article_logo` WHERE ( logo_id = 11 ) LIMIT 1   [ RunTime:0.005397s ]
NOTIC: [8] Undefined index: ycblogyangchaouserinfo /www/users/HA436620/WEB/Runtime/Cache/Home/08d30c77e78bd0ac29232fbc421b5dcd.php 第 233 行.
INFO: Run Behavior\ParseTemplate [ RunTime:0.074927s ]
INFO: [ view_parse ] --END-- [ RunTime:0.075010s ]
INFO: [ view_filter ] --START--
INFO: Run Behavior\WriteHtmlCache [ RunTime:0.000590s ]
INFO: [ view_filter ] --END-- [ RunTime:0.000687s ]
INFO: [ app_end ] --START--
INFO: Run Behavior\ShowPageTrace [ RunTime:0.001452s ]
INFO: [ app_end ] --END-- [ RunTime:0.001597s ]

[ 2017-11-11T16:43:31+08:00 ] 115.52.189.72 /Template/default/Home/Public/js/jquery.min.map
INFO: [ app_begin ] --START--
INFO: Run Behavior\ReadHtmlCache [ RunTime:0.001401s ]
INFO: [ app_begin ] --END-- [ RunTime:0.002297s ]
ERR: 无法加载控制器:Template

[ 2017-11-11T16:52:00+08:00 ] 123.125.67.221 /
INFO: [ app_begin ] --START--
INFO: Run Behavior\ReadHtmlCache [ RunTime:0.001258s ]
INFO: [ app_begin ] --END-- [ RunTime:0.002153s ]
SQL: SHOW COLUMNS FROM `yc_link` [ RunTime:0.001995s ]
SQL: SELECT * FROM `yc_link`  [ RunTime:0.000754s ]
SQL: SHOW COLUMNS FROM `yc_article_type` [ RunTime:0.002856s ]
SQL: SELECT * FROM `yc_article_type`  [ RunTime:0.002353s ]
SQL: SHOW COLUMNS FROM `yc_article_label` [ RunTime:0.002183s ]
SQL: SELECT * FROM `yc_article_label`  [ RunTime:0.002910s ]
SQL: SHOW COLUMNS FROM `yc_article_view` [ RunTime:0.003263s ]
SQL: SELECT COUNT(*) AS tp_count FROM `yc_article_view` WHERE ( `is_show` = 1 ) LIMIT 1   [ RunTime:0.002282s ]
SQL: SELECT * FROM `yc_article_view` WHERE ( `is_show` = 1 ) ORDER BY add_time desc LIMIT 0,10   [ RunTime:0.005260s ]
SQL: SHOW COLUMNS FROM `yc_al_relation` [ RunTime:0.061447s ]
SQL: SELECT * FROM yc_al_relation a INNER JOIN yc_article_label as b on a.lid = b.lid  WHERE ( `aid` = '48' )  [ RunTime:0.002852s ]
NOTIC: [8] Undefined variable: tname /www/users/HA436620/WEB/Application/Common/Model/ArticleViewModel.class.php 第 63 行.
NOTIC: [8] Undefined variable: lname /www/users/HA436620/WEB/Application/Common/Model/ArticleViewModel.class.php 第 64 行.
INFO: [ view_parse ] --START--
INFO: [ template_filter ] --START--
INFO: Run Behavior\ContentReplace [ RunTime:0.000575s ]
INFO: [ template_filter ] --END-- [ RunTime:0.000663s ]
NOTIC: [8] Undefined variable: article /www/users/HA436620/WEB/Runtime/Cache/Home/08d30c77e78bd0ac29232fbc421b5dcd.php 第 5 行.
NOTIC: [8] Undefined variable: knowledge /www/users/HA436620/WEB/Runtime/Cache/Home/08d30c77e78bd0ac29232fbc421b5dcd.php 第 5 行.
NOTIC: [8] Undefined index: ycblogyangchaouserinfo /www/users/HA436620/WEB/Runtime/Cache/Home/08d30c77e78bd0ac29232fbc421b5dcd.php 第 54 行.
NOTIC: [8] Undefined index: ycblog1224userinfo /www/users/HA436620/WEB/Runtime/Cache/Home/08d30c77e78bd0ac29232fbc421b5dcd.php 第 190 行.
NOTIC: [8] Use of undefined constant logo_id - assumed 'logo_id' /www/users/HA436620/WEB/Runtime/Cache/Home/08d30c77e78bd0ac29232fbc421b5dcd.php 第 223 行.
NOTIC: [8] Array to string conversion /www/users/HA436620/WEB/Runtime/Cache/Home/08d30c77e78bd0ac29232fbc421b5dcd.php 第 223 行.
SQL: SHOW COLUMNS FROM `yc_article_logo` [ RunTime:0.002318s ]
SQL: SELECT * FROM `yc_article_logo` WHERE ( logo_id = 11 ) LIMIT 1   [ RunTime:0.000776s ]
NOTIC: [8] Use of undefined constant logo_id - assumed 'logo_id' /www/users/HA436620/WEB/Runtime/Cache/Home/08d30c77e78bd0ac29232fbc421b5dcd.php 第 223 行.
NOTIC: [8] Array to string conversion /www/users/HA436620/WEB/Runtime/Cache/Home/08d30c77e78bd0ac29232fbc421b5dcd.php 第 223 行.
SQL: SELECT * FROM `yc_article_logo` WHERE ( logo_id = 11 ) LIMIT 1   [ RunTime:0.001142s ]
NOTIC: [8] Undefined index: ycblogyangchaouserinfo /www/users/HA436620/WEB/Runtime/Cache/Home/08d30c77e78bd0ac29232fbc421b5dcd.php 第 233 行.
INFO: Run Behavior\ParseTemplate [ RunTime:0.044522s ]
INFO: [ view_parse ] --END-- [ RunTime:0.044624s ]
INFO: [ view_filter ] --START--
INFO: Run Behavior\WriteHtmlCache [ RunTime:0.000721s ]
INFO: [ view_filter ] --END-- [ RunTime:0.000820s ]
INFO: [ app_end ] --START--
INFO: Run Behavior\ShowPageTrace [ RunTime:0.001973s ]
INFO: [ app_end ] --END-- [ RunTime:0.002074s ]

[ 2017-11-11T16:53:02+08:00 ] 123.125.67.224 /
INFO: [ app_begin ] --START--
INFO: Run Behavior\ReadHtmlCache [ RunTime:0.001246s ]
INFO: [ app_begin ] --END-- [ RunTime:0.002141s ]
SQL: SHOW COLUMNS FROM `yc_link` [ RunTime:0.235058s ]
SQL: SELECT * FROM `yc_link`  [ RunTime:0.000896s ]
SQL: SHOW COLUMNS FROM `yc_article_type` [ RunTime:0.622277s ]
SQL: SELECT * FROM `yc_article_type`  [ RunTime:0.004681s ]
SQL: SHOW COLUMNS FROM `yc_article_label` [ RunTime:0.058531s ]
SQL: SELECT * FROM `yc_article_label`  [ RunTime:0.002040s ]
SQL: SHOW COLUMNS FROM `yc_article_view` [ RunTime:0.003102s ]
SQL: SELECT COUNT(*) AS tp_count FROM `yc_article_view` WHERE ( `is_show` = 1 ) LIMIT 1   [ RunTime:0.007659s ]
SQL: SELECT * FROM `yc_article_view` WHERE ( `is_show` = 1 ) ORDER BY add_time desc LIMIT 0,10   [ RunTime:0.008756s ]
SQL: SHOW COLUMNS FROM `yc_al_relation` [ RunTime:0.001651s ]
SQL: SELECT * FROM yc_al_relation a INNER JOIN yc_article_label as b on a.lid = b.lid  WHERE ( `aid` = '48' )  [ RunTime:0.000812s ]
NOTIC: [8] Undefined variable: tname /www/users/HA436620/WEB/Application/Common/Model/ArticleViewModel.class.php 第 63 行.
NOTIC: [8] Undefined variable: lname /www/users/HA436620/WEB/Application/Common/Model/ArticleViewModel.class.php 第 64 行.
INFO: [ view_parse ] --START--
INFO: [ template_filter ] --START--
INFO: Run Behavior\ContentReplace [ RunTime:0.000600s ]
INFO: [ template_filter ] --END-- [ RunTime:0.000690s ]
NOTIC: [8] Undefined variable: article /www/users/HA436620/WEB/Runtime/Cache/Home/08d30c77e78bd0ac29232fbc421b5dcd.php 第 5 行.
NOTIC: [8] Undefined variable: knowledge /www/users/HA436620/WEB/Runtime/Cache/Home/08d30c77e78bd0ac29232fbc421b5dcd.php 第 5 行.
NOTIC: [8] Undefined index: ycblogyangchaouserinfo /www/users/HA436620/WEB/Runtime/Cache/Home/08d30c77e78bd0ac29232fbc421b5dcd.php 第 54 行.
NOTIC: [8] Undefined index: ycblog1224userinfo /www/users/HA436620/WEB/Runtime/Cache/Home/08d30c77e78bd0ac29232fbc421b5dcd.php 第 190 行.
NOTIC: [8] Use of undefined constant logo_id - assumed 'logo_id' /www/users/HA436620/WEB/Runtime/Cache/Home/08d30c77e78bd0ac29232fbc421b5dcd.php 第 223 行.
NOTIC: [8] Array to string conversion /www/users/HA436620/WEB/Runtime/Cache/Home/08d30c77e78bd0ac29232fbc421b5dcd.php 第 223 行.
SQL: SHOW COLUMNS FROM `yc_article_logo` [ RunTime:0.181973s ]
SQL: SELECT * FROM `yc_article_logo` WHERE ( logo_id = 11 ) LIMIT 1   [ RunTime:0.000978s ]
NOTIC: [8] Use of undefined constant logo_id - assumed 'logo_id' /www/users/HA436620/WEB/Runtime/Cache/Home/08d30c77e78bd0ac29232fbc421b5dcd.php 第 223 行.
NOTIC: [8] Array to string conversion /www/users/HA436620/WEB/Runtime/Cache/Home/08d30c77e78bd0ac29232fbc421b5dcd.php 第 223 行.
SQL: SELECT * FROM `yc_article_logo` WHERE ( logo_id = 11 ) LIMIT 1   [ RunTime:0.000961s ]
NOTIC: [8] Undefined index: ycblogyangchaouserinfo /www/users/HA436620/WEB/Runtime/Cache/Home/08d30c77e78bd0ac29232fbc421b5dcd.php 第 233 行.
INFO: Run Behavior\ParseTemplate [ RunTime:0.223407s ]
INFO: [ view_parse ] --END-- [ RunTime:0.223489s ]
INFO: [ view_filter ] --START--
INFO: Run Behavior\WriteHtmlCache [ RunTime:0.000632s ]
INFO: [ view_filter ] --END-- [ RunTime:0.000701s ]
INFO: [ app_end ] --START--
INFO: Run Behavior\ShowPageTrace [ RunTime:0.001451s ]
INFO: [ app_end ] --END-- [ RunTime:0.001535s ]

[ 2017-11-11T16:54:30+08:00 ] 115.52.189.72 /
INFO: [ app_begin ] --START--
INFO: Run Behavior\ReadHtmlCache [ RunTime:0.001302s ]
INFO: [ app_begin ] --END-- [ RunTime:0.002173s ]
SQL: SHOW COLUMNS FROM `yc_link` [ RunTime:0.001517s ]
SQL: SELECT * FROM `yc_link`  [ RunTime:0.004449s ]
SQL: SHOW COLUMNS FROM `yc_article_type` [ RunTime:0.001991s ]
SQL: SELECT * FROM `yc_article_type`  [ RunTime:0.000686s ]
SQL: SHOW COLUMNS FROM `yc_article_label` [ RunTime:0.001548s ]
SQL: SELECT * FROM `yc_article_label`  [ RunTime:0.000647s ]
SQL: SHOW COLUMNS FROM `yc_article_view` [ RunTime:0.003774s ]
SQL: SELECT COUNT(*) AS tp_count FROM `yc_article_view` WHERE ( `is_show` = 1 ) LIMIT 1   [ RunTime:0.004009s ]
SQL: SELECT * FROM `yc_article_view` WHERE ( `is_show` = 1 ) ORDER BY add_time desc LIMIT 0,10   [ RunTime:0.004292s ]
SQL: SHOW COLUMNS FROM `yc_al_relation` [ RunTime:0.001703s ]
SQL: SELECT * FROM yc_al_relation a INNER JOIN yc_article_label as b on a.lid = b.lid  WHERE ( `aid` = '48' )  [ RunTime:0.002568s ]
NOTIC: [8] Undefined variable: tname /www/users/HA436620/WEB/Application/Common/Model/ArticleViewModel.class.php 第 63 行.
NOTIC: [8] Undefined variable: lname /www/users/HA436620/WEB/Application/Common/Model/ArticleViewModel.class.php 第 64 行.
INFO: [ view_parse ] --START--
INFO: [ template_filter ] --START--
INFO: Run Behavior\ContentReplace [ RunTime:0.000574s ]
INFO: [ template_filter ] --END-- [ RunTime:0.000659s ]
NOTIC: [8] Undefined variable: article /www/users/HA436620/WEB/Runtime/Cache/Home/08d30c77e78bd0ac29232fbc421b5dcd.php 第 5 行.
NOTIC: [8] Undefined variable: knowledge /www/users/HA436620/WEB/Runtime/Cache/Home/08d30c77e78bd0ac29232fbc421b5dcd.php 第 5 行.
NOTIC: [8] Undefined index: ycblogyangchaouserinfo /www/users/HA436620/WEB/Runtime/Cache/Home/08d30c77e78bd0ac29232fbc421b5dcd.php 第 54 行.
NOTIC: [8] Undefined index: ycblog1224userinfo /www/users/HA436620/WEB/Runtime/Cache/Home/08d30c77e78bd0ac29232fbc421b5dcd.php 第 190 行.
NOTIC: [8] Use of undefined constant logo_id - assumed 'logo_id' /www/users/HA436620/WEB/Runtime/Cache/Home/08d30c77e78bd0ac29232fbc421b5dcd.php 第 223 行.
NOTIC: [8] Array to string conversion /www/users/HA436620/WEB/Runtime/Cache/Home/08d30c77e78bd0ac29232fbc421b5dcd.php 第 223 行.
SQL: SHOW COLUMNS FROM `yc_article_logo` [ RunTime:0.001895s ]
SQL: SELECT * FROM `yc_article_logo` WHERE ( logo_id = 11 ) LIMIT 1   [ RunTime:0.000991s ]
NOTIC: [8] Use of undefined constant logo_id - assumed 'logo_id' /www/users/HA436620/WEB/Runtime/Cache/Home/08d30c77e78bd0ac29232fbc421b5dcd.php 第 223 行.
NOTIC: [8] Array to string conversion /www/users/HA436620/WEB/Runtime/Cache/Home/08d30c77e78bd0ac29232fbc421b5dcd.php 第 223 行.
SQL: SELECT * FROM `yc_article_logo` WHERE ( logo_id = 11 ) LIMIT 1   [ RunTime:0.001778s ]
NOTIC: [8] Undefined index: ycblogyangchaouserinfo /www/users/HA436620/WEB/Runtime/Cache/Home/08d30c77e78bd0ac29232fbc421b5dcd.php 第 233 行.
INFO: Run Behavior\ParseTemplate [ RunTime:0.042642s ]
INFO: [ view_parse ] --END-- [ RunTime:0.042724s ]
INFO: [ view_filter ] --START--
INFO: Run Behavior\WriteHtmlCache [ RunTime:0.000518s ]
INFO: [ view_filter ] --END-- [ RunTime:0.000588s ]
INFO: [ app_end ] --START--
INFO: Run Behavior\ShowPageTrace [ RunTime:0.001442s ]
INFO: [ app_end ] --END-- [ RunTime:0.001517s ]

[ 2017-11-11T17:12:27+08:00 ] 115.52.189.72 /
INFO: [ app_begin ] --START--
INFO: Run Behavior\ReadHtmlCache [ RunTime:0.001277s ]
INFO: [ app_begin ] --END-- [ RunTime:0.002213s ]
SQL: SHOW COLUMNS FROM `yc_link` [ RunTime:0.001606s ]
SQL: SELECT * FROM `yc_link`  [ RunTime:0.000687s ]
SQL: SHOW COLUMNS FROM `yc_article_type` [ RunTime:0.001805s ]
SQL: SELECT * FROM `yc_article_type`  [ RunTime:0.000614s ]
SQL: SHOW COLUMNS FROM `yc_article_label` [ RunTime:0.001442s ]
SQL: SELECT * FROM `yc_article_label`  [ RunTime:0.000658s ]
SQL: SHOW COLUMNS FROM `yc_article_view` [ RunTime:0.002879s ]
SQL: SELECT COUNT(*) AS tp_count FROM `yc_article_view` WHERE ( `is_show` = 1 ) LIMIT 1   [ RunTime:0.001255s ]
SQL: SELECT * FROM `yc_article_view` WHERE ( `is_show` = 1 ) ORDER BY add_time desc LIMIT 0,10   [ RunTime:0.003521s ]
SQL: SHOW COLUMNS FROM `yc_al_relation` [ RunTime:0.001352s ]
SQL: SELECT * FROM yc_al_relation a INNER JOIN yc_article_label as b on a.lid = b.lid  WHERE ( `aid` = '48' )  [ RunTime:0.000688s ]
NOTIC: [8] Undefined variable: tname /www/users/HA436620/WEB/Application/Common/Model/ArticleViewModel.class.php 第 63 行.
NOTIC: [8] Undefined variable: lname /www/users/HA436620/WEB/Application/Common/Model/ArticleViewModel.class.php 第 64 行.
INFO: [ view_parse ] --START--
INFO: [ template_filter ] --START--
INFO: Run Behavior\ContentReplace [ RunTime:0.000601s ]
INFO: [ template_filter ] --END-- [ RunTime:0.000683s ]
NOTIC: [8] Undefined variable: article /www/users/HA436620/WEB/Runtime/Cache/Home/08d30c77e78bd0ac29232fbc421b5dcd.php 第 5 行.
NOTIC: [8] Undefined variable: knowledge /www/users/HA436620/WEB/Runtime/Cache/Home/08d30c77e78bd0ac29232fbc421b5dcd.php 第 5 行.
NOTIC: [8] Undefined index: ycblogyangchaouserinfo /www/users/HA436620/WEB/Runtime/Cache/Home/08d30c77e78bd0ac29232fbc421b5dcd.php 第 54 行.
NOTIC: [8] Undefined index: ycblog1224userinfo /www/users/HA436620/WEB/Runtime/Cache/Home/08d30c77e78bd0ac29232fbc421b5dcd.php 第 190 行.
NOTIC: [8] Use of undefined constant logo_id - assumed 'logo_id' /www/users/HA436620/WEB/Runtime/Cache/Home/08d30c77e78bd0ac29232fbc421b5dcd.php 第 223 行.
NOTIC: [8] Array to string conversion /www/users/HA436620/WEB/Runtime/Cache/Home/08d30c77e78bd0ac29232fbc421b5dcd.php 第 223 行.
SQL: SHOW COLUMNS FROM `yc_article_logo` [ RunTime:0.001812s ]
SQL: SELECT * FROM `yc_article_logo` WHERE ( logo_id = 11 ) LIMIT 1   [ RunTime:0.001625s ]
NOTIC: [8] Use of undefined constant logo_id - assumed 'logo_id' /www/users/HA436620/WEB/Runtime/Cache/Home/08d30c77e78bd0ac29232fbc421b5dcd.php 第 223 行.
NOTIC: [8] Array to string conversion /www/users/HA436620/WEB/Runtime/Cache/Home/08d30c77e78bd0ac29232fbc421b5dcd.php 第 223 行.
SQL: SELECT * FROM `yc_article_logo` WHERE ( logo_id = 11 ) LIMIT 1   [ RunTime:0.000744s ]
NOTIC: [8] Undefined index: ycblogyangchaouserinfo /www/users/HA436620/WEB/Runtime/Cache/Home/08d30c77e78bd0ac29232fbc421b5dcd.php 第 233 行.
INFO: Run Behavior\ParseTemplate [ RunTime:0.042446s ]
INFO: [ view_parse ] --END-- [ RunTime:0.042526s ]
INFO: [ view_filter ] --START--
INFO: Run Behavior\WriteHtmlCache [ RunTime:0.000515s ]
INFO: [ view_filter ] --END-- [ RunTime:0.000584s ]
INFO: [ app_end ] --START--
INFO: Run Behavior\ShowPageTrace [ RunTime:0.001486s ]
INFO: [ app_end ] --END-- [ RunTime:0.001561s ]

[ 2017-11-11T17:12:27+08:00 ] 115.52.189.72 /Template/default/Home/Public/js/baidu_js_push.js
INFO: [ app_begin ] --START--
INFO: Run Behavior\ReadHtmlCache [ RunTime:0.001245s ]
INFO: [ app_begin ] --END-- [ RunTime:0.002149s ]
ERR: 无法加载控制器:Template

[ 2017-11-11T17:12:32+08:00 ] 115.52.189.72 /Template/default/Home/Public/js/jquery.min.map
INFO: [ app_begin ] --START--
INFO: Run Behavior\ReadHtmlCache [ RunTime:0.001642s ]
INFO: [ app_begin ] --END-- [ RunTime:0.002545s ]
ERR: 无法加载控制器:Template

[ 2017-11-11T17:14:33+08:00 ] 115.52.189.72 /
INFO: [ app_begin ] --START--
INFO: Run Behavior\ReadHtmlCache [ RunTime:0.001256s ]
INFO: [ app_begin ] --END-- [ RunTime:0.002176s ]
SQL: SHOW COLUMNS FROM `yc_link` [ RunTime:0.002313s ]
SQL: SELECT * FROM `yc_link`  [ RunTime:0.001215s ]
SQL: SHOW COLUMNS FROM `yc_article_type` [ RunTime:0.002369s ]
SQL: SELECT * FROM `yc_article_type`  [ RunTime:0.001499s ]
SQL: SHOW COLUMNS FROM `yc_article_label` [ RunTime:0.001858s ]
SQL: SELECT * FROM `yc_article_label`  [ RunTime:0.000998s ]
SQL: SHOW COLUMNS FROM `yc_article_view` [ RunTime:0.003092s ]
SQL: SELECT COUNT(*) AS tp_count FROM `yc_article_view` WHERE ( `is_show` = 1 ) LIMIT 1   [ RunTime:0.001203s ]
SQL: SELECT * FROM `yc_article_view` WHERE ( `is_show` = 1 ) ORDER BY add_time desc LIMIT 0,10   [ RunTime:0.003373s ]
SQL: SHOW COLUMNS FROM `yc_al_relation` [ RunTime:0.079002s ]
SQL: SELECT * FROM yc_al_relation a INNER JOIN yc_article_label as b on a.lid = b.lid  WHERE ( `aid` = '48' )  [ RunTime:0.001085s ]
NOTIC: [8] Undefined variable: tname /www/users/HA436620/WEB/Application/Common/Model/ArticleViewModel.class.php 第 63 行.
NOTIC: [8] Undefined variable: lname /www/users/HA436620/WEB/Application/Common/Model/ArticleViewModel.class.php 第 64 行.
INFO: [ view_parse ] --START--
INFO: [ template_filter ] --START--
INFO: Run Behavior\ContentReplace [ RunTime:0.000677s ]
INFO: [ template_filter ] --END-- [ RunTime:0.000782s ]
NOTIC: [8] Undefined variable: article /www/users/HA436620/WEB/Runtime/Cache/Home/08d30c77e78bd0ac29232fbc421b5dcd.php 第 5 行.
NOTIC: [8] Undefined variable: knowledge /www/users/HA436620/WEB/Runtime/Cache/Home/08d30c77e78bd0ac29232fbc421b5dcd.php 第 5 行.
NOTIC: [8] Undefined index: ycblogyangchaouserinfo /www/users/HA436620/WEB/Runtime/Cache/Home/08d30c77e78bd0ac29232fbc421b5dcd.php 第 54 行.
NOTIC: [8] Undefined index: ycblog1224userinfo /www/users/HA436620/WEB/Runtime/Cache/Home/08d30c77e78bd0ac29232fbc421b5dcd.php 第 190 行.
NOTIC: [8] Use of undefined constant logo_id - assumed 'logo_id' /www/users/HA436620/WEB/Runtime/Cache/Home/08d30c77e78bd0ac29232fbc421b5dcd.php 第 223 行.
NOTIC: [8] Array to string conversion /www/users/HA436620/WEB/Runtime/Cache/Home/08d30c77e78bd0ac29232fbc421b5dcd.php 第 223 行.
SQL: SHOW COLUMNS FROM `yc_article_logo` [ RunTime:0.013385s ]
SQL: SELECT * FROM `yc_article_logo` WHERE ( logo_id = 11 ) LIMIT 1   [ RunTime:0.002613s ]
NOTIC: [8] Use of undefined constant logo_id - assumed 'logo_id' /www/users/HA436620/WEB/Runtime/Cache/Home/08d30c77e78bd0ac29232fbc421b5dcd.php 第 223 行.
NOTIC: [8] Array to string conversion /www/users/HA436620/WEB/Runtime/Cache/Home/08d30c77e78bd0ac29232fbc421b5dcd.php 第 223 行.
SQL: SELECT * FROM `yc_article_logo` WHERE ( logo_id = 11 ) LIMIT 1   [ RunTime:0.000994s ]
NOTIC: [8] Undefined index: ycblogyangchaouserinfo /www/users/HA436620/WEB/Runtime/Cache/Home/08d30c77e78bd0ac29232fbc421b5dcd.php 第 233 行.
INFO: Run Behavior\ParseTemplate [ RunTime:0.057093s ]
INFO: [ view_parse ] --END-- [ RunTime:0.057194s ]
INFO: [ view_filter ] --START--
INFO: Run Behavior\WriteHtmlCache [ RunTime:0.000604s ]
INFO: [ view_filter ] --END-- [ RunTime:0.000674s ]
INFO: [ app_end ] --START--
INFO: Run Behavior\ShowPageTrace [ RunTime:0.001500s ]
INFO: [ app_end ] --END-- [ RunTime:0.001575s ]

[ 2017-11-11T17:14:34+08:00 ] 115.52.189.72 /Template/default/Home/Public/js/jquery.min.map
INFO: [ app_begin ] --START--
INFO: Run Behavior\ReadHtmlCache [ RunTime:0.001278s ]
INFO: [ app_begin ] --END-- [ RunTime:0.002149s ]
ERR: 无法加载控制器:Template

[ 2017-11-11T17:39:28+08:00 ] 115.52.189.72 /category/1.html
INFO: [ app_begin ] --START--
INFO: Run Behavior\ReadHtmlCache [ RunTime:0.001276s ]
INFO: [ app_begin ] --END-- [ RunTime:0.002169s ]
SQL: SHOW COLUMNS FROM `yc_link` [ RunTime:0.005333s ]
SQL: SELECT * FROM `yc_link`  [ RunTime:0.001110s ]
SQL: SHOW COLUMNS FROM `yc_article_type` [ RunTime:0.003548s ]
SQL: SELECT * FROM `yc_article_type`  [ RunTime:0.001096s ]
SQL: SHOW COLUMNS FROM `yc_article_label` [ RunTime:0.001865s ]
SQL: SELECT * FROM `yc_article_label`  [ RunTime:0.001076s ]
SQL: SHOW COLUMNS FROM `yc_article_view` [ RunTime:0.041999s ]
SQL: SHOW COLUMNS FROM `yc_type_logo_view` [ RunTime:0.002394s ]
SQL: SELECT `css_name`,`name` FROM `yc_type_logo_view` WHERE ( tid=1 ) LIMIT 1   [ RunTime:0.001240s ]
SQL: SELECT COUNT(*) AS tp_count FROM `yc_article_view` WHERE ( `tid` = 1 ) AND ( `is_show` = 1 ) LIMIT 1   [ RunTime:0.001386s ]
SQL: SELECT * FROM `yc_article_view` WHERE ( `tid` = 1 ) AND ( `is_show` = 1 ) ORDER BY add_time desc LIMIT 0,10   [ RunTime:0.003836s ]
SQL: SHOW COLUMNS FROM `yc_al_relation` [ RunTime:0.002409s ]
SQL: SELECT * FROM yc_al_relation a INNER JOIN yc_article_label as b on a.lid = b.lid  WHERE ( `aid` = '48' )  [ RunTime:0.001508s ]
NOTIC: [8] Undefined variable: lname /www/users/HA436620/WEB/Application/Common/Model/ArticleViewModel.class.php 第 64 行.
INFO: [ view_parse ] --START--
INFO: [ template_filter ] --START--
INFO: Run Behavior\ContentReplace [ RunTime:0.000424s ]
INFO: [ template_filter ] --END-- [ RunTime:0.000516s ]
NOTIC: [8] Undefined variable: article /www/users/HA436620/WEB/Runtime/Cache/Home/8a8a1fe12e6e3b6d97a8bf2187671ba6.php 第 5 行.
NOTIC: [8] Undefined variable: knowledge /www/users/HA436620/WEB/Runtime/Cache/Home/8a8a1fe12e6e3b6d97a8bf2187671ba6.php 第 5 行.
NOTIC: [8] Undefined index: ycblogyangchaouserinfo /www/users/HA436620/WEB/Runtime/Cache/Home/8a8a1fe12e6e3b6d97a8bf2187671ba6.php 第 55 行.
NOTIC: [8] Undefined index: ycblog1224userinfo /www/users/HA436620/WEB/Runtime/Cache/Home/8a8a1fe12e6e3b6d97a8bf2187671ba6.php 第 191 行.
NOTIC: [8] Use of undefined constant logo_id - assumed 'logo_id' /www/users/HA436620/WEB/Runtime/Cache/Home/8a8a1fe12e6e3b6d97a8bf2187671ba6.php 第 224 行.
NOTIC: [8] Array to string conversion /www/users/HA436620/WEB/Runtime/Cache/Home/8a8a1fe12e6e3b6d97a8bf2187671ba6.php 第 224 行.
SQL: SHOW COLUMNS FROM `yc_article_logo` [ RunTime:0.020797s ]
SQL: SELECT * FROM `yc_article_logo` WHERE ( logo_id = 11 ) LIMIT 1   [ RunTime:0.000975s ]
NOTIC: [8] Use of undefined constant logo_id - assumed 'logo_id' /www/users/HA436620/WEB/Runtime/Cache/Home/8a8a1fe12e6e3b6d97a8bf2187671ba6.php 第 224 行.
NOTIC: [8] Array to string conversion /www/users/HA436620/WEB/Runtime/Cache/Home/8a8a1fe12e6e3b6d97a8bf2187671ba6.php 第 224 行.
SQL: SELECT * FROM `yc_article_logo` WHERE ( logo_id = 11 ) LIMIT 1   [ RunTime:0.000966s ]
NOTIC: [8] Undefined index: ycblogyangchaouserinfo /www/users/HA436620/WEB/Runtime/Cache/Home/8a8a1fe12e6e3b6d97a8bf2187671ba6.php 第 234 行.
INFO: Run Behavior\ParseTemplate [ RunTime:0.062515s ]
INFO: [ view_parse ] --END-- [ RunTime:0.062594s ]
INFO: [ view_filter ] --START--
INFO: Run Behavior\WriteHtmlCache [ RunTime:0.000615s ]
INFO: [ view_filter ] --END-- [ RunTime:0.000685s ]
INFO: [ app_end ] --START--
INFO: Run Behavior\ShowPageTrace [ RunTime:0.001424s ]
INFO: [ app_end ] --END-- [ RunTime:0.001497s ]

[ 2017-11-11T17:39:31+08:00 ] 115.52.189.72 /category/2.html
INFO: [ app_begin ] --START--
INFO: Run Behavior\ReadHtmlCache [ RunTime:0.001263s ]
INFO: [ app_begin ] --END-- [ RunTime:0.002198s ]
SQL: SHOW COLUMNS FROM `yc_link` [ RunTime:0.002150s ]
SQL: SELECT * FROM `yc_link`  [ RunTime:0.001251s ]
SQL: SHOW COLUMNS FROM `yc_article_type` [ RunTime:0.002894s ]
SQL: SELECT * FROM `yc_article_type`  [ RunTime:0.001765s ]
SQL: SHOW COLUMNS FROM `yc_article_label` [ RunTime:0.001566s ]
SQL: SELECT * FROM `yc_article_label`  [ RunTime:0.000630s ]
SQL: SHOW COLUMNS FROM `yc_article_view` [ RunTime:0.002115s ]
SQL: SHOW COLUMNS FROM `yc_type_logo_view` [ RunTime:0.001312s ]
SQL: SELECT `css_name`,`name` FROM `yc_type_logo_view` WHERE ( tid=2 ) LIMIT 1   [ RunTime:0.000800s ]
SQL: SELECT COUNT(*) AS tp_count FROM `yc_article_view` WHERE ( `tid` = 2 ) AND ( `is_show` = 1 ) LIMIT 1   [ RunTime:0.000812s ]
SQL: SELECT * FROM `yc_article_view` WHERE ( `tid` = 2 ) AND ( `is_show` = 1 ) ORDER BY add_time desc LIMIT 0,10   [ RunTime:0.028168s ]
NOTIC: [2] Invalid argument supplied for foreach() /www/users/HA436620/WEB/Application/Common/Model/ArticleViewModel.class.php 第 41 行.
NOTIC: [8] Undefined variable: lname /www/users/HA436620/WEB/Application/Common/Model/ArticleViewModel.class.php 第 64 行.
INFO: [ view_parse ] --START--
INFO: [ template_filter ] --START--
INFO: Run Behavior\ContentReplace [ RunTime:0.000456s ]
INFO: [ template_filter ] --END-- [ RunTime:0.000544s ]
NOTIC: [8] Undefined variable: article /www/users/HA436620/WEB/Runtime/Cache/Home/8a8a1fe12e6e3b6d97a8bf2187671ba6.php 第 5 行.
NOTIC: [8] Undefined variable: knowledge /www/users/HA436620/WEB/Runtime/Cache/Home/8a8a1fe12e6e3b6d97a8bf2187671ba6.php 第 5 行.
NOTIC: [8] Undefined index: ycblogyangchaouserinfo /www/users/HA436620/WEB/Runtime/Cache/Home/8a8a1fe12e6e3b6d97a8bf2187671ba6.php 第 55 行.
NOTIC: [8] Undefined index: ycblog1224userinfo /www/users/HA436620/WEB/Runtime/Cache/Home/8a8a1fe12e6e3b6d97a8bf2187671ba6.php 第 191 行.
NOTIC: [8] Use of undefined constant logo_id - assumed 'logo_id' /www/users/HA436620/WEB/Runtime/Cache/Home/8a8a1fe12e6e3b6d97a8bf2187671ba6.php 第 224 行.
NOTIC: [8] Array to string conversion /www/users/HA436620/WEB/Runtime/Cache/Home/8a8a1fe12e6e3b6d97a8bf2187671ba6.php 第 224 行.
SQL: SHOW COLUMNS FROM `yc_article_logo` [ RunTime:0.001386s ]
SQL: SELECT * FROM `yc_article_logo` WHERE ( logo_id = 11 ) LIMIT 1   [ RunTime:0.000923s ]
NOTIC: [8] Use of undefined constant logo_id - assumed 'logo_id' /www/users/HA436620/WEB/Runtime/Cache/Home/8a8a1fe12e6e3b6d97a8bf2187671ba6.php 第 224 行.
NOTIC: [8] Array to string conversion /www/users/HA436620/WEB/Runtime/Cache/Home/8a8a1fe12e6e3b6d97a8bf2187671ba6.php 第 224 行.
SQL: SELECT * FROM `yc_article_logo` WHERE ( logo_id = 11 ) LIMIT 1   [ RunTime:0.000614s ]
NOTIC: [8] Undefined index: ycblogyangchaouserinfo /www/users/HA436620/WEB/Runtime/Cache/Home/8a8a1fe12e6e3b6d97a8bf2187671ba6.php 第 234 行.
INFO: Run Behavior\ParseTemplate [ RunTime:0.038292s ]
INFO: [ view_parse ] --END-- [ RunTime:0.038380s ]
INFO: [ view_filter ] --START--
INFO: Run Behavior\WriteHtmlCache [ RunTime:0.000528s ]
INFO: [ view_filter ] --END-- [ RunTime:0.000597s ]
INFO: [ app_end ] --START--
INFO: Run Behavior\ShowPageTrace [ RunTime:0.001446s ]
INFO: [ app_end ] --END-- [ RunTime:0.001519s ]

[ 2017-11-11T17:39:31+08:00 ] 115.52.189.72 /category/2.html
INFO: [ app_begin ] --START--
INFO: Run Behavior\ReadHtmlCache [ RunTime:0.001246s ]
INFO: [ app_begin ] --END-- [ RunTime:0.002141s ]
SQL: SHOW COLUMNS FROM `yc_link` [ RunTime:0.001576s ]
SQL: SELECT * FROM `yc_link`  [ RunTime:0.001083s ]
SQL: SHOW COLUMNS FROM `yc_article_type` [ RunTime:0.001408s ]
SQL: SELECT * FROM `yc_article_type`  [ RunTime:0.000821s ]
SQL: SHOW COLUMNS FROM `yc_article_label` [ RunTime:0.001368s ]
SQL: SELECT * FROM `yc_article_label`  [ RunTime:0.000733s ]
SQL: SHOW COLUMNS FROM `yc_article_view` [ RunTime:0.003237s ]
SQL: SHOW COLUMNS FROM `yc_type_logo_view` [ RunTime:0.002911s ]
SQL: SELECT `css_name`,`name` FROM `yc_type_logo_view` WHERE ( tid=2 ) LIMIT 1   [ RunTime:0.001213s ]
SQL: SELECT COUNT(*) AS tp_count FROM `yc_article_view` WHERE ( `tid` = 2 ) AND ( `is_show` = 1 ) LIMIT 1   [ RunTime:0.001012s ]
SQL: SELECT * FROM `yc_article_view` WHERE ( `tid` = 2 ) AND ( `is_show` = 1 ) ORDER BY add_time desc LIMIT 0,10   [ RunTime:0.001511s ]
NOTIC: [2] Invalid argument supplied for foreach() /www/users/HA436620/WEB/Application/Common/Model/ArticleViewModel.class.php 第 41 行.
NOTIC: [8] Undefined variable: lname /www/users/HA436620/WEB/Application/Common/Model/ArticleViewModel.class.php 第 64 行.
INFO: [ view_parse ] --START--
INFO: [ template_filter ] --START--
INFO: Run Behavior\ContentReplace [ RunTime:0.000402s ]
INFO: [ template_filter ] --END-- [ RunTime:0.000484s ]
NOTIC: [8] Undefined variable: article /www/users/HA436620/WEB/Runtime/Cache/Home/8a8a1fe12e6e3b6d97a8bf2187671ba6.php 第 5 行.
NOTIC: [8] Undefined variable: knowledge /www/users/HA436620/WEB/Runtime/Cache/Home/8a8a1fe12e6e3b6d97a8bf2187671ba6.php 第 5 行.
NOTIC: [8] Undefined index: ycblogyangchaouserinfo /www/users/HA436620/WEB/Runtime/Cache/Home/8a8a1fe12e6e3b6d97a8bf2187671ba6.php 第 55 行.
NOTIC: [8] Undefined index: ycblog1224userinfo /www/users/HA436620/WEB/Runtime/Cache/Home/8a8a1fe12e6e3b6d97a8bf2187671ba6.php 第 191 行.
NOTIC: [8] Use of undefined constant logo_id - assumed 'logo_id' /www/users/HA436620/WEB/Runtime/Cache/Home/8a8a1fe12e6e3b6d97a8bf2187671ba6.php 第 224 行.
NOTIC: [8] Array to string conversion /www/users/HA436620/WEB/Runtime/Cache/Home/8a8a1fe12e6e3b6d97a8bf2187671ba6.php 第 224 行.
SQL: SHOW COLUMNS FROM `yc_article_logo` [ RunTime:0.001341s ]
SQL: SELECT * FROM `yc_article_logo` WHERE ( logo_id = 11 ) LIMIT 1   [ RunTime:0.000692s ]
NOTIC: [8] Use of undefined constant logo_id - assumed 'logo_id' /www/users/HA436620/WEB/Runtime/Cache/Home/8a8a1fe12e6e3b6d97a8bf2187671ba6.php 第 224 行.
NOTIC: [8] Array to string conversion /www/users/HA436620/WEB/Runtime/Cache/Home/8a8a1fe12e6e3b6d97a8bf2187671ba6.php 第 224 行.
SQL: SELECT * FROM `yc_article_logo` WHERE ( logo_id = 11 ) LIMIT 1   [ RunTime:0.000787s ]
NOTIC: [8] Undefined index: ycblogyangchaouserinfo /www/users/HA436620/WEB/Runtime/Cache/Home/8a8a1fe12e6e3b6d97a8bf2187671ba6.php 第 234 行.
INFO: Run Behavior\ParseTemplate [ RunTime:0.037002s ]
INFO: [ view_parse ] --END-- [ RunTime:0.037086s ]
INFO: [ view_filter ] --START--
INFO: Run Behavior\WriteHtmlCache [ RunTime:0.000515s ]
INFO: [ view_filter ] --END-- [ RunTime:0.000582s ]
INFO: [ app_end ] --START--
INFO: Run Behavior\ShowPageTrace [ RunTime:0.001446s ]
INFO: [ app_end ] --END-- [ RunTime:0.001564s ]

[ 2017-11-11T17:39:32+08:00 ] 115.52.189.72 /Knowledge.html
INFO: [ app_begin ] --START--
INFO: Run Behavior\ReadHtmlCache [ RunTime:0.001273s ]
INFO: [ app_begin ] --END-- [ RunTime:0.002138s ]
SQL: SHOW COLUMNS FROM `yc_link` [ RunTime:0.001532s ]
SQL: SELECT * FROM `yc_link`  [ RunTime:0.000947s ]
SQL: SHOW COLUMNS FROM `yc_article_type` [ RunTime:0.001838s ]
SQL: SELECT * FROM `yc_article_type`  [ RunTime:0.000840s ]
SQL: SHOW COLUMNS FROM `yc_article_label` [ RunTime:0.001874s ]
SQL: SELECT * FROM `yc_article_label`  [ RunTime:0.001234s ]
SQL: SHOW COLUMNS FROM `yc_knowledge` [ RunTime:0.002147s ]
NOTIC: [8] Undefined index: kid /www/users/HA436620/WEB/Application/Common/Model/KnowledgeModel.class.php 第 42 行.
NOTIC: [8] Undefined index: keywords /www/users/HA436620/WEB/Application/Common/Model/KnowledgeModel.class.php 第 43 行.
SQL: SELECT * FROM `yc_knowledge`  [ RunTime:0.001294s ]
SQL: SELECT COUNT(*) AS tp_count FROM `yc_knowledge` LIMIT 1   [ RunTime:0.000920s ]
INFO: [ view_parse ] --START--
INFO: [ template_filter ] --START--
INFO: Run Behavior\ContentReplace [ RunTime:0.000440s ]
INFO: [ template_filter ] --END-- [ RunTime:0.000521s ]
NOTIC: [8] Undefined variable: article /www/users/HA436620/WEB/Runtime/Cache/Home/bb54e895a218ab16cc2f8698157f6d47.php 第 5 行.
NOTIC: [8] Undefined index: title /www/users/HA436620/WEB/Runtime/Cache/Home/bb54e895a218ab16cc2f8698157f6d47.php 第 5 行.
NOTIC: [8] Undefined index: ycblogyangchaouserinfo /www/users/HA436620/WEB/Runtime/Cache/Home/bb54e895a218ab16cc2f8698157f6d47.php 第 54 行.
NOTIC: [8] Undefined variable: page /www/users/HA436620/WEB/Runtime/Cache/Home/bb54e895a218ab16cc2f8698157f6d47.php 第 157 行.
NOTIC: [8] Undefined index: ycblog1224userinfo /www/users/HA436620/WEB/Runtime/Cache/Home/bb54e895a218ab16cc2f8698157f6d47.php 第 174 行.
NOTIC: [8] Use of undefined constant logo_id - assumed 'logo_id' /www/users/HA436620/WEB/Runtime/Cache/Home/bb54e895a218ab16cc2f8698157f6d47.php 第 207 行.
NOTIC: [8] Array to string conversion /www/users/HA436620/WEB/Runtime/Cache/Home/bb54e895a218ab16cc2f8698157f6d47.php 第 207 行.
SQL: SHOW COLUMNS FROM `yc_article_logo` [ RunTime:0.001529s ]
SQL: SELECT * FROM `yc_article_logo` WHERE ( logo_id = 11 ) LIMIT 1   [ RunTime:0.000921s ]
NOTIC: [8] Use of undefined constant logo_id - assumed 'logo_id' /www/users/HA436620/WEB/Runtime/Cache/Home/bb54e895a218ab16cc2f8698157f6d47.php 第 207 行.
NOTIC: [8] Array to string conversion /www/users/HA436620/WEB/Runtime/Cache/Home/bb54e895a218ab16cc2f8698157f6d47.php 第 207 行.
SQL: SELECT * FROM `yc_article_logo` WHERE ( logo_id = 11 ) LIMIT 1   [ RunTime:0.000805s ]
NOTIC: [8] Undefined index: ycblogyangchaouserinfo /www/users/HA436620/WEB/Runtime/Cache/Home/bb54e895a218ab16cc2f8698157f6d47.php 第 217 行.
INFO: Run Behavior\ParseTemplate [ RunTime:0.054759s ]
INFO: [ view_parse ] --END-- [ RunTime:0.054855s ]
INFO: [ view_filter ] --START--
INFO: Run Behavior\WriteHtmlCache [ RunTime:0.000496s ]
INFO: [ view_filter ] --END-- [ RunTime:0.000566s ]
INFO: [ app_end ] --START--
INFO: Run Behavior\ShowPageTrace [ RunTime:0.001480s ]
INFO: [ app_end ] --END-- [ RunTime:0.001557s ]

