[ 2018-02-15T00:32:33+08:00 ] 220.181.108.113 /index.php/Knowledge/
INFO: [ app_begin ] --START--
INFO: Run Behavior\ReadHtmlCache [ RunTime:0.001666s ]
INFO: [ app_begin ] --END-- [ RunTime:0.003175s ]
SQL: SHOW COLUMNS FROM `yc_link` [ RunTime:0.001286s ]
SQL: SELECT * FROM `yc_link`  [ RunTime:0.000599s ]
SQL: SHOW COLUMNS FROM `yc_article_type` [ RunTime:0.002028s ]
SQL: SELECT * FROM `yc_article_type`  [ RunTime:0.003939s ]
SQL: SHOW COLUMNS FROM `yc_article_label` [ RunTime:0.001233s ]
SQL: SELECT * FROM `yc_article_label`  [ RunTime:0.000958s ]
SQL: SHOW COLUMNS FROM `yc_knowledge` [ RunTime:0.001311s ]
NOTIC: [8] Undefined index: kid /www/users/HA436620/WEB/Application/Common/Model/KnowledgeModel.class.php 第 42 行.
NOTIC: [8] Undefined index: keywords /www/users/HA436620/WEB/Application/Common/Model/KnowledgeModel.class.php 第 43 行.
SQL: SELECT * FROM `yc_knowledge` ORDER BY add_time desc  [ RunTime:0.003036s ]
SQL: SELECT COUNT(*) AS tp_count FROM `yc_knowledge` LIMIT 1   [ RunTime:0.000483s ]
INFO: [ view_parse ] --START--
INFO: [ template_filter ] --START--
INFO: Run Behavior\ContentReplace [ RunTime:0.000470s ]
INFO: [ template_filter ] --END-- [ RunTime:0.000562s ]
NOTIC: [8] Undefined variable: article /www/users/HA436620/WEB/Runtime/Cache/Home/bb54e895a218ab16cc2f8698157f6d47.php 第 5 行.
NOTIC: [8] Undefined index: title /www/users/HA436620/WEB/Runtime/Cache/Home/bb54e895a218ab16cc2f8698157f6d47.php 第 5 行.
NOTIC: [8] Undefined index: ycblogyangchaouserinfo /www/users/HA436620/WEB/Runtime/Cache/Home/bb54e895a218ab16cc2f8698157f6d47.php 第 53 行.
NOTIC: [8] Use of undefined constant qq - assumed 'qq' /www/users/HA436620/WEB/Runtime/Cache/Home/bb54e895a218ab16cc2f8698157f6d47.php 第 61 行.
NOTIC: [8] Undefined variable: page /www/users/HA436620/WEB/Runtime/Cache/Home/bb54e895a218ab16cc2f8698157f6d47.php 第 156 行.
NOTIC: [8] Undefined index: ycblog1224userinfo /www/users/HA436620/WEB/Runtime/Cache/Home/bb54e895a218ab16cc2f8698157f6d47.php 第 173 行.
NOTIC: [8] Use of undefined constant logo_id - assumed 'logo_id' /www/users/HA436620/WEB/Runtime/Cache/Home/bb54e895a218ab16cc2f8698157f6d47.php 第 202 行.
NOTIC: [8] Array to string conversion /www/users/HA436620/WEB/Runtime/Cache/Home/bb54e895a218ab16cc2f8698157f6d47.php 第 202 行.
SQL: SHOW COLUMNS FROM `yc_article_logo` [ RunTime:0.001386s ]
SQL: SELECT * FROM `yc_article_logo` WHERE ( logo_id = 11 ) LIMIT 1   [ RunTime:0.002845s ]
NOTIC: [8] Use of undefined constant logo_id - assumed 'logo_id' /www/users/HA436620/WEB/Runtime/Cache/Home/bb54e895a218ab16cc2f8698157f6d47.php 第 202 行.
NOTIC: [8] Array to string conversion /www/users/HA436620/WEB/Runtime/Cache/Home/bb54e895a218ab16cc2f8698157f6d47.php 第 202 行.
SQL: SELECT * FROM `yc_article_logo` WHERE ( logo_id = 11 ) LIMIT 1   [ RunTime:0.000558s ]
NOTIC: [8] Use of undefined constant logo_id - assumed 'logo_id' /www/users/HA436620/WEB/Runtime/Cache/Home/bb54e895a218ab16cc2f8698157f6d47.php 第 202 行.
NOTIC: [8] Array to string conversion /www/users/HA436620/WEB/Runtime/Cache/Home/bb54e895a218ab16cc2f8698157f6d47.php 第 202 行.
SQL: SELECT * FROM `yc_article_logo` WHERE ( logo_id = 11 ) LIMIT 1   [ RunTime:0.000540s ]
NOTIC: [8] Undefined index: ycblogyangchaouserinfo /www/users/HA436620/WEB/Runtime/Cache/Home/bb54e895a218ab16cc2f8698157f6d47.php 第 212 行.
INFO: Run Behavior\ParseTemplate [ RunTime:0.117022s ]
INFO: [ view_parse ] --END-- [ RunTime:0.117104s ]
INFO: [ view_filter ] --START--
INFO: Run Behavior\WriteHtmlCache [ RunTime:0.010168s ]
INFO: [ view_filter ] --END-- [ RunTime:0.010259s ]
INFO: [ app_end ] --START--
INFO: Run Behavior\ShowPageTrace [ RunTime:0.001990s ]
INFO: [ app_end ] --END-- [ RunTime:0.002080s ]

[ 2018-02-15T02:27:57+08:00 ] 123.125.67.156 /index.php/robots.txt
INFO: [ app_begin ] --START--
INFO: Run Behavior\ReadHtmlCache [ RunTime:0.001248s ]
INFO: [ app_begin ] --END-- [ RunTime:0.002167s ]
ERR: 无法加载控制器:Robots.txt

[ 2018-02-15T11:10:42+08:00 ] 123.125.67.214 /
INFO: [ app_begin ] --START--
INFO: Run Behavior\ReadHtmlCache [ RunTime:0.001257s ]
INFO: [ app_begin ] --END-- [ RunTime:0.002197s ]
SQL: SHOW COLUMNS FROM `yc_link` [ RunTime:0.001230s ]
SQL: SELECT * FROM `yc_link`  [ RunTime:0.000441s ]
SQL: SHOW COLUMNS FROM `yc_article_type` [ RunTime:0.001004s ]
SQL: SELECT * FROM `yc_article_type`  [ RunTime:0.000496s ]
SQL: SHOW COLUMNS FROM `yc_article_label` [ RunTime:0.002767s ]
SQL: SELECT * FROM `yc_article_label`  [ RunTime:0.000659s ]
SQL: SHOW COLUMNS FROM `yc_article_view` [ RunTime:0.001778s ]
SQL: SELECT COUNT(*) AS tp_count FROM `yc_article_view` WHERE ( `is_show` = 1 ) LIMIT 1   [ RunTime:0.000934s ]
SQL: SELECT * FROM `yc_article_view` WHERE ( `is_show` = 1 ) ORDER BY add_time desc LIMIT 0,10   [ RunTime:0.002479s ]
SQL: SHOW COLUMNS FROM `yc_al_relation` [ RunTime:0.001200s ]
SQL: SELECT * FROM yc_al_relation a INNER JOIN yc_article_label as b on a.lid = b.lid  WHERE ( `aid` = '51' )  [ RunTime:0.000580s ]
SQL: SELECT * FROM yc_al_relation a INNER JOIN yc_article_label as b on a.lid = b.lid  WHERE ( `aid` = '48' )  [ RunTime:0.000518s ]
SQL: SELECT * FROM yc_al_relation a INNER JOIN yc_article_label as b on a.lid = b.lid  WHERE ( `aid` = '50' )  [ RunTime:0.000559s ]
NOTIC: [8] Undefined variable: tname /www/users/HA436620/WEB/Application/Common/Model/ArticleViewModel.class.php 第 63 行.
NOTIC: [8] Undefined variable: lname /www/users/HA436620/WEB/Application/Common/Model/ArticleViewModel.class.php 第 64 行.
INFO: [ view_parse ] --START--
INFO: [ template_filter ] --START--
INFO: Run Behavior\ContentReplace [ RunTime:0.000775s ]
INFO: [ template_filter ] --END-- [ RunTime:0.000914s ]
NOTIC: [8] Undefined variable: article /www/users/HA436620/WEB/Runtime/Cache/Home/08d30c77e78bd0ac29232fbc421b5dcd.php 第 5 行.
NOTIC: [8] Undefined variable: knowledge /www/users/HA436620/WEB/Runtime/Cache/Home/08d30c77e78bd0ac29232fbc421b5dcd.php 第 5 行.
NOTIC: [8] Undefined index: ycblogyangchaouserinfo /www/users/HA436620/WEB/Runtime/Cache/Home/08d30c77e78bd0ac29232fbc421b5dcd.php 第 53 行.
NOTIC: [8] Use of undefined constant qq - assumed 'qq' /www/users/HA436620/WEB/Runtime/Cache/Home/08d30c77e78bd0ac29232fbc421b5dcd.php 第 61 行.
NOTIC: [8] Undefined index: ycblog1224userinfo /www/users/HA436620/WEB/Runtime/Cache/Home/08d30c77e78bd0ac29232fbc421b5dcd.php 第 195 行.
NOTIC: [8] Use of undefined constant logo_id - assumed 'logo_id' /www/users/HA436620/WEB/Runtime/Cache/Home/08d30c77e78bd0ac29232fbc421b5dcd.php 第 224 行.
NOTIC: [8] Array to string conversion /www/users/HA436620/WEB/Runtime/Cache/Home/08d30c77e78bd0ac29232fbc421b5dcd.php 第 224 行.
SQL: SHOW COLUMNS FROM `yc_article_logo` [ RunTime:0.001132s ]
SQL: SELECT * FROM `yc_article_logo` WHERE ( logo_id = 11 ) LIMIT 1   [ RunTime:0.000511s ]
NOTIC: [8] Use of undefined constant logo_id - assumed 'logo_id' /www/users/HA436620/WEB/Runtime/Cache/Home/08d30c77e78bd0ac29232fbc421b5dcd.php 第 224 行.
NOTIC: [8] Array to string conversion /www/users/HA436620/WEB/Runtime/Cache/Home/08d30c77e78bd0ac29232fbc421b5dcd.php 第 224 行.
SQL: SELECT * FROM `yc_article_logo` WHERE ( logo_id = 11 ) LIMIT 1   [ RunTime:0.000472s ]
NOTIC: [8] Use of undefined constant logo_id - assumed 'logo_id' /www/users/HA436620/WEB/Runtime/Cache/Home/08d30c77e78bd0ac29232fbc421b5dcd.php 第 224 行.
NOTIC: [8] Array to string conversion /www/users/HA436620/WEB/Runtime/Cache/Home/08d30c77e78bd0ac29232fbc421b5dcd.php 第 224 行.
SQL: SELECT * FROM `yc_article_logo` WHERE ( logo_id = 11 ) LIMIT 1   [ RunTime:0.000768s ]
NOTIC: [8] Undefined index: ycblogyangchaouserinfo /www/users/HA436620/WEB/Runtime/Cache/Home/08d30c77e78bd0ac29232fbc421b5dcd.php 第 234 行.
INFO: Run Behavior\ParseTemplate [ RunTime:0.062742s ]
INFO: [ view_parse ] --END-- [ RunTime:0.062820s ]
INFO: [ view_filter ] --START--
INFO: Run Behavior\WriteHtmlCache [ RunTime:0.000600s ]
INFO: [ view_filter ] --END-- [ RunTime:0.000670s ]
INFO: [ app_end ] --START--
INFO: Run Behavior\ShowPageTrace [ RunTime:0.001657s ]
INFO: [ app_end ] --END-- [ RunTime:0.001747s ]

