[ 2018-02-22T03:31:19+08:00 ] 123.125.67.226 /index.php/robots.txt
INFO: [ app_begin ] --START--
INFO: Run Behavior\ReadHtmlCache [ RunTime:0.009777s ]
INFO: [ app_begin ] --END-- [ RunTime:0.011408s ]
ERR: 无法加载控制器:Robots.txt

[ 2018-02-22T03:33:00+08:00 ] 123.125.71.41 /index.php/Knowledge/8.html
INFO: [ app_begin ] --START--
INFO: Run Behavior\ReadHtmlCache [ RunTime:0.001212s ]
INFO: [ app_begin ] --END-- [ RunTime:0.002103s ]
SQL: SHOW COLUMNS FROM `yc_link` [ RunTime:0.001364s ]
SQL: SELECT * FROM `yc_link`  [ RunTime:0.000848s ]
SQL: SHOW COLUMNS FROM `yc_article_type` [ RunTime:0.001175s ]
SQL: SELECT * FROM `yc_article_type`  [ RunTime:0.000715s ]
SQL: SHOW COLUMNS FROM `yc_article_label` [ RunTime:0.001072s ]
SQL: SELECT * FROM `yc_article_label`  [ RunTime:0.000511s ]
SQL: SHOW COLUMNS FROM `yc_knowledge` [ RunTime:0.002078s ]
NOTIC: [8] Undefined index: keywords /www/users/HA436620/WEB/Application/Common/Model/KnowledgeModel.class.php 第 43 行.
SQL: SELECT * FROM `yc_knowledge` WHERE ( `kid` = 8 ) LIMIT 1   [ RunTime:0.002049s ]
INFO: [ view_parse ] --START--
INFO: [ template_filter ] --START--
INFO: Run Behavior\ContentReplace [ RunTime:0.000406s ]
INFO: [ template_filter ] --END-- [ RunTime:0.000495s ]
NOTIC: [8] Undefined variable: tname /www/users/HA436620/WEB/Runtime/Cache/Home/32dc3912138e3efdd6675cc840babdc2.php 第 5 行.
NOTIC: [8] Undefined variable: article /www/users/HA436620/WEB/Runtime/Cache/Home/32dc3912138e3efdd6675cc840babdc2.php 第 5 行.
NOTIC: [8] Undefined index: ycblogyangchaouserinfo /www/users/HA436620/WEB/Runtime/Cache/Home/32dc3912138e3efdd6675cc840babdc2.php 第 65 行.
NOTIC: [8] Use of undefined constant qq - assumed 'qq' /www/users/HA436620/WEB/Runtime/Cache/Home/32dc3912138e3efdd6675cc840babdc2.php 第 73 行.
NOTIC: [8] Undefined index: ycblog1224userinfo /www/users/HA436620/WEB/Runtime/Cache/Home/32dc3912138e3efdd6675cc840babdc2.php 第 177 行.
NOTIC: [8] Use of undefined constant logo_id - assumed 'logo_id' /www/users/HA436620/WEB/Runtime/Cache/Home/32dc3912138e3efdd6675cc840babdc2.php 第 206 行.
NOTIC: [8] Array to string conversion /www/users/HA436620/WEB/Runtime/Cache/Home/32dc3912138e3efdd6675cc840babdc2.php 第 206 行.
SQL: SHOW COLUMNS FROM `yc_article_logo` [ RunTime:0.001348s ]
SQL: SELECT * FROM `yc_article_logo` WHERE ( logo_id = 11 ) LIMIT 1   [ RunTime:0.000716s ]
NOTIC: [8] Use of undefined constant logo_id - assumed 'logo_id' /www/users/HA436620/WEB/Runtime/Cache/Home/32dc3912138e3efdd6675cc840babdc2.php 第 206 行.
NOTIC: [8] Array to string conversion /www/users/HA436620/WEB/Runtime/Cache/Home/32dc3912138e3efdd6675cc840babdc2.php 第 206 行.
SQL: SELECT * FROM `yc_article_logo` WHERE ( logo_id = 11 ) LIMIT 1   [ RunTime:0.000875s ]
NOTIC: [8] Use of undefined constant logo_id - assumed 'logo_id' /www/users/HA436620/WEB/Runtime/Cache/Home/32dc3912138e3efdd6675cc840babdc2.php 第 206 行.
NOTIC: [8] Array to string conversion /www/users/HA436620/WEB/Runtime/Cache/Home/32dc3912138e3efdd6675cc840babdc2.php 第 206 行.
SQL: SELECT * FROM `yc_article_logo` WHERE ( logo_id = 11 ) LIMIT 1   [ RunTime:0.000616s ]
NOTIC: [8] Undefined index: ycblogyangchaouserinfo /www/users/HA436620/WEB/Runtime/Cache/Home/32dc3912138e3efdd6675cc840babdc2.php 第 216 行.
INFO: Run Behavior\ParseTemplate [ RunTime:0.125449s ]
INFO: [ view_parse ] --END-- [ RunTime:0.125528s ]
INFO: [ view_filter ] --START--
INFO: Run Behavior\WriteHtmlCache [ RunTime:0.007839s ]
INFO: [ view_filter ] --END-- [ RunTime:0.007911s ]
INFO: [ app_end ] --START--
INFO: Run Behavior\ShowPageTrace [ RunTime:0.013959s ]
INFO: [ app_end ] --END-- [ RunTime:0.014034s ]

[ 2018-02-22T04:06:19+08:00 ] 123.125.71.110 /index.php/Knowledge/8.html
INFO: [ app_begin ] --START--
INFO: Run Behavior\ReadHtmlCache [ RunTime:0.001245s ]
INFO: [ app_begin ] --END-- [ RunTime:0.002193s ]
SQL: SHOW COLUMNS FROM `yc_link` [ RunTime:0.001349s ]
SQL: SELECT * FROM `yc_link`  [ RunTime:0.001495s ]
SQL: SHOW COLUMNS FROM `yc_article_type` [ RunTime:0.001217s ]
SQL: SELECT * FROM `yc_article_type`  [ RunTime:0.000623s ]
SQL: SHOW COLUMNS FROM `yc_article_label` [ RunTime:0.001715s ]
SQL: SELECT * FROM `yc_article_label`  [ RunTime:0.001162s ]
SQL: SHOW COLUMNS FROM `yc_knowledge` [ RunTime:0.001236s ]
NOTIC: [8] Undefined index: keywords /www/users/HA436620/WEB/Application/Common/Model/KnowledgeModel.class.php 第 43 行.
SQL: SELECT * FROM `yc_knowledge` WHERE ( `kid` = 8 ) LIMIT 1   [ RunTime:0.000652s ]
INFO: [ view_parse ] --START--
INFO: [ template_filter ] --START--
INFO: Run Behavior\ContentReplace [ RunTime:0.000407s ]
INFO: [ template_filter ] --END-- [ RunTime:0.000494s ]
NOTIC: [8] Undefined variable: tname /www/users/HA436620/WEB/Runtime/Cache/Home/32dc3912138e3efdd6675cc840babdc2.php 第 5 行.
NOTIC: [8] Undefined variable: article /www/users/HA436620/WEB/Runtime/Cache/Home/32dc3912138e3efdd6675cc840babdc2.php 第 5 行.
NOTIC: [8] Undefined index: ycblogyangchaouserinfo /www/users/HA436620/WEB/Runtime/Cache/Home/32dc3912138e3efdd6675cc840babdc2.php 第 65 行.
NOTIC: [8] Use of undefined constant qq - assumed 'qq' /www/users/HA436620/WEB/Runtime/Cache/Home/32dc3912138e3efdd6675cc840babdc2.php 第 73 行.
NOTIC: [8] Undefined index: ycblog1224userinfo /www/users/HA436620/WEB/Runtime/Cache/Home/32dc3912138e3efdd6675cc840babdc2.php 第 177 行.
NOTIC: [8] Use of undefined constant logo_id - assumed 'logo_id' /www/users/HA436620/WEB/Runtime/Cache/Home/32dc3912138e3efdd6675cc840babdc2.php 第 206 行.
NOTIC: [8] Array to string conversion /www/users/HA436620/WEB/Runtime/Cache/Home/32dc3912138e3efdd6675cc840babdc2.php 第 206 行.
SQL: SHOW COLUMNS FROM `yc_article_logo` [ RunTime:0.001871s ]
SQL: SELECT * FROM `yc_article_logo` WHERE ( logo_id = 11 ) LIMIT 1   [ RunTime:0.000812s ]
NOTIC: [8] Use of undefined constant logo_id - assumed 'logo_id' /www/users/HA436620/WEB/Runtime/Cache/Home/32dc3912138e3efdd6675cc840babdc2.php 第 206 行.
NOTIC: [8] Array to string conversion /www/users/HA436620/WEB/Runtime/Cache/Home/32dc3912138e3efdd6675cc840babdc2.php 第 206 行.
SQL: SELECT * FROM `yc_article_logo` WHERE ( logo_id = 11 ) LIMIT 1   [ RunTime:0.000980s ]
NOTIC: [8] Use of undefined constant logo_id - assumed 'logo_id' /www/users/HA436620/WEB/Runtime/Cache/Home/32dc3912138e3efdd6675cc840babdc2.php 第 206 行.
NOTIC: [8] Array to string conversion /www/users/HA436620/WEB/Runtime/Cache/Home/32dc3912138e3efdd6675cc840babdc2.php 第 206 行.
SQL: SELECT * FROM `yc_article_logo` WHERE ( logo_id = 11 ) LIMIT 1   [ RunTime:0.001380s ]
NOTIC: [8] Undefined index: ycblogyangchaouserinfo /www/users/HA436620/WEB/Runtime/Cache/Home/32dc3912138e3efdd6675cc840babdc2.php 第 216 行.
INFO: Run Behavior\ParseTemplate [ RunTime:0.034973s ]
INFO: [ view_parse ] --END-- [ RunTime:0.035051s ]
INFO: [ view_filter ] --START--
INFO: Run Behavior\WriteHtmlCache [ RunTime:0.000497s ]
INFO: [ view_filter ] --END-- [ RunTime:0.000566s ]
INFO: [ app_end ] --START--
INFO: Run Behavior\ShowPageTrace [ RunTime:0.001362s ]
INFO: [ app_end ] --END-- [ RunTime:0.001437s ]

[ 2018-02-22T04:39:39+08:00 ] 220.181.108.162 /index.php/Knowledge/account.html
INFO: [ app_begin ] --START--
INFO: Run Behavior\ReadHtmlCache [ RunTime:0.001225s ]
INFO: [ app_begin ] --END-- [ RunTime:0.002076s ]
SQL: SHOW COLUMNS FROM `yc_link` [ RunTime:0.001739s ]
SQL: SELECT * FROM `yc_link`  [ RunTime:0.000678s ]
SQL: SHOW COLUMNS FROM `yc_article_type` [ RunTime:0.001385s ]
SQL: SELECT * FROM `yc_article_type`  [ RunTime:0.000692s ]
SQL: SHOW COLUMNS FROM `yc_article_label` [ RunTime:0.001404s ]
SQL: SELECT * FROM `yc_article_label`  [ RunTime:0.001425s ]
ERR: 非法操作:account

[ 2018-02-22T14:47:42+08:00 ] 219.156.167.217 /
INFO: [ app_begin ] --START--
INFO: Run Behavior\ReadHtmlCache [ RunTime:0.001333s ]
INFO: [ app_begin ] --END-- [ RunTime:0.002318s ]
SQL: SHOW COLUMNS FROM `yc_link` [ RunTime:0.001630s ]
SQL: SELECT * FROM `yc_link`  [ RunTime:0.000760s ]
SQL: SHOW COLUMNS FROM `yc_article_type` [ RunTime:0.001473s ]
SQL: SELECT * FROM `yc_article_type`  [ RunTime:0.000765s ]
SQL: SHOW COLUMNS FROM `yc_article_label` [ RunTime:0.001607s ]
SQL: SELECT * FROM `yc_article_label`  [ RunTime:0.000863s ]
SQL: SHOW COLUMNS FROM `yc_article_view` [ RunTime:0.002556s ]
SQL: SELECT COUNT(*) AS tp_count FROM `yc_article_view` WHERE ( `is_show` = 1 ) LIMIT 1   [ RunTime:0.001403s ]
SQL: SELECT * FROM `yc_article_view` WHERE ( `is_show` = 1 ) ORDER BY add_time desc LIMIT 0,10   [ RunTime:0.003239s ]
SQL: SHOW COLUMNS FROM `yc_al_relation` [ RunTime:0.003395s ]
SQL: SELECT * FROM yc_al_relation a INNER JOIN yc_article_label as b on a.lid = b.lid  WHERE ( `aid` = '51' )  [ RunTime:0.001615s ]
SQL: SELECT * FROM yc_al_relation a INNER JOIN yc_article_label as b on a.lid = b.lid  WHERE ( `aid` = '48' )  [ RunTime:0.001300s ]
SQL: SELECT * FROM yc_al_relation a INNER JOIN yc_article_label as b on a.lid = b.lid  WHERE ( `aid` = '50' )  [ RunTime:0.000959s ]
NOTIC: [8] Undefined variable: tname /www/users/HA436620/WEB/Application/Common/Model/ArticleViewModel.class.php 第 63 行.
NOTIC: [8] Undefined variable: lname /www/users/HA436620/WEB/Application/Common/Model/ArticleViewModel.class.php 第 64 行.
INFO: [ view_parse ] --START--
INFO: [ template_filter ] --START--
INFO: Run Behavior\ContentReplace [ RunTime:0.000626s ]
INFO: [ template_filter ] --END-- [ RunTime:0.000706s ]
NOTIC: [8] Undefined variable: article /www/users/HA436620/WEB/Runtime/Cache/Home/08d30c77e78bd0ac29232fbc421b5dcd.php 第 5 行.
NOTIC: [8] Undefined variable: knowledge /www/users/HA436620/WEB/Runtime/Cache/Home/08d30c77e78bd0ac29232fbc421b5dcd.php 第 5 行.
NOTIC: [8] Undefined index: ycblogyangchaouserinfo /www/users/HA436620/WEB/Runtime/Cache/Home/08d30c77e78bd0ac29232fbc421b5dcd.php 第 53 行.
NOTIC: [8] Use of undefined constant qq - assumed 'qq' /www/users/HA436620/WEB/Runtime/Cache/Home/08d30c77e78bd0ac29232fbc421b5dcd.php 第 61 行.
NOTIC: [8] Undefined index: ycblog1224userinfo /www/users/HA436620/WEB/Runtime/Cache/Home/08d30c77e78bd0ac29232fbc421b5dcd.php 第 195 行.
NOTIC: [8] Use of undefined constant logo_id - assumed 'logo_id' /www/users/HA436620/WEB/Runtime/Cache/Home/08d30c77e78bd0ac29232fbc421b5dcd.php 第 224 行.
NOTIC: [8] Array to string conversion /www/users/HA436620/WEB/Runtime/Cache/Home/08d30c77e78bd0ac29232fbc421b5dcd.php 第 224 行.
SQL: SHOW COLUMNS FROM `yc_article_logo` [ RunTime:0.001568s ]
SQL: SELECT * FROM `yc_article_logo` WHERE ( logo_id = 11 ) LIMIT 1   [ RunTime:0.000593s ]
NOTIC: [8] Use of undefined constant logo_id - assumed 'logo_id' /www/users/HA436620/WEB/Runtime/Cache/Home/08d30c77e78bd0ac29232fbc421b5dcd.php 第 224 行.
NOTIC: [8] Array to string conversion /www/users/HA436620/WEB/Runtime/Cache/Home/08d30c77e78bd0ac29232fbc421b5dcd.php 第 224 行.
SQL: SELECT * FROM `yc_article_logo` WHERE ( logo_id = 11 ) LIMIT 1   [ RunTime:0.000529s ]
NOTIC: [8] Use of undefined constant logo_id - assumed 'logo_id' /www/users/HA436620/WEB/Runtime/Cache/Home/08d30c77e78bd0ac29232fbc421b5dcd.php 第 224 行.
NOTIC: [8] Array to string conversion /www/users/HA436620/WEB/Runtime/Cache/Home/08d30c77e78bd0ac29232fbc421b5dcd.php 第 224 行.
SQL: SELECT * FROM `yc_article_logo` WHERE ( logo_id = 11 ) LIMIT 1   [ RunTime:0.000502s ]
NOTIC: [8] Undefined index: ycblogyangchaouserinfo /www/users/HA436620/WEB/Runtime/Cache/Home/08d30c77e78bd0ac29232fbc421b5dcd.php 第 234 行.
INFO: Run Behavior\ParseTemplate [ RunTime:0.061569s ]
INFO: [ view_parse ] --END-- [ RunTime:0.061649s ]
INFO: [ view_filter ] --START--
INFO: Run Behavior\WriteHtmlCache [ RunTime:0.000517s ]
INFO: [ view_filter ] --END-- [ RunTime:0.000586s ]
INFO: [ app_end ] --START--
INFO: Run Behavior\ShowPageTrace [ RunTime:0.001477s ]
INFO: [ app_end ] --END-- [ RunTime:0.001551s ]

[ 2018-02-22T14:47:48+08:00 ] 219.156.167.217 /article/51.html
INFO: [ app_begin ] --START--
INFO: Run Behavior\ReadHtmlCache [ RunTime:0.001336s ]
INFO: [ app_begin ] --END-- [ RunTime:0.002256s ]
SQL: SHOW COLUMNS FROM `yc_link` [ RunTime:0.001341s ]
SQL: SELECT * FROM `yc_link`  [ RunTime:0.000663s ]
SQL: SHOW COLUMNS FROM `yc_article_type` [ RunTime:0.001248s ]
SQL: SELECT * FROM `yc_article_type`  [ RunTime:0.000558s ]
SQL: SHOW COLUMNS FROM `yc_article_label` [ RunTime:0.000870s ]
SQL: SELECT * FROM `yc_article_label`  [ RunTime:0.000800s ]
SQL: SHOW COLUMNS FROM `yc_article` [ RunTime:0.001253s ]
SQL: UPDATE `yc_article` SET `click`=click+1 WHERE ( `id` = 51 ) [ RunTime:0.000789s ]
SQL: SHOW COLUMNS FROM `yc_article_view` [ RunTime:0.001555s ]
SQL: SELECT * FROM `yc_article_view` WHERE ( `id` = 51 ) LIMIT 1   [ RunTime:0.001002s ]
SQL: SHOW COLUMNS FROM `yc_al_relation` [ RunTime:0.000966s ]
SQL: SELECT * FROM yc_al_relation a INNER JOIN yc_article_label as b on a.lid = b.lid  WHERE ( `aid` = '51' )  [ RunTime:0.000539s ]
INFO: [ view_parse ] --START--
INFO: [ template_filter ] --START--
INFO: Run Behavior\ContentReplace [ RunTime:0.000590s ]
INFO: [ template_filter ] --END-- [ RunTime:0.000759s ]
NOTIC: [8] Undefined variable: tname /www/users/HA436620/WEB/Runtime/Cache/Home/d4c1149384e4970b24973a696680cd70.php 第 5 行.
NOTIC: [8] Undefined variable: knowledge /www/users/HA436620/WEB/Runtime/Cache/Home/d4c1149384e4970b24973a696680cd70.php 第 5 行.
NOTIC: [8] Undefined index: ycblogyangchaouserinfo /www/users/HA436620/WEB/Runtime/Cache/Home/d4c1149384e4970b24973a696680cd70.php 第 65 行.
NOTIC: [8] Use of undefined constant qq - assumed 'qq' /www/users/HA436620/WEB/Runtime/Cache/Home/d4c1149384e4970b24973a696680cd70.php 第 73 行.
NOTIC: [8] Undefined variable: prev /www/users/HA436620/WEB/Runtime/Cache/Home/d4c1149384e4970b24973a696680cd70.php 第 160 行.
NOTIC: [8] Undefined variable: next /www/users/HA436620/WEB/Runtime/Cache/Home/d4c1149384e4970b24973a696680cd70.php 第 161 行.
NOTIC: [8] Undefined index: ycblog1224userinfo /www/users/HA436620/WEB/Runtime/Cache/Home/d4c1149384e4970b24973a696680cd70.php 第 194 行.
NOTIC: [8] Use of undefined constant logo_id - assumed 'logo_id' /www/users/HA436620/WEB/Runtime/Cache/Home/d4c1149384e4970b24973a696680cd70.php 第 223 行.
NOTIC: [8] Array to string conversion /www/users/HA436620/WEB/Runtime/Cache/Home/d4c1149384e4970b24973a696680cd70.php 第 223 行.
SQL: SHOW COLUMNS FROM `yc_article_logo` [ RunTime:0.001442s ]
SQL: SELECT * FROM `yc_article_logo` WHERE ( logo_id = 11 ) LIMIT 1   [ RunTime:0.000476s ]
NOTIC: [8] Use of undefined constant logo_id - assumed 'logo_id' /www/users/HA436620/WEB/Runtime/Cache/Home/d4c1149384e4970b24973a696680cd70.php 第 223 行.
NOTIC: [8] Array to string conversion /www/users/HA436620/WEB/Runtime/Cache/Home/d4c1149384e4970b24973a696680cd70.php 第 223 行.
SQL: SELECT * FROM `yc_article_logo` WHERE ( logo_id = 11 ) LIMIT 1   [ RunTime:0.000486s ]
NOTIC: [8] Use of undefined constant logo_id - assumed 'logo_id' /www/users/HA436620/WEB/Runtime/Cache/Home/d4c1149384e4970b24973a696680cd70.php 第 223 行.
NOTIC: [8] Array to string conversion /www/users/HA436620/WEB/Runtime/Cache/Home/d4c1149384e4970b24973a696680cd70.php 第 223 行.
SQL: SELECT * FROM `yc_article_logo` WHERE ( logo_id = 11 ) LIMIT 1   [ RunTime:0.000598s ]
NOTIC: [8] Undefined index: ycblogyangchaouserinfo /www/users/HA436620/WEB/Runtime/Cache/Home/d4c1149384e4970b24973a696680cd70.php 第 233 行.
INFO: Run Behavior\ParseTemplate [ RunTime:0.059973s ]
INFO: [ view_parse ] --END-- [ RunTime:0.060052s ]
INFO: [ view_filter ] --START--
INFO: Run Behavior\WriteHtmlCache [ RunTime:0.000625s ]
INFO: [ view_filter ] --END-- [ RunTime:0.000695s ]
INFO: [ app_end ] --START--
INFO: Run Behavior\ShowPageTrace [ RunTime:0.001523s ]
INFO: [ app_end ] --END-- [ RunTime:0.001598s ]

[ 2018-02-22T14:59:00+08:00 ] 219.156.167.217 /article/51.html
INFO: [ app_begin ] --START--
INFO: Run Behavior\ReadHtmlCache [ RunTime:0.001293s ]
INFO: [ app_begin ] --END-- [ RunTime:0.002228s ]
SQL: SHOW COLUMNS FROM `yc_link` [ RunTime:0.001688s ]
SQL: SELECT * FROM `yc_link`  [ RunTime:0.000703s ]
SQL: SHOW COLUMNS FROM `yc_article_type` [ RunTime:0.001044s ]
SQL: SELECT * FROM `yc_article_type`  [ RunTime:0.000607s ]
SQL: SHOW COLUMNS FROM `yc_article_label` [ RunTime:0.001079s ]
SQL: SELECT * FROM `yc_article_label`  [ RunTime:0.001100s ]
SQL: SHOW COLUMNS FROM `yc_article_view` [ RunTime:0.001745s ]
SQL: SELECT * FROM `yc_article_view` WHERE ( `id` = 51 ) LIMIT 1   [ RunTime:0.001307s ]
SQL: SHOW COLUMNS FROM `yc_al_relation` [ RunTime:0.001127s ]
SQL: SELECT * FROM yc_al_relation a INNER JOIN yc_article_label as b on a.lid = b.lid  WHERE ( `aid` = '51' )  [ RunTime:0.000895s ]
INFO: [ view_parse ] --START--
INFO: [ template_filter ] --START--
INFO: Run Behavior\ContentReplace [ RunTime:0.000443s ]
INFO: [ template_filter ] --END-- [ RunTime:0.000530s ]
NOTIC: [8] Undefined variable: tname /www/users/HA436620/WEB/Runtime/Cache/Home/d4c1149384e4970b24973a696680cd70.php 第 5 行.
NOTIC: [8] Undefined variable: knowledge /www/users/HA436620/WEB/Runtime/Cache/Home/d4c1149384e4970b24973a696680cd70.php 第 5 行.
NOTIC: [8] Undefined index: ycblogyangchaouserinfo /www/users/HA436620/WEB/Runtime/Cache/Home/d4c1149384e4970b24973a696680cd70.php 第 65 行.
NOTIC: [8] Use of undefined constant qq - assumed 'qq' /www/users/HA436620/WEB/Runtime/Cache/Home/d4c1149384e4970b24973a696680cd70.php 第 73 行.
NOTIC: [8] Undefined variable: prev /www/users/HA436620/WEB/Runtime/Cache/Home/d4c1149384e4970b24973a696680cd70.php 第 160 行.
NOTIC: [8] Undefined variable: next /www/users/HA436620/WEB/Runtime/Cache/Home/d4c1149384e4970b24973a696680cd70.php 第 161 行.
NOTIC: [8] Undefined index: ycblog1224userinfo /www/users/HA436620/WEB/Runtime/Cache/Home/d4c1149384e4970b24973a696680cd70.php 第 194 行.
NOTIC: [8] Use of undefined constant logo_id - assumed 'logo_id' /www/users/HA436620/WEB/Runtime/Cache/Home/d4c1149384e4970b24973a696680cd70.php 第 223 行.
NOTIC: [8] Array to string conversion /www/users/HA436620/WEB/Runtime/Cache/Home/d4c1149384e4970b24973a696680cd70.php 第 223 行.
SQL: SHOW COLUMNS FROM `yc_article_logo` [ RunTime:0.001487s ]
SQL: SELECT * FROM `yc_article_logo` WHERE ( logo_id = 11 ) LIMIT 1   [ RunTime:0.001221s ]
NOTIC: [8] Use of undefined constant logo_id - assumed 'logo_id' /www/users/HA436620/WEB/Runtime/Cache/Home/d4c1149384e4970b24973a696680cd70.php 第 223 行.
NOTIC: [8] Array to string conversion /www/users/HA436620/WEB/Runtime/Cache/Home/d4c1149384e4970b24973a696680cd70.php 第 223 行.
SQL: SELECT * FROM `yc_article_logo` WHERE ( logo_id = 11 ) LIMIT 1   [ RunTime:0.001543s ]
NOTIC: [8] Use of undefined constant logo_id - assumed 'logo_id' /www/users/HA436620/WEB/Runtime/Cache/Home/d4c1149384e4970b24973a696680cd70.php 第 223 行.
NOTIC: [8] Array to string conversion /www/users/HA436620/WEB/Runtime/Cache/Home/d4c1149384e4970b24973a696680cd70.php 第 223 行.
SQL: SELECT * FROM `yc_article_logo` WHERE ( logo_id = 11 ) LIMIT 1   [ RunTime:0.000987s ]
NOTIC: [8] Undefined index: ycblogyangchaouserinfo /www/users/HA436620/WEB/Runtime/Cache/Home/d4c1149384e4970b24973a696680cd70.php 第 233 行.
INFO: Run Behavior\ParseTemplate [ RunTime:0.038330s ]
INFO: [ view_parse ] --END-- [ RunTime:0.038436s ]
INFO: [ view_filter ] --START--
INFO: Run Behavior\WriteHtmlCache [ RunTime:0.000584s ]
INFO: [ view_filter ] --END-- [ RunTime:0.000655s ]
INFO: [ app_end ] --START--
INFO: Run Behavior\ShowPageTrace [ RunTime:0.001653s ]
INFO: [ app_end ] --END-- [ RunTime:0.001729s ]

[ 2018-02-22T15:07:48+08:00 ] 46.229.164.100 /index.php/robots.txt
INFO: [ app_begin ] --START--
INFO: Run Behavior\ReadHtmlCache [ RunTime:0.001464s ]
INFO: [ app_begin ] --END-- [ RunTime:0.002476s ]
ERR: 无法加载控制器:Robots.txt

[ 2018-02-22T23:46:19+08:00 ] 220.181.108.110 /index.php/Knowledge/10.html
INFO: [ app_begin ] --START--
INFO: Run Behavior\ReadHtmlCache [ RunTime:0.001348s ]
INFO: [ app_begin ] --END-- [ RunTime:0.002339s ]
SQL: SHOW COLUMNS FROM `yc_link` [ RunTime:0.001474s ]
SQL: SELECT * FROM `yc_link`  [ RunTime:0.000732s ]
SQL: SHOW COLUMNS FROM `yc_article_type` [ RunTime:0.001180s ]
SQL: SELECT * FROM `yc_article_type`  [ RunTime:0.000902s ]
SQL: SHOW COLUMNS FROM `yc_article_label` [ RunTime:0.001285s ]
SQL: SELECT * FROM `yc_article_label`  [ RunTime:0.000738s ]
SQL: SHOW COLUMNS FROM `yc_knowledge` [ RunTime:0.002009s ]
NOTIC: [8] Undefined index: keywords /www/users/HA436620/WEB/Application/Common/Model/KnowledgeModel.class.php 第 43 行.
SQL: SELECT * FROM `yc_knowledge` WHERE ( `kid` = 10 ) LIMIT 1   [ RunTime:0.000892s ]
INFO: [ view_parse ] --START--
INFO: [ template_filter ] --START--
INFO: Run Behavior\ContentReplace [ RunTime:0.000399s ]
INFO: [ template_filter ] --END-- [ RunTime:0.000487s ]
NOTIC: [8] Undefined variable: tname /www/users/HA436620/WEB/Runtime/Cache/Home/32dc3912138e3efdd6675cc840babdc2.php 第 5 行.
NOTIC: [8] Undefined variable: article /www/users/HA436620/WEB/Runtime/Cache/Home/32dc3912138e3efdd6675cc840babdc2.php 第 5 行.
NOTIC: [8] Undefined index: ycblogyangchaouserinfo /www/users/HA436620/WEB/Runtime/Cache/Home/32dc3912138e3efdd6675cc840babdc2.php 第 65 行.
NOTIC: [8] Use of undefined constant qq - assumed 'qq' /www/users/HA436620/WEB/Runtime/Cache/Home/32dc3912138e3efdd6675cc840babdc2.php 第 73 行.
NOTIC: [8] Undefined index: ycblog1224userinfo /www/users/HA436620/WEB/Runtime/Cache/Home/32dc3912138e3efdd6675cc840babdc2.php 第 177 行.
NOTIC: [8] Use of undefined constant logo_id - assumed 'logo_id' /www/users/HA436620/WEB/Runtime/Cache/Home/32dc3912138e3efdd6675cc840babdc2.php 第 206 行.
NOTIC: [8] Array to string conversion /www/users/HA436620/WEB/Runtime/Cache/Home/32dc3912138e3efdd6675cc840babdc2.php 第 206 行.
SQL: SHOW COLUMNS FROM `yc_article_logo` [ RunTime:0.002016s ]
SQL: SELECT * FROM `yc_article_logo` WHERE ( logo_id = 11 ) LIMIT 1   [ RunTime:0.000762s ]
NOTIC: [8] Use of undefined constant logo_id - assumed 'logo_id' /www/users/HA436620/WEB/Runtime/Cache/Home/32dc3912138e3efdd6675cc840babdc2.php 第 206 行.
NOTIC: [8] Array to string conversion /www/users/HA436620/WEB/Runtime/Cache/Home/32dc3912138e3efdd6675cc840babdc2.php 第 206 行.
SQL: SELECT * FROM `yc_article_logo` WHERE ( logo_id = 11 ) LIMIT 1   [ RunTime:0.000984s ]
NOTIC: [8] Use of undefined constant logo_id - assumed 'logo_id' /www/users/HA436620/WEB/Runtime/Cache/Home/32dc3912138e3efdd6675cc840babdc2.php 第 206 行.
NOTIC: [8] Array to string conversion /www/users/HA436620/WEB/Runtime/Cache/Home/32dc3912138e3efdd6675cc840babdc2.php 第 206 行.
SQL: SELECT * FROM `yc_article_logo` WHERE ( logo_id = 11 ) LIMIT 1   [ RunTime:0.000555s ]
NOTIC: [8] Undefined index: ycblogyangchaouserinfo /www/users/HA436620/WEB/Runtime/Cache/Home/32dc3912138e3efdd6675cc840babdc2.php 第 216 行.
INFO: Run Behavior\ParseTemplate [ RunTime:0.035615s ]
INFO: [ view_parse ] --END-- [ RunTime:0.035696s ]
INFO: [ view_filter ] --START--
INFO: Run Behavior\WriteHtmlCache [ RunTime:0.000556s ]
INFO: [ view_filter ] --END-- [ RunTime:0.000626s ]
INFO: [ app_end ] --START--
INFO: Run Behavior\ShowPageTrace [ RunTime:0.001567s ]
INFO: [ app_end ] --END-- [ RunTime:0.001641s ]

