[ 2018-02-02T02:24:43+08:00 ] 123.125.67.218 /index.php/robots.txt
INFO: [ app_begin ] --START--
INFO: Run Behavior\ReadHtmlCache [ RunTime:0.001314s ]
INFO: [ app_begin ] --END-- [ RunTime:0.002262s ]
ERR: 无法加载控制器:Robots.txt

[ 2018-02-02T03:27:12+08:00 ] 124.67.20.5 /
INFO: [ app_begin ] --START--
INFO: Run Behavior\ReadHtmlCache [ RunTime:0.001285s ]
INFO: [ app_begin ] --END-- [ RunTime:0.002160s ]
SQL: SHOW COLUMNS FROM `yc_link` [ RunTime:0.010441s ]
SQL: SELECT * FROM `yc_link`  [ RunTime:0.000780s ]
SQL: SHOW COLUMNS FROM `yc_article_type` [ RunTime:0.001422s ]
SQL: SELECT * FROM `yc_article_type`  [ RunTime:0.000644s ]
SQL: SHOW COLUMNS FROM `yc_article_label` [ RunTime:0.001084s ]
SQL: SELECT * FROM `yc_article_label`  [ RunTime:0.000711s ]
SQL: SHOW COLUMNS FROM `yc_article_view` [ RunTime:0.001872s ]
SQL: SELECT COUNT(*) AS tp_count FROM `yc_article_view` WHERE ( `is_show` = 1 ) LIMIT 1   [ RunTime:0.000793s ]
SQL: SELECT * FROM `yc_article_view` WHERE ( `is_show` = 1 ) ORDER BY add_time desc LIMIT 0,10   [ RunTime:0.002836s ]
SQL: SHOW COLUMNS FROM `yc_al_relation` [ RunTime:0.001367s ]
SQL: SELECT * FROM yc_al_relation a INNER JOIN yc_article_label as b on a.lid = b.lid  WHERE ( `aid` = '51' )  [ RunTime:0.001076s ]
SQL: SELECT * FROM yc_al_relation a INNER JOIN yc_article_label as b on a.lid = b.lid  WHERE ( `aid` = '48' )  [ RunTime:0.000978s ]
SQL: SELECT * FROM yc_al_relation a INNER JOIN yc_article_label as b on a.lid = b.lid  WHERE ( `aid` = '50' )  [ RunTime:0.000817s ]
NOTIC: [8] Undefined variable: tname /www/users/HA436620/WEB/Application/Common/Model/ArticleViewModel.class.php 第 63 行.
NOTIC: [8] Undefined variable: lname /www/users/HA436620/WEB/Application/Common/Model/ArticleViewModel.class.php 第 64 行.
INFO: [ view_parse ] --START--
INFO: [ template_filter ] --START--
INFO: Run Behavior\ContentReplace [ RunTime:0.000611s ]
INFO: [ template_filter ] --END-- [ RunTime:0.000688s ]
NOTIC: [8] Undefined variable: article /www/users/HA436620/WEB/Runtime/Cache/Home/08d30c77e78bd0ac29232fbc421b5dcd.php 第 5 行.
NOTIC: [8] Undefined variable: knowledge /www/users/HA436620/WEB/Runtime/Cache/Home/08d30c77e78bd0ac29232fbc421b5dcd.php 第 5 行.
NOTIC: [8] Undefined index: ycblogyangchaouserinfo /www/users/HA436620/WEB/Runtime/Cache/Home/08d30c77e78bd0ac29232fbc421b5dcd.php 第 53 行.
NOTIC: [8] Use of undefined constant qq - assumed 'qq' /www/users/HA436620/WEB/Runtime/Cache/Home/08d30c77e78bd0ac29232fbc421b5dcd.php 第 61 行.
NOTIC: [8] Undefined index: ycblog1224userinfo /www/users/HA436620/WEB/Runtime/Cache/Home/08d30c77e78bd0ac29232fbc421b5dcd.php 第 195 行.
NOTIC: [8] Use of undefined constant logo_id - assumed 'logo_id' /www/users/HA436620/WEB/Runtime/Cache/Home/08d30c77e78bd0ac29232fbc421b5dcd.php 第 224 行.
NOTIC: [8] Array to string conversion /www/users/HA436620/WEB/Runtime/Cache/Home/08d30c77e78bd0ac29232fbc421b5dcd.php 第 224 行.
SQL: SHOW COLUMNS FROM `yc_article_logo` [ RunTime:0.001636s ]
SQL: SELECT * FROM `yc_article_logo` WHERE ( logo_id = 11 ) LIMIT 1   [ RunTime:0.000918s ]
NOTIC: [8] Use of undefined constant logo_id - assumed 'logo_id' /www/users/HA436620/WEB/Runtime/Cache/Home/08d30c77e78bd0ac29232fbc421b5dcd.php 第 224 行.
NOTIC: [8] Array to string conversion /www/users/HA436620/WEB/Runtime/Cache/Home/08d30c77e78bd0ac29232fbc421b5dcd.php 第 224 行.
SQL: SELECT * FROM `yc_article_logo` WHERE ( logo_id = 11 ) LIMIT 1   [ RunTime:0.000530s ]
NOTIC: [8] Use of undefined constant logo_id - assumed 'logo_id' /www/users/HA436620/WEB/Runtime/Cache/Home/08d30c77e78bd0ac29232fbc421b5dcd.php 第 224 行.
NOTIC: [8] Array to string conversion /www/users/HA436620/WEB/Runtime/Cache/Home/08d30c77e78bd0ac29232fbc421b5dcd.php 第 224 行.
SQL: SELECT * FROM `yc_article_logo` WHERE ( logo_id = 11 ) LIMIT 1   [ RunTime:0.000585s ]
NOTIC: [8] Undefined index: ycblogyangchaouserinfo /www/users/HA436620/WEB/Runtime/Cache/Home/08d30c77e78bd0ac29232fbc421b5dcd.php 第 234 行.
INFO: Run Behavior\ParseTemplate [ RunTime:0.057746s ]
INFO: [ view_parse ] --END-- [ RunTime:0.057816s ]
INFO: [ view_filter ] --START--
INFO: Run Behavior\WriteHtmlCache [ RunTime:0.000526s ]
INFO: [ view_filter ] --END-- [ RunTime:0.000595s ]
INFO: [ app_end ] --START--
INFO: Run Behavior\ShowPageTrace [ RunTime:0.001433s ]
INFO: [ app_end ] --END-- [ RunTime:0.001534s ]

[ 2018-02-02T04:51:08+08:00 ] 123.125.71.29 /
INFO: [ app_begin ] --START--
INFO: Run Behavior\ReadHtmlCache [ RunTime:0.001228s ]
INFO: [ app_begin ] --END-- [ RunTime:0.002139s ]
SQL: SHOW COLUMNS FROM `yc_link` [ RunTime:0.001523s ]
SQL: SELECT * FROM `yc_link`  [ RunTime:0.000596s ]
SQL: SHOW COLUMNS FROM `yc_article_type` [ RunTime:0.001204s ]
SQL: SELECT * FROM `yc_article_type`  [ RunTime:0.000595s ]
SQL: SHOW COLUMNS FROM `yc_article_label` [ RunTime:0.001115s ]
SQL: SELECT * FROM `yc_article_label`  [ RunTime:0.000582s ]
SQL: SHOW COLUMNS FROM `yc_article_view` [ RunTime:0.001698s ]
SQL: SELECT COUNT(*) AS tp_count FROM `yc_article_view` WHERE ( `is_show` = 1 ) LIMIT 1   [ RunTime:0.000792s ]
SQL: SELECT * FROM `yc_article_view` WHERE ( `is_show` = 1 ) ORDER BY add_time desc LIMIT 0,10   [ RunTime:0.003049s ]
SQL: SHOW COLUMNS FROM `yc_al_relation` [ RunTime:0.001081s ]
SQL: SELECT * FROM yc_al_relation a INNER JOIN yc_article_label as b on a.lid = b.lid  WHERE ( `aid` = '51' )  [ RunTime:0.000596s ]
SQL: SELECT * FROM yc_al_relation a INNER JOIN yc_article_label as b on a.lid = b.lid  WHERE ( `aid` = '48' )  [ RunTime:0.000611s ]
SQL: SELECT * FROM yc_al_relation a INNER JOIN yc_article_label as b on a.lid = b.lid  WHERE ( `aid` = '50' )  [ RunTime:0.000811s ]
NOTIC: [8] Undefined variable: tname /www/users/HA436620/WEB/Application/Common/Model/ArticleViewModel.class.php 第 63 行.
NOTIC: [8] Undefined variable: lname /www/users/HA436620/WEB/Application/Common/Model/ArticleViewModel.class.php 第 64 行.
INFO: [ view_parse ] --START--
INFO: [ template_filter ] --START--
INFO: Run Behavior\ContentReplace [ RunTime:0.000615s ]
INFO: [ template_filter ] --END-- [ RunTime:0.000694s ]
NOTIC: [8] Undefined variable: article /www/users/HA436620/WEB/Runtime/Cache/Home/08d30c77e78bd0ac29232fbc421b5dcd.php 第 5 行.
NOTIC: [8] Undefined variable: knowledge /www/users/HA436620/WEB/Runtime/Cache/Home/08d30c77e78bd0ac29232fbc421b5dcd.php 第 5 行.
NOTIC: [8] Undefined index: ycblogyangchaouserinfo /www/users/HA436620/WEB/Runtime/Cache/Home/08d30c77e78bd0ac29232fbc421b5dcd.php 第 53 行.
NOTIC: [8] Use of undefined constant qq - assumed 'qq' /www/users/HA436620/WEB/Runtime/Cache/Home/08d30c77e78bd0ac29232fbc421b5dcd.php 第 61 行.
NOTIC: [8] Undefined index: ycblog1224userinfo /www/users/HA436620/WEB/Runtime/Cache/Home/08d30c77e78bd0ac29232fbc421b5dcd.php 第 195 行.
NOTIC: [8] Use of undefined constant logo_id - assumed 'logo_id' /www/users/HA436620/WEB/Runtime/Cache/Home/08d30c77e78bd0ac29232fbc421b5dcd.php 第 224 行.
NOTIC: [8] Array to string conversion /www/users/HA436620/WEB/Runtime/Cache/Home/08d30c77e78bd0ac29232fbc421b5dcd.php 第 224 行.
SQL: SHOW COLUMNS FROM `yc_article_logo` [ RunTime:0.001459s ]
SQL: SELECT * FROM `yc_article_logo` WHERE ( logo_id = 11 ) LIMIT 1   [ RunTime:0.000614s ]
NOTIC: [8] Use of undefined constant logo_id - assumed 'logo_id' /www/users/HA436620/WEB/Runtime/Cache/Home/08d30c77e78bd0ac29232fbc421b5dcd.php 第 224 行.
NOTIC: [8] Array to string conversion /www/users/HA436620/WEB/Runtime/Cache/Home/08d30c77e78bd0ac29232fbc421b5dcd.php 第 224 行.
SQL: SELECT * FROM `yc_article_logo` WHERE ( logo_id = 11 ) LIMIT 1   [ RunTime:0.000546s ]
NOTIC: [8] Use of undefined constant logo_id - assumed 'logo_id' /www/users/HA436620/WEB/Runtime/Cache/Home/08d30c77e78bd0ac29232fbc421b5dcd.php 第 224 行.
NOTIC: [8] Array to string conversion /www/users/HA436620/WEB/Runtime/Cache/Home/08d30c77e78bd0ac29232fbc421b5dcd.php 第 224 行.
SQL: SELECT * FROM `yc_article_logo` WHERE ( logo_id = 11 ) LIMIT 1   [ RunTime:0.000544s ]
NOTIC: [8] Undefined index: ycblogyangchaouserinfo /www/users/HA436620/WEB/Runtime/Cache/Home/08d30c77e78bd0ac29232fbc421b5dcd.php 第 234 行.
INFO: Run Behavior\ParseTemplate [ RunTime:0.041323s ]
INFO: [ view_parse ] --END-- [ RunTime:0.041400s ]
INFO: [ view_filter ] --START--
INFO: Run Behavior\WriteHtmlCache [ RunTime:0.000442s ]
INFO: [ view_filter ] --END-- [ RunTime:0.000511s ]
INFO: [ app_end ] --START--
INFO: Run Behavior\ShowPageTrace [ RunTime:0.001664s ]
INFO: [ app_end ] --END-- [ RunTime:0.001739s ]

[ 2018-02-02T13:53:06+08:00 ] 220.181.108.179 /index.php/article/account.html
INFO: [ app_begin ] --START--
INFO: Run Behavior\ReadHtmlCache [ RunTime:0.001946s ]
INFO: [ app_begin ] --END-- [ RunTime:0.003667s ]
ERR: 无法加载控制器:Article

[ 2018-02-02T15:33:56+08:00 ] 42.227.136.105 /admin
INFO: [ app_begin ] --START--
INFO: Run Behavior\ReadHtmlCache [ RunTime:0.001300s ]
INFO: [ app_begin ] --END-- [ RunTime:0.002175s ]
NOTIC: [8] Undefined index: ycblogyangchaohangadminname /www/users/HA436620/WEB/Application/Common/Controller/AdminBaseController.class.php 第 14 行.
NOTIC: [8] Undefined index: ycblogyangchaohangadminpwd /www/users/HA436620/WEB/Application/Common/Controller/AdminBaseController.class.php 第 15 行.

[ 2018-02-02T15:33:56+08:00 ] 42.227.136.105 /index.php/Admin/Login/index.html
INFO: [ app_begin ] --START--
INFO: Run Behavior\ReadHtmlCache [ RunTime:0.001335s ]
INFO: [ app_begin ] --END-- [ RunTime:0.002218s ]
INFO: [ view_parse ] --START--
INFO: [ template_filter ] --START--
INFO: Run Behavior\ContentReplace [ RunTime:0.000120s ]
INFO: [ template_filter ] --END-- [ RunTime:0.000204s ]
NOTIC: [8] Undefined index: name /www/users/HA436620/WEB/Runtime/Cache/Admin/2e3d368ee8be4d087dfaba7b5436b61c.php 第 32 行.
NOTIC: [8] Undefined index: password /www/users/HA436620/WEB/Runtime/Cache/Admin/2e3d368ee8be4d087dfaba7b5436b61c.php 第 39 行.
INFO: Run Behavior\ParseTemplate [ RunTime:0.046927s ]
INFO: [ view_parse ] --END-- [ RunTime:0.046997s ]
INFO: [ view_filter ] --START--
INFO: Run Behavior\WriteHtmlCache [ RunTime:0.008151s ]
INFO: [ view_filter ] --END-- [ RunTime:0.008223s ]
INFO: [ app_end ] --START--
INFO: Run Behavior\ShowPageTrace [ RunTime:0.010305s ]
INFO: [ app_end ] --END-- [ RunTime:0.010376s ]

[ 2018-02-02T15:33:57+08:00 ] 42.227.136.105 /index.php/Admin/Login/static/h-ui/js/H-ui.min.js
INFO: [ app_begin ] --START--
INFO: Run Behavior\ReadHtmlCache [ RunTime:0.000816s ]
INFO: [ app_begin ] --END-- [ RunTime:0.001399s ]
ERR: 非法操作:static

[ 2018-02-02T15:33:59+08:00 ] 42.227.136.105 /index.php/Admin/Login/lib/jquery/1.9.1/jquery.min.js
INFO: [ app_begin ] --START--
INFO: Run Behavior\ReadHtmlCache [ RunTime:0.000790s ]
INFO: [ app_begin ] --END-- [ RunTime:0.001353s ]
ERR: 非法操作:lib

[ 2018-02-02T15:33:59+08:00 ] 42.227.136.105 /index.php/Admin/Login/static/h-ui/js/H-ui.min.js
INFO: [ app_begin ] --START--
INFO: Run Behavior\ReadHtmlCache [ RunTime:0.000837s ]
INFO: [ app_begin ] --END-- [ RunTime:0.001421s ]
ERR: 非法操作:static

[ 2018-02-02T15:34:03+08:00 ] 42.227.136.105 /index.php/Admin/Login/index
INFO: [ app_begin ] --START--
INFO: Run Behavior\ReadHtmlCache [ RunTime:0.001368s ]
INFO: [ app_begin ] --END-- [ RunTime:0.002285s ]
SQL: SHOW COLUMNS FROM `yc_admin` [ RunTime:0.001295s ]
SQL: SELECT * FROM `yc_admin` WHERE ( `name` = 'admin' ) LIMIT 1   [ RunTime:0.000615s ]
INFO: [ view_parse ] --START--
INFO: [ template_filter ] --START--
INFO: Run Behavior\ContentReplace [ RunTime:0.000116s ]
INFO: [ template_filter ] --END-- [ RunTime:0.000228s ]
INFO: Run Behavior\ParseTemplate [ RunTime:0.021322s ]
INFO: [ view_parse ] --END-- [ RunTime:0.021416s ]
INFO: [ view_filter ] --START--
INFO: Run Behavior\WriteHtmlCache [ RunTime:0.000501s ]
INFO: [ view_filter ] --END-- [ RunTime:0.000569s ]

[ 2018-02-02T15:34:07+08:00 ] 42.227.136.105 /index.php/Admin/Login/index.html
INFO: [ app_begin ] --START--
INFO: Run Behavior\ReadHtmlCache [ RunTime:0.001285s ]
INFO: [ app_begin ] --END-- [ RunTime:0.002196s ]
INFO: [ view_parse ] --START--
INFO: [ template_filter ] --START--
INFO: Run Behavior\ContentReplace [ RunTime:0.000117s ]
INFO: [ template_filter ] --END-- [ RunTime:0.000194s ]
NOTIC: [8] Undefined index: name /www/users/HA436620/WEB/Runtime/Cache/Admin/2e3d368ee8be4d087dfaba7b5436b61c.php 第 32 行.
NOTIC: [8] Undefined index: password /www/users/HA436620/WEB/Runtime/Cache/Admin/2e3d368ee8be4d087dfaba7b5436b61c.php 第 39 行.
INFO: Run Behavior\ParseTemplate [ RunTime:0.015403s ]
INFO: [ view_parse ] --END-- [ RunTime:0.015474s ]
INFO: [ view_filter ] --START--
INFO: Run Behavior\WriteHtmlCache [ RunTime:0.000534s ]
INFO: [ view_filter ] --END-- [ RunTime:0.000600s ]
INFO: [ app_end ] --START--
INFO: Run Behavior\ShowPageTrace [ RunTime:0.001395s ]
INFO: [ app_end ] --END-- [ RunTime:0.001465s ]

[ 2018-02-02T15:34:07+08:00 ] 42.227.136.105 /index.php/Admin/Login/static/h-ui/js/H-ui.min.js
INFO: [ app_begin ] --START--
INFO: Run Behavior\ReadHtmlCache [ RunTime:0.001339s ]
INFO: [ app_begin ] --END-- [ RunTime:0.002231s ]
ERR: 非法操作:static

[ 2018-02-02T15:34:07+08:00 ] 42.227.136.105 /index.php/Admin/Login/lib/jquery/1.9.1/jquery.min.js
INFO: [ app_begin ] --START--
INFO: Run Behavior\ReadHtmlCache [ RunTime:0.001339s ]
INFO: [ app_begin ] --END-- [ RunTime:0.002218s ]
ERR: 非法操作:lib

[ 2018-02-02T15:34:15+08:00 ] 42.227.136.105 /index.php/Admin/Login/index
INFO: [ app_begin ] --START--
INFO: Run Behavior\ReadHtmlCache [ RunTime:0.001398s ]
INFO: [ app_begin ] --END-- [ RunTime:0.002306s ]
SQL: SHOW COLUMNS FROM `yc_admin` [ RunTime:0.001475s ]
SQL: SELECT * FROM `yc_admin` WHERE ( `name` = '18238128676' ) LIMIT 1   [ RunTime:0.001098s ]
INFO: [ view_parse ] --START--
INFO: [ template_filter ] --START--
INFO: Run Behavior\ContentReplace [ RunTime:0.000071s ]
INFO: [ template_filter ] --END-- [ RunTime:0.000147s ]
INFO: Run Behavior\ParseTemplate [ RunTime:0.014234s ]
INFO: [ view_parse ] --END-- [ RunTime:0.014309s ]
INFO: [ view_filter ] --START--
INFO: Run Behavior\WriteHtmlCache [ RunTime:0.000583s ]
INFO: [ view_filter ] --END-- [ RunTime:0.000651s ]
INFO: [ app_end ] --START--
INFO: Run Behavior\ShowPageTrace [ RunTime:0.001406s ]
INFO: [ app_end ] --END-- [ RunTime:0.001476s ]

[ 2018-02-02T15:34:17+08:00 ] 42.227.136.105 /index.php/Admin/Index/index.html
INFO: [ app_begin ] --START--
INFO: Run Behavior\ReadHtmlCache [ RunTime:0.001377s ]
INFO: [ app_begin ] --END-- [ RunTime:0.002335s ]
SQL: SHOW COLUMNS FROM `yc_admin` [ RunTime:0.001235s ]
SQL: SELECT * FROM `yc_admin` WHERE ( `name` = '18238128676' ) AND ( `password` = '6122037d135497fed26b76731a67633a8a7dd33a' ) LIMIT 1   [ RunTime:0.000777s ]
INFO: [ view_parse ] --START--
INFO: [ template_filter ] --START--
INFO: Run Behavior\ContentReplace [ RunTime:0.000284s ]
INFO: [ template_filter ] --END-- [ RunTime:0.000454s ]
INFO: Run Behavior\ParseTemplate [ RunTime:0.096117s ]
INFO: [ view_parse ] --END-- [ RunTime:0.096219s ]
INFO: [ view_filter ] --START--
INFO: Run Behavior\WriteHtmlCache [ RunTime:0.000576s ]
INFO: [ view_filter ] --END-- [ RunTime:0.000690s ]
INFO: [ app_end ] --START--
INFO: Run Behavior\ShowPageTrace [ RunTime:0.001562s ]
INFO: [ app_end ] --END-- [ RunTime:0.001637s ]

[ 2018-02-02T15:34:17+08:00 ] 42.227.136.105 /index.php/Admin/Index/lib/jquery.contextmenu/jquery.contextmenu.r2.js
INFO: [ app_begin ] --START--
INFO: Run Behavior\ReadHtmlCache [ RunTime:0.001295s ]
INFO: [ app_begin ] --END-- [ RunTime:0.002238s ]
SQL: SHOW COLUMNS FROM `yc_admin` [ RunTime:0.001146s ]
SQL: SELECT * FROM `yc_admin` WHERE ( `name` = '18238128676' ) AND ( `password` = '6122037d135497fed26b76731a67633a8a7dd33a' ) LIMIT 1   [ RunTime:0.000484s ]
ERR: 非法操作:lib

[ 2018-02-02T15:34:17+08:00 ] 42.227.136.105 /index.php/Admin/Index/welcome
INFO: [ app_begin ] --START--
INFO: Run Behavior\ReadHtmlCache [ RunTime:0.001275s ]
INFO: [ app_begin ] --END-- [ RunTime:0.002172s ]
SQL: SHOW COLUMNS FROM `yc_admin` [ RunTime:0.007679s ]
SQL: SELECT * FROM `yc_admin` WHERE ( `name` = '18238128676' ) AND ( `password` = '6122037d135497fed26b76731a67633a8a7dd33a' ) LIMIT 1   [ RunTime:0.000615s ]
INFO: [ view_parse ] --START--
INFO: [ template_filter ] --START--
INFO: Run Behavior\ContentReplace [ RunTime:0.000179s ]
INFO: [ template_filter ] --END-- [ RunTime:0.000254s ]
INFO: Run Behavior\ParseTemplate [ RunTime:0.018887s ]
INFO: [ view_parse ] --END-- [ RunTime:0.018978s ]
INFO: [ view_filter ] --START--
INFO: Run Behavior\WriteHtmlCache [ RunTime:0.000524s ]
INFO: [ view_filter ] --END-- [ RunTime:0.000592s ]
INFO: [ app_end ] --START--
INFO: Run Behavior\ShowPageTrace [ RunTime:0.001424s ]
INFO: [ app_end ] --END-- [ RunTime:0.001497s ]

[ 2018-02-02T15:34:17+08:00 ] 42.227.136.105 /index.php/Admin/Index/lib/jquery/1.9.1/jquery.min.js
INFO: [ app_begin ] --START--
INFO: Run Behavior\ReadHtmlCache [ RunTime:0.001306s ]
INFO: [ app_begin ] --END-- [ RunTime:0.002243s ]
SQL: SHOW COLUMNS FROM `yc_admin` [ RunTime:0.001173s ]
SQL: SELECT * FROM `yc_admin` WHERE ( `name` = '18238128676' ) AND ( `password` = '6122037d135497fed26b76731a67633a8a7dd33a' ) LIMIT 1   [ RunTime:0.000595s ]
ERR: 非法操作:lib

[ 2018-02-02T15:34:17+08:00 ] 42.227.136.105 /index.php/Admin/Index/static/h-ui/js/H-ui.min.js
INFO: [ app_begin ] --START--
INFO: Run Behavior\ReadHtmlCache [ RunTime:0.001359s ]
INFO: [ app_begin ] --END-- [ RunTime:0.002396s ]
SQL: SHOW COLUMNS FROM `yc_admin` [ RunTime:0.001165s ]
SQL: SELECT * FROM `yc_admin` WHERE ( `name` = '18238128676' ) AND ( `password` = '6122037d135497fed26b76731a67633a8a7dd33a' ) LIMIT 1   [ RunTime:0.000664s ]
ERR: 非法操作:static

[ 2018-02-02T15:34:20+08:00 ] 42.227.136.105 /index.php/Admin/Article/knowledgeList
INFO: [ app_begin ] --START--
INFO: Run Behavior\ReadHtmlCache [ RunTime:0.001291s ]
INFO: [ app_begin ] --END-- [ RunTime:0.002281s ]
SQL: SHOW COLUMNS FROM `yc_admin` [ RunTime:0.001243s ]
SQL: SELECT * FROM `yc_admin` WHERE ( `name` = '18238128676' ) AND ( `password` = '6122037d135497fed26b76731a67633a8a7dd33a' ) LIMIT 1   [ RunTime:0.000591s ]
SQL: SHOW COLUMNS FROM `yc_article` [ RunTime:0.001653s ]
SQL: SHOW COLUMNS FROM `yc_knowledge` [ RunTime:0.001755s ]
NOTIC: [8] Undefined index: kid /www/users/HA436620/WEB/Application/Common/Model/KnowledgeModel.class.php 第 42 行.
NOTIC: [8] Undefined index: keywords /www/users/HA436620/WEB/Application/Common/Model/KnowledgeModel.class.php 第 43 行.
SQL: SELECT * FROM `yc_knowledge` ORDER BY add_time desc  [ RunTime:0.001637s ]
SQL: SELECT COUNT(*) AS tp_count FROM `yc_knowledge` LIMIT 1   [ RunTime:0.000417s ]
INFO: [ view_parse ] --START--
INFO: [ template_filter ] --START--
INFO: Run Behavior\ContentReplace [ RunTime:0.000339s ]
INFO: [ template_filter ] --END-- [ RunTime:0.000427s ]
INFO: Run Behavior\ParseTemplate [ RunTime:0.072454s ]
INFO: [ view_parse ] --END-- [ RunTime:0.072530s ]
INFO: [ view_filter ] --START--
INFO: Run Behavior\WriteHtmlCache [ RunTime:0.000535s ]
INFO: [ view_filter ] --END-- [ RunTime:0.000605s ]
INFO: [ app_end ] --START--
INFO: Run Behavior\ShowPageTrace [ RunTime:0.001488s ]
INFO: [ app_end ] --END-- [ RunTime:0.001597s ]

[ 2018-02-02T15:34:22+08:00 ] 42.227.136.105 /index.php/Admin/Article/knowledgeAdd
INFO: [ app_begin ] --START--
INFO: Run Behavior\ReadHtmlCache [ RunTime:0.001279s ]
INFO: [ app_begin ] --END-- [ RunTime:0.002209s ]
SQL: SHOW COLUMNS FROM `yc_admin` [ RunTime:0.001248s ]
SQL: SELECT * FROM `yc_admin` WHERE ( `name` = '18238128676' ) AND ( `password` = '6122037d135497fed26b76731a67633a8a7dd33a' ) LIMIT 1   [ RunTime:0.000587s ]
SQL: SHOW COLUMNS FROM `yc_article` [ RunTime:0.001164s ]
SQL: SHOW COLUMNS FROM `yc_knowledge` [ RunTime:0.001162s ]
INFO: [ view_parse ] --START--
INFO: [ template_filter ] --START--
INFO: Run Behavior\ContentReplace [ RunTime:0.000235s ]
INFO: [ template_filter ] --END-- [ RunTime:0.000312s ]
INFO: Run Behavior\ParseTemplate [ RunTime:0.021924s ]
INFO: [ view_parse ] --END-- [ RunTime:0.022013s ]
INFO: [ view_filter ] --START--
INFO: Run Behavior\WriteHtmlCache [ RunTime:0.000578s ]
INFO: [ view_filter ] --END-- [ RunTime:0.000648s ]
INFO: [ app_end ] --START--
INFO: Run Behavior\ShowPageTrace [ RunTime:0.001441s ]
INFO: [ app_end ] --END-- [ RunTime:0.001517s ]

[ 2018-02-02T15:35:35+08:00 ] 42.227.136.105 /index.php/Admin/Article/knowledgeAdd
INFO: [ app_begin ] --START--
INFO: Run Behavior\ReadHtmlCache [ RunTime:0.001323s ]
INFO: [ app_begin ] --END-- [ RunTime:0.002224s ]
SQL: SHOW COLUMNS FROM `yc_admin` [ RunTime:0.001196s ]
SQL: SELECT * FROM `yc_admin` WHERE ( `name` = '18238128676' ) AND ( `password` = '6122037d135497fed26b76731a67633a8a7dd33a' ) LIMIT 1   [ RunTime:0.000671s ]
SQL: SHOW COLUMNS FROM `yc_article` [ RunTime:0.001099s ]
SQL: SHOW COLUMNS FROM `yc_knowledge` [ RunTime:0.001098s ]
SQL: INSERT INTO `yc_knowledge` (`title`,`author`,`keyword`,`description`,`content`) VALUES ('sublime text3配置ctrl+鼠标左键进行函数跳转','Mr.Yang','sublime text3','点击Preferences->Browse Packages进入Packages目录，然后打开User目录，查看User目录里面有没有Default (Windows)....','<p style=\"margin-top: 0px; margin-bottom: 0px; padding: 0px; box-sizing: border-box; color: rgb(69, 69, 69); font-family: \"PingFang SC\", \"Microsoft YaHei\", SimHei, Arial, SimSun; white-space: normal; background-color: rgb(255, 255, 255);\">点击Preferences->Browse Packages进入Packages目录，然后打开User目录，</p><p style=\"margin-top: 0px; margin-bottom: 0px; padding: 0px; box-sizing: border-box; color: rgb(69, 69, 69); font-family: \"PingFang SC\", \"Microsoft YaHei\", SimHei, Arial, SimSun; white-space: normal; background-color: rgb(255, 255, 255);\">查看User目录里面有没有Default (Windows).sublime-mousemap文件，如果没有则创建一个。</p><p style=\"margin-top: 0px; margin-bottom: 0px; padding: 0px; box-sizing: border-box; color: rgb(69, 69, 69); font-family: \"PingFang SC\", \"Microsoft YaHei\", SimHei, Arial, SimSun; white-space: normal; background-color: rgb(255, 255, 255);\">内容如下：</p><p style=\"margin-top: 0px; margin-bottom: 0px; padding: 0px; box-sizing: border-box; color: rgb(69, 69, 69); font-family: \"PingFang SC\", \"Microsoft YaHei\", SimHei, Arial, SimSun; white-space: normal; background-color: rgb(255, 255, 255);\">[<br/><span style=\"margin: 0px; padding: 0px; box-sizing: border-box; white-space: pre;\"></span>{<br/><span style=\"margin: 0px; padding: 0px; box-sizing: border-box; white-space: pre;\"></span>\"button\": \"button2\",<br/><span style=\"margin: 0px; padding: 0px; box-sizing: border-box; white-space: pre;\"></span>\"count\": 1,<br/><span style=\"margin: 0px; padding: 0px; box-sizing: border-box; white-space: pre;\"></span>\"modifiers\": [\"ctrl\"],<br/><span style=\"margin: 0px; padding: 0px; box-sizing: border-box; white-space: pre;\"></span>\"command\": \"jump_back\"<br/><span style=\"margin: 0px; padding: 0px; box-sizing: border-box; white-space: pre;\"></span>},<br/><br/><br/><span style=\"margin: 0px; padding: 0px; box-sizing: border-box; white-space: pre;\"></span>{<br/><span style=\"margin: 0px; padding: 0px; box-sizing: border-box; white-space: pre;\"></span>\"button\": \"button1\",<br/><span style=\"margin: 0px; padding: 0px; box-sizing: border-box; white-space: pre;\"></span>\"count\": 1,<br/><span style=\"margin: 0px; padding: 0px; box-sizing: border-box; white-space: pre;\"></span>\"modifiers\": [\"ctrl\"],<br/><span style=\"margin: 0px; padding: 0px; box-sizing: border-box; white-space: pre;\"></span>\"press_command\": \"drag_select\",<br/><span style=\"margin: 0px; padding: 0px; box-sizing: border-box; white-space: pre;\"></span>\"command\": \"goto_definition\"<br/><span style=\"margin: 0px; padding: 0px; box-sizing: border-box; white-space: pre;\"></span>}<br/>]</p><p><br/></p>') [ RunTime:0.001023s ]
INFO: [ app_end ] --START--
INFO: Run Behavior\ShowPageTrace [ RunTime:0.001469s ]
INFO: [ app_end ] --END-- [ RunTime:0.001542s ]

[ 2018-02-02T15:35:42+08:00 ] 42.227.136.105 /index.php/Admin/Article/knowledgeList
INFO: [ app_begin ] --START--
INFO: Run Behavior\ReadHtmlCache [ RunTime:0.001354s ]
INFO: [ app_begin ] --END-- [ RunTime:0.002268s ]
SQL: SHOW COLUMNS FROM `yc_admin` [ RunTime:0.002028s ]
SQL: SELECT * FROM `yc_admin` WHERE ( `name` = '18238128676' ) AND ( `password` = '6122037d135497fed26b76731a67633a8a7dd33a' ) LIMIT 1   [ RunTime:0.000603s ]
SQL: SHOW COLUMNS FROM `yc_article` [ RunTime:0.001008s ]
SQL: SHOW COLUMNS FROM `yc_knowledge` [ RunTime:0.001110s ]
NOTIC: [8] Undefined index: kid /www/users/HA436620/WEB/Application/Common/Model/KnowledgeModel.class.php 第 42 行.
NOTIC: [8] Undefined index: keywords /www/users/HA436620/WEB/Application/Common/Model/KnowledgeModel.class.php 第 43 行.
SQL: SELECT * FROM `yc_knowledge` ORDER BY add_time desc  [ RunTime:0.001262s ]
SQL: SELECT COUNT(*) AS tp_count FROM `yc_knowledge` LIMIT 1   [ RunTime:0.000971s ]
INFO: [ view_parse ] --START--
INFO: [ template_filter ] --START--
INFO: Run Behavior\ContentReplace [ RunTime:0.000314s ]
INFO: [ template_filter ] --END-- [ RunTime:0.000398s ]
INFO: Run Behavior\ParseTemplate [ RunTime:0.023229s ]
INFO: [ view_parse ] --END-- [ RunTime:0.023313s ]
INFO: [ view_filter ] --START--
INFO: Run Behavior\WriteHtmlCache [ RunTime:0.000572s ]
INFO: [ view_filter ] --END-- [ RunTime:0.000642s ]
INFO: [ app_end ] --START--
INFO: Run Behavior\ShowPageTrace [ RunTime:0.001499s ]
INFO: [ app_end ] --END-- [ RunTime:0.001575s ]

