[ 2018-04-08T00:23:51+08:00 ] 220.181.108.177 /
INFO: [ app_begin ] --START--
INFO: Run Behavior\ReadHtmlCache [ RunTime:0.001270s ]
INFO: [ app_begin ] --END-- [ RunTime:0.002291s ]
SQL: SHOW COLUMNS FROM `yc_link` [ RunTime:0.001327s ]
SQL: SELECT * FROM `yc_link`  [ RunTime:0.001356s ]
SQL: SHOW COLUMNS FROM `yc_article_type` [ RunTime:0.001409s ]
SQL: SELECT * FROM `yc_article_type`  [ RunTime:0.000528s ]
SQL: SHOW COLUMNS FROM `yc_article_label` [ RunTime:0.002168s ]
SQL: SELECT * FROM `yc_article_label`  [ RunTime:0.000933s ]
SQL: SHOW COLUMNS FROM `yc_article_view` [ RunTime:0.002818s ]
SQL: SELECT COUNT(*) AS tp_count FROM `yc_article_view` WHERE ( `is_show` = 1 ) LIMIT 1   [ RunTime:0.001420s ]
SQL: SELECT * FROM `yc_article_view` WHERE ( `is_show` = 1 ) ORDER BY add_time desc LIMIT 0,10   [ RunTime:0.003456s ]
SQL: SHOW COLUMNS FROM `yc_al_relation` [ RunTime:0.001803s ]
SQL: SELECT * FROM yc_al_relation a INNER JOIN yc_article_label as b on a.lid = b.lid  WHERE ( `aid` = '50' )  [ RunTime:0.000791s ]
SQL: SELECT * FROM yc_al_relation a INNER JOIN yc_article_label as b on a.lid = b.lid  WHERE ( `aid` = '48' )  [ RunTime:0.000582s ]
SQL: SELECT * FROM yc_al_relation a INNER JOIN yc_article_label as b on a.lid = b.lid  WHERE ( `aid` = '51' )  [ RunTime:0.000612s ]
NOTIC: [8] Undefined variable: tname /www/users/HA436620/WEB/Application/Common/Model/ArticleViewModel.class.php 第 63 行.
NOTIC: [8] Undefined variable: lname /www/users/HA436620/WEB/Application/Common/Model/ArticleViewModel.class.php 第 64 行.
INFO: [ view_parse ] --START--
INFO: [ template_filter ] --START--
INFO: Run Behavior\ContentReplace [ RunTime:0.000660s ]
INFO: [ template_filter ] --END-- [ RunTime:0.000750s ]
NOTIC: [8] Undefined variable: article /www/users/HA436620/WEB/Runtime/Cache/Home/08d30c77e78bd0ac29232fbc421b5dcd.php 第 5 行.
NOTIC: [8] Undefined variable: knowledge /www/users/HA436620/WEB/Runtime/Cache/Home/08d30c77e78bd0ac29232fbc421b5dcd.php 第 5 行.
NOTIC: [8] Undefined index: ycblogyangchaouserinfo /www/users/HA436620/WEB/Runtime/Cache/Home/08d30c77e78bd0ac29232fbc421b5dcd.php 第 53 行.
NOTIC: [8] Use of undefined constant qq - assumed 'qq' /www/users/HA436620/WEB/Runtime/Cache/Home/08d30c77e78bd0ac29232fbc421b5dcd.php 第 61 行.
NOTIC: [8] Undefined index: ycblog1224userinfo /www/users/HA436620/WEB/Runtime/Cache/Home/08d30c77e78bd0ac29232fbc421b5dcd.php 第 195 行.
NOTIC: [8] Use of undefined constant logo_id - assumed 'logo_id' /www/users/HA436620/WEB/Runtime/Cache/Home/08d30c77e78bd0ac29232fbc421b5dcd.php 第 224 行.
NOTIC: [8] Array to string conversion /www/users/HA436620/WEB/Runtime/Cache/Home/08d30c77e78bd0ac29232fbc421b5dcd.php 第 224 行.
SQL: SHOW COLUMNS FROM `yc_article_logo` [ RunTime:0.001253s ]
SQL: SELECT * FROM `yc_article_logo` WHERE ( logo_id = 11 ) LIMIT 1   [ RunTime:0.001153s ]
NOTIC: [8] Use of undefined constant logo_id - assumed 'logo_id' /www/users/HA436620/WEB/Runtime/Cache/Home/08d30c77e78bd0ac29232fbc421b5dcd.php 第 224 行.
NOTIC: [8] Array to string conversion /www/users/HA436620/WEB/Runtime/Cache/Home/08d30c77e78bd0ac29232fbc421b5dcd.php 第 224 行.
SQL: SELECT * FROM `yc_article_logo` WHERE ( logo_id = 11 ) LIMIT 1   [ RunTime:0.000692s ]
NOTIC: [8] Use of undefined constant logo_id - assumed 'logo_id' /www/users/HA436620/WEB/Runtime/Cache/Home/08d30c77e78bd0ac29232fbc421b5dcd.php 第 224 行.
NOTIC: [8] Array to string conversion /www/users/HA436620/WEB/Runtime/Cache/Home/08d30c77e78bd0ac29232fbc421b5dcd.php 第 224 行.
SQL: SELECT * FROM `yc_article_logo` WHERE ( logo_id = 11 ) LIMIT 1   [ RunTime:0.000434s ]
NOTIC: [8] Undefined index: ycblogyangchaouserinfo /www/users/HA436620/WEB/Runtime/Cache/Home/08d30c77e78bd0ac29232fbc421b5dcd.php 第 234 行.
INFO: Run Behavior\ParseTemplate [ RunTime:0.048461s ]
INFO: [ view_parse ] --END-- [ RunTime:0.048561s ]
INFO: [ view_filter ] --START--
INFO: Run Behavior\WriteHtmlCache [ RunTime:0.000479s ]
INFO: [ view_filter ] --END-- [ RunTime:0.000662s ]
INFO: [ app_end ] --START--
INFO: Run Behavior\ShowPageTrace [ RunTime:0.001400s ]
INFO: [ app_end ] --END-- [ RunTime:0.001492s ]

[ 2018-04-08T01:07:10+08:00 ] 123.125.67.162 /index.php/robots.txt
INFO: [ app_begin ] --START--
INFO: Run Behavior\ReadHtmlCache [ RunTime:0.001230s ]
INFO: [ app_begin ] --END-- [ RunTime:0.002119s ]
ERR: 无法加载控制器:Robots.txt

[ 2018-04-08T03:35:07+08:00 ] 106.11.156.182 /index.php/Home/Index/category/tid/1
INFO: [ app_begin ] --START--
INFO: Run Behavior\ReadHtmlCache [ RunTime:0.001785s ]
INFO: [ app_begin ] --END-- [ RunTime:0.003093s ]
SQL: SHOW COLUMNS FROM `yc_link` [ RunTime:0.002790s ]
SQL: SELECT * FROM `yc_link`  [ RunTime:0.000871s ]
SQL: SHOW COLUMNS FROM `yc_article_type` [ RunTime:0.001253s ]
SQL: SELECT * FROM `yc_article_type`  [ RunTime:0.000853s ]
SQL: SHOW COLUMNS FROM `yc_article_label` [ RunTime:0.000999s ]
SQL: SELECT * FROM `yc_article_label`  [ RunTime:0.000611s ]
SQL: SHOW COLUMNS FROM `yc_article_view` [ RunTime:0.001821s ]
SQL: SHOW COLUMNS FROM `yc_type_logo_view` [ RunTime:0.001266s ]
SQL: SELECT `css_name`,`name` FROM `yc_type_logo_view` WHERE ( tid=1 ) LIMIT 1   [ RunTime:0.000627s ]
SQL: SELECT COUNT(*) AS tp_count FROM `yc_article_view` WHERE ( `tid` = 1 ) AND ( `is_show` = 1 ) LIMIT 1   [ RunTime:0.001928s ]
SQL: SELECT * FROM `yc_article_view` WHERE ( `tid` = 1 ) AND ( `is_show` = 1 ) ORDER BY add_time desc LIMIT 0,10   [ RunTime:0.003381s ]
SQL: SHOW COLUMNS FROM `yc_al_relation` [ RunTime:0.006149s ]
SQL: SELECT * FROM yc_al_relation a INNER JOIN yc_article_label as b on a.lid = b.lid  WHERE ( `aid` = '48' )  [ RunTime:0.001057s ]
SQL: SELECT * FROM yc_al_relation a INNER JOIN yc_article_label as b on a.lid = b.lid  WHERE ( `aid` = '51' )  [ RunTime:0.001219s ]
NOTIC: [8] Undefined variable: lname /www/users/HA436620/WEB/Application/Common/Model/ArticleViewModel.class.php 第 64 行.
INFO: [ view_parse ] --START--
INFO: [ template_filter ] --START--
INFO: Run Behavior\ContentReplace [ RunTime:0.000433s ]
INFO: [ template_filter ] --END-- [ RunTime:0.000520s ]
NOTIC: [8] Undefined variable: article /www/users/HA436620/WEB/Runtime/Cache/Home/8a8a1fe12e6e3b6d97a8bf2187671ba6.php 第 5 行.
NOTIC: [8] Undefined variable: knowledge /www/users/HA436620/WEB/Runtime/Cache/Home/8a8a1fe12e6e3b6d97a8bf2187671ba6.php 第 5 行.
NOTIC: [8] Undefined index: ycblogyangchaouserinfo /www/users/HA436620/WEB/Runtime/Cache/Home/8a8a1fe12e6e3b6d97a8bf2187671ba6.php 第 54 行.
NOTIC: [8] Use of undefined constant qq - assumed 'qq' /www/users/HA436620/WEB/Runtime/Cache/Home/8a8a1fe12e6e3b6d97a8bf2187671ba6.php 第 62 行.
NOTIC: [8] Undefined index: ycblog1224userinfo /www/users/HA436620/WEB/Runtime/Cache/Home/8a8a1fe12e6e3b6d97a8bf2187671ba6.php 第 196 行.
NOTIC: [8] Use of undefined constant logo_id - assumed 'logo_id' /www/users/HA436620/WEB/Runtime/Cache/Home/8a8a1fe12e6e3b6d97a8bf2187671ba6.php 第 225 行.
NOTIC: [8] Array to string conversion /www/users/HA436620/WEB/Runtime/Cache/Home/8a8a1fe12e6e3b6d97a8bf2187671ba6.php 第 225 行.
SQL: SHOW COLUMNS FROM `yc_article_logo` [ RunTime:0.001025s ]
SQL: SELECT * FROM `yc_article_logo` WHERE ( logo_id = 11 ) LIMIT 1   [ RunTime:0.000536s ]
NOTIC: [8] Use of undefined constant logo_id - assumed 'logo_id' /www/users/HA436620/WEB/Runtime/Cache/Home/8a8a1fe12e6e3b6d97a8bf2187671ba6.php 第 225 行.
NOTIC: [8] Array to string conversion /www/users/HA436620/WEB/Runtime/Cache/Home/8a8a1fe12e6e3b6d97a8bf2187671ba6.php 第 225 行.
SQL: SELECT * FROM `yc_article_logo` WHERE ( logo_id = 11 ) LIMIT 1   [ RunTime:0.001404s ]
NOTIC: [8] Use of undefined constant logo_id - assumed 'logo_id' /www/users/HA436620/WEB/Runtime/Cache/Home/8a8a1fe12e6e3b6d97a8bf2187671ba6.php 第 225 行.
NOTIC: [8] Array to string conversion /www/users/HA436620/WEB/Runtime/Cache/Home/8a8a1fe12e6e3b6d97a8bf2187671ba6.php 第 225 行.
SQL: SELECT * FROM `yc_article_logo` WHERE ( logo_id = 11 ) LIMIT 1   [ RunTime:0.000524s ]
NOTIC: [8] Undefined index: ycblogyangchaouserinfo /www/users/HA436620/WEB/Runtime/Cache/Home/8a8a1fe12e6e3b6d97a8bf2187671ba6.php 第 235 行.
INFO: Run Behavior\ParseTemplate [ RunTime:0.043449s ]
INFO: [ view_parse ] --END-- [ RunTime:0.043548s ]
INFO: [ view_filter ] --START--
INFO: Run Behavior\WriteHtmlCache [ RunTime:0.000460s ]
INFO: [ view_filter ] --END-- [ RunTime:0.000533s ]
INFO: [ app_end ] --START--
INFO: Run Behavior\ShowPageTrace [ RunTime:0.001404s ]
INFO: [ app_end ] --END-- [ RunTime:0.001478s ]

[ 2018-04-08T03:35:17+08:00 ] 106.11.154.211 /index.php/robots.txt
INFO: [ app_begin ] --START--
INFO: Run Behavior\ReadHtmlCache [ RunTime:0.001648s ]
INFO: [ app_begin ] --END-- [ RunTime:0.002655s ]
ERR: 无法加载控制器:Robots.txt

[ 2018-04-08T03:35:18+08:00 ] 106.11.154.211 /index.php/robots.txt
INFO: [ app_begin ] --START--
INFO: Run Behavior\ReadHtmlCache [ RunTime:0.001224s ]
INFO: [ app_begin ] --END-- [ RunTime:0.002244s ]
ERR: 无法加载控制器:Robots.txt

[ 2018-04-08T03:35:57+08:00 ] 101.24.182.115 /index.php/robots.txt
INFO: [ app_begin ] --START--
INFO: Run Behavior\ReadHtmlCache [ RunTime:0.001252s ]
INFO: [ app_begin ] --END-- [ RunTime:0.002223s ]
ERR: 无法加载控制器:Robots.txt

[ 2018-04-08T08:13:35+08:00 ] 46.229.164.99 /index.php/robots.txt
INFO: [ app_begin ] --START--
INFO: Run Behavior\ReadHtmlCache [ RunTime:0.001964s ]
INFO: [ app_begin ] --END-- [ RunTime:0.011268s ]
ERR: 无法加载控制器:Robots.txt

[ 2018-04-08T11:11:14+08:00 ] 106.11.152.167 /index.php/home/index/label/lid/6
INFO: [ app_begin ] --START--
INFO: Run Behavior\ReadHtmlCache [ RunTime:0.001308s ]
INFO: [ app_begin ] --END-- [ RunTime:0.002192s ]
SQL: SHOW COLUMNS FROM `yc_link` [ RunTime:0.001907s ]
SQL: SELECT * FROM `yc_link`  [ RunTime:0.000915s ]
SQL: SHOW COLUMNS FROM `yc_article_type` [ RunTime:0.002229s ]
SQL: SELECT * FROM `yc_article_type`  [ RunTime:0.000792s ]
SQL: SHOW COLUMNS FROM `yc_article_label` [ RunTime:0.001035s ]
SQL: SELECT * FROM `yc_article_label`  [ RunTime:0.000862s ]
SQL: SHOW COLUMNS FROM `yc_article_view` [ RunTime:0.002358s ]
SQL: SELECT `name` FROM `yc_article_label` WHERE ( `lid` = 6 ) LIMIT 1   [ RunTime:0.000591s ]
SQL: SHOW COLUMNS FROM `yc_al_relation` [ RunTime:0.001885s ]
SQL: SELECT COUNT(*) AS tp_count FROM `yc_al_relation` WHERE ( `lid` = 6 ) LIMIT 1   [ RunTime:0.000530s ]
SQL: SELECT * FROM `yc_al_relation` WHERE ( `lid` = 6 ) ORDER BY aid desc LIMIT 0,10   [ RunTime:0.001224s ]
SQL: SELECT * FROM `yc_article_view` WHERE ( `id` = 48 ) LIMIT 1   [ RunTime:0.002590s ]
SQL: SHOW COLUMNS FROM `yc_al_relation` [ RunTime:0.001812s ]
SQL: SELECT * FROM yc_al_relation a INNER JOIN yc_article_label as b on a.lid = b.lid  WHERE ( `aid` = '48' )  [ RunTime:0.000762s ]
NOTIC: [8] Undefined variable: tname /www/users/HA436620/WEB/Application/Common/Model/ArticleViewModel.class.php 第 63 行.
INFO: [ view_parse ] --START--
INFO: [ template_filter ] --START--
INFO: Run Behavior\ContentReplace [ RunTime:0.000403s ]
INFO: [ template_filter ] --END-- [ RunTime:0.000490s ]
NOTIC: [8] Undefined variable: article /www/users/HA436620/WEB/Runtime/Cache/Home/05709e7834ae9e5b04be134e09acf783.php 第 5 行.
NOTIC: [8] Undefined variable: knowledge /www/users/HA436620/WEB/Runtime/Cache/Home/05709e7834ae9e5b04be134e09acf783.php 第 5 行.
NOTIC: [8] Undefined index: ycblogyangchaouserinfo /www/users/HA436620/WEB/Runtime/Cache/Home/05709e7834ae9e5b04be134e09acf783.php 第 54 行.
NOTIC: [8] Use of undefined constant qq - assumed 'qq' /www/users/HA436620/WEB/Runtime/Cache/Home/05709e7834ae9e5b04be134e09acf783.php 第 62 行.
NOTIC: [8] Undefined variable: article /www/users/HA436620/WEB/Runtime/Cache/Home/05709e7834ae9e5b04be134e09acf783.php 第 153 行.
NOTIC: [8] Undefined index: ycblog1224userinfo /www/users/HA436620/WEB/Runtime/Cache/Home/05709e7834ae9e5b04be134e09acf783.php 第 190 行.
NOTIC: [8] Use of undefined constant logo_id - assumed 'logo_id' /www/users/HA436620/WEB/Runtime/Cache/Home/05709e7834ae9e5b04be134e09acf783.php 第 219 行.
NOTIC: [8] Array to string conversion /www/users/HA436620/WEB/Runtime/Cache/Home/05709e7834ae9e5b04be134e09acf783.php 第 219 行.
SQL: SHOW COLUMNS FROM `yc_article_logo` [ RunTime:0.001424s ]
SQL: SELECT * FROM `yc_article_logo` WHERE ( logo_id = 11 ) LIMIT 1   [ RunTime:0.000962s ]
NOTIC: [8] Use of undefined constant logo_id - assumed 'logo_id' /www/users/HA436620/WEB/Runtime/Cache/Home/05709e7834ae9e5b04be134e09acf783.php 第 219 行.
NOTIC: [8] Array to string conversion /www/users/HA436620/WEB/Runtime/Cache/Home/05709e7834ae9e5b04be134e09acf783.php 第 219 行.
SQL: SELECT * FROM `yc_article_logo` WHERE ( logo_id = 11 ) LIMIT 1   [ RunTime:0.001256s ]
NOTIC: [8] Use of undefined constant logo_id - assumed 'logo_id' /www/users/HA436620/WEB/Runtime/Cache/Home/05709e7834ae9e5b04be134e09acf783.php 第 219 行.
NOTIC: [8] Array to string conversion /www/users/HA436620/WEB/Runtime/Cache/Home/05709e7834ae9e5b04be134e09acf783.php 第 219 行.
SQL: SELECT * FROM `yc_article_logo` WHERE ( logo_id = 11 ) LIMIT 1   [ RunTime:0.000563s ]
NOTIC: [8] Undefined index: ycblogyangchaouserinfo /www/users/HA436620/WEB/Runtime/Cache/Home/05709e7834ae9e5b04be134e09acf783.php 第 229 行.
INFO: Run Behavior\ParseTemplate [ RunTime:0.098048s ]
INFO: [ view_parse ] --END-- [ RunTime:0.098181s ]
INFO: [ view_filter ] --START--
INFO: Run Behavior\WriteHtmlCache [ RunTime:0.003631s ]
INFO: [ view_filter ] --END-- [ RunTime:0.003703s ]
INFO: [ app_end ] --START--
INFO: Run Behavior\ShowPageTrace [ RunTime:0.007806s ]
INFO: [ app_end ] --END-- [ RunTime:0.007902s ]

[ 2018-04-08T12:06:42+08:00 ] 106.11.156.182 /index.php/category/4.html
INFO: [ app_begin ] --START--
INFO: Run Behavior\ReadHtmlCache [ RunTime:0.001333s ]
INFO: [ app_begin ] --END-- [ RunTime:0.002263s ]
SQL: SHOW COLUMNS FROM `yc_link` [ RunTime:0.001726s ]
SQL: SELECT * FROM `yc_link`  [ RunTime:0.000828s ]
SQL: SHOW COLUMNS FROM `yc_article_type` [ RunTime:0.002139s ]
SQL: SELECT * FROM `yc_article_type`  [ RunTime:0.001509s ]
SQL: SHOW COLUMNS FROM `yc_article_label` [ RunTime:0.001399s ]
SQL: SELECT * FROM `yc_article_label`  [ RunTime:0.000457s ]
SQL: SHOW COLUMNS FROM `yc_article_view` [ RunTime:0.001996s ]
SQL: SHOW COLUMNS FROM `yc_type_logo_view` [ RunTime:0.009044s ]
SQL: SELECT `css_name`,`name` FROM `yc_type_logo_view` WHERE ( tid=4 ) LIMIT 1   [ RunTime:0.000838s ]
SQL: SELECT COUNT(*) AS tp_count FROM `yc_article_view` WHERE ( `tid` = 4 ) AND ( `is_show` = 1 ) LIMIT 1   [ RunTime:0.000809s ]
SQL: SELECT * FROM `yc_article_view` WHERE ( `tid` = 4 ) AND ( `is_show` = 1 ) ORDER BY add_time desc LIMIT 0,10   [ RunTime:0.001425s ]
SQL: SHOW COLUMNS FROM `yc_al_relation` [ RunTime:0.002617s ]
SQL: SELECT * FROM yc_al_relation a INNER JOIN yc_article_label as b on a.lid = b.lid  WHERE ( `aid` = '50' )  [ RunTime:0.001678s ]
NOTIC: [8] Undefined variable: lname /www/users/HA436620/WEB/Application/Common/Model/ArticleViewModel.class.php 第 64 行.
INFO: [ view_parse ] --START--
INFO: [ template_filter ] --START--
INFO: Run Behavior\ContentReplace [ RunTime:0.000622s ]
INFO: [ template_filter ] --END-- [ RunTime:0.000762s ]
NOTIC: [8] Undefined variable: article /www/users/HA436620/WEB/Runtime/Cache/Home/8a8a1fe12e6e3b6d97a8bf2187671ba6.php 第 5 行.
NOTIC: [8] Undefined variable: knowledge /www/users/HA436620/WEB/Runtime/Cache/Home/8a8a1fe12e6e3b6d97a8bf2187671ba6.php 第 5 行.
NOTIC: [8] Undefined index: ycblogyangchaouserinfo /www/users/HA436620/WEB/Runtime/Cache/Home/8a8a1fe12e6e3b6d97a8bf2187671ba6.php 第 54 行.
NOTIC: [8] Use of undefined constant qq - assumed 'qq' /www/users/HA436620/WEB/Runtime/Cache/Home/8a8a1fe12e6e3b6d97a8bf2187671ba6.php 第 62 行.
NOTIC: [8] Undefined index: ycblog1224userinfo /www/users/HA436620/WEB/Runtime/Cache/Home/8a8a1fe12e6e3b6d97a8bf2187671ba6.php 第 196 行.
NOTIC: [8] Use of undefined constant logo_id - assumed 'logo_id' /www/users/HA436620/WEB/Runtime/Cache/Home/8a8a1fe12e6e3b6d97a8bf2187671ba6.php 第 225 行.
NOTIC: [8] Array to string conversion /www/users/HA436620/WEB/Runtime/Cache/Home/8a8a1fe12e6e3b6d97a8bf2187671ba6.php 第 225 行.
SQL: SHOW COLUMNS FROM `yc_article_logo` [ RunTime:0.001193s ]
SQL: SELECT * FROM `yc_article_logo` WHERE ( logo_id = 11 ) LIMIT 1   [ RunTime:0.000771s ]
NOTIC: [8] Use of undefined constant logo_id - assumed 'logo_id' /www/users/HA436620/WEB/Runtime/Cache/Home/8a8a1fe12e6e3b6d97a8bf2187671ba6.php 第 225 行.
NOTIC: [8] Array to string conversion /www/users/HA436620/WEB/Runtime/Cache/Home/8a8a1fe12e6e3b6d97a8bf2187671ba6.php 第 225 行.
SQL: SELECT * FROM `yc_article_logo` WHERE ( logo_id = 11 ) LIMIT 1   [ RunTime:0.000563s ]
NOTIC: [8] Use of undefined constant logo_id - assumed 'logo_id' /www/users/HA436620/WEB/Runtime/Cache/Home/8a8a1fe12e6e3b6d97a8bf2187671ba6.php 第 225 行.
NOTIC: [8] Array to string conversion /www/users/HA436620/WEB/Runtime/Cache/Home/8a8a1fe12e6e3b6d97a8bf2187671ba6.php 第 225 行.
SQL: SELECT * FROM `yc_article_logo` WHERE ( logo_id = 11 ) LIMIT 1   [ RunTime:0.001021s ]
NOTIC: [8] Undefined index: ycblogyangchaouserinfo /www/users/HA436620/WEB/Runtime/Cache/Home/8a8a1fe12e6e3b6d97a8bf2187671ba6.php 第 235 行.
INFO: Run Behavior\ParseTemplate [ RunTime:0.071495s ]
INFO: [ view_parse ] --END-- [ RunTime:0.071613s ]
INFO: [ view_filter ] --START--
INFO: Run Behavior\WriteHtmlCache [ RunTime:0.000822s ]
INFO: [ view_filter ] --END-- [ RunTime:0.000938s ]
INFO: [ app_end ] --START--
INFO: Run Behavior\ShowPageTrace [ RunTime:0.002155s ]
INFO: [ app_end ] --END-- [ RunTime:0.002274s ]

[ 2018-04-08T17:08:30+08:00 ] 46.229.164.99 /index.php/robots.txt
INFO: [ app_begin ] --START--
INFO: Run Behavior\ReadHtmlCache [ RunTime:0.001289s ]
INFO: [ app_begin ] --END-- [ RunTime:0.002197s ]
ERR: 无法加载控制器:Robots.txt

[ 2018-04-08T20:23:08+08:00 ] 46.229.164.98 /index.php/robots.txt
INFO: [ app_begin ] --START--
INFO: Run Behavior\ReadHtmlCache [ RunTime:0.001379s ]
INFO: [ app_begin ] --END-- [ RunTime:0.002270s ]
ERR: 无法加载控制器:Robots.txt

