[ 2018-03-28T00:36:30+08:00 ] 106.11.152.165 /index.php/Home/Index/category/tid/2
INFO: [ app_begin ] --START--
INFO: Run Behavior\ReadHtmlCache [ RunTime:0.001277s ]
INFO: [ app_begin ] --END-- [ RunTime:0.002201s ]
SQL: SHOW COLUMNS FROM `yc_link` [ RunTime:0.002818s ]
SQL: SELECT * FROM `yc_link`  [ RunTime:0.000693s ]
SQL: SHOW COLUMNS FROM `yc_article_type` [ RunTime:0.001248s ]
SQL: SELECT * FROM `yc_article_type`  [ RunTime:0.000693s ]
SQL: SHOW COLUMNS FROM `yc_article_label` [ RunTime:0.001320s ]
SQL: SELECT * FROM `yc_article_label`  [ RunTime:0.000584s ]
SQL: SHOW COLUMNS FROM `yc_article_view` [ RunTime:0.001590s ]
SQL: SHOW COLUMNS FROM `yc_type_logo_view` [ RunTime:0.001238s ]
SQL: SELECT `css_name`,`name` FROM `yc_type_logo_view` WHERE ( tid=2 ) LIMIT 1   [ RunTime:0.001473s ]
SQL: SELECT COUNT(*) AS tp_count FROM `yc_article_view` WHERE ( `tid` = 2 ) AND ( `is_show` = 1 ) LIMIT 1   [ RunTime:0.000721s ]
SQL: SELECT * FROM `yc_article_view` WHERE ( `tid` = 2 ) AND ( `is_show` = 1 ) ORDER BY add_time desc LIMIT 0,10   [ RunTime:0.000846s ]
NOTIC: [2] Invalid argument supplied for foreach() /www/users/HA436620/WEB/Application/Common/Model/ArticleViewModel.class.php 第 41 行.
NOTIC: [8] Undefined variable: lname /www/users/HA436620/WEB/Application/Common/Model/ArticleViewModel.class.php 第 64 行.
INFO: [ view_parse ] --START--
INFO: [ template_filter ] --START--
INFO: Run Behavior\ContentReplace [ RunTime:0.000446s ]
INFO: [ template_filter ] --END-- [ RunTime:0.000524s ]
NOTIC: [8] Undefined variable: article /www/users/HA436620/WEB/Runtime/Cache/Home/8a8a1fe12e6e3b6d97a8bf2187671ba6.php 第 5 行.
NOTIC: [8] Undefined variable: knowledge /www/users/HA436620/WEB/Runtime/Cache/Home/8a8a1fe12e6e3b6d97a8bf2187671ba6.php 第 5 行.
NOTIC: [8] Undefined index: ycblogyangchaouserinfo /www/users/HA436620/WEB/Runtime/Cache/Home/8a8a1fe12e6e3b6d97a8bf2187671ba6.php 第 54 行.
NOTIC: [8] Use of undefined constant qq - assumed 'qq' /www/users/HA436620/WEB/Runtime/Cache/Home/8a8a1fe12e6e3b6d97a8bf2187671ba6.php 第 62 行.
NOTIC: [8] Undefined index: ycblog1224userinfo /www/users/HA436620/WEB/Runtime/Cache/Home/8a8a1fe12e6e3b6d97a8bf2187671ba6.php 第 196 行.
NOTIC: [8] Use of undefined constant logo_id - assumed 'logo_id' /www/users/HA436620/WEB/Runtime/Cache/Home/8a8a1fe12e6e3b6d97a8bf2187671ba6.php 第 225 行.
NOTIC: [8] Array to string conversion /www/users/HA436620/WEB/Runtime/Cache/Home/8a8a1fe12e6e3b6d97a8bf2187671ba6.php 第 225 行.
SQL: SHOW COLUMNS FROM `yc_article_logo` [ RunTime:0.001056s ]
SQL: SELECT * FROM `yc_article_logo` WHERE ( logo_id = 11 ) LIMIT 1   [ RunTime:0.000575s ]
NOTIC: [8] Use of undefined constant logo_id - assumed 'logo_id' /www/users/HA436620/WEB/Runtime/Cache/Home/8a8a1fe12e6e3b6d97a8bf2187671ba6.php 第 225 行.
NOTIC: [8] Array to string conversion /www/users/HA436620/WEB/Runtime/Cache/Home/8a8a1fe12e6e3b6d97a8bf2187671ba6.php 第 225 行.
SQL: SELECT * FROM `yc_article_logo` WHERE ( logo_id = 11 ) LIMIT 1   [ RunTime:0.000624s ]
NOTIC: [8] Use of undefined constant logo_id - assumed 'logo_id' /www/users/HA436620/WEB/Runtime/Cache/Home/8a8a1fe12e6e3b6d97a8bf2187671ba6.php 第 225 行.
NOTIC: [8] Array to string conversion /www/users/HA436620/WEB/Runtime/Cache/Home/8a8a1fe12e6e3b6d97a8bf2187671ba6.php 第 225 行.
SQL: SELECT * FROM `yc_article_logo` WHERE ( logo_id = 11 ) LIMIT 1   [ RunTime:0.000598s ]
NOTIC: [8] Undefined index: ycblogyangchaouserinfo /www/users/HA436620/WEB/Runtime/Cache/Home/8a8a1fe12e6e3b6d97a8bf2187671ba6.php 第 235 行.
INFO: Run Behavior\ParseTemplate [ RunTime:0.046685s ]
INFO: [ view_parse ] --END-- [ RunTime:0.046764s ]
INFO: [ view_filter ] --START--
INFO: Run Behavior\WriteHtmlCache [ RunTime:0.000520s ]
INFO: [ view_filter ] --END-- [ RunTime:0.000588s ]
INFO: [ app_end ] --START--
INFO: Run Behavior\ShowPageTrace [ RunTime:0.001509s ]
INFO: [ app_end ] --END-- [ RunTime:0.001581s ]

[ 2018-03-28T02:27:39+08:00 ] 123.125.67.162 /index.php/robots.txt
INFO: [ app_begin ] --START--
INFO: Run Behavior\ReadHtmlCache [ RunTime:0.001312s ]
INFO: [ app_begin ] --END-- [ RunTime:0.002251s ]
ERR: 无法加载控制器:Robots.txt

[ 2018-03-28T05:24:40+08:00 ] 106.11.155.177 /index.php/Home/Index/category/tid/4
INFO: [ app_begin ] --START--
INFO: Run Behavior\ReadHtmlCache [ RunTime:0.001294s ]
INFO: [ app_begin ] --END-- [ RunTime:0.002247s ]
SQL: SHOW COLUMNS FROM `yc_link` [ RunTime:0.002101s ]
SQL: SELECT * FROM `yc_link`  [ RunTime:0.000602s ]
SQL: SHOW COLUMNS FROM `yc_article_type` [ RunTime:0.001980s ]
SQL: SELECT * FROM `yc_article_type`  [ RunTime:0.000540s ]
SQL: SHOW COLUMNS FROM `yc_article_label` [ RunTime:0.001169s ]
SQL: SELECT * FROM `yc_article_label`  [ RunTime:0.000471s ]
SQL: SHOW COLUMNS FROM `yc_article_view` [ RunTime:0.002807s ]
SQL: SHOW COLUMNS FROM `yc_type_logo_view` [ RunTime:0.001301s ]
SQL: SELECT `css_name`,`name` FROM `yc_type_logo_view` WHERE ( tid=4 ) LIMIT 1   [ RunTime:0.000764s ]
SQL: SELECT COUNT(*) AS tp_count FROM `yc_article_view` WHERE ( `tid` = 4 ) AND ( `is_show` = 1 ) LIMIT 1   [ RunTime:0.000655s ]
SQL: SELECT * FROM `yc_article_view` WHERE ( `tid` = 4 ) AND ( `is_show` = 1 ) ORDER BY add_time desc LIMIT 0,10   [ RunTime:0.001483s ]
SQL: SHOW COLUMNS FROM `yc_al_relation` [ RunTime:0.001340s ]
SQL: SELECT * FROM yc_al_relation a INNER JOIN yc_article_label as b on a.lid = b.lid  WHERE ( `aid` = '50' )  [ RunTime:0.000573s ]
NOTIC: [8] Undefined variable: lname /www/users/HA436620/WEB/Application/Common/Model/ArticleViewModel.class.php 第 64 行.
INFO: [ view_parse ] --START--
INFO: [ template_filter ] --START--
INFO: Run Behavior\ContentReplace [ RunTime:0.000457s ]
INFO: [ template_filter ] --END-- [ RunTime:0.000541s ]
NOTIC: [8] Undefined variable: article /www/users/HA436620/WEB/Runtime/Cache/Home/8a8a1fe12e6e3b6d97a8bf2187671ba6.php 第 5 行.
NOTIC: [8] Undefined variable: knowledge /www/users/HA436620/WEB/Runtime/Cache/Home/8a8a1fe12e6e3b6d97a8bf2187671ba6.php 第 5 行.
NOTIC: [8] Undefined index: ycblogyangchaouserinfo /www/users/HA436620/WEB/Runtime/Cache/Home/8a8a1fe12e6e3b6d97a8bf2187671ba6.php 第 54 行.
NOTIC: [8] Use of undefined constant qq - assumed 'qq' /www/users/HA436620/WEB/Runtime/Cache/Home/8a8a1fe12e6e3b6d97a8bf2187671ba6.php 第 62 行.
NOTIC: [8] Undefined index: ycblog1224userinfo /www/users/HA436620/WEB/Runtime/Cache/Home/8a8a1fe12e6e3b6d97a8bf2187671ba6.php 第 196 行.
NOTIC: [8] Use of undefined constant logo_id - assumed 'logo_id' /www/users/HA436620/WEB/Runtime/Cache/Home/8a8a1fe12e6e3b6d97a8bf2187671ba6.php 第 225 行.
NOTIC: [8] Array to string conversion /www/users/HA436620/WEB/Runtime/Cache/Home/8a8a1fe12e6e3b6d97a8bf2187671ba6.php 第 225 行.
SQL: SHOW COLUMNS FROM `yc_article_logo` [ RunTime:0.001247s ]
SQL: SELECT * FROM `yc_article_logo` WHERE ( logo_id = 11 ) LIMIT 1   [ RunTime:0.000726s ]
NOTIC: [8] Use of undefined constant logo_id - assumed 'logo_id' /www/users/HA436620/WEB/Runtime/Cache/Home/8a8a1fe12e6e3b6d97a8bf2187671ba6.php 第 225 行.
NOTIC: [8] Array to string conversion /www/users/HA436620/WEB/Runtime/Cache/Home/8a8a1fe12e6e3b6d97a8bf2187671ba6.php 第 225 行.
SQL: SELECT * FROM `yc_article_logo` WHERE ( logo_id = 11 ) LIMIT 1   [ RunTime:0.001251s ]
NOTIC: [8] Use of undefined constant logo_id - assumed 'logo_id' /www/users/HA436620/WEB/Runtime/Cache/Home/8a8a1fe12e6e3b6d97a8bf2187671ba6.php 第 225 行.
NOTIC: [8] Array to string conversion /www/users/HA436620/WEB/Runtime/Cache/Home/8a8a1fe12e6e3b6d97a8bf2187671ba6.php 第 225 行.
SQL: SELECT * FROM `yc_article_logo` WHERE ( logo_id = 11 ) LIMIT 1   [ RunTime:0.000784s ]
NOTIC: [8] Undefined index: ycblogyangchaouserinfo /www/users/HA436620/WEB/Runtime/Cache/Home/8a8a1fe12e6e3b6d97a8bf2187671ba6.php 第 235 行.
INFO: Run Behavior\ParseTemplate [ RunTime:0.039274s ]
INFO: [ view_parse ] --END-- [ RunTime:0.039354s ]
INFO: [ view_filter ] --START--
INFO: Run Behavior\WriteHtmlCache [ RunTime:0.000499s ]
INFO: [ view_filter ] --END-- [ RunTime:0.000596s ]
INFO: [ app_end ] --START--
INFO: Run Behavior\ShowPageTrace [ RunTime:0.001444s ]
INFO: [ app_end ] --END-- [ RunTime:0.001517s ]

[ 2018-03-28T06:04:16+08:00 ] 46.229.164.100 /index.php/robots.txt
INFO: [ app_begin ] --START--
INFO: Run Behavior\ReadHtmlCache [ RunTime:0.001372s ]
INFO: [ app_begin ] --END-- [ RunTime:0.002328s ]
ERR: 无法加载控制器:Robots.txt

[ 2018-03-28T07:11:04+08:00 ] 66.249.64.198 /index.php/robots.txt
INFO: [ app_begin ] --START--
INFO: Run Behavior\ReadHtmlCache [ RunTime:0.001268s ]
INFO: [ app_begin ] --END-- [ RunTime:0.002168s ]
ERR: 无法加载控制器:Robots.txt

[ 2018-03-28T07:11:05+08:00 ] 66.249.64.200 /robots.txt
INFO: [ app_begin ] --START--
INFO: Run Behavior\ReadHtmlCache [ RunTime:0.001300s ]
INFO: [ app_begin ] --END-- [ RunTime:0.002167s ]
ERR: 无法加载控制器:Robots.txt

[ 2018-03-28T07:11:07+08:00 ] 66.249.64.197 /
INFO: [ app_begin ] --START--
INFO: Run Behavior\ReadHtmlCache [ RunTime:0.001274s ]
INFO: [ app_begin ] --END-- [ RunTime:0.002180s ]
SQL: SHOW COLUMNS FROM `yc_link` [ RunTime:0.001316s ]
SQL: SELECT * FROM `yc_link`  [ RunTime:0.000679s ]
SQL: SHOW COLUMNS FROM `yc_article_type` [ RunTime:0.001841s ]
SQL: SELECT * FROM `yc_article_type`  [ RunTime:0.000725s ]
SQL: SHOW COLUMNS FROM `yc_article_label` [ RunTime:0.000973s ]
SQL: SELECT * FROM `yc_article_label`  [ RunTime:0.000636s ]
SQL: SHOW COLUMNS FROM `yc_article_view` [ RunTime:0.001597s ]
SQL: SELECT COUNT(*) AS tp_count FROM `yc_article_view` WHERE ( `is_show` = 1 ) LIMIT 1   [ RunTime:0.000869s ]
SQL: SELECT * FROM `yc_article_view` WHERE ( `is_show` = 1 ) ORDER BY add_time desc LIMIT 0,10   [ RunTime:0.002972s ]
SQL: SHOW COLUMNS FROM `yc_al_relation` [ RunTime:0.000980s ]
SQL: SELECT * FROM yc_al_relation a INNER JOIN yc_article_label as b on a.lid = b.lid  WHERE ( `aid` = '48' )  [ RunTime:0.000693s ]
SQL: SELECT * FROM yc_al_relation a INNER JOIN yc_article_label as b on a.lid = b.lid  WHERE ( `aid` = '50' )  [ RunTime:0.000583s ]
SQL: SELECT * FROM yc_al_relation a INNER JOIN yc_article_label as b on a.lid = b.lid  WHERE ( `aid` = '51' )  [ RunTime:0.000614s ]
NOTIC: [8] Undefined variable: tname /www/users/HA436620/WEB/Application/Common/Model/ArticleViewModel.class.php 第 63 行.
NOTIC: [8] Undefined variable: lname /www/users/HA436620/WEB/Application/Common/Model/ArticleViewModel.class.php 第 64 行.
INFO: [ view_parse ] --START--
INFO: [ template_filter ] --START--
INFO: Run Behavior\ContentReplace [ RunTime:0.000683s ]
INFO: [ template_filter ] --END-- [ RunTime:0.000764s ]
NOTIC: [8] Undefined variable: article /www/users/HA436620/WEB/Runtime/Cache/Home/08d30c77e78bd0ac29232fbc421b5dcd.php 第 5 行.
NOTIC: [8] Undefined variable: knowledge /www/users/HA436620/WEB/Runtime/Cache/Home/08d30c77e78bd0ac29232fbc421b5dcd.php 第 5 行.
NOTIC: [8] Undefined index: ycblogyangchaouserinfo /www/users/HA436620/WEB/Runtime/Cache/Home/08d30c77e78bd0ac29232fbc421b5dcd.php 第 53 行.
NOTIC: [8] Use of undefined constant qq - assumed 'qq' /www/users/HA436620/WEB/Runtime/Cache/Home/08d30c77e78bd0ac29232fbc421b5dcd.php 第 61 行.
NOTIC: [8] Undefined index: ycblog1224userinfo /www/users/HA436620/WEB/Runtime/Cache/Home/08d30c77e78bd0ac29232fbc421b5dcd.php 第 195 行.
NOTIC: [8] Use of undefined constant logo_id - assumed 'logo_id' /www/users/HA436620/WEB/Runtime/Cache/Home/08d30c77e78bd0ac29232fbc421b5dcd.php 第 224 行.
NOTIC: [8] Array to string conversion /www/users/HA436620/WEB/Runtime/Cache/Home/08d30c77e78bd0ac29232fbc421b5dcd.php 第 224 行.
SQL: SHOW COLUMNS FROM `yc_article_logo` [ RunTime:0.001088s ]
SQL: SELECT * FROM `yc_article_logo` WHERE ( logo_id = 11 ) LIMIT 1   [ RunTime:0.000485s ]
NOTIC: [8] Use of undefined constant logo_id - assumed 'logo_id' /www/users/HA436620/WEB/Runtime/Cache/Home/08d30c77e78bd0ac29232fbc421b5dcd.php 第 224 行.
NOTIC: [8] Array to string conversion /www/users/HA436620/WEB/Runtime/Cache/Home/08d30c77e78bd0ac29232fbc421b5dcd.php 第 224 行.
SQL: SELECT * FROM `yc_article_logo` WHERE ( logo_id = 11 ) LIMIT 1   [ RunTime:0.000765s ]
NOTIC: [8] Use of undefined constant logo_id - assumed 'logo_id' /www/users/HA436620/WEB/Runtime/Cache/Home/08d30c77e78bd0ac29232fbc421b5dcd.php 第 224 行.
NOTIC: [8] Array to string conversion /www/users/HA436620/WEB/Runtime/Cache/Home/08d30c77e78bd0ac29232fbc421b5dcd.php 第 224 行.
SQL: SELECT * FROM `yc_article_logo` WHERE ( logo_id = 11 ) LIMIT 1   [ RunTime:0.000688s ]
NOTIC: [8] Undefined index: ycblogyangchaouserinfo /www/users/HA436620/WEB/Runtime/Cache/Home/08d30c77e78bd0ac29232fbc421b5dcd.php 第 234 行.
INFO: Run Behavior\ParseTemplate [ RunTime:0.041690s ]
INFO: [ view_parse ] --END-- [ RunTime:0.041767s ]
INFO: [ view_filter ] --START--
INFO: Run Behavior\WriteHtmlCache [ RunTime:0.000521s ]
INFO: [ view_filter ] --END-- [ RunTime:0.000591s ]
INFO: [ app_end ] --START--
INFO: Run Behavior\ShowPageTrace [ RunTime:0.001878s ]
INFO: [ app_end ] --END-- [ RunTime:0.001975s ]

[ 2018-03-28T09:53:14+08:00 ] 106.11.158.169 /index.php/Home/Index/category/tid/1
INFO: [ app_begin ] --START--
INFO: Run Behavior\ReadHtmlCache [ RunTime:0.001412s ]
INFO: [ app_begin ] --END-- [ RunTime:0.002410s ]
SQL: SHOW COLUMNS FROM `yc_link` [ RunTime:0.001354s ]
SQL: SELECT * FROM `yc_link`  [ RunTime:0.001136s ]
SQL: SHOW COLUMNS FROM `yc_article_type` [ RunTime:0.002650s ]
SQL: SELECT * FROM `yc_article_type`  [ RunTime:0.001360s ]
SQL: SHOW COLUMNS FROM `yc_article_label` [ RunTime:0.001824s ]
SQL: SELECT * FROM `yc_article_label`  [ RunTime:0.000797s ]
SQL: SHOW COLUMNS FROM `yc_article_view` [ RunTime:0.002983s ]
SQL: SHOW COLUMNS FROM `yc_type_logo_view` [ RunTime:0.001713s ]
SQL: SELECT `css_name`,`name` FROM `yc_type_logo_view` WHERE ( tid=1 ) LIMIT 1   [ RunTime:0.000783s ]
SQL: SELECT COUNT(*) AS tp_count FROM `yc_article_view` WHERE ( `tid` = 1 ) AND ( `is_show` = 1 ) LIMIT 1   [ RunTime:0.001296s ]
SQL: SELECT * FROM `yc_article_view` WHERE ( `tid` = 1 ) AND ( `is_show` = 1 ) ORDER BY add_time desc LIMIT 0,10   [ RunTime:0.003025s ]
SQL: SHOW COLUMNS FROM `yc_al_relation` [ RunTime:0.001841s ]
SQL: SELECT * FROM yc_al_relation a INNER JOIN yc_article_label as b on a.lid = b.lid  WHERE ( `aid` = '48' )  [ RunTime:0.000929s ]
SQL: SELECT * FROM yc_al_relation a INNER JOIN yc_article_label as b on a.lid = b.lid  WHERE ( `aid` = '51' )  [ RunTime:0.000637s ]
NOTIC: [8] Undefined variable: lname /www/users/HA436620/WEB/Application/Common/Model/ArticleViewModel.class.php 第 64 行.
INFO: [ view_parse ] --START--
INFO: [ template_filter ] --START--
INFO: Run Behavior\ContentReplace [ RunTime:0.000408s ]
INFO: [ template_filter ] --END-- [ RunTime:0.000516s ]
NOTIC: [8] Undefined variable: article /www/users/HA436620/WEB/Runtime/Cache/Home/8a8a1fe12e6e3b6d97a8bf2187671ba6.php 第 5 行.
NOTIC: [8] Undefined variable: knowledge /www/users/HA436620/WEB/Runtime/Cache/Home/8a8a1fe12e6e3b6d97a8bf2187671ba6.php 第 5 行.
NOTIC: [8] Undefined index: ycblogyangchaouserinfo /www/users/HA436620/WEB/Runtime/Cache/Home/8a8a1fe12e6e3b6d97a8bf2187671ba6.php 第 54 行.
NOTIC: [8] Use of undefined constant qq - assumed 'qq' /www/users/HA436620/WEB/Runtime/Cache/Home/8a8a1fe12e6e3b6d97a8bf2187671ba6.php 第 62 行.
NOTIC: [8] Undefined index: ycblog1224userinfo /www/users/HA436620/WEB/Runtime/Cache/Home/8a8a1fe12e6e3b6d97a8bf2187671ba6.php 第 196 行.
NOTIC: [8] Use of undefined constant logo_id - assumed 'logo_id' /www/users/HA436620/WEB/Runtime/Cache/Home/8a8a1fe12e6e3b6d97a8bf2187671ba6.php 第 225 行.
NOTIC: [8] Array to string conversion /www/users/HA436620/WEB/Runtime/Cache/Home/8a8a1fe12e6e3b6d97a8bf2187671ba6.php 第 225 行.
SQL: SHOW COLUMNS FROM `yc_article_logo` [ RunTime:0.001308s ]
SQL: SELECT * FROM `yc_article_logo` WHERE ( logo_id = 11 ) LIMIT 1   [ RunTime:0.000626s ]
NOTIC: [8] Use of undefined constant logo_id - assumed 'logo_id' /www/users/HA436620/WEB/Runtime/Cache/Home/8a8a1fe12e6e3b6d97a8bf2187671ba6.php 第 225 行.
NOTIC: [8] Array to string conversion /www/users/HA436620/WEB/Runtime/Cache/Home/8a8a1fe12e6e3b6d97a8bf2187671ba6.php 第 225 行.
SQL: SELECT * FROM `yc_article_logo` WHERE ( logo_id = 11 ) LIMIT 1   [ RunTime:0.000619s ]
NOTIC: [8] Use of undefined constant logo_id - assumed 'logo_id' /www/users/HA436620/WEB/Runtime/Cache/Home/8a8a1fe12e6e3b6d97a8bf2187671ba6.php 第 225 行.
NOTIC: [8] Array to string conversion /www/users/HA436620/WEB/Runtime/Cache/Home/8a8a1fe12e6e3b6d97a8bf2187671ba6.php 第 225 行.
SQL: SELECT * FROM `yc_article_logo` WHERE ( logo_id = 11 ) LIMIT 1   [ RunTime:0.000598s ]
NOTIC: [8] Undefined index: ycblogyangchaouserinfo /www/users/HA436620/WEB/Runtime/Cache/Home/8a8a1fe12e6e3b6d97a8bf2187671ba6.php 第 235 行.
INFO: Run Behavior\ParseTemplate [ RunTime:0.040091s ]
INFO: [ view_parse ] --END-- [ RunTime:0.040176s ]
INFO: [ view_filter ] --START--
INFO: Run Behavior\WriteHtmlCache [ RunTime:0.000586s ]
INFO: [ view_filter ] --END-- [ RunTime:0.000655s ]
INFO: [ app_end ] --START--
INFO: Run Behavior\ShowPageTrace [ RunTime:0.001553s ]
INFO: [ app_end ] --END-- [ RunTime:0.001627s ]

[ 2018-03-28T13:49:52+08:00 ] 202.108.211.56 /
INFO: [ app_begin ] --START--
INFO: Run Behavior\ReadHtmlCache [ RunTime:0.001573s ]
INFO: [ app_begin ] --END-- [ RunTime:0.002543s ]
SQL: SHOW COLUMNS FROM `yc_link` [ RunTime:0.001327s ]
SQL: SELECT * FROM `yc_link`  [ RunTime:0.000595s ]
SQL: SHOW COLUMNS FROM `yc_article_type` [ RunTime:0.001254s ]
SQL: SELECT * FROM `yc_article_type`  [ RunTime:0.000597s ]
SQL: SHOW COLUMNS FROM `yc_article_label` [ RunTime:0.001052s ]
SQL: SELECT * FROM `yc_article_label`  [ RunTime:0.000542s ]
SQL: SHOW COLUMNS FROM `yc_article_view` [ RunTime:0.001757s ]
SQL: SELECT COUNT(*) AS tp_count FROM `yc_article_view` WHERE ( `is_show` = 1 ) LIMIT 1   [ RunTime:0.000849s ]
SQL: SELECT * FROM `yc_article_view` WHERE ( `is_show` = 1 ) ORDER BY add_time desc LIMIT 0,10   [ RunTime:0.003076s ]
SQL: SHOW COLUMNS FROM `yc_al_relation` [ RunTime:0.001306s ]
SQL: SELECT * FROM yc_al_relation a INNER JOIN yc_article_label as b on a.lid = b.lid  WHERE ( `aid` = '48' )  [ RunTime:0.000690s ]
SQL: SELECT * FROM yc_al_relation a INNER JOIN yc_article_label as b on a.lid = b.lid  WHERE ( `aid` = '50' )  [ RunTime:0.000548s ]
SQL: SELECT * FROM yc_al_relation a INNER JOIN yc_article_label as b on a.lid = b.lid  WHERE ( `aid` = '51' )  [ RunTime:0.000588s ]
NOTIC: [8] Undefined variable: tname /www/users/HA436620/WEB/Application/Common/Model/ArticleViewModel.class.php 第 63 行.
NOTIC: [8] Undefined variable: lname /www/users/HA436620/WEB/Application/Common/Model/ArticleViewModel.class.php 第 64 行.
INFO: [ view_parse ] --START--
INFO: [ template_filter ] --START--
INFO: Run Behavior\ContentReplace [ RunTime:0.000594s ]
INFO: [ template_filter ] --END-- [ RunTime:0.000685s ]
NOTIC: [8] Undefined variable: article /www/users/HA436620/WEB/Runtime/Cache/Home/08d30c77e78bd0ac29232fbc421b5dcd.php 第 5 行.
NOTIC: [8] Undefined variable: knowledge /www/users/HA436620/WEB/Runtime/Cache/Home/08d30c77e78bd0ac29232fbc421b5dcd.php 第 5 行.
NOTIC: [8] Undefined index: ycblogyangchaouserinfo /www/users/HA436620/WEB/Runtime/Cache/Home/08d30c77e78bd0ac29232fbc421b5dcd.php 第 53 行.
NOTIC: [8] Use of undefined constant qq - assumed 'qq' /www/users/HA436620/WEB/Runtime/Cache/Home/08d30c77e78bd0ac29232fbc421b5dcd.php 第 61 行.
NOTIC: [8] Undefined index: ycblog1224userinfo /www/users/HA436620/WEB/Runtime/Cache/Home/08d30c77e78bd0ac29232fbc421b5dcd.php 第 195 行.
NOTIC: [8] Use of undefined constant logo_id - assumed 'logo_id' /www/users/HA436620/WEB/Runtime/Cache/Home/08d30c77e78bd0ac29232fbc421b5dcd.php 第 224 行.
NOTIC: [8] Array to string conversion /www/users/HA436620/WEB/Runtime/Cache/Home/08d30c77e78bd0ac29232fbc421b5dcd.php 第 224 行.
SQL: SHOW COLUMNS FROM `yc_article_logo` [ RunTime:0.001853s ]
SQL: SELECT * FROM `yc_article_logo` WHERE ( logo_id = 11 ) LIMIT 1   [ RunTime:0.000440s ]
NOTIC: [8] Use of undefined constant logo_id - assumed 'logo_id' /www/users/HA436620/WEB/Runtime/Cache/Home/08d30c77e78bd0ac29232fbc421b5dcd.php 第 224 行.
NOTIC: [8] Array to string conversion /www/users/HA436620/WEB/Runtime/Cache/Home/08d30c77e78bd0ac29232fbc421b5dcd.php 第 224 行.
SQL: SELECT * FROM `yc_article_logo` WHERE ( logo_id = 11 ) LIMIT 1   [ RunTime:0.000446s ]
NOTIC: [8] Use of undefined constant logo_id - assumed 'logo_id' /www/users/HA436620/WEB/Runtime/Cache/Home/08d30c77e78bd0ac29232fbc421b5dcd.php 第 224 行.
NOTIC: [8] Array to string conversion /www/users/HA436620/WEB/Runtime/Cache/Home/08d30c77e78bd0ac29232fbc421b5dcd.php 第 224 行.
SQL: SELECT * FROM `yc_article_logo` WHERE ( logo_id = 11 ) LIMIT 1   [ RunTime:0.000422s ]
NOTIC: [8] Undefined index: ycblogyangchaouserinfo /www/users/HA436620/WEB/Runtime/Cache/Home/08d30c77e78bd0ac29232fbc421b5dcd.php 第 234 行.
INFO: Run Behavior\ParseTemplate [ RunTime:0.045789s ]
INFO: [ view_parse ] --END-- [ RunTime:0.045869s ]
INFO: [ view_filter ] --START--
INFO: Run Behavior\WriteHtmlCache [ RunTime:0.000634s ]
INFO: [ view_filter ] --END-- [ RunTime:0.000705s ]
INFO: [ app_end ] --START--
INFO: Run Behavior\ShowPageTrace [ RunTime:0.001477s ]
INFO: [ app_end ] --END-- [ RunTime:0.001551s ]

[ 2018-03-28T14:46:17+08:00 ] 106.11.154.170 /index.php/Home/Index/label/lid/6
INFO: [ app_begin ] --START--
INFO: Run Behavior\ReadHtmlCache [ RunTime:0.001755s ]
INFO: [ app_begin ] --END-- [ RunTime:0.002883s ]
SQL: SHOW COLUMNS FROM `yc_link` [ RunTime:0.001656s ]
SQL: SELECT * FROM `yc_link`  [ RunTime:0.000829s ]
SQL: SHOW COLUMNS FROM `yc_article_type` [ RunTime:0.001754s ]
SQL: SELECT * FROM `yc_article_type`  [ RunTime:0.001238s ]
SQL: SHOW COLUMNS FROM `yc_article_label` [ RunTime:0.001649s ]
SQL: SELECT * FROM `yc_article_label`  [ RunTime:0.001301s ]
SQL: SHOW COLUMNS FROM `yc_article_view` [ RunTime:0.002034s ]
SQL: SELECT `name` FROM `yc_article_label` WHERE ( `lid` = 6 ) LIMIT 1   [ RunTime:0.000681s ]
SQL: SHOW COLUMNS FROM `yc_al_relation` [ RunTime:0.001857s ]
SQL: SELECT COUNT(*) AS tp_count FROM `yc_al_relation` WHERE ( `lid` = 6 ) LIMIT 1   [ RunTime:0.000476s ]
SQL: SELECT * FROM `yc_al_relation` WHERE ( `lid` = 6 ) ORDER BY aid desc LIMIT 0,10   [ RunTime:0.000576s ]
SQL: SELECT * FROM `yc_article_view` WHERE ( `id` = 48 ) LIMIT 1   [ RunTime:0.002157s ]
SQL: SHOW COLUMNS FROM `yc_al_relation` [ RunTime:0.001571s ]
SQL: SELECT * FROM yc_al_relation a INNER JOIN yc_article_label as b on a.lid = b.lid  WHERE ( `aid` = '48' )  [ RunTime:0.001007s ]
NOTIC: [8] Undefined variable: tname /www/users/HA436620/WEB/Application/Common/Model/ArticleViewModel.class.php 第 63 行.
INFO: [ view_parse ] --START--
INFO: [ template_filter ] --START--
INFO: Run Behavior\ContentReplace [ RunTime:0.000410s ]
INFO: [ template_filter ] --END-- [ RunTime:0.000500s ]
NOTIC: [8] Undefined variable: article /www/users/HA436620/WEB/Runtime/Cache/Home/05709e7834ae9e5b04be134e09acf783.php 第 5 行.
NOTIC: [8] Undefined variable: knowledge /www/users/HA436620/WEB/Runtime/Cache/Home/05709e7834ae9e5b04be134e09acf783.php 第 5 行.
NOTIC: [8] Undefined index: ycblogyangchaouserinfo /www/users/HA436620/WEB/Runtime/Cache/Home/05709e7834ae9e5b04be134e09acf783.php 第 54 行.
NOTIC: [8] Use of undefined constant qq - assumed 'qq' /www/users/HA436620/WEB/Runtime/Cache/Home/05709e7834ae9e5b04be134e09acf783.php 第 62 行.
NOTIC: [8] Undefined variable: article /www/users/HA436620/WEB/Runtime/Cache/Home/05709e7834ae9e5b04be134e09acf783.php 第 153 行.
NOTIC: [8] Undefined index: ycblog1224userinfo /www/users/HA436620/WEB/Runtime/Cache/Home/05709e7834ae9e5b04be134e09acf783.php 第 190 行.
NOTIC: [8] Use of undefined constant logo_id - assumed 'logo_id' /www/users/HA436620/WEB/Runtime/Cache/Home/05709e7834ae9e5b04be134e09acf783.php 第 219 行.
NOTIC: [8] Array to string conversion /www/users/HA436620/WEB/Runtime/Cache/Home/05709e7834ae9e5b04be134e09acf783.php 第 219 行.
SQL: SHOW COLUMNS FROM `yc_article_logo` [ RunTime:0.001537s ]
SQL: SELECT * FROM `yc_article_logo` WHERE ( logo_id = 11 ) LIMIT 1   [ RunTime:0.000480s ]
NOTIC: [8] Use of undefined constant logo_id - assumed 'logo_id' /www/users/HA436620/WEB/Runtime/Cache/Home/05709e7834ae9e5b04be134e09acf783.php 第 219 行.
NOTIC: [8] Array to string conversion /www/users/HA436620/WEB/Runtime/Cache/Home/05709e7834ae9e5b04be134e09acf783.php 第 219 行.
SQL: SELECT * FROM `yc_article_logo` WHERE ( logo_id = 11 ) LIMIT 1   [ RunTime:0.000468s ]
NOTIC: [8] Use of undefined constant logo_id - assumed 'logo_id' /www/users/HA436620/WEB/Runtime/Cache/Home/05709e7834ae9e5b04be134e09acf783.php 第 219 行.
NOTIC: [8] Array to string conversion /www/users/HA436620/WEB/Runtime/Cache/Home/05709e7834ae9e5b04be134e09acf783.php 第 219 行.
SQL: SELECT * FROM `yc_article_logo` WHERE ( logo_id = 11 ) LIMIT 1   [ RunTime:0.000463s ]
NOTIC: [8] Undefined index: ycblogyangchaouserinfo /www/users/HA436620/WEB/Runtime/Cache/Home/05709e7834ae9e5b04be134e09acf783.php 第 229 行.
INFO: Run Behavior\ParseTemplate [ RunTime:0.049774s ]
INFO: [ view_parse ] --END-- [ RunTime:0.049855s ]
INFO: [ view_filter ] --START--
INFO: Run Behavior\WriteHtmlCache [ RunTime:0.000611s ]
INFO: [ view_filter ] --END-- [ RunTime:0.000680s ]
INFO: [ app_end ] --START--
INFO: Run Behavior\ShowPageTrace [ RunTime:0.001527s ]
INFO: [ app_end ] --END-- [ RunTime:0.001603s ]

[ 2018-03-28T19:21:11+08:00 ] 106.11.153.176 /index.php/Home/Index/category/tid/
INFO: [ app_begin ] --START--
INFO: Run Behavior\ReadHtmlCache [ RunTime:0.001232s ]
INFO: [ app_begin ] --END-- [ RunTime:0.002134s ]
SQL: SHOW COLUMNS FROM `yc_link` [ RunTime:0.001537s ]
SQL: SELECT * FROM `yc_link`  [ RunTime:0.001929s ]
SQL: SHOW COLUMNS FROM `yc_article_type` [ RunTime:0.003460s ]
SQL: SELECT * FROM `yc_article_type`  [ RunTime:0.002747s ]
SQL: SHOW COLUMNS FROM `yc_article_label` [ RunTime:0.001611s ]
SQL: SELECT * FROM `yc_article_label`  [ RunTime:0.001385s ]
SQL: SHOW COLUMNS FROM `yc_article_view` [ RunTime:0.002012s ]
SQL: SHOW COLUMNS FROM `yc_type_logo_view` [ RunTime:0.001743s ]
SQL: SELECT `css_name`,`name` FROM `yc_type_logo_view` WHERE ( tid= ) LIMIT 1   [ RunTime:0.000408s ]
ERR: 1064:You have an error in your SQL syntax; check the manual that corresponds to your MySQL server version for the right syntax to use near ') LIMIT 1' at line 1
 [ SQL语句 ] : SELECT `css_name`,`name` FROM `yc_type_logo_view` WHERE ( tid= ) LIMIT 1  
SQL: SELECT COUNT(*) AS tp_count FROM `yc_article_view` WHERE ( `tid` = 0 ) AND ( `is_show` = 1 ) LIMIT 1   [ RunTime:0.000714s ]
SQL: SELECT * FROM `yc_article_view` WHERE ( `tid` = 0 ) AND ( `is_show` = 1 ) ORDER BY add_time desc LIMIT 0,10   [ RunTime:0.000826s ]
NOTIC: [2] Invalid argument supplied for foreach() /www/users/HA436620/WEB/Application/Common/Model/ArticleViewModel.class.php 第 41 行.
NOTIC: [8] Undefined variable: lname /www/users/HA436620/WEB/Application/Common/Model/ArticleViewModel.class.php 第 64 行.
INFO: [ view_parse ] --START--
INFO: [ template_filter ] --START--
INFO: Run Behavior\ContentReplace [ RunTime:0.000093s ]
INFO: [ template_filter ] --END-- [ RunTime:0.000170s ]
INFO: Run Behavior\ParseTemplate [ RunTime:0.022907s ]
INFO: [ view_parse ] --END-- [ RunTime:0.022997s ]
INFO: [ view_filter ] --START--
INFO: Run Behavior\WriteHtmlCache [ RunTime:0.000460s ]
INFO: [ view_filter ] --END-- [ RunTime:0.000529s ]

[ 2018-03-28T23:29:57+08:00 ] 46.229.164.101 /index.php/robots.txt
INFO: [ app_begin ] --START--
INFO: Run Behavior\ReadHtmlCache [ RunTime:0.001250s ]
INFO: [ app_begin ] --END-- [ RunTime:0.002150s ]
ERR: 无法加载控制器:Robots.txt

