[ 2018-02-05T00:21:32+08:00 ] 220.181.108.121 /
INFO: [ app_begin ] --START--
INFO: Run Behavior\ReadHtmlCache [ RunTime:0.001229s ]
INFO: [ app_begin ] --END-- [ RunTime:0.002138s ]
SQL: SHOW COLUMNS FROM `yc_link` [ RunTime:0.001726s ]
SQL: SELECT * FROM `yc_link`  [ RunTime:0.001169s ]
SQL: SHOW COLUMNS FROM `yc_article_type` [ RunTime:0.001157s ]
SQL: SELECT * FROM `yc_article_type`  [ RunTime:0.000730s ]
SQL: SHOW COLUMNS FROM `yc_article_label` [ RunTime:0.001156s ]
SQL: SELECT * FROM `yc_article_label`  [ RunTime:0.000544s ]
SQL: SHOW COLUMNS FROM `yc_article_view` [ RunTime:0.002875s ]
SQL: SELECT COUNT(*) AS tp_count FROM `yc_article_view` WHERE ( `is_show` = 1 ) LIMIT 1   [ RunTime:0.001444s ]
SQL: SELECT * FROM `yc_article_view` WHERE ( `is_show` = 1 ) ORDER BY add_time desc LIMIT 0,10   [ RunTime:0.003836s ]
SQL: SHOW COLUMNS FROM `yc_al_relation` [ RunTime:0.001280s ]
SQL: SELECT * FROM yc_al_relation a INNER JOIN yc_article_label as b on a.lid = b.lid  WHERE ( `aid` = '51' )  [ RunTime:0.000663s ]
SQL: SELECT * FROM yc_al_relation a INNER JOIN yc_article_label as b on a.lid = b.lid  WHERE ( `aid` = '48' )  [ RunTime:0.000598s ]
SQL: SELECT * FROM yc_al_relation a INNER JOIN yc_article_label as b on a.lid = b.lid  WHERE ( `aid` = '50' )  [ RunTime:0.000654s ]
NOTIC: [8] Undefined variable: tname /www/users/HA436620/WEB/Application/Common/Model/ArticleViewModel.class.php 第 63 行.
NOTIC: [8] Undefined variable: lname /www/users/HA436620/WEB/Application/Common/Model/ArticleViewModel.class.php 第 64 行.
INFO: [ view_parse ] --START--
INFO: [ template_filter ] --START--
INFO: Run Behavior\ContentReplace [ RunTime:0.000653s ]
INFO: [ template_filter ] --END-- [ RunTime:0.000731s ]
NOTIC: [8] Undefined variable: article /www/users/HA436620/WEB/Runtime/Cache/Home/08d30c77e78bd0ac29232fbc421b5dcd.php 第 5 行.
NOTIC: [8] Undefined variable: knowledge /www/users/HA436620/WEB/Runtime/Cache/Home/08d30c77e78bd0ac29232fbc421b5dcd.php 第 5 行.
NOTIC: [8] Undefined index: ycblogyangchaouserinfo /www/users/HA436620/WEB/Runtime/Cache/Home/08d30c77e78bd0ac29232fbc421b5dcd.php 第 53 行.
NOTIC: [8] Use of undefined constant qq - assumed 'qq' /www/users/HA436620/WEB/Runtime/Cache/Home/08d30c77e78bd0ac29232fbc421b5dcd.php 第 61 行.
NOTIC: [8] Undefined index: ycblog1224userinfo /www/users/HA436620/WEB/Runtime/Cache/Home/08d30c77e78bd0ac29232fbc421b5dcd.php 第 195 行.
NOTIC: [8] Use of undefined constant logo_id - assumed 'logo_id' /www/users/HA436620/WEB/Runtime/Cache/Home/08d30c77e78bd0ac29232fbc421b5dcd.php 第 224 行.
NOTIC: [8] Array to string conversion /www/users/HA436620/WEB/Runtime/Cache/Home/08d30c77e78bd0ac29232fbc421b5dcd.php 第 224 行.
SQL: SHOW COLUMNS FROM `yc_article_logo` [ RunTime:0.001762s ]
SQL: SELECT * FROM `yc_article_logo` WHERE ( logo_id = 11 ) LIMIT 1   [ RunTime:0.000497s ]
NOTIC: [8] Use of undefined constant logo_id - assumed 'logo_id' /www/users/HA436620/WEB/Runtime/Cache/Home/08d30c77e78bd0ac29232fbc421b5dcd.php 第 224 行.
NOTIC: [8] Array to string conversion /www/users/HA436620/WEB/Runtime/Cache/Home/08d30c77e78bd0ac29232fbc421b5dcd.php 第 224 行.
SQL: SELECT * FROM `yc_article_logo` WHERE ( logo_id = 11 ) LIMIT 1   [ RunTime:0.001396s ]
NOTIC: [8] Use of undefined constant logo_id - assumed 'logo_id' /www/users/HA436620/WEB/Runtime/Cache/Home/08d30c77e78bd0ac29232fbc421b5dcd.php 第 224 行.
NOTIC: [8] Array to string conversion /www/users/HA436620/WEB/Runtime/Cache/Home/08d30c77e78bd0ac29232fbc421b5dcd.php 第 224 行.
SQL: SELECT * FROM `yc_article_logo` WHERE ( logo_id = 11 ) LIMIT 1   [ RunTime:0.000899s ]
NOTIC: [8] Undefined index: ycblogyangchaouserinfo /www/users/HA436620/WEB/Runtime/Cache/Home/08d30c77e78bd0ac29232fbc421b5dcd.php 第 234 行.
INFO: Run Behavior\ParseTemplate [ RunTime:0.043318s ]
INFO: [ view_parse ] --END-- [ RunTime:0.043397s ]
INFO: [ view_filter ] --START--
INFO: Run Behavior\WriteHtmlCache [ RunTime:0.000434s ]
INFO: [ view_filter ] --END-- [ RunTime:0.000503s ]
INFO: [ app_end ] --START--
INFO: Run Behavior\ShowPageTrace [ RunTime:0.001395s ]
INFO: [ app_end ] --END-- [ RunTime:0.001468s ]

[ 2018-02-05T01:33:02+08:00 ] 123.125.71.117 /index.php/Knowledge/2.html
INFO: [ app_begin ] --START--
INFO: Run Behavior\ReadHtmlCache [ RunTime:0.001255s ]
INFO: [ app_begin ] --END-- [ RunTime:0.002128s ]
SQL: SHOW COLUMNS FROM `yc_link` [ RunTime:0.001725s ]
SQL: SELECT * FROM `yc_link`  [ RunTime:0.001193s ]
SQL: SHOW COLUMNS FROM `yc_article_type` [ RunTime:0.001219s ]
SQL: SELECT * FROM `yc_article_type`  [ RunTime:0.000658s ]
SQL: SHOW COLUMNS FROM `yc_article_label` [ RunTime:0.001287s ]
SQL: SELECT * FROM `yc_article_label`  [ RunTime:0.000653s ]
SQL: SHOW COLUMNS FROM `yc_knowledge` [ RunTime:0.001555s ]
NOTIC: [8] Undefined index: keywords /www/users/HA436620/WEB/Application/Common/Model/KnowledgeModel.class.php 第 43 行.
SQL: SELECT * FROM `yc_knowledge` WHERE ( `kid` = 2 ) LIMIT 1   [ RunTime:0.000968s ]
INFO: [ view_parse ] --START--
INFO: [ template_filter ] --START--
INFO: Run Behavior\ContentReplace [ RunTime:0.000377s ]
INFO: [ template_filter ] --END-- [ RunTime:0.000455s ]
NOTIC: [8] Undefined variable: tname /www/users/HA436620/WEB/Runtime/Cache/Home/32dc3912138e3efdd6675cc840babdc2.php 第 5 行.
NOTIC: [8] Undefined variable: article /www/users/HA436620/WEB/Runtime/Cache/Home/32dc3912138e3efdd6675cc840babdc2.php 第 5 行.
NOTIC: [8] Undefined index: ycblogyangchaouserinfo /www/users/HA436620/WEB/Runtime/Cache/Home/32dc3912138e3efdd6675cc840babdc2.php 第 65 行.
NOTIC: [8] Use of undefined constant qq - assumed 'qq' /www/users/HA436620/WEB/Runtime/Cache/Home/32dc3912138e3efdd6675cc840babdc2.php 第 73 行.
NOTIC: [8] Undefined index: ycblog1224userinfo /www/users/HA436620/WEB/Runtime/Cache/Home/32dc3912138e3efdd6675cc840babdc2.php 第 177 行.
NOTIC: [8] Use of undefined constant logo_id - assumed 'logo_id' /www/users/HA436620/WEB/Runtime/Cache/Home/32dc3912138e3efdd6675cc840babdc2.php 第 206 行.
NOTIC: [8] Array to string conversion /www/users/HA436620/WEB/Runtime/Cache/Home/32dc3912138e3efdd6675cc840babdc2.php 第 206 行.
SQL: SHOW COLUMNS FROM `yc_article_logo` [ RunTime:0.001743s ]
SQL: SELECT * FROM `yc_article_logo` WHERE ( logo_id = 11 ) LIMIT 1   [ RunTime:0.000613s ]
NOTIC: [8] Use of undefined constant logo_id - assumed 'logo_id' /www/users/HA436620/WEB/Runtime/Cache/Home/32dc3912138e3efdd6675cc840babdc2.php 第 206 行.
NOTIC: [8] Array to string conversion /www/users/HA436620/WEB/Runtime/Cache/Home/32dc3912138e3efdd6675cc840babdc2.php 第 206 行.
SQL: SELECT * FROM `yc_article_logo` WHERE ( logo_id = 11 ) LIMIT 1   [ RunTime:0.002406s ]
NOTIC: [8] Use of undefined constant logo_id - assumed 'logo_id' /www/users/HA436620/WEB/Runtime/Cache/Home/32dc3912138e3efdd6675cc840babdc2.php 第 206 行.
NOTIC: [8] Array to string conversion /www/users/HA436620/WEB/Runtime/Cache/Home/32dc3912138e3efdd6675cc840babdc2.php 第 206 行.
SQL: SELECT * FROM `yc_article_logo` WHERE ( logo_id = 11 ) LIMIT 1   [ RunTime:0.000692s ]
NOTIC: [8] Undefined index: ycblogyangchaouserinfo /www/users/HA436620/WEB/Runtime/Cache/Home/32dc3912138e3efdd6675cc840babdc2.php 第 216 行.
INFO: Run Behavior\ParseTemplate [ RunTime:0.047495s ]
INFO: [ view_parse ] --END-- [ RunTime:0.047579s ]
INFO: [ view_filter ] --START--
INFO: Run Behavior\WriteHtmlCache [ RunTime:0.000454s ]
INFO: [ view_filter ] --END-- [ RunTime:0.000523s ]
INFO: [ app_end ] --START--
INFO: Run Behavior\ShowPageTrace [ RunTime:0.001349s ]
INFO: [ app_end ] --END-- [ RunTime:0.001425s ]

[ 2018-02-05T02:28:42+08:00 ] 123.125.67.157 /index.php/robots.txt
INFO: [ app_begin ] --START--
INFO: Run Behavior\ReadHtmlCache [ RunTime:0.001204s ]
INFO: [ app_begin ] --END-- [ RunTime:0.002112s ]
ERR: 无法加载控制器:Robots.txt

[ 2018-02-05T02:55:39+08:00 ] 46.229.164.100 /index.php/robots.txt
INFO: [ app_begin ] --START--
INFO: Run Behavior\ReadHtmlCache [ RunTime:0.001215s ]
INFO: [ app_begin ] --END-- [ RunTime:0.002135s ]
ERR: 无法加载控制器:Robots.txt

[ 2018-02-05T14:45:36+08:00 ] 46.229.164.100 /index.php/robots.txt
INFO: [ app_begin ] --START--
INFO: Run Behavior\ReadHtmlCache [ RunTime:0.001294s ]
INFO: [ app_begin ] --END-- [ RunTime:0.002297s ]
ERR: 无法加载控制器:Robots.txt

