[ 2018-01-30T02:13:49+08:00 ] 123.125.71.23 /
INFO: [ app_begin ] --START--
INFO: Run Behavior\ReadHtmlCache [ RunTime:0.001267s ]
INFO: [ app_begin ] --END-- [ RunTime:0.002166s ]
SQL: SHOW COLUMNS FROM `yc_link` [ RunTime:0.002352s ]
SQL: SELECT * FROM `yc_link`  [ RunTime:0.000899s ]
SQL: SHOW COLUMNS FROM `yc_article_type` [ RunTime:0.001530s ]
SQL: SELECT * FROM `yc_article_type`  [ RunTime:0.001056s ]
SQL: SHOW COLUMNS FROM `yc_article_label` [ RunTime:0.001255s ]
SQL: SELECT * FROM `yc_article_label`  [ RunTime:0.001073s ]
SQL: SHOW COLUMNS FROM `yc_article_view` [ RunTime:0.002040s ]
SQL: SELECT COUNT(*) AS tp_count FROM `yc_article_view` WHERE ( `is_show` = 1 ) LIMIT 1   [ RunTime:0.001604s ]
SQL: SELECT * FROM `yc_article_view` WHERE ( `is_show` = 1 ) ORDER BY add_time desc LIMIT 0,10   [ RunTime:0.003767s ]
SQL: SHOW COLUMNS FROM `yc_al_relation` [ RunTime:0.001588s ]
SQL: SELECT * FROM yc_al_relation a INNER JOIN yc_article_label as b on a.lid = b.lid  WHERE ( `aid` = '51' )  [ RunTime:0.001128s ]
SQL: SELECT * FROM yc_al_relation a INNER JOIN yc_article_label as b on a.lid = b.lid  WHERE ( `aid` = '48' )  [ RunTime:0.000520s ]
SQL: SELECT * FROM yc_al_relation a INNER JOIN yc_article_label as b on a.lid = b.lid  WHERE ( `aid` = '50' )  [ RunTime:0.000651s ]
NOTIC: [8] Undefined variable: tname /www/users/HA436620/WEB/Application/Common/Model/ArticleViewModel.class.php 第 63 行.
NOTIC: [8] Undefined variable: lname /www/users/HA436620/WEB/Application/Common/Model/ArticleViewModel.class.php 第 64 行.
INFO: [ view_parse ] --START--
INFO: [ template_filter ] --START--
INFO: Run Behavior\ContentReplace [ RunTime:0.000613s ]
INFO: [ template_filter ] --END-- [ RunTime:0.000702s ]
NOTIC: [8] Undefined variable: article /www/users/HA436620/WEB/Runtime/Cache/Home/08d30c77e78bd0ac29232fbc421b5dcd.php 第 5 行.
NOTIC: [8] Undefined variable: knowledge /www/users/HA436620/WEB/Runtime/Cache/Home/08d30c77e78bd0ac29232fbc421b5dcd.php 第 5 行.
NOTIC: [8] Undefined index: ycblogyangchaouserinfo /www/users/HA436620/WEB/Runtime/Cache/Home/08d30c77e78bd0ac29232fbc421b5dcd.php 第 53 行.
NOTIC: [8] Use of undefined constant qq - assumed 'qq' /www/users/HA436620/WEB/Runtime/Cache/Home/08d30c77e78bd0ac29232fbc421b5dcd.php 第 61 行.
NOTIC: [8] Undefined index: ycblog1224userinfo /www/users/HA436620/WEB/Runtime/Cache/Home/08d30c77e78bd0ac29232fbc421b5dcd.php 第 195 行.
NOTIC: [8] Use of undefined constant logo_id - assumed 'logo_id' /www/users/HA436620/WEB/Runtime/Cache/Home/08d30c77e78bd0ac29232fbc421b5dcd.php 第 224 行.
NOTIC: [8] Array to string conversion /www/users/HA436620/WEB/Runtime/Cache/Home/08d30c77e78bd0ac29232fbc421b5dcd.php 第 224 行.
SQL: SHOW COLUMNS FROM `yc_article_logo` [ RunTime:0.001469s ]
SQL: SELECT * FROM `yc_article_logo` WHERE ( logo_id = 11 ) LIMIT 1   [ RunTime:0.000624s ]
NOTIC: [8] Use of undefined constant logo_id - assumed 'logo_id' /www/users/HA436620/WEB/Runtime/Cache/Home/08d30c77e78bd0ac29232fbc421b5dcd.php 第 224 行.
NOTIC: [8] Array to string conversion /www/users/HA436620/WEB/Runtime/Cache/Home/08d30c77e78bd0ac29232fbc421b5dcd.php 第 224 行.
SQL: SELECT * FROM `yc_article_logo` WHERE ( logo_id = 11 ) LIMIT 1   [ RunTime:0.001418s ]
NOTIC: [8] Use of undefined constant logo_id - assumed 'logo_id' /www/users/HA436620/WEB/Runtime/Cache/Home/08d30c77e78bd0ac29232fbc421b5dcd.php 第 224 行.
NOTIC: [8] Array to string conversion /www/users/HA436620/WEB/Runtime/Cache/Home/08d30c77e78bd0ac29232fbc421b5dcd.php 第 224 行.
SQL: SELECT * FROM `yc_article_logo` WHERE ( logo_id = 11 ) LIMIT 1   [ RunTime:0.000541s ]
NOTIC: [8] Undefined index: ycblogyangchaouserinfo /www/users/HA436620/WEB/Runtime/Cache/Home/08d30c77e78bd0ac29232fbc421b5dcd.php 第 234 行.
INFO: Run Behavior\ParseTemplate [ RunTime:0.042825s ]
INFO: [ view_parse ] --END-- [ RunTime:0.042903s ]
INFO: [ view_filter ] --START--
INFO: Run Behavior\WriteHtmlCache [ RunTime:0.000514s ]
INFO: [ view_filter ] --END-- [ RunTime:0.000585s ]
INFO: [ app_end ] --START--
INFO: Run Behavior\ShowPageTrace [ RunTime:0.001375s ]
INFO: [ app_end ] --END-- [ RunTime:0.001450s ]

[ 2018-01-30T02:25:48+08:00 ] 123.125.67.226 /index.php/robots.txt
INFO: [ app_begin ] --START--
INFO: Run Behavior\ReadHtmlCache [ RunTime:0.001204s ]
INFO: [ app_begin ] --END-- [ RunTime:0.002081s ]
ERR: 无法加载控制器:Robots.txt

[ 2018-01-30T12:52:00+08:00 ] 123.125.67.151 /
INFO: [ app_begin ] --START--
INFO: Run Behavior\ReadHtmlCache [ RunTime:0.002016s ]
INFO: [ app_begin ] --END-- [ RunTime:0.007082s ]
SQL: SHOW COLUMNS FROM `yc_link` [ RunTime:0.002748s ]
SQL: SELECT * FROM `yc_link`  [ RunTime:0.001758s ]
SQL: SHOW COLUMNS FROM `yc_article_type` [ RunTime:0.001841s ]
SQL: SELECT * FROM `yc_article_type`  [ RunTime:0.000976s ]
SQL: SHOW COLUMNS FROM `yc_article_label` [ RunTime:0.001506s ]
SQL: SELECT * FROM `yc_article_label`  [ RunTime:0.000974s ]
SQL: SHOW COLUMNS FROM `yc_article_view` [ RunTime:0.003294s ]
SQL: SELECT COUNT(*) AS tp_count FROM `yc_article_view` WHERE ( `is_show` = 1 ) LIMIT 1   [ RunTime:0.001014s ]
SQL: SELECT * FROM `yc_article_view` WHERE ( `is_show` = 1 ) ORDER BY add_time desc LIMIT 0,10   [ RunTime:0.003589s ]
SQL: SHOW COLUMNS FROM `yc_al_relation` [ RunTime:0.001246s ]
SQL: SELECT * FROM yc_al_relation a INNER JOIN yc_article_label as b on a.lid = b.lid  WHERE ( `aid` = '51' )  [ RunTime:0.001185s ]
SQL: SELECT * FROM yc_al_relation a INNER JOIN yc_article_label as b on a.lid = b.lid  WHERE ( `aid` = '48' )  [ RunTime:0.000736s ]
SQL: SELECT * FROM yc_al_relation a INNER JOIN yc_article_label as b on a.lid = b.lid  WHERE ( `aid` = '50' )  [ RunTime:0.001506s ]
NOTIC: [8] Undefined variable: tname /www/users/HA436620/WEB/Application/Common/Model/ArticleViewModel.class.php 第 63 行.
NOTIC: [8] Undefined variable: lname /www/users/HA436620/WEB/Application/Common/Model/ArticleViewModel.class.php 第 64 行.
INFO: [ view_parse ] --START--
INFO: [ template_filter ] --START--
INFO: Run Behavior\ContentReplace [ RunTime:0.000912s ]
INFO: [ template_filter ] --END-- [ RunTime:0.001054s ]
NOTIC: [8] Undefined variable: article /www/users/HA436620/WEB/Runtime/Cache/Home/08d30c77e78bd0ac29232fbc421b5dcd.php 第 5 行.
NOTIC: [8] Undefined variable: knowledge /www/users/HA436620/WEB/Runtime/Cache/Home/08d30c77e78bd0ac29232fbc421b5dcd.php 第 5 行.
NOTIC: [8] Undefined index: ycblogyangchaouserinfo /www/users/HA436620/WEB/Runtime/Cache/Home/08d30c77e78bd0ac29232fbc421b5dcd.php 第 53 行.
NOTIC: [8] Use of undefined constant qq - assumed 'qq' /www/users/HA436620/WEB/Runtime/Cache/Home/08d30c77e78bd0ac29232fbc421b5dcd.php 第 61 行.
NOTIC: [8] Undefined index: ycblog1224userinfo /www/users/HA436620/WEB/Runtime/Cache/Home/08d30c77e78bd0ac29232fbc421b5dcd.php 第 195 行.
NOTIC: [8] Use of undefined constant logo_id - assumed 'logo_id' /www/users/HA436620/WEB/Runtime/Cache/Home/08d30c77e78bd0ac29232fbc421b5dcd.php 第 224 行.
NOTIC: [8] Array to string conversion /www/users/HA436620/WEB/Runtime/Cache/Home/08d30c77e78bd0ac29232fbc421b5dcd.php 第 224 行.
SQL: SHOW COLUMNS FROM `yc_article_logo` [ RunTime:0.001264s ]
SQL: SELECT * FROM `yc_article_logo` WHERE ( logo_id = 11 ) LIMIT 1   [ RunTime:0.001722s ]
NOTIC: [8] Use of undefined constant logo_id - assumed 'logo_id' /www/users/HA436620/WEB/Runtime/Cache/Home/08d30c77e78bd0ac29232fbc421b5dcd.php 第 224 行.
NOTIC: [8] Array to string conversion /www/users/HA436620/WEB/Runtime/Cache/Home/08d30c77e78bd0ac29232fbc421b5dcd.php 第 224 行.
SQL: SELECT * FROM `yc_article_logo` WHERE ( logo_id = 11 ) LIMIT 1   [ RunTime:0.000798s ]
NOTIC: [8] Use of undefined constant logo_id - assumed 'logo_id' /www/users/HA436620/WEB/Runtime/Cache/Home/08d30c77e78bd0ac29232fbc421b5dcd.php 第 224 行.
NOTIC: [8] Array to string conversion /www/users/HA436620/WEB/Runtime/Cache/Home/08d30c77e78bd0ac29232fbc421b5dcd.php 第 224 行.
SQL: SELECT * FROM `yc_article_logo` WHERE ( logo_id = 11 ) LIMIT 1   [ RunTime:0.002694s ]
NOTIC: [8] Undefined index: ycblogyangchaouserinfo /www/users/HA436620/WEB/Runtime/Cache/Home/08d30c77e78bd0ac29232fbc421b5dcd.php 第 234 行.
INFO: Run Behavior\ParseTemplate [ RunTime:0.213351s ]
INFO: [ view_parse ] --END-- [ RunTime:0.213430s ]
INFO: [ view_filter ] --START--
INFO: Run Behavior\WriteHtmlCache [ RunTime:0.010537s ]
INFO: [ view_filter ] --END-- [ RunTime:0.010616s ]
INFO: [ app_end ] --START--
INFO: Run Behavior\ShowPageTrace [ RunTime:0.010268s ]
INFO: [ app_end ] --END-- [ RunTime:0.010381s ]

[ 2018-01-30T16:21:28+08:00 ] 219.156.163.243 /
INFO: [ app_begin ] --START--
INFO: Run Behavior\ReadHtmlCache [ RunTime:0.001289s ]
INFO: [ app_begin ] --END-- [ RunTime:0.002222s ]
SQL: SHOW COLUMNS FROM `yc_link` [ RunTime:0.012132s ]
SQL: SELECT * FROM `yc_link`  [ RunTime:0.000668s ]
SQL: SHOW COLUMNS FROM `yc_article_type` [ RunTime:0.001403s ]
SQL: SELECT * FROM `yc_article_type`  [ RunTime:0.000600s ]
SQL: SHOW COLUMNS FROM `yc_article_label` [ RunTime:0.001187s ]
SQL: SELECT * FROM `yc_article_label`  [ RunTime:0.000880s ]
SQL: SHOW COLUMNS FROM `yc_article_view` [ RunTime:0.002307s ]
SQL: SELECT COUNT(*) AS tp_count FROM `yc_article_view` WHERE ( `is_show` = 1 ) LIMIT 1   [ RunTime:0.000915s ]
SQL: SELECT * FROM `yc_article_view` WHERE ( `is_show` = 1 ) ORDER BY add_time desc LIMIT 0,10   [ RunTime:0.002895s ]
SQL: SHOW COLUMNS FROM `yc_al_relation` [ RunTime:0.001290s ]
SQL: SELECT * FROM yc_al_relation a INNER JOIN yc_article_label as b on a.lid = b.lid  WHERE ( `aid` = '51' )  [ RunTime:0.000924s ]
SQL: SELECT * FROM yc_al_relation a INNER JOIN yc_article_label as b on a.lid = b.lid  WHERE ( `aid` = '48' )  [ RunTime:0.000839s ]
SQL: SELECT * FROM yc_al_relation a INNER JOIN yc_article_label as b on a.lid = b.lid  WHERE ( `aid` = '50' )  [ RunTime:0.000500s ]
NOTIC: [8] Undefined variable: tname /www/users/HA436620/WEB/Application/Common/Model/ArticleViewModel.class.php 第 63 行.
NOTIC: [8] Undefined variable: lname /www/users/HA436620/WEB/Application/Common/Model/ArticleViewModel.class.php 第 64 行.
INFO: [ view_parse ] --START--
INFO: [ template_filter ] --START--
INFO: Run Behavior\ContentReplace [ RunTime:0.000593s ]
INFO: [ template_filter ] --END-- [ RunTime:0.000683s ]
NOTIC: [8] Undefined variable: article /www/users/HA436620/WEB/Runtime/Cache/Home/08d30c77e78bd0ac29232fbc421b5dcd.php 第 5 行.
NOTIC: [8] Undefined variable: knowledge /www/users/HA436620/WEB/Runtime/Cache/Home/08d30c77e78bd0ac29232fbc421b5dcd.php 第 5 行.
NOTIC: [8] Undefined index: ycblogyangchaouserinfo /www/users/HA436620/WEB/Runtime/Cache/Home/08d30c77e78bd0ac29232fbc421b5dcd.php 第 53 行.
NOTIC: [8] Use of undefined constant qq - assumed 'qq' /www/users/HA436620/WEB/Runtime/Cache/Home/08d30c77e78bd0ac29232fbc421b5dcd.php 第 61 行.
NOTIC: [8] Undefined index: ycblog1224userinfo /www/users/HA436620/WEB/Runtime/Cache/Home/08d30c77e78bd0ac29232fbc421b5dcd.php 第 195 行.
NOTIC: [8] Use of undefined constant logo_id - assumed 'logo_id' /www/users/HA436620/WEB/Runtime/Cache/Home/08d30c77e78bd0ac29232fbc421b5dcd.php 第 224 行.
NOTIC: [8] Array to string conversion /www/users/HA436620/WEB/Runtime/Cache/Home/08d30c77e78bd0ac29232fbc421b5dcd.php 第 224 行.
SQL: SHOW COLUMNS FROM `yc_article_logo` [ RunTime:0.001529s ]
SQL: SELECT * FROM `yc_article_logo` WHERE ( logo_id = 11 ) LIMIT 1   [ RunTime:0.000615s ]
NOTIC: [8] Use of undefined constant logo_id - assumed 'logo_id' /www/users/HA436620/WEB/Runtime/Cache/Home/08d30c77e78bd0ac29232fbc421b5dcd.php 第 224 行.
NOTIC: [8] Array to string conversion /www/users/HA436620/WEB/Runtime/Cache/Home/08d30c77e78bd0ac29232fbc421b5dcd.php 第 224 行.
SQL: SELECT * FROM `yc_article_logo` WHERE ( logo_id = 11 ) LIMIT 1   [ RunTime:0.000545s ]
NOTIC: [8] Use of undefined constant logo_id - assumed 'logo_id' /www/users/HA436620/WEB/Runtime/Cache/Home/08d30c77e78bd0ac29232fbc421b5dcd.php 第 224 行.
NOTIC: [8] Array to string conversion /www/users/HA436620/WEB/Runtime/Cache/Home/08d30c77e78bd0ac29232fbc421b5dcd.php 第 224 行.
SQL: SELECT * FROM `yc_article_logo` WHERE ( logo_id = 11 ) LIMIT 1   [ RunTime:0.000696s ]
NOTIC: [8] Undefined index: ycblogyangchaouserinfo /www/users/HA436620/WEB/Runtime/Cache/Home/08d30c77e78bd0ac29232fbc421b5dcd.php 第 234 行.
INFO: Run Behavior\ParseTemplate [ RunTime:0.042928s ]
INFO: [ view_parse ] --END-- [ RunTime:0.043041s ]
INFO: [ view_filter ] --START--
INFO: Run Behavior\WriteHtmlCache [ RunTime:0.000564s ]
INFO: [ view_filter ] --END-- [ RunTime:0.000634s ]
INFO: [ app_end ] --START--
INFO: Run Behavior\ShowPageTrace [ RunTime:0.001429s ]
INFO: [ app_end ] --END-- [ RunTime:0.001504s ]

[ 2018-01-30T16:21:31+08:00 ] 219.156.163.243 /article/51.html
INFO: [ app_begin ] --START--
INFO: Run Behavior\ReadHtmlCache [ RunTime:0.001944s ]
INFO: [ app_begin ] --END-- [ RunTime:0.003281s ]
SQL: SHOW COLUMNS FROM `yc_link` [ RunTime:0.001628s ]
SQL: SELECT * FROM `yc_link`  [ RunTime:0.000674s ]
SQL: SHOW COLUMNS FROM `yc_article_type` [ RunTime:0.001234s ]
SQL: SELECT * FROM `yc_article_type`  [ RunTime:0.000718s ]
SQL: SHOW COLUMNS FROM `yc_article_label` [ RunTime:0.000950s ]
SQL: SELECT * FROM `yc_article_label`  [ RunTime:0.000586s ]
SQL: SHOW COLUMNS FROM `yc_article_view` [ RunTime:0.002957s ]
SQL: SELECT * FROM `yc_article_view` WHERE ( `id` = 51 ) LIMIT 1   [ RunTime:0.001915s ]
SQL: SHOW COLUMNS FROM `yc_al_relation` [ RunTime:0.001107s ]
SQL: SELECT * FROM yc_al_relation a INNER JOIN yc_article_label as b on a.lid = b.lid  WHERE ( `aid` = '51' )  [ RunTime:0.000701s ]
INFO: [ view_parse ] --START--
INFO: [ template_filter ] --START--
INFO: Run Behavior\ContentReplace [ RunTime:0.000430s ]
INFO: [ template_filter ] --END-- [ RunTime:0.000513s ]
NOTIC: [8] Undefined variable: tname /www/users/HA436620/WEB/Runtime/Cache/Home/d4c1149384e4970b24973a696680cd70.php 第 5 行.
NOTIC: [8] Undefined variable: knowledge /www/users/HA436620/WEB/Runtime/Cache/Home/d4c1149384e4970b24973a696680cd70.php 第 5 行.
NOTIC: [8] Undefined index: ycblogyangchaouserinfo /www/users/HA436620/WEB/Runtime/Cache/Home/d4c1149384e4970b24973a696680cd70.php 第 65 行.
NOTIC: [8] Use of undefined constant qq - assumed 'qq' /www/users/HA436620/WEB/Runtime/Cache/Home/d4c1149384e4970b24973a696680cd70.php 第 73 行.
NOTIC: [8] Undefined variable: prev /www/users/HA436620/WEB/Runtime/Cache/Home/d4c1149384e4970b24973a696680cd70.php 第 160 行.
NOTIC: [8] Undefined variable: next /www/users/HA436620/WEB/Runtime/Cache/Home/d4c1149384e4970b24973a696680cd70.php 第 161 行.
NOTIC: [8] Undefined index: ycblog1224userinfo /www/users/HA436620/WEB/Runtime/Cache/Home/d4c1149384e4970b24973a696680cd70.php 第 194 行.
NOTIC: [8] Use of undefined constant logo_id - assumed 'logo_id' /www/users/HA436620/WEB/Runtime/Cache/Home/d4c1149384e4970b24973a696680cd70.php 第 223 行.
NOTIC: [8] Array to string conversion /www/users/HA436620/WEB/Runtime/Cache/Home/d4c1149384e4970b24973a696680cd70.php 第 223 行.
SQL: SHOW COLUMNS FROM `yc_article_logo` [ RunTime:0.001132s ]
SQL: SELECT * FROM `yc_article_logo` WHERE ( logo_id = 11 ) LIMIT 1   [ RunTime:0.000505s ]
NOTIC: [8] Use of undefined constant logo_id - assumed 'logo_id' /www/users/HA436620/WEB/Runtime/Cache/Home/d4c1149384e4970b24973a696680cd70.php 第 223 行.
NOTIC: [8] Array to string conversion /www/users/HA436620/WEB/Runtime/Cache/Home/d4c1149384e4970b24973a696680cd70.php 第 223 行.
SQL: SELECT * FROM `yc_article_logo` WHERE ( logo_id = 11 ) LIMIT 1   [ RunTime:0.000554s ]
NOTIC: [8] Use of undefined constant logo_id - assumed 'logo_id' /www/users/HA436620/WEB/Runtime/Cache/Home/d4c1149384e4970b24973a696680cd70.php 第 223 行.
NOTIC: [8] Array to string conversion /www/users/HA436620/WEB/Runtime/Cache/Home/d4c1149384e4970b24973a696680cd70.php 第 223 行.
SQL: SELECT * FROM `yc_article_logo` WHERE ( logo_id = 11 ) LIMIT 1   [ RunTime:0.000517s ]
NOTIC: [8] Undefined index: ycblogyangchaouserinfo /www/users/HA436620/WEB/Runtime/Cache/Home/d4c1149384e4970b24973a696680cd70.php 第 233 行.
INFO: Run Behavior\ParseTemplate [ RunTime:0.040166s ]
INFO: [ view_parse ] --END-- [ RunTime:0.040253s ]
INFO: [ view_filter ] --START--
INFO: Run Behavior\WriteHtmlCache [ RunTime:0.000556s ]
INFO: [ view_filter ] --END-- [ RunTime:0.000625s ]
INFO: [ app_end ] --START--
INFO: Run Behavior\ShowPageTrace [ RunTime:0.001461s ]
INFO: [ app_end ] --END-- [ RunTime:0.001535s ]

[ 2018-01-30T22:00:36+08:00 ] 219.243.212.239 /
INFO: [ app_begin ] --START--
INFO: Run Behavior\ReadHtmlCache [ RunTime:0.001467s ]
INFO: [ app_begin ] --END-- [ RunTime:0.002340s ]
SQL: SHOW COLUMNS FROM `yc_link` [ RunTime:0.001414s ]
SQL: SELECT * FROM `yc_link`  [ RunTime:0.000572s ]
SQL: SHOW COLUMNS FROM `yc_article_type` [ RunTime:0.001046s ]
SQL: SELECT * FROM `yc_article_type`  [ RunTime:0.000572s ]
SQL: SHOW COLUMNS FROM `yc_article_label` [ RunTime:0.001051s ]
SQL: SELECT * FROM `yc_article_label`  [ RunTime:0.000627s ]
SQL: SHOW COLUMNS FROM `yc_article_view` [ RunTime:0.001875s ]
SQL: SELECT COUNT(*) AS tp_count FROM `yc_article_view` WHERE ( `is_show` = 1 ) LIMIT 1   [ RunTime:0.000822s ]
SQL: SELECT * FROM `yc_article_view` WHERE ( `is_show` = 1 ) ORDER BY add_time desc LIMIT 0,10   [ RunTime:0.002506s ]
SQL: SHOW COLUMNS FROM `yc_al_relation` [ RunTime:0.001182s ]
SQL: SELECT * FROM yc_al_relation a INNER JOIN yc_article_label as b on a.lid = b.lid  WHERE ( `aid` = '51' )  [ RunTime:0.000545s ]
SQL: SELECT * FROM yc_al_relation a INNER JOIN yc_article_label as b on a.lid = b.lid  WHERE ( `aid` = '48' )  [ RunTime:0.000524s ]
SQL: SELECT * FROM yc_al_relation a INNER JOIN yc_article_label as b on a.lid = b.lid  WHERE ( `aid` = '50' )  [ RunTime:0.000564s ]
NOTIC: [8] Undefined variable: tname /www/users/HA436620/WEB/Application/Common/Model/ArticleViewModel.class.php 第 63 行.
NOTIC: [8] Undefined variable: lname /www/users/HA436620/WEB/Application/Common/Model/ArticleViewModel.class.php 第 64 行.
INFO: [ view_parse ] --START--
INFO: [ template_filter ] --START--
INFO: Run Behavior\ContentReplace [ RunTime:0.000616s ]
INFO: [ template_filter ] --END-- [ RunTime:0.000697s ]
NOTIC: [8] Undefined variable: article /www/users/HA436620/WEB/Runtime/Cache/Home/08d30c77e78bd0ac29232fbc421b5dcd.php 第 5 行.
NOTIC: [8] Undefined variable: knowledge /www/users/HA436620/WEB/Runtime/Cache/Home/08d30c77e78bd0ac29232fbc421b5dcd.php 第 5 行.
NOTIC: [8] Undefined index: ycblogyangchaouserinfo /www/users/HA436620/WEB/Runtime/Cache/Home/08d30c77e78bd0ac29232fbc421b5dcd.php 第 53 行.
NOTIC: [8] Use of undefined constant qq - assumed 'qq' /www/users/HA436620/WEB/Runtime/Cache/Home/08d30c77e78bd0ac29232fbc421b5dcd.php 第 61 行.
NOTIC: [8] Undefined index: ycblog1224userinfo /www/users/HA436620/WEB/Runtime/Cache/Home/08d30c77e78bd0ac29232fbc421b5dcd.php 第 195 行.
NOTIC: [8] Use of undefined constant logo_id - assumed 'logo_id' /www/users/HA436620/WEB/Runtime/Cache/Home/08d30c77e78bd0ac29232fbc421b5dcd.php 第 224 行.
NOTIC: [8] Array to string conversion /www/users/HA436620/WEB/Runtime/Cache/Home/08d30c77e78bd0ac29232fbc421b5dcd.php 第 224 行.
SQL: SHOW COLUMNS FROM `yc_article_logo` [ RunTime:0.001219s ]
SQL: SELECT * FROM `yc_article_logo` WHERE ( logo_id = 11 ) LIMIT 1   [ RunTime:0.000472s ]
NOTIC: [8] Use of undefined constant logo_id - assumed 'logo_id' /www/users/HA436620/WEB/Runtime/Cache/Home/08d30c77e78bd0ac29232fbc421b5dcd.php 第 224 行.
NOTIC: [8] Array to string conversion /www/users/HA436620/WEB/Runtime/Cache/Home/08d30c77e78bd0ac29232fbc421b5dcd.php 第 224 行.
SQL: SELECT * FROM `yc_article_logo` WHERE ( logo_id = 11 ) LIMIT 1   [ RunTime:0.000525s ]
NOTIC: [8] Use of undefined constant logo_id - assumed 'logo_id' /www/users/HA436620/WEB/Runtime/Cache/Home/08d30c77e78bd0ac29232fbc421b5dcd.php 第 224 行.
NOTIC: [8] Array to string conversion /www/users/HA436620/WEB/Runtime/Cache/Home/08d30c77e78bd0ac29232fbc421b5dcd.php 第 224 行.
SQL: SELECT * FROM `yc_article_logo` WHERE ( logo_id = 11 ) LIMIT 1   [ RunTime:0.000537s ]
NOTIC: [8] Undefined index: ycblogyangchaouserinfo /www/users/HA436620/WEB/Runtime/Cache/Home/08d30c77e78bd0ac29232fbc421b5dcd.php 第 234 行.
INFO: Run Behavior\ParseTemplate [ RunTime:0.041843s ]
INFO: [ view_parse ] --END-- [ RunTime:0.041920s ]
INFO: [ view_filter ] --START--
INFO: Run Behavior\WriteHtmlCache [ RunTime:0.000529s ]
INFO: [ view_filter ] --END-- [ RunTime:0.000597s ]
INFO: [ app_end ] --START--
INFO: Run Behavior\ShowPageTrace [ RunTime:0.001412s ]
INFO: [ app_end ] --END-- [ RunTime:0.001505s ]

