[ 2018-04-06T00:31:06+08:00 ] 46.229.164.100 /index.php/robots.txt
INFO: [ app_begin ] --START--
INFO: Run Behavior\ReadHtmlCache [ RunTime:0.001359s ]
INFO: [ app_begin ] --END-- [ RunTime:0.002251s ]
ERR: 无法加载控制器:Robots.txt

[ 2018-04-06T02:30:33+08:00 ] 123.125.67.156 /index.php/robots.txt
INFO: [ app_begin ] --START--
INFO: Run Behavior\ReadHtmlCache [ RunTime:0.001269s ]
INFO: [ app_begin ] --END-- [ RunTime:0.002223s ]
ERR: 无法加载控制器:Robots.txt

[ 2018-04-06T07:11:27+08:00 ] 66.249.71.60 /index.php/robots.txt
INFO: [ app_begin ] --START--
INFO: Run Behavior\ReadHtmlCache [ RunTime:0.002496s ]
INFO: [ app_begin ] --END-- [ RunTime:0.004691s ]
ERR: 无法加载控制器:Robots.txt

[ 2018-04-06T07:11:27+08:00 ] 66.249.71.60 /robots.txt
INFO: [ app_begin ] --START--
INFO: Run Behavior\ReadHtmlCache [ RunTime:0.001824s ]
INFO: [ app_begin ] --END-- [ RunTime:0.003100s ]
ERR: 无法加载控制器:Robots.txt

[ 2018-04-06T07:11:28+08:00 ] 66.249.71.60 /
INFO: [ app_begin ] --START--
INFO: Run Behavior\ReadHtmlCache [ RunTime:0.001209s ]
INFO: [ app_begin ] --END-- [ RunTime:0.002108s ]
SQL: SHOW COLUMNS FROM `yc_link` [ RunTime:0.002905s ]
SQL: SELECT * FROM `yc_link`  [ RunTime:0.000999s ]
SQL: SHOW COLUMNS FROM `yc_article_type` [ RunTime:0.001533s ]
SQL: SELECT * FROM `yc_article_type`  [ RunTime:0.000569s ]
SQL: SHOW COLUMNS FROM `yc_article_label` [ RunTime:0.001193s ]
SQL: SELECT * FROM `yc_article_label`  [ RunTime:0.000504s ]
SQL: SHOW COLUMNS FROM `yc_article_view` [ RunTime:0.001637s ]
SQL: SELECT COUNT(*) AS tp_count FROM `yc_article_view` WHERE ( `is_show` = 1 ) LIMIT 1   [ RunTime:0.000704s ]
SQL: SELECT * FROM `yc_article_view` WHERE ( `is_show` = 1 ) ORDER BY add_time desc LIMIT 0,10   [ RunTime:0.004664s ]
SQL: SHOW COLUMNS FROM `yc_al_relation` [ RunTime:0.001560s ]
SQL: SELECT * FROM yc_al_relation a INNER JOIN yc_article_label as b on a.lid = b.lid  WHERE ( `aid` = '50' )  [ RunTime:0.001335s ]
SQL: SELECT * FROM yc_al_relation a INNER JOIN yc_article_label as b on a.lid = b.lid  WHERE ( `aid` = '48' )  [ RunTime:0.001738s ]
SQL: SELECT * FROM yc_al_relation a INNER JOIN yc_article_label as b on a.lid = b.lid  WHERE ( `aid` = '51' )  [ RunTime:0.001267s ]
NOTIC: [8] Undefined variable: tname /www/users/HA436620/WEB/Application/Common/Model/ArticleViewModel.class.php 第 63 行.
NOTIC: [8] Undefined variable: lname /www/users/HA436620/WEB/Application/Common/Model/ArticleViewModel.class.php 第 64 行.
INFO: [ view_parse ] --START--
INFO: [ template_filter ] --START--
INFO: Run Behavior\ContentReplace [ RunTime:0.000692s ]
INFO: [ template_filter ] --END-- [ RunTime:0.000788s ]
NOTIC: [8] Undefined variable: article /www/users/HA436620/WEB/Runtime/Cache/Home/08d30c77e78bd0ac29232fbc421b5dcd.php 第 5 行.
NOTIC: [8] Undefined variable: knowledge /www/users/HA436620/WEB/Runtime/Cache/Home/08d30c77e78bd0ac29232fbc421b5dcd.php 第 5 行.
NOTIC: [8] Undefined index: ycblogyangchaouserinfo /www/users/HA436620/WEB/Runtime/Cache/Home/08d30c77e78bd0ac29232fbc421b5dcd.php 第 53 行.
NOTIC: [8] Use of undefined constant qq - assumed 'qq' /www/users/HA436620/WEB/Runtime/Cache/Home/08d30c77e78bd0ac29232fbc421b5dcd.php 第 61 行.
NOTIC: [8] Undefined index: ycblog1224userinfo /www/users/HA436620/WEB/Runtime/Cache/Home/08d30c77e78bd0ac29232fbc421b5dcd.php 第 195 行.
NOTIC: [8] Use of undefined constant logo_id - assumed 'logo_id' /www/users/HA436620/WEB/Runtime/Cache/Home/08d30c77e78bd0ac29232fbc421b5dcd.php 第 224 行.
NOTIC: [8] Array to string conversion /www/users/HA436620/WEB/Runtime/Cache/Home/08d30c77e78bd0ac29232fbc421b5dcd.php 第 224 行.
SQL: SHOW COLUMNS FROM `yc_article_logo` [ RunTime:0.001571s ]
SQL: SELECT * FROM `yc_article_logo` WHERE ( logo_id = 11 ) LIMIT 1   [ RunTime:0.000703s ]
NOTIC: [8] Use of undefined constant logo_id - assumed 'logo_id' /www/users/HA436620/WEB/Runtime/Cache/Home/08d30c77e78bd0ac29232fbc421b5dcd.php 第 224 行.
NOTIC: [8] Array to string conversion /www/users/HA436620/WEB/Runtime/Cache/Home/08d30c77e78bd0ac29232fbc421b5dcd.php 第 224 行.
SQL: SELECT * FROM `yc_article_logo` WHERE ( logo_id = 11 ) LIMIT 1   [ RunTime:0.001046s ]
NOTIC: [8] Use of undefined constant logo_id - assumed 'logo_id' /www/users/HA436620/WEB/Runtime/Cache/Home/08d30c77e78bd0ac29232fbc421b5dcd.php 第 224 行.
NOTIC: [8] Array to string conversion /www/users/HA436620/WEB/Runtime/Cache/Home/08d30c77e78bd0ac29232fbc421b5dcd.php 第 224 行.
SQL: SELECT * FROM `yc_article_logo` WHERE ( logo_id = 11 ) LIMIT 1   [ RunTime:0.000645s ]
NOTIC: [8] Undefined index: ycblogyangchaouserinfo /www/users/HA436620/WEB/Runtime/Cache/Home/08d30c77e78bd0ac29232fbc421b5dcd.php 第 234 行.
INFO: Run Behavior\ParseTemplate [ RunTime:0.114114s ]
INFO: [ view_parse ] --END-- [ RunTime:0.114192s ]
INFO: [ view_filter ] --START--
INFO: Run Behavior\WriteHtmlCache [ RunTime:0.008304s ]
INFO: [ view_filter ] --END-- [ RunTime:0.008403s ]
INFO: [ app_end ] --START--
INFO: Run Behavior\ShowPageTrace [ RunTime:0.013439s ]
INFO: [ app_end ] --END-- [ RunTime:0.013536s ]

[ 2018-04-06T07:19:04+08:00 ] 106.11.152.167 /index.php/account.html
INFO: [ app_begin ] --START--
INFO: Run Behavior\ReadHtmlCache [ RunTime:0.001209s ]
INFO: [ app_begin ] --END-- [ RunTime:0.002083s ]
ERR: 无法加载控制器:Account

[ 2018-04-06T17:47:40+08:00 ] 66.249.71.155 /.well-known/apple-app-site-association
INFO: [ app_begin ] --START--
INFO: Run Behavior\ReadHtmlCache [ RunTime:0.001372s ]
INFO: [ app_begin ] --END-- [ RunTime:0.002320s ]
ERR: 无法加载控制器:.well-known

[ 2018-04-06T17:52:45+08:00 ] 66.249.71.154 /.well-known/assetlinks.json
INFO: [ app_begin ] --START--
INFO: Run Behavior\ReadHtmlCache [ RunTime:0.001246s ]
INFO: [ app_begin ] --END-- [ RunTime:0.002153s ]
ERR: 无法加载控制器:.well-known

[ 2018-04-06T20:04:16+08:00 ] 66.249.71.33 /robots.txt
INFO: [ app_begin ] --START--
INFO: Run Behavior\ReadHtmlCache [ RunTime:0.001235s ]
INFO: [ app_begin ] --END-- [ RunTime:0.002209s ]
ERR: 无法加载控制器:Robots.txt

[ 2018-04-06T20:04:17+08:00 ] 66.249.71.92 /apple-app-site-association
INFO: [ app_begin ] --START--
INFO: Run Behavior\ReadHtmlCache [ RunTime:0.001221s ]
INFO: [ app_begin ] --END-- [ RunTime:0.002113s ]
ERR: 无法加载控制器:Apple-app-site-association

