[ 2018-03-15T01:22:51+08:00 ] 46.229.164.100 /index.php/robots.txt
INFO: [ app_begin ] --START--
INFO: Run Behavior\ReadHtmlCache [ RunTime:0.001233s ]
INFO: [ app_begin ] --END-- [ RunTime:0.002148s ]
ERR: 无法加载控制器:Robots.txt

[ 2018-03-15T02:11:55+08:00 ] 123.125.67.165 /index.php/robots.txt
INFO: [ app_begin ] --START--
INFO: Run Behavior\ReadHtmlCache [ RunTime:0.001864s ]
INFO: [ app_begin ] --END-- [ RunTime:0.003030s ]
ERR: 无法加载控制器:Robots.txt

[ 2018-03-15T09:18:10+08:00 ] 46.229.164.99 /index.php/robots.txt
INFO: [ app_begin ] --START--
INFO: Run Behavior\ReadHtmlCache [ RunTime:0.001222s ]
INFO: [ app_begin ] --END-- [ RunTime:0.002108s ]
ERR: 无法加载控制器:Robots.txt

[ 2018-03-15T21:23:13+08:00 ] 46.229.164.99 /index.php/robots.txt
INFO: [ app_begin ] --START--
INFO: Run Behavior\ReadHtmlCache [ RunTime:0.001289s ]
INFO: [ app_begin ] --END-- [ RunTime:0.002176s ]
ERR: 无法加载控制器:Robots.txt

